 spP: 0.00 spI: 0.00 coP: 18.31 coD: 291.55 LPN: 1 LPT: 5 SPD: 0.00 SPDt: 0.00 TLT: 61.02 TLTt: 0.00 COUT: 309.85
 spP: -3.00 spI: -0.02 coP: 19.28 coD: 34.97 LPN: 2 LPT: 10 SPD: 50.00 SPDt: 0.00 TLT: 61.23 TLTt: -3.02 COUT: 364.10
 spP: -6.00 spI: -0.05 coP: 20.20 coD: 30.52 LPN: 3 LPT: 10 SPD: 100.00 SPDt: 0.00 TLT: 61.27 TLTt: -6.05 COUT: 414.81
 spP: -9.00 spI: -0.07 coP: 21.10 coD: 29.89 LPN: 4 LPT: 9 SPD: 150.00 SPDt: 0.00 TLT: 61.26 TLTt: -9.07 COUT: 465.80
 spP: -12.00 spI: -0.09 coP: 21.85 coD: 26.70 LPN: 5 LPT: 11 SPD: 200.00 SPDt: 0.00 TLT: 60.75 TLTt: -12.09 COUT: 514.35
 spP: -15.00 spI: -0.12 coP: 22.30 coD: 15.31 LPN: 6 LPT: 9 SPD: 250.00 SPDt: 0.00 TLT: 59.21 TLTt: -15.12 COUT: 551.97
 spP: -18.00 spI: -0.14 coP: 22.56 coD: 8.75 LPN: 7 LPT: 10 SPD: 300.00 SPDt: 0.00 TLT: 57.05 TLTt: -18.14 COUT: 583.28
 spP: -21.00 spI: -0.17 coP: 22.81 coD: 8.17 LPN: 8 LPT: 10 SPD: 350.00 SPDt: 0.00 TLT: 54.86 TLTt: -21.17 COUT: 614.26
 spP: -24.00 spI: -0.19 coP: 22.99 coD: 5.94 LPN: 9 LPT: 10 SPD: 400.00 SPDt: 0.00 TLT: 52.44 TLTt: -24.19 COUT: 643.19
 spP: -27.00 spI: -0.23 coP: 22.99 coD: -0.05 LPN: 10 LPT: 11 SPD: 450.00 SPDt: 0.00 TLT: 49.40 TLTt: -27.23 COUT: 666.12
 spP: -30.00 spI: -0.25 coP: 22.85 coD: -4.29 LPN: 11 LPT: 10 SPD: 500.00 SPDt: 0.00 TLT: 45.93 TLTt: -30.25 COUT: 684.69
 spP: -33.00 spI: -0.28 coP: 22.63 coD: -7.11 LPN: 12 LPT: 11 SPD: 550.00 SPDt: 0.00 TLT: 42.15 TLTt: -33.28 COUT: 700.00
 spP: -36.00 spI: -0.30 coP: 22.29 coD: -10.74 LPN: 13 LPT: 11 SPD: 600.00 SPDt: 0.00 TLT: 38.01 TLTt: -36.30 COUT: 700.00
 spP: -39.00 spI: -0.33 coP: 21.84 coD: -14.08 LPN: 14 LPT: 10 SPD: 650.00 SPDt: 0.00 TLT: 33.48 TLTt: -39.33 COUT: 700.00
 spP: -42.00 spI: -0.38 coP: 20.56 coD: -37.82 LPN: 15 LPT: 11 SPD: 700.00 SPDt: 0.00 TLT: 28.54 TLTt: -40.00 COUT: 700.00
 spP: -42.00 spI: -0.40 coP: 18.98 coD: -46.84 LPN: 16 LPT: 11 SPD: 700.00 SPDt: 0.00 TLT: 23.28 TLTt: -40.00 COUT: 674.41
 spP: -40.44 spI: -0.41 coP: 15.49 coD: -74.65 LPN: 17 LPT: 12 SPD: 674.00 SPDt: 0.00 TLT: 11.62 TLTt: -40.00 COUT: 615.24
 spP: -36.90 spI: -0.43 coP: 12.73 coD: -75.16 LPN: 18 LPT: 10 SPD: 615.00 SPDt: 0.00 TLT: 5.11 TLTt: -37.33 COUT: 552.81
 spP: -33.18 spI: -0.45 coP: 9.86 coD: -76.54 LPN: 19 LPT: 10 SPD: 553.00 SPDt: 0.00 TLT: -0.77 TLTt: -33.63 COUT: 486.13
 spP: -29.16 spI: -0.46 coP: 7.09 coD: -78.68 LPN: 20 LPT: 10 SPD: 486.00 SPDt: 0.00 TLT: -6.01 TLTt: -29.62 COUT: 414.54
 spP: -24.90 spI: -0.50 coP: 4.33 coD: -76.98 LPN: 21 LPT: 12 SPD: 415.00 SPDt: 0.00 TLT: -10.97 TLTt: -25.40 COUT: 341.89
 spP: -20.52 spI: -0.56 coP: 1.77 coD: -72.02 LPN: 22 LPT: 10 SPD: 342.00 SPDt: 0.00 TLT: -15.17 TLTt: -21.08 COUT: 271.64
 spP: -16.32 spI: -0.56 coP: -0.44 coD: -69.92 LPN: 23 LPT: 10 SPD: 272.00 SPDt: 0.00 TLT: -18.33 TLTt: -16.88 COUT: 201.28
 spP: -12.06 spI: -0.54 coP: -2.50 coD: -70.63 LPN: 24 LPT: 10 SPD: 201.00 SPDt: 0.00 TLT: -20.92 TLTt: -12.60 COUT: 128.15
 spP: -7.68 spI: -0.55 coP: -4.39 coD: -65.82 LPN: 25 LPT: 10 SPD: 128.00 SPDt: 0.00 TLT: -22.86 TLTt: -8.23 COUT: 57.94
 spP: -3.48 spI: -0.60 coP: -5.94 coD: -51.24 LPN: 26 LPT: 10 SPD: 58.00 SPDt: 0.00 TLT: -23.87 TLTt: -4.08 COUT: 0.76
 spP: -0.06 spI: -0.61 coP: -7.00 coD: -35.10 LPN: 27 LPT: 10 SPD: 1.00 SPDt: 0.00 TLT: -24.01 TLTt: -0.67 COUT: -41.35
 spP: 2.46 spI: -0.58 coP: -7.59 coD: -19.29 LPN: 28 LPT: 9 SPD: -41.00 SPDt: 0.00 TLT: -23.41 TLTt: 1.88 COUT: -68.22
 spP: 4.08 spI: -0.59 coP: -7.65 coD: -1.87 LPN: 29 LPT: 11 SPD: -68.00 SPDt: 0.00 TLT: -22.00 TLTt: 3.49 COUT: -77.74
 spP: 4.68 spI: -0.54 coP: -7.29 coD: 11.81 LPN: 30 LPT: 11 SPD: -78.00 SPDt: 0.00 TLT: -20.15 TLTt: 4.14 COUT: -73.21
 spP: 4.38 spI: -0.50 coP: -6.62 coD: 22.44 LPN: 31 LPT: 10 SPD: -73.00 SPDt: 0.00 TLT: -18.18 TLTt: 3.88 COUT: -57.38
 spP: 3.42 spI: -0.49 coP: -5.62 coD: 32.57 LPN: 32 LPT: 9 SPD: -57.00 SPDt: 0.00 TLT: -15.80 TLTt: 2.93 COUT: -30.43
 spP: 1.80 spI: -0.46 coP: -4.42 coD: 39.79 LPN: 33 LPT: 10 SPD: -30.00 SPDt: 0.00 TLT: -13.39 TLTt: 1.34 COUT: 4.95
 spP: -0.30 spI: -0.46 coP: -3.17 coD: 41.40 LPN: 34 LPT: 11 SPD: 5.00 SPDt: 0.00 TLT: -11.33 TLTt: -0.76 COUT: 43.18
 spP: -2.58 spI: -0.49 coP: -1.94 coD: 40.41 LPN: 35 LPT: 10 SPD: 43.00 SPDt: 0.00 TLT: -9.55 TLTt: -3.07 COUT: 81.65
 spP: -4.92 spI: -0.51 coP: -0.77 coD: 39.40 LPN: 36 LPT: 9 SPD: 82.00 SPDt: 0.00 TLT: -7.98 TLTt: -5.43 COUT: 120.28
 spP: -7.20 spI: -0.56 coP: 0.28 coD: 33.03 LPN: 37 LPT: 11 SPD: 120.00 SPDt: 0.00 TLT: -6.83 TLTt: -7.76 COUT: 153.59
 spP: -9.24 spI: -0.57 coP: 1.10 coD: 26.76 LPN: 38 LPT: 11 SPD: 154.00 SPDt: 0.00 TLT: -6.15 TLTt: -9.81 COUT: 181.45
 spP: -10.86 spI: -0.58 coP: 1.63 coD: 17.68 LPN: 39 LPT: 10 SPD: 181.00 SPDt: 0.00 TLT: -6.02 TLTt: -11.44 COUT: 200.76
 spP: -12.06 spI: -0.63 coP: 1.86 coD: 7.43 LPN: 40 LPT: 10 SPD: 201.00 SPDt: 0.00 TLT: -6.49 TLTt: -12.69 COUT: 210.05
 spP: -12.60 spI: -0.65 coP: 1.83 coD: -1.05 LPN: 41 LPT: 10 SPD: 210.00 SPDt: 0.00 TLT: -7.16 TLTt: -13.25 COUT: 210.82
 spP: -12.66 spI: -0.67 coP: 1.59 coD: -7.71 LPN: 42 LPT: 11 SPD: 211.00 SPDt: 0.00 TLT: -8.04 TLTt: -13.33 COUT: 204.70
 spP: -12.30 spI: -0.70 coP: 1.09 coD: -15.92 LPN: 43 LPT: 10 SPD: 205.00 SPDt: 0.00 TLT: -9.36 TLTt: -13.00 COUT: 189.87
 spP: -11.40 spI: -0.72 coP: 0.43 coD: -21.46 LPN: 44 LPT: 10 SPD: 190.00 SPDt: 0.00 TLT: -10.68 TLTt: -12.12 COUT: 168.84
 spP: -10.14 spI: -0.80 coP: -0.25 coD: -20.74 LPN: 45 LPT: 11 SPD: 169.00 SPDt: 0.00 TLT: -11.79 TLTt: -10.94 COUT: 147.84
 spP: -8.88 spI: -0.82 coP: -1.00 coD: -22.70 LPN: 46 LPT: 12 SPD: 148.00 SPDt: 0.00 TLT: -13.04 TLTt: -9.70 COUT: 124.14
 spP: -7.44 spI: -0.76 coP: -2.02 coD: -34.82 LPN: 47 LPT: 9 SPD: 124.00 SPDt: 0.00 TLT: -14.94 TLTt: -8.20 COUT: 87.30
 spP: -5.22 spI: -0.82 coP: -2.83 coD: -25.97 LPN: 48 LPT: 10 SPD: 87.00 SPDt: 0.00 TLT: -15.46 TLTt: -6.04 COUT: 58.50
 spP: -3.48 spI: -0.84 coP: -3.51 coD: -22.46 LPN: 49 LPT: 10 SPD: 58.00 SPDt: 0.00 TLT: -16.03 TLTt: -4.32 COUT: 32.53
 spP: -1.98 spI: -0.87 coP: -3.97 coD: -14.64 LPN: 50 LPT: 11 SPD: 33.00 SPDt: 0.00 TLT: -16.08 TLTt: -2.85 COUT: 13.92
 spP: -0.84 spI: -0.88 coP: -4.14 coD: -5.47 LPN: 51 LPT: 10 SPD: 14.00 SPDt: 0.00 TLT: -15.50 TLTt: -1.72 COUT: 4.32
 spP: -0.24 spI: -0.85 coP: -4.17 coD: -1.12 LPN: 52 LPT: 10 SPD: 4.00 SPDt: 0.00 TLT: -14.99 TLTt: -1.09 COUT: -0.98
 spP: 0.06 spI: -0.91 coP: -4.06 coD: 3.37 LPN: 53 LPT: 11 SPD: -1.00 SPDt: 0.00 TLT: -14.39 TLTt: -0.85 COUT: -1.67
 spP: 0.12 spI: -0.85 coP: -3.78 coD: 9.59 LPN: 54 LPT: 9 SPD: -2.00 SPDt: 0.00 TLT: -13.32 TLTt: -0.73 COUT: 4.14
 spP: -0.24 spI: -0.83 coP: -3.38 coD: 13.47 LPN: 55 LPT: 11 SPD: 4.00 SPDt: 0.00 TLT: -12.36 TLTt: -1.07 COUT: 14.23
 spP: -0.84 spI: -0.88 coP: -3.01 coD: 12.28 LPN: 56 LPT: 9 SPD: 14.00 SPDt: 0.00 TLT: -11.76 TLTt: -1.72 COUT: 23.50
 spP: -1.38 spI: -0.90 coP: -2.56 coD: 15.04 LPN: 57 LPT: 10 SPD: 23.00 SPDt: 0.00 TLT: -10.80 TLTt: -2.28 COUT: 35.98
 spP: -2.16 spI: -0.93 coP: -2.01 coD: 17.82 LPN: 58 LPT: 10 SPD: 36.00 SPDt: 0.00 TLT: -9.79 TLTt: -3.09 COUT: 51.79
 spP: -3.12 spI: -0.95 coP: -1.63 coD: 12.54 LPN: 59 LPT: 11 SPD: 52.00 SPDt: 0.00 TLT: -9.50 TLTt: -4.07 COUT: 62.70
 spP: -3.78 spI: -0.95 coP: -1.35 coD: 9.22 LPN: 60 LPT: 10 SPD: 63.00 SPDt: 0.00 TLT: -9.25 TLTt: -4.73 COUT: 70.57
 spP: -4.26 spI: -1.03 coP: -1.06 coD: 9.40 LPN: 61 LPT: 10 SPD: 71.00 SPDt: 0.00 TLT: -8.82 TLTt: -5.29 COUT: 78.90
 spP: -4.74 spI: -1.01 coP: -0.95 coD: 3.56 LPN: 62 LPT: 10 SPD: 79.00 SPDt: 0.00 TLT: -8.92 TLTt: -5.75 COUT: 81.51
 spP: -4.92 spI: -1.01 coP: -1.01 coD: -1.85 LPN: 63 LPT: 10 SPD: 82.00 SPDt: 0.00 TLT: -9.29 TLTt: -5.93 COUT: 78.65
 spP: -4.74 spI: -1.07 coP: -1.04 coD: -1.13 LPN: 64 LPT: 10 SPD: 79.00 SPDt: 0.00 TLT: -9.28 TLTt: -5.81 COUT: 76.48
 spP: -4.56 spI: -1.09 coP: -1.13 coD: -3.09 LPN: 65 LPT: 10 SPD: 76.00 SPDt: 0.00 TLT: -9.43 TLTt: -5.65 COUT: 72.25
 spP: -4.32 spI: -1.13 coP: -1.38 coD: -7.94 LPN: 66 LPT: 10 SPD: 72.00 SPDt: 0.00 TLT: -10.04 TLTt: -5.45 COUT: 62.93
 spP: -3.78 spI: -1.15 coP: -1.60 coD: -7.25 LPN: 67 LPT: 11 SPD: 63.00 SPDt: 0.00 TLT: -10.26 TLTt: -4.93 COUT: 54.08
 spP: -3.24 spI: -1.15 coP: -1.75 coD: -4.89 LPN: 68 LPT: 10 SPD: 54.00 SPDt: 0.00 TLT: -10.21 TLTt: -4.39 COUT: 47.45
 spP: -2.82 spI: -1.25 coP: -1.95 coD: -6.25 LPN: 69 LPT: 10 SPD: 47.00 SPDt: 0.00 TLT: -10.56 TLTt: -4.07 COUT: 39.25
 spP: -2.34 spI: -1.22 coP: -2.16 coD: -7.11 LPN: 70 LPT: 10 SPD: 39.00 SPDt: 0.00 TLT: -10.77 TLTt: -3.56 COUT: 29.98
 spP: -1.80 spI: -1.22 coP: -2.24 coD: -2.60 LPN: 71 LPT: 11 SPD: 30.00 SPDt: 0.00 TLT: -10.48 TLTt: -3.02 COUT: 25.14
 spP: -1.50 spI: -1.27 coP: -2.30 coD: -1.91 LPN: 72 LPT: 10 SPD: 25.00 SPDt: 0.00 TLT: -10.43 TLTt: -2.77 COUT: 20.93
 spP: -1.26 spI: -1.29 coP: -2.40 coD: -3.18 LPN: 73 LPT: 10 SPD: 21.00 SPDt: 0.00 TLT: -10.53 TLTt: -2.55 COUT: 15.35
 spP: -0.90 spI: -1.30 coP: -2.39 coD: 0.14 LPN: 74 LPT: 10 SPD: 15.00 SPDt: 0.00 TLT: -10.17 TLTt: -2.20 COUT: 13.10
 spP: -0.78 spI: -1.30 coP: -2.31 coD: 2.57 LPN: 75 LPT: 9 SPD: 13.00 SPDt: 0.00 TLT: -9.79 TLTt: -2.08 COUT: 13.36
 spP: -0.78 spI: -1.26 coP: -2.29 coD: 0.78 LPN: 76 LPT: 11 SPD: 13.00 SPDt: 0.00 TLT: -9.67 TLTt: -2.04 COUT: 11.85
 spP: -0.72 spI: -1.36 coP: -2.16 coD: 4.05 LPN: 77 LPT: 11 SPD: 12.00 SPDt: 0.00 TLT: -9.29 TLTt: -2.08 COUT: 13.74
 spP: -0.84 spI: -1.32 coP: -2.01 coD: 5.14 LPN: 78 LPT: 9 SPD: 14.00 SPDt: 0.00 TLT: -8.86 TLTt: -2.16 COUT: 16.87
 spP: -1.02 spI: -1.29 coP: -1.94 coD: 2.52 LPN: 79 LPT: 9 SPD: 17.00 SPDt: 0.00 TLT: -8.76 TLTt: -2.31 COUT: 17.45
 spP: -1.02 spI: -1.34 coP: -1.85 coD: 2.85 LPN: 80 LPT: 11 SPD: 17.00 SPDt: 0.00 TLT: -8.52 TLTt: -2.36 COUT: 18.45
 spP: -1.08 spI: -1.36 coP: -1.68 coD: 5.83 LPN: 81 LPT: 10 SPD: 18.00 SPDt: 0.00 TLT: -8.02 TLTt: -2.44 COUT: 22.60
 spP: -1.38 spI: -1.38 coP: -1.55 coD: 4.15 LPN: 82 LPT: 10 SPD: 23.00 SPDt: 0.00 TLT: -7.93 TLTt: -2.76 COUT: 25.21
 spP: -1.50 spI: -1.40 coP: -1.51 coD: 1.28 LPN: 83 LPT: 10 SPD: 25.00 SPDt: 0.00 TLT: -7.93 TLTt: -2.90 COUT: 24.97
 spP: -1.50 spI: -1.40 coP: -1.41 coD: 3.29 LPN: 84 LPT: 10 SPD: 25.00 SPDt: 0.00 TLT: -7.61 TLTt: -2.90 COUT: 26.85
 spP: -1.62 spI: -1.51 coP: -1.33 coD: 2.74 LPN: 85 LPT: 11 SPD: 27.00 SPDt: 0.00 TLT: -7.55 TLTt: -3.13 COUT: 28.26
 spP: -1.68 spI: -1.47 coP: -1.39 coD: -2.21 LPN: 86 LPT: 10 SPD: 28.00 SPDt: 0.00 TLT: -7.79 TLTt: -3.15 COUT: 24.65
 spP: -1.50 spI: -1.46 coP: -1.40 coD: -0.24 LPN: 87 LPT: 9 SPD: 25.00 SPDt: 0.00 TLT: -7.63 TLTt: -2.96 COUT: 23.01
 spP: -1.38 spI: -1.50 coP: -1.34 coD: 2.05 LPN: 88 LPT: 11 SPD: 23.00 SPDt: 0.00 TLT: -7.34 TLTt: -2.88 COUT: 23.72
 spP: -1.44 spI: -1.52 coP: -1.38 coD: -1.34 LPN: 89 LPT: 10 SPD: 24.00 SPDt: 0.00 TLT: -7.57 TLTt: -2.96 COUT: 21.00
 spP: -1.26 spI: -1.55 coP: -1.49 coD: -3.52 LPN: 90 LPT: 9 SPD: 21.00 SPDt: 0.00 TLT: -7.77 TLTt: -2.81 COUT: 15.99
 spP: -0.96 spI: -1.55 coP: -1.51 coD: -0.67 LPN: 91 LPT: 10 SPD: 16.00 SPDt: 0.00 TLT: -7.53 TLTt: -2.51 COUT: 13.81
 spP: -0.84 spI: -1.55 coP: -1.52 coD: -0.52 LPN: 92 LPT: 10 SPD: 14.00 SPDt: 0.00 TLT: -7.47 TLTt: -2.39 COUT: 11.76
 spP: -0.72 spI: -1.66 coP: -1.59 coD: -2.03 LPN: 93 LPT: 11 SPD: 12.00 SPDt: 0.00 TLT: -7.67 TLTt: -2.38 COUT: 8.15
 spP: -0.48 spI: -1.57 coP: -1.63 coD: -1.58 LPN: 94 LPT: 10 SPD: 8.00 SPDt: 0.00 TLT: -7.50 TLTt: -2.05 COUT: 4.94
 spP: -0.30 spI: -1.54 coP: -1.64 coD: -0.04 LPN: 95 LPT: 9 SPD: 5.00 SPDt: 0.00 TLT: -7.29 TLTt: -1.84 COUT: 3.26
 spP: -0.18 spI: -1.55 coP: -1.69 coD: -1.70 LPN: 96 LPT: 10 SPD: 3.00 SPDt: 0.00 TLT: -7.35 TLTt: -1.73 COUT: -0.12
 spP: 0.00 spI: -1.59 coP: -1.69 coD: -0.09 LPN: 97 LPT: 11 SPD: 0.00 SPDt: 0.00 TLT: -7.22 TLTt: -1.59 COUT: -1.91
 spP: 0.12 spI: -1.57 coP: -1.64 coD: 1.63 LPN: 98 LPT: 9 SPD: -2.00 SPDt: 0.00 TLT: -6.92 TLTt: -1.45 COUT: -1.92
 spP: 0.12 spI: -1.55 coP: -1.62 coD: 0.55 LPN: 99 LPT: 10 SPD: -2.00 SPDt: 0.00 TLT: -6.84 TLTt: -1.43 COUT: -2.99
 spP: 0.18 spI: -1.54 coP: -1.60 coD: 0.66 LPN: 100 LPT: 9 SPD: -3.00 SPDt: 0.00 TLT: -6.70 TLTt: -1.36 COUT: -3.93
 spP: 0.24 spI: -1.63 coP: -1.50 coD: 3.44 LPN: 101 LPT: 12 SPD: -4.00 SPDt: 0.00 TLT: -6.38 TLTt: -1.39 COUT: -1.99
 spP: 0.12 spI: -1.57 coP: -1.43 coD: 2.25 LPN: 102 LPT: 10 SPD: -2.00 SPDt: 0.00 TLT: -6.22 TLTt: -1.45 COUT: -1.17
 spP: 0.06 spI: -1.54 coP: -1.41 coD: 0.79 LPN: 103 LPT: 9 SPD: -1.00 SPDt: 0.00 TLT: -6.17 TLTt: -1.48 COUT: -1.79
 spP: 0.12 spI: -1.56 coP: -1.33 coD: 2.60 LPN: 104 LPT: 10 SPD: -2.00 SPDt: 0.00 TLT: -5.87 TLTt: -1.44 COUT: -0.51
 spP: 0.06 spI: -1.58 coP: -1.28 coD: 1.76 LPN: 105 LPT: 11 SPD: -1.00 SPDt: 0.00 TLT: -5.77 TLTt: -1.52 COUT: -0.03
 spP: 0.00 spI: -1.56 coP: -1.26 coD: 0.60 LPN: 106 LPT: 9 SPD: 0.00 SPDt: 0.00 TLT: -5.75 TLTt: -1.56 COUT: -0.68
 spP: 0.06 spI: -1.55 coP: -1.19 coD: 2.22 LPN: 107 LPT: 10 SPD: -1.00 SPDt: 0.00 TLT: -5.46 TLTt: -1.49 COUT: 0.35
 spP: 0.00 spI: -1.53 coP: -1.15 coD: 1.42 LPN: 108 LPT: 9 SPD: 0.00 SPDt: 0.00 TLT: -5.37 TLTt: -1.53 COUT: 0.62
 spP: -0.06 spI: -1.60 coP: -1.12 coD: 0.87 LPN: 109 LPT: 11 SPD: 1.00 SPDt: 0.00 TLT: -5.40 TLTt: -1.66 COUT: 0.36
 spP: 0.00 spI: -1.52 coP: -1.10 coD: 0.78 LPN: 110 LPT: 10 SPD: 0.00 SPDt: 0.00 TLT: -5.19 TLTt: -1.52 COUT: 0.04
 spP: 0.00 spI: -1.55 coP: -1.07 coD: 1.18 LPN: 111 LPT: 10 SPD: 0.00 SPDt: 0.00 TLT: -5.10 TLTt: -1.55 COUT: 0.16
 spP: 0.00 spI: -1.55 coP: -1.08 coD: -0.43 LPN: 112 LPT: 9 SPD: 0.00 SPDt: 0.00 TLT: -5.15 TLTt: -1.55 COUT: -1.35
 spP: 0.06 spI: -1.54 coP: -1.05 coD: 1.02 LPN: 113 LPT: 10 SPD: -1.00 SPDt: 0.00 TLT: -4.98 TLTt: -1.48 COUT: -1.38
 spP: 0.06 spI: -1.58 coP: -1.01 coD: 1.37 LPN: 114 LPT: 11 SPD: -1.00 SPDt: 0.00 TLT: -4.87 TLTt: -1.52 COUT: -1.02
 spP: 0.06 spI: -1.60 coP: -1.02 coD: -0.30 LPN: 115 LPT: 10 SPD: -1.00 SPDt: 0.00 TLT: -4.93 TLTt: -1.54 COUT: -2.34
 spP: 0.12 spI: -1.56 coP: -1.01 coD: 0.09 LPN: 116 LPT: 10 SPD: -2.00 SPDt: 0.00 TLT: -4.82 TLTt: -1.44 COUT: -3.26
 spP: 0.18 spI: -1.56 coP: -1.00 coD: 0.44 LPN: 117 LPT: 9 SPD: -3.00 SPDt: 0.00 TLT: -4.71 TLTt: -1.38 COUT: -3.82
 spP: 0.24 spI: -1.54 coP: -1.03 coD: -1.08 LPN: 118 LPT: 11 SPD: -4.00 SPDt: 0.00 TLT: -4.75 TLTt: -1.30 COUT: -5.93
 spP: 0.36 spI: -1.58 coP: -1.01 coD: 0.61 LPN: 119 LPT: 10 SPD: -6.00 SPDt: 0.00 TLT: -4.60 TLTt: -1.22 COUT: -6.34
 spP: 0.36 spI: -1.55 coP: -1.01 coD: 0.22 LPN: 120 LPT: 10 SPD: -6.00 SPDt: 0.00 TLT: -4.55 TLTt: -1.19 COUT: -7.13
 spP: 0.42 spI: -1.59 coP: -1.02 coD: -0.44 LPN: 121 LPT: 10 SPD: -7.00 SPDt: 0.00 TLT: -4.57 TLTt: -1.17 COUT: -8.59
 spP: 0.54 spI: -1.55 coP: -1.01 coD: 0.50 LPN: 122 LPT: 10 SPD: -9.00 SPDt: 0.00 TLT: -4.36 TLTt: -1.01 COUT: -9.09
 spP: 0.54 spI: -1.50 coP: -0.99 coD: 0.41 LPN: 123 LPT: 10 SPD: -9.00 SPDt: 0.00 TLT: -4.28 TLTt: -0.96 COUT: -9.68
 spP: 0.60 spI: -1.52 coP: -1.02 coD: -0.97 LPN: 124 LPT: 10 SPD: -10.00 SPDt: 0.00 TLT: -4.33 TLTt: -0.92 COUT: -11.67
 spP: 0.72 spI: -1.56 coP: -0.96 coD: 1.94 LPN: 125 LPT: 10 SPD: -12.00 SPDt: 0.00 TLT: -4.05 TLTt: -0.84 COUT: -10.70
 spP: 0.66 spI: -1.54 coP: -0.91 coD: 1.72 LPN: 126 LPT: 10 SPD: -11.00 SPDt: 0.00 TLT: -3.91 TLTt: -0.88 COUT: -9.90
 spP: 0.60 spI: -1.50 coP: -0.91 coD: -0.09 LPN: 127 LPT: 11 SPD: -10.00 SPDt: 0.00 TLT: -3.95 TLTt: -0.90 COUT: -10.90
 spP: 0.66 spI: -1.51 coP: -0.86 coD: 1.89 LPN: 128 LPT: 9 SPD: -11.00 SPDt: 0.00 TLT: -3.70 TLTt: -0.85 COUT: -9.87
 spP: 0.60 spI: -1.54 coP: -0.76 coD: 3.11 LPN: 129 LPT: 11 SPD: -10.00 SPDt: 0.00 TLT: -3.47 TLTt: -0.94 COUT: -7.51
 spP: 0.48 spI: -1.46 coP: -0.76 coD: -0.12 LPN: 130 LPT: 9 SPD: -8.00 SPDt: 0.00 TLT: -3.52 TLTt: -0.98 COUT: -8.40
 spP: 0.48 spI: -1.46 coP: -0.72 coD: 1.54 LPN: 131 LPT: 11 SPD: -8.00 SPDt: 0.00 TLT: -3.37 TLTt: -0.98 COUT: -7.57
 spP: 0.48 spI: -1.46 coP: -0.63 coD: 2.87 LPN: 132 LPT: 10 SPD: -8.00 SPDt: 0.00 TLT: -3.08 TLTt: -0.98 COUT: -5.33
 spP: 0.30 spI: -1.46 coP: -0.57 coD: 1.88 LPN: 133 LPT: 10 SPD: -5.00 SPDt: 0.00 TLT: -3.07 TLTt: -1.16 COUT: -4.02
 spP: 0.24 spI: -1.46 coP: -0.55 coD: 0.89 LPN: 134 LPT: 10 SPD: -4.00 SPDt: 0.00 TLT: -3.04 TLTt: -1.22 COUT: -3.68
 spP: 0.24 spI: -1.48 coP: -0.46 coD: 2.96 LPN: 135 LPT: 11 SPD: -4.00 SPDt: 0.00 TLT: -2.76 TLTt: -1.24 COUT: -1.17
 spP: 0.06 spI: -1.45 coP: -0.41 coD: 1.59 LPN: 136 LPT: 10 SPD: -1.00 SPDt: 0.00 TLT: -2.75 TLTt: -1.39 COUT: 0.01
 spP: 0.00 spI: -1.41 coP: -0.42 coD: -0.58 LPN: 137 LPT: 9 SPD: 0.00 SPDt: 0.00 TLT: -2.82 TLTt: -1.41 COUT: -0.99
 spP: 0.06 spI: -1.44 coP: -0.37 coD: 1.71 LPN: 138 LPT: 10 SPD: -1.00 SPDt: 0.00 TLT: -2.62 TLTt: -1.38 COUT: 0.35
 spP: 0.00 spI: -1.44 coP: -0.32 coD: 1.85 LPN: 139 LPT: 9 SPD: 0.00 SPDt: 0.00 TLT: -2.50 TLTt: -1.44 COUT: 1.88
 spP: -0.12 spI: -1.42 coP: -0.33 coD: -0.25 LPN: 140 LPT: 11 SPD: 2.00 SPDt: 0.00 TLT: -2.62 TLTt: -1.54 COUT: 1.31
 spP: -0.06 spI: -1.46 coP: -0.31 coD: 0.61 LPN: 141 LPT: 10 SPD: 1.00 SPDt: 0.00 TLT: -2.54 TLTt: -1.52 COUT: 1.61
 spP: -0.12 spI: -1.41 coP: -0.26 coD: 1.69 LPN: 142 LPT: 9 SPD: 2.00 SPDt: 0.00 TLT: -2.39 TLTt: -1.53 COUT: 3.05
 spP: -0.18 spI: -1.49 coP: -0.24 coD: 0.50 LPN: 143 LPT: 11 SPD: 3.00 SPDt: 0.00 TLT: -2.47 TLTt: -1.67 COUT: 3.31
 spP: -0.18 spI: -1.45 coP: -0.24 coD: 0.07 LPN: 144 LPT: 10 SPD: 3.00 SPDt: 0.00 TLT: -2.43 TLTt: -1.63 COUT: 3.14
 spP: -0.18 spI: -1.42 coP: -0.20 coD: 1.31 LPN: 145 LPT: 10 SPD: 3.00 SPDt: 0.00 TLT: -2.27 TLTt: -1.60 COUT: 4.25
 spP: -0.24 spI: -1.46 coP: -0.18 coD: 0.56 LPN: 146 LPT: 9 SPD: 4.00 SPDt: 0.00 TLT: -2.31 TLTt: -1.70 COUT: 4.63
 spP: -0.30 spI: -1.44 coP: -0.17 coD: 0.39 LPN: 147 LPT: 10 SPD: 5.00 SPDt: 0.00 TLT: -2.31 TLTt: -1.74 COUT: 4.84
 spP: -0.30 spI: -1.46 coP: -0.15 coD: 0.83 LPN: 148 LPT: 11 SPD: 5.00 SPDt: 0.00 TLT: -2.25 TLTt: -1.76 COUT: 5.53
 spP: -0.36 spI: -1.47 coP: -0.13 coD: 0.56 LPN: 149 LPT: 9 SPD: 6.00 SPDt: 0.00 TLT: -2.27 TLTt: -1.83 COUT: 5.95
 spP: -0.36 spI: -1.43 coP: -0.16 coD: -0.98 LPN: 150 LPT: 10 SPD: 6.00 SPDt: 0.00 TLT: -2.32 TLTt: -1.79 COUT: 4.81
 spP: -0.30 spI: -1.55 coP: -0.12 coD: 1.13 LPN: 151 LPT: 10 SPD: 5.00 SPDt: 0.00 TLT: -2.26 TLTt: -1.85 COUT: 5.82
 spP: -0.36 spI: -1.48 coP: -0.09 coD: 0.99 LPN: 152 LPT: 11 SPD: 6.00 SPDt: 0.00 TLT: -2.16 TLTt: -1.84 COUT: 6.71
 spP: -0.42 spI: -1.45 coP: -0.10 coD: -0.34 LPN: 153 LPT: 9 SPD: 7.00 SPDt: 0.00 TLT: -2.22 TLTt: -1.87 COUT: 6.27
 spP: -0.36 spI: -1.49 coP: -0.13 coD: -0.99 LPN: 154 LPT: 10 SPD: 6.00 SPDt: 0.00 TLT: -2.30 TLTt: -1.85 COUT: 5.14
 spP: -0.30 spI: -1.50 coP: -0.13 coD: 0.24 LPN: 155 LPT: 10 SPD: 5.00 SPDt: 0.00 TLT: -2.23 TLTt: -1.80 COUT: 5.25
 spP: -0.30 spI: -1.50 coP: -0.13 coD: -0.04 LPN: 156 LPT: 9 SPD: 5.00 SPDt: 0.00 TLT: -2.23 TLTt: -1.80 COUT: 5.08
 spP: -0.30 spI: -1.50 coP: -0.15 coD: -0.69 LPN: 157 LPT: 11 SPD: 5.00 SPDt: 0.00 TLT: -2.30 TLTt: -1.80 COUT: 4.24
 spP: -0.24 spI: -1.49 coP: -0.16 coD: -0.25 LPN: 158 LPT: 9 SPD: 4.00 SPDt: 0.00 TLT: -2.25 TLTt: -1.73 COUT: 3.84
 spP: -0.24 spI: -1.57 coP: -0.12 coD: 1.25 LPN: 159 LPT: 11 SPD: 4.00 SPDt: 0.00 TLT: -2.21 TLTt: -1.81 COUT: 4.97
 spP: -0.30 spI: -1.51 coP: -0.13 coD: -0.32 LPN: 160 LPT: 10 SPD: 5.00 SPDt: 0.00 TLT: -2.23 TLTt: -1.81 COUT: 4.52
 spP: -0.30 spI: -1.49 coP: -0.13 coD: 0.06 LPN: 161 LPT: 10 SPD: 5.00 SPDt: 0.00 TLT: -2.21 TLTt: -1.79 COUT: 4.46
 spP: -0.24 spI: -1.52 coP: -0.11 coD: 0.51 LPN: 162 LPT: 10 SPD: 4.00 SPDt: 0.00 TLT: -2.13 TLTt: -1.76 COUT: 4.86
 spP: -0.30 spI: -1.52 coP: -0.10 coD: 0.39 LPN: 163 LPT: 9 SPD: 5.00 SPDt: 0.00 TLT: -2.15 TLTt: -1.82 COUT: 5.15
 spP: -0.30 spI: -1.51 coP: -0.10 coD: -0.21 LPN: 164 LPT: 10 SPD: 5.00 SPDt: 0.00 TLT: -2.16 TLTt: -1.81 COUT: 4.84
 spP: -0.30 spI: -1.55 coP: -0.07 coD: 1.21 LPN: 165 LPT: 11 SPD: 5.00 SPDt: 0.00 TLT: -2.07 TLTt: -1.85 COUT: 5.99
 spP: -0.36 spI: -1.50 coP: -0.06 coD: 0.26 LPN: 166 LPT: 9 SPD: 6.00 SPDt: 0.00 TLT: -2.06 TLTt: -1.86 COUT: 6.19
 spP: -0.36 spI: -1.59 coP: -0.05 coD: 0.48 LPN: 167 LPT: 11 SPD: 6.00 SPDt: 0.00 TLT: -2.10 TLTt: -1.95 COUT: 6.63
 spP: -0.42 spI: -1.54 coP: -0.03 coD: 0.65 LPN: 168 LPT: 9 SPD: 7.00 SPDt: 0.00 TLT: -2.05 TLTt: -1.96 COUT: 7.25
 spP: -0.42 spI: -1.50 coP: -0.03 coD: -0.13 LPN: 169 LPT: 10 SPD: 7.00 SPDt: 0.00 TLT: -2.02 TLTt: -1.92 COUT: 7.10
 spP: -0.42 spI: -1.57 coP: -0.02 coD: 0.34 LPN: 170 LPT: 10 SPD: 7.00 SPDt: 0.00 TLT: -2.06 TLTt: -1.99 COUT: 7.42
 spP: -0.42 spI: -1.56 coP: -0.03 coD: -0.23 LPN: 171 LPT: 10 SPD: 7.00 SPDt: 0.00 TLT: -2.07 TLTt: -1.98 COUT: 7.17
 spP: -0.42 spI: -1.57 coP: -0.02 coD: 0.21 LPN: 172 LPT: 10 SPD: 7.00 SPDt: 0.00 TLT: -2.05 TLTt: -1.99 COUT: 7.36
 spP: -0.42 spI: -1.58 coP: -0.04 coD: -0.53 LPN: 173 LPT: 10 SPD: 7.00 SPDt: 0.00 TLT: -2.12 TLTt: -2.00 COUT: 6.80
 spP: -0.42 spI: -1.56 coP: -0.02 coD: 0.64 LPN: 174 LPT: 10 SPD: 7.00 SPDt: 0.00 TLT: -2.04 TLTt: -1.98 COUT: 7.42
 spP: -0.42 spI: -1.66 coP: 0.03 coD: 1.57 LPN: 175 LPT: 11 SPD: 7.00 SPDt: 0.00 TLT: -1.97 TLTt: -2.08 COUT: 9.02
 spP: -0.54 spI: -1.57 coP: 0.02 coD: -0.43 LPN: 176 LPT: 9 SPD: 9.00 SPDt: 0.00 TLT: -2.04 TLTt: -2.11 COUT: 8.62
 spP: -0.54 spI: -1.55 coP: 0.01 coD: -0.30 LPN: 177 LPT: 9 SPD: 9.00 SPDt: 0.00 TLT: -2.05 TLTt: -2.09 COUT: 8.33
 spP: -0.48 spI: -1.59 coP: 0.04 coD: 0.90 LPN: 178 LPT: 11 SPD: 8.00 SPDt: 0.00 TLT: -1.95 TLTt: -2.07 COUT: 9.27
 spP: -0.54 spI: -1.60 coP: 0.04 coD: 0.22 LPN: 179 LPT: 10 SPD: 9.00 SPDt: 0.00 TLT: -1.99 TLTt: -2.14 COUT: 9.54
 spP: -0.60 spI: -1.60 coP: 0.05 coD: 0.16 LPN: 180 LPT: 9 SPD: 10.00 SPDt: 0.00 TLT: -2.03 TLTt: -2.20 COUT: 9.75
 spP: -0.60 spI: -1.62 coP: 0.08 coD: 0.92 LPN: 181 LPT: 10 SPD: 10.00 SPDt: 0.00 TLT: -1.96 TLTt: -2.22 COUT: 10.75
 spP: -0.66 spI: -1.62 coP: 0.08 coD: 0.25 LPN: 182 LPT: 9 SPD: 11.00 SPDt: 0.00 TLT: -2.00 TLTt: -2.28 COUT: 11.08
 spP: -0.66 spI: -1.72 coP: 0.08 coD: -0.12 LPN: 183 LPT: 12 SPD: 11.00 SPDt: 0.00 TLT: -2.11 TLTt: -2.38 COUT: 11.04
 spP: -0.66 spI: -1.69 coP: 0.09 coD: 0.27 LPN: 184 LPT: 10 SPD: 11.00 SPDt: 0.00 TLT: -2.05 TLTt: -2.35 COUT: 11.40
 spP: -0.66 spI: -1.63 coP: 0.07 coD: -0.60 LPN: 185 LPT: 9 SPD: 11.00 SPDt: 0.00 TLT: -2.05 TLTt: -2.29 COUT: 10.87
 spP: -0.66 spI: -1.69 coP: 0.06 coD: -0.31 LPN: 186 LPT: 10 SPD: 11.00 SPDt: 0.00 TLT: -2.14 TLTt: -2.35 COUT: 10.63
 spP: -0.66 spI: -1.71 coP: 0.07 coD: 0.15 LPN: 187 LPT: 11 SPD: 11.00 SPDt: 0.00 TLT: -2.14 TLTt: -2.37 COUT: 10.84
 spP: -0.66 spI: -1.71 coP: 0.08 coD: 0.50 LPN: 188 LPT: 9 SPD: 11.00 SPDt: 0.00 TLT: -2.10 TLTt: -2.37 COUT: 11.43
 spP: -0.66 spI: -1.70 coP: 0.06 coD: -0.56 LPN: 189 LPT: 10 SPD: 11.00 SPDt: 0.00 TLT: -2.14 TLTt: -2.36 COUT: 10.93
 spP: -0.66 spI: -1.70 coP: 0.05 coD: -0.62 LPN: 190 LPT: 10 SPD: 11.00 SPDt: 0.00 TLT: -2.21 TLTt: -2.36 COUT: 10.35
 spP: -0.60 spI: -1.82 coP: 0.08 coD: 0.93 LPN: 191 LPT: 12 SPD: 10.00 SPDt: 0.00 TLT: -2.17 TLTt: -2.42 COUT: 11.36
 spP: -0.66 spI: -1.74 coP: 0.08 coD: 0.09 LPN: 192 LPT: 9 SPD: 11.00 SPDt: 0.00 TLT: -2.14 TLTt: -2.40 COUT: 11.53
 spP: -0.72 spI: -1.69 coP: 0.05 coD: -0.89 LPN: 193 LPT: 10 SPD: 12.00 SPDt: 0.00 TLT: -2.23 TLTt: -2.41 COUT: 10.68
 spP: -0.66 spI: -1.77 coP: 0.05 coD: -0.23 LPN: 194 LPT: 9 SPD: 11.00 SPDt: 0.00 TLT: -2.28 TLTt: -2.43 COUT: 10.50
 spP: -0.66 spI: -1.76 coP: 0.08 coD: 1.26 LPN: 195 LPT: 11 SPD: 11.00 SPDt: 0.00 TLT: -2.15 TLTt: -2.42 COUT: 11.85
 spP: -0.72 spI: -1.78 coP: 0.14 coD: 1.74 LPN: 196 LPT: 10 SPD: 12.00 SPDt: 0.00 TLT: -2.05 TLTt: -2.50 COUT: 13.72
 spP: -0.84 spI: -1.77 coP: 0.13 coD: -0.37 LPN: 197 LPT: 10 SPD: 14.00 SPDt: 0.00 TLT: -2.20 TLTt: -2.61 COUT: 13.48
 spP: -0.78 spI: -1.79 coP: 0.10 coD: -0.82 LPN: 198 LPT: 9 SPD: 13.00 SPDt: 0.00 TLT: -2.23 TLTt: -2.57 COUT: 12.77
 spP: -0.78 spI: -1.89 coP: 0.17 coD: 2.12 LPN: 199 LPT: 12 SPD: 13.00 SPDt: 0.00 TLT: -2.11 TLTt: -2.67 COUT: 15.05
 spP: -0.90 spI: -1.81 coP: 0.15 coD: -0.68 LPN: 200 LPT: 10 SPD: 15.00 SPDt: 0.00 TLT: -2.22 TLTt: -2.71 COUT: 14.52
 spP: -0.90 spI: -1.80 coP: 0.10 coD: -1.50 LPN: 201 LPT: 9 SPD: 15.00 SPDt: 0.00 TLT: -2.36 TLTt: -2.70 COUT: 13.12
 spP: -0.78 spI: -1.84 coP: 0.10 coD: 0.01 LPN: 202 LPT: 10 SPD: 13.00 SPDt: 0.00 TLT: -2.28 TLTt: -2.62 COUT: 13.23
 spP: -0.78 spI: -1.85 coP: 0.09 coD: -0.44 LPN: 203 LPT: 10 SPD: 13.00 SPDt: 0.00 TLT: -2.33 TLTt: -2.63 COUT: 12.88
 spP: -0.78 spI: -1.89 coP: 0.05 coD: -1.15 LPN: 204 LPT: 11 SPD: 13.00 SPDt: 0.00 TLT: -2.49 TLTt: -2.67 COUT: 11.79
 spP: -0.72 spI: -1.88 coP: 0.05 coD: -0.13 LPN: 205 LPT: 9 SPD: 12.00 SPDt: 0.00 TLT: -2.43 TLTt: -2.60 COUT: 11.71
 spP: -0.72 spI: -1.85 coP: 0.07 coD: 0.73 LPN: 206 LPT: 10 SPD: 12.00 SPDt: 0.00 TLT: -2.33 TLTt: -2.57 COUT: 12.50
 spP: -0.78 spI: -1.92 coP: 0.07 coD: -0.02 LPN: 207 LPT: 10 SPD: 13.00 SPDt: 0.00 TLT: -2.46 TLTt: -2.70 COUT: 12.55
 spP: -0.78 spI: -1.92 coP: 0.06 coD: -0.52 LPN: 208 LPT: 11 SPD: 13.00 SPDt: 0.00 TLT: -2.51 TLTt: -2.70 COUT: 12.09
 spP: -0.72 spI: -1.94 coP: 0.08 coD: 0.87 LPN: 209 LPT: 10 SPD: 12.00 SPDt: 0.00 TLT: -2.38 TLTt: -2.66 COUT: 13.04
 spP: -0.78 spI: -1.92 coP: 0.06 coD: -0.84 LPN: 210 LPT: 10 SPD: 13.00 SPDt: 0.00 TLT: -2.51 TLTt: -2.70 COUT: 12.25
 spP: -0.72 spI: -1.96 coP: 0.02 coD: -1.06 LPN: 211 LPT: 10 SPD: 12.00 SPDt: 0.00 TLT: -2.60 TLTt: -2.68 COUT: 11.21
 spP: -0.66 spI: -1.91 coP: 0.05 coD: 0.78 LPN: 212 LPT: 10 SPD: 11.00 SPDt: 0.00 TLT: -2.42 TLTt: -2.57 COUT: 12.04
 spP: -0.72 spI: -1.98 coP: 0.08 coD: 1.17 LPN: 213 LPT: 10 SPD: 12.00 SPDt: 0.00 TLT: -2.42 TLTt: -2.70 COUT: 13.29
 spP: -0.78 spI: -1.97 coP: 0.05 coD: -1.01 LPN: 214 LPT: 10 SPD: 13.00 SPDt: 0.00 TLT: -2.57 TLTt: -2.75 COUT: 12.33
 spP: -0.72 spI: -1.99 coP: 0.07 coD: 0.56 LPN: 215 LPT: 10 SPD: 12.00 SPDt: 0.00 TLT: -2.48 TLTt: -2.71 COUT: 12.96
 spP: -0.78 spI: -1.98 coP: 0.11 coD: 1.24 LPN: 216 LPT: 11 SPD: 13.00 SPDt: 0.00 TLT: -2.40 TLTt: -2.76 COUT: 14.31
 spP: -0.84 spI: -2.00 coP: 0.08 coD: -0.91 LPN: 217 LPT: 9 SPD: 14.00 SPDt: 0.00 TLT: -2.57 TLTt: -2.84 COUT: 13.48
 spP: -0.78 spI: -1.96 coP: 0.05 coD: -0.84 LPN: 218 LPT: 10 SPD: 13.00 SPDt: 0.00 TLT: -2.56 TLTt: -2.74 COUT: 12.69
 spP: -0.78 spI: -2.12 coP: 0.14 coD: 2.59 LPN: 219 LPT: 11 SPD: 13.00 SPDt: 0.00 TLT: -2.45 TLTt: -2.90 COUT: 15.42
 spP: -0.90 spI: -2.02 coP: 0.11 coD: -0.89 LPN: 220 LPT: 9 SPD: 15.00 SPDt: 0.00 TLT: -2.56 TLTt: -2.92 COUT: 14.64
 spP: -0.90 spI: -1.98 coP: 0.08 coD: -1.17 LPN: 221 LPT: 11 SPD: 15.00 SPDt: 0.00 TLT: -2.63 TLTt: -2.88 COUT: 13.55
 spP: -0.84 spI: -2.07 coP: 0.13 coD: 1.64 LPN: 222 LPT: 10 SPD: 14.00 SPDt: 0.00 TLT: -2.49 TLTt: -2.91 COUT: 15.31
 spP: -0.90 spI: -2.06 coP: 0.13 coD: 0.24 LPN: 223 LPT: 9 SPD: 15.00 SPDt: 0.00 TLT: -2.52 TLTt: -2.96 COUT: 15.69
 spP: -0.96 spI: -2.06 coP: 0.10 coD: -1.11 LPN: 224 LPT: 10 SPD: 16.00 SPDt: 0.00 TLT: -2.69 TLTt: -3.02 COUT: 14.68
 spP: -0.90 spI: -2.10 coP: 0.11 coD: 0.29 LPN: 225 LPT: 11 SPD: 15.00 SPDt: 0.00 TLT: -2.64 TLTt: -3.00 COUT: 15.08
 spP: -0.90 spI: -2.07 coP: 0.11 coD: -0.00 LPN: 226 LPT: 9 SPD: 15.00 SPDt: 0.00 TLT: -2.61 TLTt: -2.97 COUT: 15.18
 spP: -0.90 spI: -2.18 coP: 0.11 coD: 0.04 LPN: 227 LPT: 11 SPD: 15.00 SPDt: 0.00 TLT: -2.71 TLTt: -3.08 COUT: 15.33
 spP: -0.90 spI: -2.13 coP: 0.09 coD: -0.54 LPN: 228 LPT: 10 SPD: 15.00 SPDt: 0.00 TLT: -2.72 TLTt: -3.03 COUT: 14.88
 spP: -0.90 spI: -2.10 coP: 0.11 coD: 0.64 LPN: 229 LPT: 10 SPD: 15.00 SPDt: 0.00 TLT: -2.63 TLTt: -3.00 COUT: 15.64
 spP: -0.96 spI: -2.14 coP: 0.11 coD: -0.09 LPN: 230 LPT: 10 SPD: 16.00 SPDt: 0.00 TLT: -2.74 TLTt: -3.10 COUT: 15.65
 spP: -0.96 spI: -2.18 coP: 0.08 coD: -0.83 LPN: 231 LPT: 10 SPD: 16.00 SPDt: 0.00 TLT: -2.86 TLTt: -3.14 COUT: 14.90
 spP: -0.90 spI: -2.19 coP: 0.10 coD: 0.41 LPN: 232 LPT: 10 SPD: 15.00 SPDt: 0.00 TLT: -2.77 TLTt: -3.09 COUT: 15.42
 spP: -0.90 spI: -2.19 coP: 0.13 coD: 1.01 LPN: 233 LPT: 11 SPD: 15.00 SPDt: 0.00 TLT: -2.67 TLTt: -3.09 COUT: 16.55
 spP: -1.02 spI: -2.16 coP: 0.11 coD: -0.61 LPN: 234 LPT: 9 SPD: 17.00 SPDt: 0.00 TLT: -2.81 TLTt: -3.18 COUT: 16.04
 spP: -0.96 spI: -2.29 coP: 0.11 coD: 0.03 LPN: 235 LPT: 11 SPD: 16.00 SPDt: 0.00 TLT: -2.89 TLTt: -3.25 COUT: 16.18
 spP: -0.96 spI: -2.23 coP: 0.13 coD: 0.82 LPN: 236 LPT: 10 SPD: 16.00 SPDt: 0.00 TLT: -2.74 TLTt: -3.19 COUT: 17.13
 spP: -1.02 spI: -2.18 coP: 0.15 coD: 0.38 LPN: 237 LPT: 9 SPD: 17.00 SPDt: 0.00 TLT: -2.72 TLTt: -3.20 COUT: 17.66
 spP: -1.08 spI: -2.23 coP: 0.11 coD: -1.07 LPN: 238 LPT: 11 SPD: 18.00 SPDt: 0.00 TLT: -2.93 TLTt: -3.31 COUT: 16.70
 spP: -1.02 spI: -2.29 coP: 0.12 coD: 0.12 LPN: 239 LPT: 9 SPD: 17.00 SPDt: 0.00 TLT: -2.92 TLTt: -3.31 COUT: 16.94
 spP: -1.02 spI: -2.25 coP: 0.16 coD: 1.29 LPN: 240 LPT: 10 SPD: 17.00 SPDt: 0.00 TLT: -2.75 TLTt: -3.27 COUT: 18.38
 spP: -1.08 spI: -2.30 coP: 0.15 coD: -0.05 LPN: 241 LPT: 10 SPD: 18.00 SPDt: 0.00 TLT: -2.87 TLTt: -3.38 COUT: 18.49
 spP: -1.08 spI: -2.28 coP: 0.09 coD: -2.07 LPN: 242 LPT: 10 SPD: 18.00 SPDt: 0.00 TLT: -3.05 TLTt: -3.36 COUT: 16.51
 spP: -1.02 spI: -2.38 coP: 0.14 coD: 1.64 LPN: 243 LPT: 11 SPD: 17.00 SPDt: 0.00 TLT: -2.92 TLTt: -3.40 COUT: 18.30
 spP: -1.08 spI: -2.34 coP: 0.14 coD: -0.21 LPN: 244 LPT: 9 SPD: 18.00 SPDt: 0.00 TLT: -2.96 TLTt: -3.42 COUT: 18.22
 spP: -1.08 spI: -2.35 coP: 0.06 coD: -2.48 LPN: 245 LPT: 10 SPD: 18.00 SPDt: 0.00 TLT: -3.22 TLTt: -3.43 COUT: 15.81
 spP: -0.96 spI: -2.38 coP: 0.04 coD: -0.59 LPN: 246 LPT: 11 SPD: 16.00 SPDt: 0.00 TLT: -3.19 TLTt: -3.34 COUT: 15.26
 spP: -0.90 spI: -2.39 coP: 0.06 coD: 0.39 LPN: 247 LPT: 10 SPD: 15.00 SPDt: 0.00 TLT: -3.11 TLTt: -3.29 COUT: 15.70
 spP: -0.96 spI: -2.36 coP: 0.01 coD: -1.68 LPN: 248 LPT: 9 SPD: 16.00 SPDt: 0.00 TLT: -3.30 TLTt: -3.32 COUT: 14.03
 spP: -0.84 spI: -2.44 coP: -0.04 coD: -1.38 LPN: 249 LPT: 11 SPD: 14.00 SPDt: 0.00 TLT: -3.40 TLTt: -3.28 COUT: 12.62
 spP: -0.78 spI: -2.45 coP: -0.01 coD: 0.95 LPN: 250 LPT: 11 SPD: 13.00 SPDt: 0.00 TLT: -3.25 TLTt: -3.23 COUT: 13.56
 spP: -0.84 spI: -2.43 coP: -0.03 coD: -0.81 LPN: 251 LPT: 9 SPD: 14.00 SPDt: 0.00 TLT: -3.37 TLTt: -3.27 COUT: 12.72
 spP: -0.78 spI: -2.45 coP: -0.10 coD: -2.23 LPN: 252 LPT: 10 SPD: 13.00 SPDt: 0.00 TLT: -3.56 TLTt: -3.23 COUT: 10.39
 spP: -0.60 spI: -2.50 coP: -0.07 coD: 0.84 LPN: 253 LPT: 10 SPD: 10.00 SPDt: 0.00 TLT: -3.34 TLTt: -3.10 COUT: 11.16
 spP: -0.66 spI: -2.41 coP: -0.04 coD: 1.24 LPN: 254 LPT: 10 SPD: 11.00 SPDt: 0.00 TLT: -3.19 TLTt: -3.07 COUT: 12.36
 spP: -0.72 spI: -2.58 coP: -0.04 coD: -0.11 LPN: 255 LPT: 11 SPD: 12.00 SPDt: 0.00 TLT: -3.43 TLTt: -3.30 COUT: 12.22
 spP: -0.72 spI: -2.56 coP: -0.05 coD: -0.46 LPN: 256 LPT: 10 SPD: 12.00 SPDt: 0.00 TLT: -3.46 TLTt: -3.28 COUT: 11.71
 spP: -0.72 spI: -2.40 coP: -0.06 coD: -0.29 LPN: 257 LPT: 10 SPD: 12.00 SPDt: 0.00 TLT: -3.33 TLTt: -3.12 COUT: 11.36
 spP: -0.66 spI: -2.53 coP: -0.09 coD: -0.76 LPN: 258 LPT: 10 SPD: 11.00 SPDt: 0.00 TLT: -3.47 TLTt: -3.19 COUT: 10.51
 spP: -0.66 spI: -2.54 coP: -0.04 coD: 1.62 LPN: 259 LPT: 11 SPD: 11.00 SPDt: 0.00 TLT: -3.32 TLTt: -3.20 COUT: 12.09
 spP: -0.72 spI: -2.52 coP: -0.02 coD: 0.46 LPN: 260 LPT: 10 SPD: 12.00 SPDt: 0.00 TLT: -3.31 TLTt: -3.24 COUT: 12.53
 spP: -0.78 spI: -2.49 coP: -0.06 coD: -1.35 LPN: 261 LPT: 9 SPD: 13.00 SPDt: 0.00 TLT: -3.48 TLTt: -3.27 COUT: 11.12
 spP: -0.66 spI: -2.64 coP: -0.04 coD: 0.83 LPN: 262 LPT: 11 SPD: 11.00 SPDt: 0.00 TLT: -3.42 TLTt: -3.30 COUT: 11.91
 spP: -0.72 spI: -2.49 coP: -0.03 coD: 0.05 LPN: 263 LPT: 10 SPD: 12.00 SPDt: 0.00 TLT: -3.33 TLTt: -3.21 COUT: 11.93
 spP: -0.72 spI: -2.55 coP: -0.05 coD: -0.60 LPN: 264 LPT: 10 SPD: 12.00 SPDt: 0.00 TLT: -3.45 TLTt: -3.27 COUT: 11.27
 spP: -0.66 spI: -2.59 coP: -0.07 coD: -0.72 LPN: 265 LPT: 10 SPD: 11.00 SPDt: 0.00 TLT: -3.50 TLTt: -3.25 COUT: 10.48
 spP: -0.60 spI: -2.61 coP: -0.05 coD: 0.68 LPN: 266 LPT: 10 SPD: 10.00 SPDt: 0.00 TLT: -3.39 TLTt: -3.21 COUT: 11.10
 spP: -0.66 spI: -2.60 coP: -0.05 coD: 0.01 LPN: 267 LPT: 11 SPD: 11.00 SPDt: 0.00 TLT: -3.44 TLTt: -3.26 COUT: 11.06
 spP: -0.66 spI: -2.65 coP: -0.08 coD: -0.98 LPN: 268 LPT: 10 SPD: 11.00 SPDt: 0.00 TLT: -3.59 TLTt: -3.31 COUT: 9.99
 spP: -0.60 spI: -2.55 coP: -0.08 coD: 0.07 LPN: 269 LPT: 10 SPD: 10.00 SPDt: 0.00 TLT: -3.42 TLTt: -3.15 COUT: 9.97
 spP: -0.60 spI: -2.60 coP: -0.06 coD: 0.87 LPN: 270 LPT: 10 SPD: 10.00 SPDt: 0.00 TLT: -3.39 TLTt: -3.20 COUT: 10.78
 spP: -0.66 spI: -2.61 coP: -0.09 coD: -1.03 LPN: 271 LPT: 10 SPD: 11.00 SPDt: 0.00 TLT: -3.56 TLTt: -3.27 COUT: 9.67
 spP: -0.60 spI: -2.65 coP: -0.07 coD: 0.50 LPN: 272 LPT: 10 SPD: 10.00 SPDt: 0.00 TLT: -3.49 TLTt: -3.25 COUT: 10.10
 spP: -0.60 spI: -2.62 coP: -0.03 coD: 1.40 LPN: 273 LPT: 10 SPD: 10.00 SPDt: 0.00 TLT: -3.32 TLTt: -3.22 COUT: 11.47
 spP: -0.66 spI: -2.71 coP: -0.00 coD: 0.84 LPN: 274 LPT: 11 SPD: 11.00 SPDt: 0.00 TLT: -3.38 TLTt: -3.37 COUT: 12.30
 spP: -0.72 spI: -2.67 coP: -0.03 coD: -0.91 LPN: 275 LPT: 10 SPD: 12.00 SPDt: 0.00 TLT: -3.49 TLTt: -3.39 COUT: 11.36
 spP: -0.66 spI: -2.61 coP: -0.02 coD: 0.52 LPN: 276 LPT: 10 SPD: 11.00 SPDt: 0.00 TLT: -3.32 TLTt: -3.27 COUT: 11.86
 spP: -0.72 spI: -2.68 coP: 0.02 coD: 1.26 LPN: 277 LPT: 10 SPD: 12.00 SPDt: 0.00 TLT: -3.33 TLTt: -3.40 COUT: 13.14
 spP: -0.78 spI: -2.66 coP: -0.04 coD: -1.99 LPN: 278 LPT: 10 SPD: 13.00 SPDt: 0.00 TLT: -3.57 TLTt: -3.44 COUT: 11.11
 spP: -0.66 spI: -2.72 coP: -0.04 coD: -0.17 LPN: 279 LPT: 9 SPD: 11.00 SPDt: 0.00 TLT: -3.53 TLTt: -3.38 COUT: 10.90
 spP: -0.66 spI: -2.70 coP: -0.01 coD: 0.95 LPN: 280 LPT: 11 SPD: 11.00 SPDt: 0.00 TLT: -3.41 TLTt: -3.36 COUT: 11.84
 spP: -0.72 spI: -2.67 coP: -0.06 coD: -1.40 LPN: 281 LPT: 10 SPD: 12.00 SPDt: 0.00 TLT: -3.58 TLTt: -3.39 COUT: 10.39
 spP: -0.60 spI: -2.79 coP: -0.07 coD: -0.54 LPN: 282 LPT: 10 SPD: 10.00 SPDt: 0.00 TLT: -3.63 TLTt: -3.39 COUT: 9.77
 spP: -0.60 spI: -2.73 coP: -0.06 coD: 0.55 LPN: 283 LPT: 10 SPD: 10.00 SPDt: 0.00 TLT: -3.51 TLTt: -3.33 COUT: 10.27
 spP: -0.60 spI: -2.76 coP: -0.08 coD: -0.73 LPN: 284 LPT: 11 SPD: 10.00 SPDt: 0.00 TLT: -3.62 TLTt: -3.36 COUT: 9.46
 spP: -0.54 spI: -2.74 coP: -0.12 coD: -1.54 LPN: 285 LPT: 10 SPD: 9.00 SPDt: 0.00 TLT: -3.70 TLTt: -3.28 COUT: 7.80
 spP: -0.48 spI: -2.72 coP: -0.12 coD: 0.14 LPN: 286 LPT: 10 SPD: 8.00 SPDt: 0.00 TLT: -3.60 TLTt: -3.20 COUT: 7.81
 spP: -0.48 spI: -2.68 coP: -0.15 coD: -0.85 LPN: 287 LPT: 9 SPD: 8.00 SPDt: 0.00 TLT: -3.64 TLTt: -3.16 COUT: 6.82
 spP: -0.42 spI: -2.82 coP: -0.17 coD: -0.71 LPN: 288 LPT: 12 SPD: 7.00 SPDt: 0.00 TLT: -3.80 TLTt: -3.24 COUT: 5.93
 spP: -0.36 spI: -2.72 coP: -0.17 coD: -0.16 LPN: 289 LPT: 9 SPD: 6.00 SPDt: 0.00 TLT: -3.65 TLTt: -3.08 COUT: 5.60
 spP: -0.36 spI: -2.70 coP: -0.15 coD: 0.74 LPN: 290 LPT: 10 SPD: 6.00 SPDt: 0.00 TLT: -3.56 TLTt: -3.06 COUT: 6.19
 spP: -0.36 spI: -2.74 coP: -0.17 coD: -0.78 LPN: 291 LPT: 9 SPD: 6.00 SPDt: 0.00 TLT: -3.68 TLTt: -3.10 COUT: 5.24
 spP: -0.30 spI: -2.74 coP: -0.19 coD: -0.41 LPN: 292 LPT: 10 SPD: 5.00 SPDt: 0.00 TLT: -3.66 TLTt: -3.04 COUT: 4.64
 spP: -0.30 spI: -2.75 coP: -0.14 coD: 1.45 LPN: 293 LPT: 11 SPD: 5.00 SPDt: 0.00 TLT: -3.53 TLTt: -3.05 COUT: 5.95
 spP: -0.36 spI: -2.74 coP: -0.14 coD: 0.02 LPN: 294 LPT: 9 SPD: 6.00 SPDt: 0.00 TLT: -3.57 TLTt: -3.10 COUT: 5.83
 spP: -0.36 spI: -2.81 coP: -0.12 coD: 0.84 LPN: 295 LPT: 11 SPD: 6.00 SPDt: 0.00 TLT: -3.56 TLTt: -3.17 COUT: 6.55
 spP: -0.42 spI: -2.75 coP: -0.08 coD: 1.11 LPN: 296 LPT: 9 SPD: 7.00 SPDt: 0.00 TLT: -3.45 TLTt: -3.17 COUT: 7.58
 spP: -0.48 spI: -2.66 coP: -0.10 coD: -0.61 LPN: 297 LPT: 11 SPD: 8.00 SPDt: 0.00 TLT: -3.48 TLTt: -3.14 COUT: 6.87
 spP: -0.42 spI: -2.81 coP: -0.10 coD: 0.07 LPN: 298 LPT: 9 SPD: 7.00 SPDt: 0.00 TLT: -3.56 TLTt: -3.23 COUT: 6.83
 spP: -0.42 spI: -2.75 coP: -0.11 coD: -0.24 LPN: 299 LPT: 10 SPD: 7.00 SPDt: 0.00 TLT: -3.52 TLTt: -3.17 COUT: 6.49
 spP: -0.36 spI: -2.80 coP: -0.11 coD: -0.05 LPN: 300 LPT: 10 SPD: 6.00 SPDt: 0.00 TLT: -3.51 TLTt: -3.16 COUT: 6.33
 spP: -0.36 spI: -2.81 coP: -0.13 coD: -0.67 LPN: 301 LPT: 10 SPD: 6.00 SPDt: 0.00 TLT: -3.60 TLTt: -3.17 COUT: 5.53
 spP: -0.36 spI: -2.76 coP: -0.13 coD: -0.03 LPN: 302 LPT: 10 SPD: 6.00 SPDt: 0.00 TLT: -3.55 TLTt: -3.12 COUT: 5.38
 spP: -0.30 spI: -2.92 coP: -0.10 coD: 0.98 LPN: 303 LPT: 10 SPD: 5.00 SPDt: 0.00 TLT: -3.55 TLTt: -3.22 COUT: 6.26
 spP: -0.36 spI: -2.73 coP: -0.15 coD: -1.81 LPN: 304 LPT: 10 SPD: 6.00 SPDt: 0.00 TLT: -3.59 TLTt: -3.09 COUT: 4.29
 spP: -0.24 spI: -2.82 coP: -0.14 coD: 0.45 LPN: 305 LPT: 11 SPD: 4.00 SPDt: 0.00 TLT: -3.52 TLTt: -3.06 COUT: 4.61
 spP: -0.30 spI: -2.82 coP: -0.11 coD: 0.84 LPN: 306 LPT: 9 SPD: 5.00 SPDt: 0.00 TLT: -3.49 TLTt: -3.12 COUT: 5.34
 spP: -0.30 spI: -2.78 coP: -0.16 coD: -1.53 LPN: 307 LPT: 10 SPD: 5.00 SPDt: 0.00 TLT: -3.60 TLTt: -3.08 COUT: 3.65
 spP: -0.24 spI: -2.82 coP: -0.16 coD: -0.03 LPN: 308 LPT: 10 SPD: 4.00 SPDt: 0.00 TLT: -3.59 TLTt: -3.06 COUT: 3.46
 spP: -0.18 spI: -2.91 coP: -0.13 coD: 1.05 LPN: 309 LPT: 10 SPD: 3.00 SPDt: 0.00 TLT: -3.51 TLTt: -3.09 COUT: 4.38
 spP: -0.24 spI: -2.75 coP: -0.16 coD: -1.15 LPN: 310 LPT: 10 SPD: 4.00 SPDt: 0.00 TLT: -3.53 TLTt: -2.99 COUT: 3.07
 spP: -0.18 spI: -2.83 coP: -0.16 coD: 0.06 LPN: 311 LPT: 10 SPD: 3.00 SPDt: 0.00 TLT: -3.53 TLTt: -3.01 COUT: 2.97
 spP: -0.18 spI: -2.83 coP: -0.14 coD: 0.62 LPN: 312 LPT: 10 SPD: 3.00 SPDt: 0.00 TLT: -3.47 TLTt: -3.01 COUT: 3.45
 spP: -0.18 spI: -2.83 coP: -0.14 coD: -0.08 LPN: 313 LPT: 9 SPD: 3.00 SPDt: 0.00 TLT: -3.48 TLTt: -3.01 COUT: 3.23
 spP: -0.18 spI: -2.85 coP: -0.13 coD: 0.28 LPN: 314 LPT: 11 SPD: 3.00 SPDt: 0.00 TLT: -3.47 TLTt: -3.03 COUT: 3.37
 spP: -0.18 spI: -2.87 coP: -0.12 coD: 0.38 LPN: 315 LPT: 10 SPD: 3.00 SPDt: 0.00 TLT: -3.46 TLTt: -3.05 COUT: 3.63
 spP: -0.24 spI: -2.83 coP: -0.10 coD: 0.67 LPN: 316 LPT: 10 SPD: 4.00 SPDt: 0.00 TLT: -3.41 TLTt: -3.07 COUT: 4.20
 spP: -0.24 spI: -2.77 coP: -0.13 coD: -0.82 LPN: 317 LPT: 9 SPD: 4.00 SPDt: 0.00 TLT: -3.43 TLTt: -3.01 COUT: 3.25
 spP: -0.18 spI: -2.84 coP: -0.12 coD: 0.24 LPN: 318 LPT: 11 SPD: 3.00 SPDt: 0.00 TLT: -3.42 TLTt: -3.02 COUT: 3.37
 spP: -0.18 spI: -2.83 coP: -0.11 coD: 0.20 LPN: 319 LPT: 10 SPD: 3.00 SPDt: 0.00 TLT: -3.39 TLTt: -3.01 COUT: 3.46
 spP: -0.18 spI: -2.85 coP: -0.11 coD: 0.24 LPN: 320 LPT: 10 SPD: 3.00 SPDt: 0.00 TLT: -3.38 TLTt: -3.03 COUT: 3.59
 spP: -0.24 spI: -2.85 coP: -0.09 coD: 0.67 LPN: 321 LPT: 9 SPD: 4.00 SPDt: 0.00 TLT: -3.37 TLTt: -3.09 COUT: 4.18
 spP: -0.24 spI: -2.76 coP: -0.11 coD: -0.77 LPN: 322 LPT: 9 SPD: 4.00 SPDt: 0.00 TLT: -3.36 TLTt: -3.00 COUT: 3.30
 spP: -0.18 spI: -2.98 coP: -0.07 coD: 1.26 LPN: 323 LPT: 12 SPD: 3.00 SPDt: 0.00 TLT: -3.39 TLTt: -3.16 COUT: 4.49
 spP: -0.24 spI: -2.84 coP: -0.10 coD: -1.18 LPN: 324 LPT: 10 SPD: 4.00 SPDt: 0.00 TLT: -3.43 TLTt: -3.08 COUT: 3.21
 spP: -0.18 spI: -2.82 coP: -0.10 coD: 0.09 LPN: 325 LPT: 9 SPD: 3.00 SPDt: 0.00 TLT: -3.34 TLTt: -3.00 COUT: 3.20
 spP: -0.18 spI: -2.83 coP: -0.11 coD: -0.36 LPN: 326 LPT: 10 SPD: 3.00 SPDt: 0.00 TLT: -3.38 TLTt: -3.01 COUT: 2.73
 spP: -0.18 spI: -2.88 coP: -0.10 coD: 0.46 LPN: 327 LPT: 10 SPD: 3.00 SPDt: 0.00 TLT: -3.38 TLTt: -3.06 COUT: 3.09
 spP: -0.18 spI: -2.86 coP: -0.11 coD: -0.54 LPN: 328 LPT: 10 SPD: 3.00 SPDt: 0.00 TLT: -3.42 TLTt: -3.04 COUT: 2.43
 spP: -0.12 spI: -2.89 coP: -0.12 coD: -0.30 LPN: 329 LPT: 10 SPD: 2.00 SPDt: 0.00 TLT: -3.42 TLTt: -3.01 COUT: 2.01
