 spP: 0.00 spI: 0.00 coP: 28.95 coD: 0.04 LPN: 1116 LPT: 12 SPD: 0.00 SPDt: 0.00 TLT: 57.89 TLTt: 0.00 COUT: 28.99
 spP: -1.74 spI: -0.03 coP: 27.85 coD: -22.60 LPN: 1117 LPT: 16 SPD: 29.00 SPDt: 0.00 TLT: 53.92 TLTt: -1.77 COUT: 34.24
 spP: -2.04 spI: -0.07 coP: 25.26 coD: -51.11 LPN: 1118 LPT: 15 SPD: 34.00 SPDt: 0.00 TLT: 48.41 TLTt: -2.11 COUT: 8.39
 spP: -0.48 spI: -0.08 coP: 22.30 coD: -62.24 LPN: 1119 LPT: 13 SPD: 8.00 SPDt: 0.00 TLT: 44.04 TLTt: -0.56 COUT: -31.55
 spP: 1.92 spI: -0.04 coP: 19.63 coD: -56.16 LPN: 1120 LPT: 15 SPD: -32.00 SPDt: 0.00 TLT: 41.14 TLTt: 1.88 COUT: -68.08
 spP: 4.08 spI: -0.01 coP: 17.04 coD: -53.69 LPN: 1121 LPT: 15 SPD: -68.00 SPDt: 0.00 TLT: 38.14 TLTt: 4.07 COUT: -104.73
 spP: 6.30 spI: 0.03 coP: 15.17 coD: -40.83 LPN: 1122 LPT: 13 SPD: -105.00 SPDt: 0.00 TLT: 36.67 TLTt: 6.33 COUT: -130.38
 spP: 7.80 spI: 0.07 coP: 13.97 coD: -23.38 LPN: 1123 LPT: 16 SPD: -130.00 SPDt: 0.00 TLT: 35.81 TLTt: 7.87 COUT: -139.79
 spP: 8.40 spI: 0.10 coP: 13.30 coD: -12.80 LPN: 1124 LPT: 15 SPD: -140.00 SPDt: 0.00 TLT: 35.11 TLTt: 8.50 COUT: -139.28
 spP: 8.34 spI: 0.13 coP: 13.48 coD: 3.64 LPN: 1125 LPT: 16 SPD: -139.00 SPDt: 0.00 TLT: 35.44 TLTt: 8.47 COUT: -122.16
 spP: 7.32 spI: 0.17 coP: 13.85 coD: 7.50 LPN: 1126 LPT: 14 SPD: -122.00 SPDt: 0.00 TLT: 35.19 TLTt: 7.49 COUT: -100.82
 spP: 6.06 spI: 0.20 coP: 14.59 coD: 15.23 LPN: 1127 LPT: 14 SPD: -101.00 SPDt: 0.00 TLT: 35.45 TLTt: 6.26 COUT: -71.00
 spP: 4.26 spI: 0.24 coP: 15.27 coD: 13.98 LPN: 1128 LPT: 16 SPD: -71.00 SPDt: 0.00 TLT: 35.04 TLTt: 4.50 COUT: -41.75
 spP: 2.52 spI: 0.27 coP: 15.79 coD: 10.75 LPN: 1129 LPT: 14 SPD: -42.00 SPDt: 0.00 TLT: 34.36 TLTt: 2.79 COUT: -15.21
 spP: 0.90 spI: 0.28 coP: 16.33 coD: 11.41 LPN: 1130 LPT: 14 SPD: -15.00 SPDt: 0.00 TLT: 33.84 TLTt: 1.18 COUT: 12.53
 spP: -0.78 spI: 0.26 coP: 16.55 coD: 4.68 LPN: 1131 LPT: 14 SPD: 13.00 SPDt: 0.00 TLT: 32.58 TLTt: -0.52 COUT: 33.76
 spP: -2.04 spI: 0.23 coP: 16.75 coD: 4.20 LPN: 1132 LPT: 14 SPD: 34.00 SPDt: 0.00 TLT: 31.69 TLTt: -1.81 COUT: 54.71
 spP: -3.30 spI: 0.20 coP: 16.75 coD: 0.01 LPN: 1133 LPT: 14 SPD: 55.00 SPDt: 0.00 TLT: 30.40 TLTt: -3.10 COUT: 71.47
 spP: -4.26 spI: 0.17 coP: 16.44 coD: -6.38 LPN: 1134 LPT: 15 SPD: 71.00 SPDt: 0.00 TLT: 28.80 TLTt: -4.09 COUT: 81.53
 spP: -4.92 spI: 0.13 coP: 16.01 coD: -9.10 LPN: 1135 LPT: 14 SPD: 82.00 SPDt: 0.00 TLT: 27.23 TLTt: -4.79 COUT: 88.44
 spP: -5.28 spI: 0.10 coP: 15.56 coD: -9.35 LPN: 1136 LPT: 14 SPD: 88.00 SPDt: 0.00 TLT: 25.94 TLTt: -5.18 COUT: 94.65
 spP: -5.70 spI: 0.06 coP: 15.05 coD: -10.62 LPN: 1137 LPT: 15 SPD: 95.00 SPDt: 0.00 TLT: 24.46 TLTt: -5.64 COUT: 99.08
 spP: -5.94 spI: 0.03 coP: 14.60 coD: -9.26 LPN: 1138 LPT: 15 SPD: 99.00 SPDt: 0.00 TLT: 23.29 TLTt: -5.91 COUT: 104.42
 spP: -6.24 spI: -0.01 coP: 14.08 coD: -11.07 LPN: 1139 LPT: 13 SPD: 104.00 SPDt: 0.00 TLT: 21.90 TLTt: -6.25 COUT: 107.43
 spP: -6.42 spI: -0.04 coP: 13.66 coD: -8.46 LPN: 1140 LPT: 16 SPD: 107.00 SPDt: 0.00 TLT: 20.86 TLTt: -6.46 COUT: 112.63
 spP: -6.78 spI: -0.08 coP: 13.29 coD: -7.51 LPN: 1141 LPT: 14 SPD: 113.00 SPDt: 0.00 TLT: 19.73 TLTt: -6.86 COUT: 118.41
 spP: -7.08 spI: -0.11 coP: 12.82 coD: -9.72 LPN: 1142 LPT: 15 SPD: 118.00 SPDt: 0.00 TLT: 18.45 TLTt: -7.19 COUT: 121.51
 spP: -7.32 spI: -0.14 coP: 12.47 coD: -7.28 LPN: 1143 LPT: 14 SPD: 122.00 SPDt: 0.00 TLT: 17.48 TLTt: -7.46 COUT: 126.70
 spP: -7.62 spI: -0.18 coP: 12.08 coD: -7.91 LPN: 1144 LPT: 15 SPD: 127.00 SPDt: 0.00 TLT: 16.36 TLTt: -7.80 COUT: 130.88
 spP: -7.86 spI: -0.22 coP: 11.81 coD: -5.56 LPN: 1145 LPT: 14 SPD: 131.00 SPDt: 0.00 TLT: 15.54 TLTt: -8.08 COUT: 137.12
 spP: -8.22 spI: -0.25 coP: 11.53 coD: -5.62 LPN: 1146 LPT: 16 SPD: 137.00 SPDt: 0.00 TLT: 14.59 TLTt: -8.47 COUT: 143.04
 spP: -8.58 spI: -0.28 coP: 11.28 coD: -5.37 LPN: 1147 LPT: 14 SPD: 143.00 SPDt: 0.00 TLT: 13.69 TLTt: -8.86 COUT: 148.94
 spP: -8.94 spI: -0.33 coP: 11.04 coD: -4.70 LPN: 1148 LPT: 14 SPD: 149.00 SPDt: 0.00 TLT: 12.81 TLTt: -9.27 COUT: 155.28
 spP: -9.30 spI: -0.36 coP: 10.64 coD: -8.13 LPN: 1149 LPT: 16 SPD: 155.00 SPDt: 0.00 TLT: 11.62 TLTt: -9.66 COUT: 157.79
 spP: -9.48 spI: -0.40 coP: 10.28 coD: -7.23 LPN: 1150 LPT: 14 SPD: 158.00 SPDt: 0.00 TLT: 10.69 TLTt: -9.88 COUT: 160.84
 spP: -9.66 spI: -0.43 coP: 9.88 coD: -8.18 LPN: 1151 LPT: 14 SPD: 161.00 SPDt: 0.00 TLT: 9.68 TLTt: -10.09 COUT: 162.54
 spP: -9.78 spI: -0.47 coP: 9.41 coD: -9.43 LPN: 1152 LPT: 16 SPD: 163.00 SPDt: 0.00 TLT: 8.58 TLTt: -10.25 COUT: 162.53
 spP: -9.78 spI: -0.50 coP: 9.02 coD: -8.18 LPN: 1153 LPT: 14 SPD: 163.00 SPDt: 0.00 TLT: 7.75 TLTt: -10.28 COUT: 163.36
 spP: -9.78 spI: -0.53 coP: 8.54 coD: -9.68 LPN: 1154 LPT: 15 SPD: 163.00 SPDt: 0.00 TLT: 6.77 TLTt: -10.31 COUT: 162.23
 spP: -9.72 spI: -0.57 coP: 8.13 coD: -8.45 LPN: 1155 LPT: 15 SPD: 162.00 SPDt: 0.00 TLT: 5.97 TLTt: -10.29 COUT: 161.91
 spP: -9.72 spI: -0.61 coP: 7.73 coD: -8.10 LPN: 1156 LPT: 14 SPD: 162.00 SPDt: 0.00 TLT: 5.13 TLTt: -10.33 COUT: 161.54
 spP: -9.72 spI: -0.64 coP: 7.42 coD: -6.24 LPN: 1157 LPT: 15 SPD: 162.00 SPDt: 0.00 TLT: 4.49 TLTt: -10.36 COUT: 162.72
 spP: -9.78 spI: -0.68 coP: 7.05 coD: -7.53 LPN: 1158 LPT: 15 SPD: 163.00 SPDt: 0.00 TLT: 3.65 TLTt: -10.46 COUT: 162.25
 spP: -9.72 spI: -0.71 coP: 6.69 coD: -7.51 LPN: 1159 LPT: 14 SPD: 162.00 SPDt: 0.00 TLT: 2.94 TLTt: -10.43 COUT: 161.42
 spP: -9.66 spI: -0.76 coP: 6.40 coD: -5.81 LPN: 1160 LPT: 16 SPD: 161.00 SPDt: 0.00 TLT: 2.38 TLTt: -10.42 COUT: 162.01
 spP: -9.72 spI: -0.79 coP: 6.06 coD: -6.94 LPN: 1161 LPT: 15 SPD: 162.00 SPDt: 0.00 TLT: 1.61 TLTt: -10.51 COUT: 161.13
 spP: -9.66 spI: -0.82 coP: 5.76 coD: -5.95 LPN: 1162 LPT: 14 SPD: 161.00 SPDt: 0.00 TLT: 1.05 TLTt: -10.48 COUT: 160.94
 spP: -9.66 spI: -0.84 coP: 5.46 coD: -6.27 LPN: 1163 LPT: 15 SPD: 161.00 SPDt: 0.00 TLT: 0.42 TLTt: -10.50 COUT: 160.13
 spP: -9.60 spI: -0.90 coP: 5.16 coD: -6.07 LPN: 1164 LPT: 15 SPD: 160.00 SPDt: 0.00 TLT: -0.18 TLTt: -10.50 COUT: 159.22
 spP: -9.54 spI: -0.93 coP: 4.84 coD: -6.38 LPN: 1165 LPT: 14 SPD: 159.00 SPDt: 0.00 TLT: -0.79 TLTt: -10.47 COUT: 157.68
 spP: -9.48 spI: -0.96 coP: 4.58 coD: -5.32 LPN: 1166 LPT: 16 SPD: 158.00 SPDt: 0.00 TLT: -1.28 TLTt: -10.44 COUT: 156.94
 spP: -9.42 spI: -0.98 coP: 4.18 coD: -8.28 LPN: 1167 LPT: 14 SPD: 157.00 SPDt: 0.00 TLT: -2.05 TLTt: -10.40 COUT: 152.84
 spP: -9.18 spI: -1.06 coP: 3.87 coD: -6.01 LPN: 1168 LPT: 15 SPD: 153.00 SPDt: 0.00 TLT: -2.49 TLTt: -10.24 COUT: 150.70
 spP: -9.06 spI: -1.06 coP: 3.54 coD: -6.76 LPN: 1169 LPT: 15 SPD: 151.00 SPDt: 0.00 TLT: -3.03 TLTt: -10.12 COUT: 147.49
 spP: -8.82 spI: -1.09 coP: 3.24 coD: -6.25 LPN: 1170 LPT: 14 SPD: 147.00 SPDt: 0.00 TLT: -3.43 TLTt: -9.91 COUT: 144.47
 spP: -8.64 spI: -1.13 coP: 3.00 coD: -4.85 LPN: 1171 LPT: 15 SPD: 144.00 SPDt: 0.00 TLT: -3.76 TLTt: -9.77 COUT: 142.63
 spP: -8.58 spI: -1.10 coP: 2.73 coD: -5.90 LPN: 1172 LPT: 14 SPD: 143.00 SPDt: 0.00 TLT: -4.22 TLTt: -9.68 COUT: 139.46
 spP: -8.34 spI: -1.23 coP: 2.49 coD: -4.91 LPN: 1173 LPT: 15 SPD: 139.00 SPDt: 0.00 TLT: -4.60 TLTt: -9.57 COUT: 137.04
 spP: -8.22 spI: -1.24 coP: 2.28 coD: -4.18 LPN: 1174 LPT: 14 SPD: 137.00 SPDt: 0.00 TLT: -4.89 TLTt: -9.46 COUT: 135.14
 spP: -8.10 spI: -1.27 coP: 2.03 coD: -5.21 LPN: 1175 LPT: 15 SPD: 135.00 SPDt: 0.00 TLT: -5.31 TLTt: -9.37 COUT: 131.97
 spP: -7.92 spI: -1.31 coP: 1.79 coD: -4.94 LPN: 1176 LPT: 15 SPD: 132.00 SPDt: 0.00 TLT: -5.65 TLTt: -9.23 COUT: 128.81
 spP: -7.74 spI: -1.26 coP: 1.49 coD: -6.49 LPN: 1177 LPT: 13 SPD: 129.00 SPDt: 0.00 TLT: -6.03 TLTt: -9.00 COUT: 123.81
 spP: -7.44 spI: -1.41 coP: 1.24 coD: -4.89 LPN: 1178 LPT: 16 SPD: 124.00 SPDt: 0.00 TLT: -6.36 TLTt: -8.85 COUT: 120.17
 spP: -7.20 spI: -1.41 coP: 0.99 coD: -5.23 LPN: 1179 LPT: 14 SPD: 120.00 SPDt: 0.00 TLT: -6.63 TLTt: -8.61 COUT: 115.93
 spP: -6.96 spI: -1.44 coP: 0.72 coD: -5.51 LPN: 1180 LPT: 14 SPD: 116.00 SPDt: 0.00 TLT: -6.96 TLTt: -8.40 COUT: 111.15
 spP: -6.66 spI: -1.48 coP: 0.45 coD: -5.51 LPN: 1181 LPT: 16 SPD: 111.00 SPDt: 0.00 TLT: -7.24 TLTt: -8.14 COUT: 106.09
 spP: -6.36 spI: -1.42 coP: 0.17 coD: -6.24 LPN: 1182 LPT: 13 SPD: 106.00 SPDt: 0.00 TLT: -7.44 TLTt: -7.78 COUT: 100.01
 spP: -6.00 spI: -1.59 coP: -0.02 coD: -3.82 LPN: 1183 LPT: 15 SPD: 100.00 SPDt: 0.00 TLT: -7.63 TLTt: -7.59 COUT: 96.16
 spP: -5.76 spI: -1.57 coP: -0.17 coD: -3.08 LPN: 1184 LPT: 15 SPD: 96.00 SPDt: 0.00 TLT: -7.67 TLTt: -7.33 COUT: 92.91
 spP: -5.58 spI: -1.60 coP: -0.37 coD: -4.16 LPN: 1185 LPT: 14 SPD: 93.00 SPDt: 0.00 TLT: -7.92 TLTt: -7.18 COUT: 88.38
 spP: -5.28 spI: -1.62 coP: -0.59 coD: -4.61 LPN: 1186 LPT: 14 SPD: 88.00 SPDt: 0.00 TLT: -8.09 TLTt: -6.90 COUT: 83.18
 spP: -4.98 spI: -1.58 coP: -0.81 coD: -4.69 LPN: 1187 LPT: 14 SPD: 83.00 SPDt: 0.00 TLT: -8.18 TLTt: -6.56 COUT: 77.68
 spP: -4.68 spI: -1.74 coP: -0.93 coD: -2.61 LPN: 1188 LPT: 15 SPD: 78.00 SPDt: 0.00 TLT: -8.29 TLTt: -6.42 COUT: 74.13
 spP: -4.44 spI: -1.73 coP: -1.05 coD: -2.44 LPN: 1189 LPT: 14 SPD: 74.00 SPDt: 0.00 TLT: -8.27 TLTt: -6.17 COUT: 70.64
 spP: -4.26 spI: -1.75 coP: -1.23 coD: -3.77 LPN: 1190 LPT: 15 SPD: 71.00 SPDt: 0.00 TLT: -8.48 TLTt: -6.01 COUT: 65.64
 spP: -3.96 spI: -1.80 coP: -1.32 coD: -1.87 LPN: 1191 LPT: 14 SPD: 66.00 SPDt: 0.00 TLT: -8.40 TLTt: -5.76 COUT: 62.45
 spP: -3.72 spI: -1.73 coP: -1.51 coD: -4.16 LPN: 1192 LPT: 13 SPD: 62.00 SPDt: 0.00 TLT: -8.47 TLTt: -5.45 COUT: 56.78
 spP: -3.42 spI: -1.91 coP: -1.52 coD: -0.30 LPN: 1193 LPT: 15 SPD: 57.00 SPDt: 0.00 TLT: -8.38 TLTt: -5.33 COUT: 54.95
 spP: -3.30 spI: -1.90 coP: -1.64 coD: -2.46 LPN: 1194 LPT: 14 SPD: 55.00 SPDt: 0.00 TLT: -8.48 TLTt: -5.20 COUT: 50.86
 spP: -3.06 spI: -1.92 coP: -1.67 coD: -0.71 LPN: 1195 LPT: 14 SPD: 51.00 SPDt: 0.00 TLT: -8.33 TLTt: -4.98 COUT: 48.47
 spP: -2.88 spI: -1.95 coP: -1.62 coD: 1.12 LPN: 1196 LPT: 15 SPD: 48.00 SPDt: 0.00 TLT: -8.08 TLTt: -4.83 COUT: 47.97
 spP: -2.88 spI: -1.89 coP: -1.81 coD: -4.22 LPN: 1197 LPT: 13 SPD: 48.00 SPDt: 0.00 TLT: -8.40 TLTt: -4.77 COUT: 41.93
 spP: -2.52 spI: -2.08 coP: -1.74 coD: 1.55 LPN: 1198 LPT: 14 SPD: 42.00 SPDt: 0.00 TLT: -8.07 TLTt: -4.60 COUT: 41.75
 spP: -2.52 spI: -2.04 coP: -1.87 coD: -2.93 LPN: 1199 LPT: 15 SPD: 42.00 SPDt: 0.00 TLT: -8.30 TLTt: -4.56 COUT: 36.94
 spP: -2.22 spI: -2.09 coP: -2.04 coD: -3.51 LPN: 1200 LPT: 14 SPD: 37.00 SPDt: 0.00 TLT: -8.40 TLTt: -4.31 COUT: 31.39
 spP: -1.86 spI: -2.13 coP: -2.07 coD: -0.67 LPN: 1201 LPT: 14 SPD: 31.00 SPDt: 0.00 TLT: -8.14 TLTt: -3.99 COUT: 28.65
 spP: -1.74 spI: -2.05 coP: -2.24 coD: -3.81 LPN: 1202 LPT: 14 SPD: 29.00 SPDt: 0.00 TLT: -8.28 TLTt: -3.79 COUT: 22.60
 spP: -1.38 spI: -2.20 coP: -2.31 coD: -1.41 LPN: 1203 LPT: 14 SPD: 23.00 SPDt: 0.00 TLT: -8.21 TLTt: -3.58 COUT: 18.87
 spP: -1.14 spI: -2.21 coP: -2.37 coD: -1.23 LPN: 1204 LPT: 14 SPD: 19.00 SPDt: 0.00 TLT: -8.09 TLTt: -3.35 COUT: 15.27
 spP: -0.90 spI: -2.22 coP: -2.64 coD: -5.67 LPN: 1205 LPT: 15 SPD: 15.00 SPDt: 0.00 TLT: -8.40 TLTt: -3.12 COUT: 6.96
 spP: -0.42 spI: -2.20 coP: -2.71 coD: -1.45 LPN: 1206 LPT: 14 SPD: 7.00 SPDt: 0.00 TLT: -8.04 TLTt: -2.62 COUT: 2.80
 spP: -0.18 spI: -2.27 coP: -2.77 coD: -1.28 LPN: 1207 LPT: 14 SPD: 3.00 SPDt: 0.00 TLT: -7.99 TLTt: -2.45 COUT: -1.25
 spP: 0.06 spI: -2.21 coP: -2.79 coD: -0.51 LPN: 1208 LPT: 15 SPD: -1.00 SPDt: 0.00 TLT: -7.74 TLTt: -2.15 COUT: -4.55
 spP: 0.30 spI: -2.20 coP: -2.79 coD: 0.04 LPN: 1209 LPT: 14 SPD: -5.00 SPDt: 0.00 TLT: -7.48 TLTt: -1.90 COUT: -7.30
 spP: 0.42 spI: -2.18 coP: -2.84 coD: -1.13 LPN: 1210 LPT: 13 SPD: -7.00 SPDt: 0.00 TLT: -7.45 TLTt: -1.76 COUT: -11.27
 spP: 0.66 spI: -2.10 coP: -2.85 coD: -0.12 LPN: 1211 LPT: 14 SPD: -11.00 SPDt: 0.00 TLT: -7.14 TLTt: -1.44 COUT: -14.24
 spP: 0.84 spI: -2.21 coP: -2.85 coD: 0.02 LPN: 1212 LPT: 15 SPD: -14.00 SPDt: 0.00 TLT: -7.07 TLTt: -1.37 COUT: -17.07
 spP: 1.02 spI: -2.17 coP: -2.78 coD: 1.49 LPN: 1213 LPT: 13 SPD: -17.00 SPDt: 0.00 TLT: -6.71 TLTt: -1.15 COUT: -18.35
 spP: 1.08 spI: -2.14 coP: -2.68 coD: 2.02 LPN: 1214 LPT: 15 SPD: -18.00 SPDt: 0.00 TLT: -6.42 TLTt: -1.06 COUT: -19.01
 spP: 1.14 spI: -2.13 coP: -2.68 coD: 0.02 LPN: 1215 LPT: 14 SPD: -19.00 SPDt: 0.00 TLT: -6.35 TLTt: -0.99 COUT: -21.67
 spP: 1.32 spI: -2.14 coP: -2.62 coD: 1.23 LPN: 1216 LPT: 14 SPD: -22.00 SPDt: 0.00 TLT: -6.06 TLTt: -0.82 COUT: -23.07
 spP: 1.38 spI: -2.07 coP: -2.65 coD: -0.49 LPN: 1217 LPT: 15 SPD: -23.00 SPDt: 0.00 TLT: -5.98 TLTt: -0.69 COUT: -26.20
 spP: 1.56 spI: -2.06 coP: -2.64 coD: 0.12 LPN: 1218 LPT: 14 SPD: -26.00 SPDt: 0.00 TLT: -5.78 TLTt: -0.50 COUT: -28.72
 spP: 1.74 spI: -2.03 coP: -2.67 coD: -0.54 LPN: 1219 LPT: 14 SPD: -29.00 SPDt: 0.00 TLT: -5.62 TLTt: -0.29 COUT: -31.93
 spP: 1.92 spI: -2.01 coP: -2.57 coD: 1.92 LPN: 1220 LPT: 15 SPD: -32.00 SPDt: 0.00 TLT: -5.24 TLTt: -0.09 COUT: -32.59
 spP: 1.98 spI: -1.94 coP: -2.56 coD: 0.19 LPN: 1221 LPT: 14 SPD: -33.00 SPDt: 0.00 TLT: -5.09 TLTt: 0.04 COUT: -34.96
 spP: 2.10 spI: -1.92 coP: -2.50 coD: 1.41 LPN: 1222 LPT: 14 SPD: -35.00 SPDt: 0.00 TLT: -4.81 TLTt: 0.18 COUT: -36.05
 spP: 2.16 spI: -1.89 coP: -2.35 coD: 3.16 LPN: 1223 LPT: 15 SPD: -36.00 SPDt: 0.00 TLT: -4.42 TLTt: 0.27 COUT: -35.23
 spP: 2.10 spI: -1.88 coP: -2.29 coD: 1.10 LPN: 1224 LPT: 14 SPD: -35.00 SPDt: 0.00 TLT: -4.36 TLTt: 0.22 COUT: -36.42
 spP: 2.16 spI: -1.81 coP: -2.19 coD: 2.20 LPN: 1225 LPT: 14 SPD: -36.00 SPDt: 0.00 TLT: -4.02 TLTt: 0.35 COUT: -36.41
 spP: 2.16 spI: -1.76 coP: -2.17 coD: 0.32 LPN: 1226 LPT: 15 SPD: -36.00 SPDt: 0.00 TLT: -3.95 TLTt: 0.40 COUT: -38.27
 spP: 2.28 spI: -1.74 coP: -2.13 coD: 0.88 LPN: 1227 LPT: 14 SPD: -38.00 SPDt: 0.00 TLT: -3.73 TLTt: 0.54 COUT: -39.52
 spP: 2.40 spI: -1.74 coP: -2.08 coD: 0.99 LPN: 1228 LPT: 14 SPD: -40.00 SPDt: 0.00 TLT: -3.51 TLTt: 0.66 COUT: -40.62
 spP: 2.46 spI: -1.67 coP: -2.04 coD: 0.96 LPN: 1229 LPT: 15 SPD: -41.00 SPDt: 0.00 TLT: -3.29 TLTt: 0.79 COUT: -41.70
 spP: 2.52 spI: -1.63 coP: -1.98 coD: 1.21 LPN: 1230 LPT: 14 SPD: -42.00 SPDt: 0.00 TLT: -3.08 TLTt: 0.89 COUT: -42.48
 spP: 2.52 spI: -1.60 coP: -1.89 coD: 1.92 LPN: 1231 LPT: 13 SPD: -42.00 SPDt: 0.00 TLT: -2.86 TLTt: 0.92 COUT: -42.45
 spP: 2.52 spI: -1.59 coP: -1.71 coD: 3.69 LPN: 1232 LPT: 16 SPD: -42.00 SPDt: 0.00 TLT: -2.50 TLTt: 0.93 COUT: -40.48
 spP: 2.40 spI: -1.53 coP: -1.65 coD: 1.30 LPN: 1233 LPT: 13 SPD: -40.00 SPDt: 0.00 TLT: -2.44 TLTt: 0.87 COUT: -40.83
 spP: 2.46 spI: -1.51 coP: -1.63 coD: 0.56 LPN: 1234 LPT: 14 SPD: -41.00 SPDt: 0.00 TLT: -2.30 TLTt: 0.95 COUT: -41.89
 spP: 2.52 spI: -1.47 coP: -1.50 coD: 2.56 LPN: 1235 LPT: 15 SPD: -42.00 SPDt: 0.00 TLT: -1.96 TLTt: 1.05 COUT: -40.83
 spP: 2.46 spI: -1.46 coP: -1.46 coD: 0.98 LPN: 1236 LPT: 14 SPD: -41.00 SPDt: 0.00 TLT: -1.92 TLTt: 1.00 COUT: -41.31
 spP: 2.46 spI: -1.40 coP: -1.45 coD: 0.13 LPN: 1237 LPT: 14 SPD: -41.00 SPDt: 0.00 TLT: -1.84 TLTt: 1.06 COUT: -42.63
 spP: 2.58 spI: -1.38 coP: -1.42 coD: 0.53 LPN: 1238 LPT: 15 SPD: -43.00 SPDt: 0.00 TLT: -1.65 TLTt: 1.20 COUT: -43.52
 spP: 2.64 spI: -1.34 coP: -1.36 coD: 1.38 LPN: 1239 LPT: 14 SPD: -44.00 SPDt: 0.00 TLT: -1.42 TLTt: 1.30 COUT: -43.50
 spP: 2.58 spI: -1.32 coP: -1.26 coD: 1.97 LPN: 1240 LPT: 15 SPD: -43.00 SPDt: 0.00 TLT: -1.27 TLTt: 1.26 COUT: -42.80
 spP: 2.58 spI: -1.26 coP: -1.21 coD: 1.13 LPN: 1241 LPT: 14 SPD: -43.00 SPDt: 0.00 TLT: -1.10 TLTt: 1.32 COUT: -42.88
 spP: 2.58 spI: -1.22 coP: -1.06 coD: 3.25 LPN: 1242 LPT: 14 SPD: -43.00 SPDt: 0.00 TLT: -0.75 TLTt: 1.36 COUT: -40.68
 spP: 2.46 spI: -1.20 coP: -0.98 coD: 1.55 LPN: 1243 LPT: 14 SPD: -41.00 SPDt: 0.00 TLT: -0.71 TLTt: 1.26 COUT: -40.11
 spP: 2.40 spI: -1.18 coP: -0.90 coD: 1.64 LPN: 1244 LPT: 15 SPD: -40.00 SPDt: 0.00 TLT: -0.59 TLTt: 1.22 COUT: -39.38
 spP: 2.34 spI: -1.12 coP: -0.77 coD: 2.75 LPN: 1245 LPT: 14 SPD: -39.00 SPDt: 0.00 TLT: -0.33 TLTt: 1.22 COUT: -37.40
 spP: 2.22 spI: -1.10 coP: -0.75 coD: 0.55 LPN: 1246 LPT: 14 SPD: -37.00 SPDt: 0.00 TLT: -0.37 TLTt: 1.12 COUT: -37.59
 spP: 2.28 spI: -1.06 coP: -0.78 coD: -0.68 LPN: 1247 LPT: 15 SPD: -38.00 SPDt: 0.00 TLT: -0.34 TLTt: 1.22 COUT: -39.05
 spP: 2.34 spI: -1.05 coP: -0.82 coD: -0.94 LPN: 1248 LPT: 14 SPD: -39.00 SPDt: 0.00 TLT: -0.35 TLTt: 1.29 COUT: -40.81
 spP: 2.46 spI: -1.00 coP: -0.70 coD: 2.63 LPN: 1249 LPT: 14 SPD: -41.00 SPDt: 0.00 TLT: 0.07 TLTt: 1.46 COUT: -38.88
 spP: 2.34 spI: -0.96 coP: -0.70 coD: -0.08 LPN: 1250 LPT: 15 SPD: -39.00 SPDt: 0.00 TLT: -0.02 TLTt: 1.38 COUT: -39.66
 spP: 2.40 spI: -0.92 coP: -0.64 coD: 1.33 LPN: 1251 LPT: 14 SPD: -40.00 SPDt: 0.00 TLT: 0.20 TLTt: 1.48 COUT: -38.97
 spP: 2.34 spI: -0.90 coP: -0.52 coD: 2.41 LPN: 1252 LPT: 14 SPD: -39.00 SPDt: 0.00 TLT: 0.39 TLTt: 1.44 COUT: -37.08
 spP: 2.22 spI: -0.85 coP: -0.44 coD: 1.73 LPN: 1253 LPT: 15 SPD: -37.00 SPDt: 0.00 TLT: 0.49 TLTt: 1.37 COUT: -35.79
 spP: 2.16 spI: -0.82 coP: -0.36 coD: 1.60 LPN: 1254 LPT: 14 SPD: -36.00 SPDt: 0.00 TLT: 0.61 TLTt: 1.34 COUT: -34.55
 spP: 2.10 spI: -0.78 coP: -0.34 coD: 0.50 LPN: 1255 LPT: 14 SPD: -35.00 SPDt: 0.00 TLT: 0.63 TLTt: 1.32 COUT: -34.39
 spP: 2.04 spI: -0.76 coP: -0.28 coD: 1.28 LPN: 1256 LPT: 15 SPD: -34.00 SPDt: 0.00 TLT: 0.72 TLTt: 1.28 COUT: -33.39
 spP: 1.98 spI: -0.72 coP: -0.21 coD: 1.40 LPN: 1257 LPT: 14 SPD: -33.00 SPDt: 0.00 TLT: 0.84 TLTt: 1.26 COUT: -32.21
 spP: 1.92 spI: -0.68 coP: -0.19 coD: 0.39 LPN: 1258 LPT: 14 SPD: -32.00 SPDt: 0.00 TLT: 0.85 TLTt: 1.24 COUT: -32.01
 spP: 1.92 spI: -0.64 coP: -0.17 coD: 0.49 LPN: 1259 LPT: 14 SPD: -32.00 SPDt: 0.00 TLT: 0.94 TLTt: 1.28 COUT: -31.70
 spP: 1.92 spI: -0.62 coP: -0.08 coD: 1.97 LPN: 1260 LPT: 15 SPD: -32.00 SPDt: 0.00 TLT: 1.15 TLTt: 1.30 COUT: -29.80
 spP: 1.80 spI: -0.58 coP: 0.12 coD: 4.24 LPN: 1261 LPT: 13 SPD: -30.00 SPDt: 0.00 TLT: 1.47 TLTt: 1.22 COUT: -25.44
 spP: 1.50 spI: -0.55 coP: 0.19 coD: 1.35 LPN: 1262 LPT: 15 SPD: -25.00 SPDt: 0.00 TLT: 1.33 TLTt: 0.95 COUT: -23.90
 spP: 1.44 spI: -0.52 coP: 0.27 coD: 1.66 LPN: 1263 LPT: 14 SPD: -24.00 SPDt: 0.00 TLT: 1.45 TLTt: 0.92 COUT: -21.98
 spP: 1.32 spI: -0.51 coP: 0.25 coD: -0.22 LPN: 1264 LPT: 14 SPD: -22.00 SPDt: 0.00 TLT: 1.32 TLTt: 0.81 COUT: -21.95
 spP: 1.32 spI: -0.47 coP: 0.31 coD: 1.20 LPN: 1265 LPT: 15 SPD: -22.00 SPDt: 0.00 TLT: 1.47 TLTt: 0.85 COUT: -20.44
 spP: 1.20 spI: -0.45 coP: 0.47 coD: 3.30 LPN: 1266 LPT: 14 SPD: -20.00 SPDt: 0.00 TLT: 1.69 TLTt: 0.75 COUT: -16.67
 spP: 1.02 spI: -0.43 coP: 0.41 coD: -1.18 LPN: 1267 LPT: 13 SPD: -17.00 SPDt: 0.00 TLT: 1.42 TLTt: 0.59 COUT: -17.44
 spP: 1.02 spI: -0.42 coP: 0.48 coD: 1.52 LPN: 1268 LPT: 15 SPD: -17.00 SPDt: 0.00 TLT: 1.57 TLTt: 0.60 COUT: -15.43
 spP: 0.90 spI: -0.39 coP: 0.44 coD: -1.02 LPN: 1269 LPT: 14 SPD: -15.00 SPDt: 0.00 TLT: 1.38 TLTt: 0.51 COUT: -16.02
 spP: 0.96 spI: -0.37 coP: 0.29 coD: -3.12 LPN: 1270 LPT: 14 SPD: -16.00 SPDt: 0.00 TLT: 1.16 TLTt: 0.59 COUT: -18.85
 spP: 1.14 spI: -0.35 coP: 0.26 coD: -0.65 LPN: 1271 LPT: 15 SPD: -19.00 SPDt: 0.00 TLT: 1.30 TLTt: 0.79 COUT: -19.25
 spP: 1.14 spI: -0.34 coP: 0.20 coD: -1.15 LPN: 1272 LPT: 14 SPD: -19.00 SPDt: 0.00 TLT: 1.21 TLTt: 0.80 COUT: -20.20
 spP: 1.20 spI: -0.31 coP: 0.28 coD: 1.73 LPN: 1273 LPT: 14 SPD: -20.00 SPDt: 0.00 TLT: 1.46 TLTt: 0.89 COUT: -18.18
 spP: 1.08 spI: -0.29 coP: 0.44 coD: 3.22 LPN: 1274 LPT: 15 SPD: -18.00 SPDt: 0.00 TLT: 1.66 TLTt: 0.79 COUT: -14.52
 spP: 0.90 spI: -0.27 coP: 0.44 coD: 0.15 LPN: 1275 LPT: 13 SPD: -15.00 SPDt: 0.00 TLT: 1.52 TLTt: 0.63 COUT: -13.93
 spP: 0.84 spI: -0.26 coP: 0.58 coD: 2.78 LPN: 1276 LPT: 14 SPD: -14.00 SPDt: 0.00 TLT: 1.73 TLTt: 0.58 COUT: -10.57
 spP: 0.66 spI: -0.24 coP: 0.57 coD: -0.24 LPN: 1277 LPT: 15 SPD: -11.00 SPDt: 0.00 TLT: 1.55 TLTt: 0.42 COUT: -10.24
 spP: 0.60 spI: -0.23 coP: 0.65 coD: 1.76 LPN: 1278 LPT: 14 SPD: -10.00 SPDt: 0.00 TLT: 1.67 TLTt: 0.37 COUT: -7.83
 spP: 0.48 spI: -0.22 coP: 0.66 coD: 0.22 LPN: 1279 LPT: 14 SPD: -8.00 SPDt: 0.00 TLT: 1.58 TLTt: 0.26 COUT: -6.96
 spP: 0.42 spI: -0.21 coP: 0.60 coD: -1.21 LPN: 1280 LPT: 15 SPD: -7.00 SPDt: 0.00 TLT: 1.41 TLTt: 0.21 COUT: -7.56
 spP: 0.48 spI: -0.20 coP: 0.56 coD: -0.88 LPN: 1281 LPT: 13 SPD: -8.00 SPDt: 0.00 TLT: 1.40 TLTt: 0.28 COUT: -7.88
 spP: 0.48 spI: -0.19 coP: 0.46 coD: -2.14 LPN: 1282 LPT: 14 SPD: -8.00 SPDt: 0.00 TLT: 1.21 TLTt: 0.29 COUT: -9.56
 spP: 0.60 spI: -0.18 coP: 0.43 coD: -0.78 LPN: 1283 LPT: 14 SPD: -10.00 SPDt: 0.00 TLT: 1.27 TLTt: 0.42 COUT: -9.91
 spP: 0.60 spI: -0.18 coP: 0.45 coD: 0.56 LPN: 1284 LPT: 14 SPD: -10.00 SPDt: 0.00 TLT: 1.33 TLTt: 0.42 COUT: -8.90
 spP: 0.54 spI: -0.16 coP: 0.42 coD: -0.71 LPN: 1285 LPT: 14 SPD: -9.00 SPDt: 0.00 TLT: 1.22 TLTt: 0.38 COUT: -9.19
 spP: 0.54 spI: -0.15 coP: 0.55 coD: 2.84 LPN: 1286 LPT: 15 SPD: -9.00 SPDt: 0.00 TLT: 1.49 TLTt: 0.39 COUT: -5.79
 spP: 0.36 spI: -0.15 coP: 0.67 coD: 2.59 LPN: 1287 LPT: 13 SPD: -6.00 SPDt: 0.00 TLT: 1.56 TLTt: 0.21 COUT: -2.54
 spP: 0.18 spI: -0.14 coP: 0.73 coD: 1.14 LPN: 1288 LPT: 14 SPD: -3.00 SPDt: 0.00 TLT: 1.49 TLTt: 0.04 COUT: -0.67
 spP: 0.06 spI: -0.14 coP: 0.76 coD: 0.75 LPN: 1289 LPT: 15 SPD: -1.00 SPDt: 0.00 TLT: 1.44 TLTt: -0.08 COUT: 0.84
 spP: -0.06 spI: -0.14 coP: 0.78 coD: 0.50 LPN: 1290 LPT: 13 SPD: 1.00 SPDt: 0.00 TLT: 1.37 TLTt: -0.20 COUT: 2.13
 spP: -0.12 spI: -0.14 coP: 0.87 coD: 1.86 LPN: 1291 LPT: 14 SPD: 2.00 SPDt: 0.00 TLT: 1.48 TLTt: -0.26 COUT: 4.85
 spP: -0.30 spI: -0.15 coP: 0.87 coD: 0.00 LPN: 1292 LPT: 15 SPD: 5.00 SPDt: 0.00 TLT: 1.29 TLTt: -0.45 COUT: 5.73
 spP: -0.36 spI: -0.16 coP: 0.93 coD: 1.25 LPN: 1293 LPT: 14 SPD: 6.00 SPDt: 0.00 TLT: 1.34 TLTt: -0.52 COUT: 7.91
 spP: -0.48 spI: -0.17 coP: 0.86 coD: -1.54 LPN: 1294 LPT: 13 SPD: 8.00 SPDt: 0.00 TLT: 1.07 TLTt: -0.65 COUT: 7.22
 spP: -0.42 spI: -0.17 coP: 0.76 coD: -2.06 LPN: 1295 LPT: 15 SPD: 7.00 SPDt: 0.00 TLT: 0.93 TLTt: -0.59 COUT: 5.93
 spP: -0.36 spI: -0.18 coP: 0.61 coD: -3.12 LPN: 1296 LPT: 14 SPD: 6.00 SPDt: 0.00 TLT: 0.68 TLTt: -0.54 COUT: 3.42
 spP: -0.18 spI: -0.18 coP: 0.50 coD: -2.46 LPN: 1297 LPT: 14 SPD: 3.00 SPDt: 0.00 TLT: 0.63 TLTt: -0.36 COUT: 1.46
 spP: -0.06 spI: -0.18 coP: 0.47 coD: -0.56 LPN: 1298 LPT: 14 SPD: 1.00 SPDt: 0.00 TLT: 0.70 TLTt: -0.24 COUT: 1.37
 spP: -0.06 spI: -0.18 coP: 0.44 coD: -0.63 LPN: 1299 LPT: 14 SPD: 1.00 SPDt: 0.00 TLT: 0.64 TLTt: -0.24 COUT: 1.19
 spP: -0.06 spI: -0.19 coP: 0.44 coD: -0.02 LPN: 1300 LPT: 14 SPD: 1.00 SPDt: 0.00 TLT: 0.63 TLTt: -0.25 COUT: 1.61
 spP: -0.12 spI: -0.19 coP: 0.45 coD: 0.19 LPN: 1301 LPT: 14 SPD: 2.00 SPDt: 0.00 TLT: 0.59 TLTt: -0.31 COUT: 2.24
 spP: -0.12 spI: -0.19 coP: 0.45 coD: 0.00 LPN: 1302 LPT: 14 SPD: 2.00 SPDt: 0.00 TLT: 0.59 TLTt: -0.31 COUT: 2.69
 spP: -0.18 spI: -0.19 coP: 0.47 coD: 0.39 LPN: 1303 LPT: 14 SPD: 3.00 SPDt: 0.00 TLT: 0.56 TLTt: -0.37 COUT: 3.55
 spP: -0.24 spI: -0.20 coP: 0.47 coD: 0.13 LPN: 1304 LPT: 14 SPD: 4.00 SPDt: 0.00 TLT: 0.51 TLTt: -0.44 COUT: 4.16
 spP: -0.24 spI: -0.20 coP: 0.43 coD: -0.91 LPN: 1305 LPT: 14 SPD: 4.00 SPDt: 0.00 TLT: 0.42 TLTt: -0.44 COUT: 3.68
 spP: -0.24 spI: -0.21 coP: 0.41 coD: -0.56 LPN: 1306 LPT: 14 SPD: 4.00 SPDt: 0.00 TLT: 0.37 TLTt: -0.45 COUT: 3.52
 spP: -0.24 spI: -0.21 coP: 0.36 coD: -1.01 LPN: 1307 LPT: 14 SPD: 4.00 SPDt: 0.00 TLT: 0.27 TLTt: -0.45 COUT: 2.87
 spP: -0.18 spI: -0.22 coP: 0.29 coD: -1.49 LPN: 1308 LPT: 14 SPD: 3.00 SPDt: 0.00 TLT: 0.17 TLTt: -0.40 COUT: 1.66
 spP: -0.12 spI: -0.22 coP: 0.28 coD: -0.24 LPN: 1309 LPT: 14 SPD: 2.00 SPDt: 0.00 TLT: 0.21 TLTt: -0.34 COUT: 1.70
 spP: -0.12 spI: -0.22 coP: 0.23 coD: -1.03 LPN: 1310 LPT: 15 SPD: 2.00 SPDt: 0.00 TLT: 0.12 TLTt: -0.34 COUT: 0.89
 spP: -0.06 spI: -0.22 coP: 0.22 coD: -0.14 LPN: 1311 LPT: 13 SPD: 1.00 SPDt: 0.00 TLT: 0.16 TLTt: -0.28 COUT: 0.98
 spP: -0.06 spI: -0.23 coP: 0.17 coD: -1.05 LPN: 1312 LPT: 14 SPD: 1.00 SPDt: 0.00 TLT: 0.06 TLTt: -0.29 COUT: 0.10
 spP: 0.00 spI: -0.22 coP: 0.18 coD: 0.24 LPN: 1313 LPT: 15 SPD: 0.00 SPDt: 0.00 TLT: 0.15 TLTt: -0.22 COUT: 0.52
 spP: -0.06 spI: -0.22 coP: 0.17 coD: -0.35 LPN: 1314 LPT: 13 SPD: 1.00 SPDt: 0.00 TLT: 0.05 TLTt: -0.28 COUT: 0.34
 spP: 0.00 spI: -0.22 coP: 0.17 coD: 0.07 LPN: 1315 LPT: 14 SPD: 0.00 SPDt: 0.00 TLT: 0.12 TLTt: -0.22 COUT: 0.58
 spP: -0.06 spI: -0.23 coP: 0.22 coD: 1.02 LPN: 1316 LPT: 15 SPD: 1.00 SPDt: 0.00 TLT: 0.15 TLTt: -0.29 COUT: 1.82
 spP: -0.12 spI: -0.23 coP: 0.22 coD: 0.08 LPN: 1317 LPT: 13 SPD: 2.00 SPDt: 0.00 TLT: 0.10 TLTt: -0.35 COUT: 2.13
 spP: -0.12 spI: -0.23 coP: 0.23 coD: 0.17 LPN: 1318 LPT: 14 SPD: 2.00 SPDt: 0.00 TLT: 0.11 TLTt: -0.35 COUT: 2.53
 spP: -0.18 spI: -0.23 coP: 0.25 coD: 0.47 LPN: 1319 LPT: 14 SPD: 3.00 SPDt: 0.00 TLT: 0.09 TLTt: -0.41 COUT: 3.26
 spP: -0.18 spI: -0.24 coP: 0.29 coD: 0.75 LPN: 1320 LPT: 14 SPD: 3.00 SPDt: 0.00 TLT: 0.16 TLTt: -0.42 COUT: 4.29
 spP: -0.24 spI: -0.24 coP: 0.19 coD: -2.10 LPN: 1321 LPT: 14 SPD: 4.00 SPDt: 0.00 TLT: -0.10 TLTt: -0.48 COUT: 2.38
 spP: -0.12 spI: -0.24 coP: 0.13 coD: -1.37 LPN: 1322 LPT: 15 SPD: 2.00 SPDt: 0.00 TLT: -0.11 TLTt: -0.36 COUT: 1.14
 spP: -0.06 spI: -0.24 coP: 0.07 coD: -1.24 LPN: 1323 LPT: 13 SPD: 1.00 SPDt: 0.00 TLT: -0.17 TLTt: -0.30 COUT: -0.03
 spP: 0.00 spI: -0.25 coP: 0.01 coD: -1.18 LPN: 1324 LPT: 14 SPD: 0.00 SPDt: 0.00 TLT: -0.22 TLTt: -0.25 COUT: -1.20
 spP: 0.06 spI: -0.24 coP: -0.01 coD: -0.43 LPN: 1325 LPT: 15 SPD: -1.00 SPDt: 0.00 TLT: -0.20 TLTt: -0.18 COUT: -1.63
 spP: 0.12 spI: -0.24 coP: -0.06 coD: -1.13 LPN: 1326 LPT: 14 SPD: -2.00 SPDt: 0.00 TLT: -0.24 TLTt: -0.12 COUT: -2.82
 spP: 0.18 spI: -0.24 coP: -0.10 coD: -0.78 LPN: 1327 LPT: 13 SPD: -3.00 SPDt: 0.00 TLT: -0.25 TLTt: -0.06 COUT: -3.70
 spP: 0.24 spI: -0.24 coP: -0.12 coD: -0.55 LPN: 1328 LPT: 15 SPD: -4.00 SPDt: 0.00 TLT: -0.25 TLTt: 0.00 COUT: -4.37
 spP: 0.24 spI: -0.23 coP: -0.13 coD: -0.09 LPN: 1329 LPT: 14 SPD: -4.00 SPDt: 0.00 TLT: -0.24 TLTt: 0.01 COUT: -4.59
 spP: 0.30 spI: -0.22 coP: -0.14 coD: -0.17 LPN: 1330 LPT: 14 SPD: -5.00 SPDt: 0.00 TLT: -0.20 TLTt: 0.08 COUT: -4.90
 spP: 0.30 spI: -0.22 coP: -0.11 coD: 0.62 LPN: 1331 LPT: 14 SPD: -5.00 SPDt: 0.00 TLT: -0.13 TLTt: 0.08 COUT: -4.38
 spP: 0.24 spI: -0.22 coP: -0.05 coD: 1.13 LPN: 1332 LPT: 15 SPD: -4.00 SPDt: 0.00 TLT: -0.08 TLTt: 0.02 COUT: -3.31
 spP: 0.18 spI: -0.21 coP: 0.01 coD: 1.35 LPN: 1333 LPT: 13 SPD: -3.00 SPDt: 0.00 TLT: -0.01 TLTt: -0.03 COUT: -1.95
 spP: 0.12 spI: -0.21 coP: -0.01 coD: -0.40 LPN: 1334 LPT: 15 SPD: -2.00 SPDt: 0.00 TLT: -0.11 TLTt: -0.09 COUT: -2.36
 spP: 0.12 spI: -0.20 coP: 0.07 coD: 1.77 LPN: 1335 LPT: 13 SPD: -2.00 SPDt: 0.00 TLT: 0.06 TLTt: -0.08 COUT: -0.51
 spP: 0.06 spI: -0.21 coP: 0.05 coD: -0.59 LPN: 1336 LPT: 14 SPD: -1.00 SPDt: 0.00 TLT: -0.06 TLTt: -0.15 COUT: -1.06
 spP: 0.06 spI: -0.20 coP: -0.06 coD: -2.35 LPN: 1337 LPT: 15 SPD: -1.00 SPDt: 0.00 TLT: -0.27 TLTt: -0.14 COUT: -3.47
 spP: 0.18 spI: -0.20 coP: -0.02 coD: 1.00 LPN: 1338 LPT: 14 SPD: -3.00 SPDt: 0.00 TLT: -0.05 TLTt: -0.02 COUT: -2.48
 spP: 0.12 spI: -0.20 coP: -0.08 coD: -1.37 LPN: 1339 LPT: 14 SPD: -2.00 SPDt: 0.00 TLT: -0.24 TLTt: -0.08 COUT: -3.94
 spP: 0.24 spI: -0.20 coP: -0.05 coD: 0.66 LPN: 1340 LPT: 15 SPD: -4.00 SPDt: 0.00 TLT: -0.06 TLTt: 0.04 COUT: -3.33
 spP: 0.18 spI: -0.19 coP: -0.03 coD: 0.42 LPN: 1341 LPT: 13 SPD: -3.00 SPDt: 0.00 TLT: -0.07 TLTt: -0.01 COUT: -2.93
 spP: 0.18 spI: -0.19 coP: 0.04 coD: 1.59 LPN: 1342 LPT: 14 SPD: -3.00 SPDt: 0.00 TLT: 0.08 TLTt: -0.01 COUT: -1.30
 spP: 0.06 spI: -0.19 coP: 0.07 coD: 0.48 LPN: 1343 LPT: 15 SPD: -1.00 SPDt: 0.00 TLT: 0.01 TLTt: -0.13 COUT: -0.74
 spP: 0.06 spI: -0.19 coP: 0.09 coD: 0.51 LPN: 1344 LPT: 13 SPD: -1.00 SPDt: 0.00 TLT: 0.06 TLTt: -0.13 COUT: -0.14
 spP: 0.00 spI: -0.18 coP: 0.13 coD: 0.80 LPN: 1345 LPT: 14 SPD: 0.00 SPDt: 0.00 TLT: 0.08 TLTt: -0.18 COUT: 0.79
 spP: -0.06 spI: -0.18 coP: 0.15 coD: 0.46 LPN: 1346 LPT: 14 SPD: 1.00 SPDt: 0.00 TLT: 0.06 TLTt: -0.24 COUT: 1.40
 spP: -0.06 spI: -0.18 coP: 0.16 coD: 0.15 LPN: 1347 LPT: 14 SPD: 1.00 SPDt: 0.00 TLT: 0.07 TLTt: -0.24 COUT: 1.71
 spP: -0.12 spI: -0.19 coP: 0.11 coD: -1.00 LPN: 1348 LPT: 14 SPD: 2.00 SPDt: 0.00 TLT: -0.09 TLTt: -0.31 COUT: 0.82
 spP: -0.06 spI: -0.19 coP: 0.12 coD: 0.13 LPN: 1349 LPT: 14 SPD: 1.00 SPDt: 0.00 TLT: -0.02 TLTt: -0.25 COUT: 1.06
 spP: -0.06 spI: -0.19 coP: 0.09 coD: -0.54 LPN: 1350 LPT: 14 SPD: 1.00 SPDt: 0.00 TLT: -0.07 TLTt: -0.25 COUT: 0.61
 spP: -0.06 spI: -0.19 coP: 0.11 coD: 0.46 LPN: 1351 LPT: 14 SPD: 1.00 SPDt: 0.00 TLT: -0.03 TLTt: -0.25 COUT: 1.18
 spP: -0.06 spI: -0.20 coP: 0.05 coD: -1.31 LPN: 1352 LPT: 14 SPD: 1.00 SPDt: 0.00 TLT: -0.16 TLTt: -0.26 COUT: -0.08
 spP: 0.00 spI: -0.19 coP: -0.09 coD: -2.98 LPN: 1353 LPT: 14 SPD: 0.00 SPDt: 0.00 TLT: -0.37 TLTt: -0.19 COUT: -3.14
 spP: 0.18 spI: -0.19 coP: -0.06 coD: 0.50 LPN: 1354 LPT: 14 SPD: -3.00 SPDt: 0.00 TLT: -0.14 TLTt: -0.01 COUT: -2.71
 spP: 0.18 spI: -0.19 coP: -0.16 coD: -2.08 LPN: 1355 LPT: 14 SPD: -3.00 SPDt: 0.00 TLT: -0.33 TLTt: -0.01 COUT: -4.95
 spP: 0.30 spI: -0.19 coP: -0.06 coD: 2.19 LPN: 1356 LPT: 15 SPD: -5.00 SPDt: 0.00 TLT: 0.00 TLTt: 0.11 COUT: -2.82
 spP: 0.18 spI: -0.18 coP: 0.11 coD: 3.47 LPN: 1357 LPT: 13 SPD: -3.00 SPDt: 0.00 TLT: 0.21 TLTt: 0.00 COUT: 0.75
 spP: -0.06 spI: -0.18 coP: 0.15 coD: 1.04 LPN: 1358 LPT: 14 SPD: 1.00 SPDt: 0.00 TLT: 0.07 TLTt: -0.24 COUT: 1.94
 spP: -0.12 spI: -0.18 coP: 0.31 coD: 3.39 LPN: 1359 LPT: 15 SPD: 2.00 SPDt: 0.00 TLT: 0.32 TLTt: -0.30 COUT: 5.64
 spP: -0.36 spI: -0.19 coP: 0.34 coD: 0.60 LPN: 1360 LPT: 14 SPD: 6.00 SPDt: 0.00 TLT: 0.13 TLTt: -0.55 COUT: 6.58
 spP: -0.42 spI: -0.20 coP: 0.37 coD: 0.60 LPN: 1361 LPT: 13 SPD: 7.00 SPDt: 0.00 TLT: 0.12 TLTt: -0.62 COUT: 7.55
 spP: -0.48 spI: -0.20 coP: 0.22 coD: -3.25 LPN: 1362 LPT: 15 SPD: 8.00 SPDt: 0.00 TLT: -0.25 TLTt: -0.68 COUT: 4.52
 spP: -0.30 spI: -0.21 coP: 0.14 coD: -1.74 LPN: 1363 LPT: 14 SPD: 5.00 SPDt: 0.00 TLT: -0.24 TLTt: -0.51 COUT: 2.91
 spP: -0.18 spI: -0.22 coP: 0.01 coD: -2.66 LPN: 1364 LPT: 14 SPD: 3.00 SPDt: 0.00 TLT: -0.38 TLTt: -0.40 COUT: 0.27
 spP: 0.00 spI: -0.21 coP: -0.11 coD: -2.49 LPN: 1365 LPT: 14 SPD: 0.00 SPDt: 0.00 TLT: -0.43 TLTt: -0.21 COUT: -2.33
 spP: 0.12 spI: -0.21 coP: -0.14 coD: -0.75 LPN: 1366 LPT: 14 SPD: -2.00 SPDt: 0.00 TLT: -0.38 TLTt: -0.09 COUT: -3.22
 spP: 0.18 spI: -0.21 coP: -0.19 coD: -1.07 LPN: 1367 LPT: 14 SPD: -3.00 SPDt: 0.00 TLT: -0.41 TLTt: -0.03 COUT: -4.48
 spP: 0.24 spI: -0.21 coP: -0.21 coD: -0.42 LPN: 1368 LPT: 15 SPD: -4.00 SPDt: 0.00 TLT: -0.39 TLTt: 0.03 COUT: -5.12
 spP: 0.30 spI: -0.20 coP: -0.24 coD: -0.60 LPN: 1369 LPT: 14 SPD: -5.00 SPDt: 0.00 TLT: -0.38 TLTt: 0.10 COUT: -5.96
 spP: 0.36 spI: -0.19 coP: -0.35 coD: -2.21 LPN: 1370 LPT: 13 SPD: -6.00 SPDt: 0.00 TLT: -0.52 TLTt: 0.17 COUT: -8.52
 spP: 0.54 spI: -0.18 coP: -0.31 coD: 0.84 LPN: 1371 LPT: 15 SPD: -9.00 SPDt: 0.00 TLT: -0.25 TLTt: 0.36 COUT: -7.99
 spP: 0.48 spI: -0.18 coP: -0.24 coD: 1.37 LPN: 1372 LPT: 14 SPD: -8.00 SPDt: 0.00 TLT: -0.18 TLTt: 0.30 COUT: -6.86
 spP: 0.42 spI: -0.16 coP: -0.04 coD: 4.20 LPN: 1373 LPT: 14 SPD: -7.00 SPDt: 0.00 TLT: 0.17 TLTt: 0.26 COUT: -2.70
 spP: 0.18 spI: -0.16 coP: 0.24 coD: 6.06 LPN: 1374 LPT: 14 SPD: -3.00 SPDt: 0.00 TLT: 0.50 TLTt: 0.02 COUT: 3.59
 spP: -0.24 spI: -0.16 coP: 0.39 coD: 3.25 LPN: 1375 LPT: 14 SPD: 4.00 SPDt: 0.00 TLT: 0.38 TLTt: -0.40 COUT: 7.24
 spP: -0.42 spI: -0.18 coP: 0.49 coD: 2.11 LPN: 1376 LPT: 14 SPD: 7.00 SPDt: 0.00 TLT: 0.39 TLTt: -0.60 COUT: 9.84
 spP: -0.60 spI: -0.18 coP: 0.53 coD: 0.75 LPN: 1377 LPT: 15 SPD: 10.00 SPDt: 0.00 TLT: 0.27 TLTt: -0.78 COUT: 11.12
 spP: -0.66 spI: -0.20 coP: 0.42 coD: -2.34 LPN: 1378 LPT: 14 SPD: 11.00 SPDt: 0.00 TLT: -0.03 TLTt: -0.86 COUT: 9.20
 spP: -0.54 spI: -0.21 coP: 0.40 coD: -0.30 LPN: 1379 LPT: 13 SPD: 9.00 SPDt: 0.00 TLT: 0.06 TLTt: -0.75 COUT: 9.30
 spP: -0.54 spI: -0.22 coP: 0.29 coD: -2.35 LPN: 1380 LPT: 15 SPD: 9.00 SPDt: 0.00 TLT: -0.18 TLTt: -0.76 COUT: 7.23
 spP: -0.42 spI: -0.22 coP: 0.20 coD: -1.97 LPN: 1381 LPT: 14 SPD: 7.00 SPDt: 0.00 TLT: -0.25 TLTt: -0.64 COUT: 5.46
 spP: -0.30 spI: -0.23 coP: 0.10 coD: -2.10 LPN: 1382 LPT: 14 SPD: 5.00 SPDt: 0.00 TLT: -0.33 TLTt: -0.53 COUT: 3.46
 spP: -0.18 spI: -0.23 coP: -0.10 coD: -4.18 LPN: 1383 LPT: 14 SPD: 3.00 SPDt: 0.00 TLT: -0.60 TLTt: -0.41 COUT: -0.82
 spP: 0.06 spI: -0.24 coP: -0.13 coD: -0.82 LPN: 1384 LPT: 14 SPD: -1.00 SPDt: 0.00 TLT: -0.45 TLTt: -0.18 COUT: -1.76
 spP: 0.12 spI: -0.23 coP: -0.25 coD: -2.48 LPN: 1385 LPT: 14 SPD: -2.00 SPDt: 0.00 TLT: -0.61 TLTt: -0.11 COUT: -4.49
 spP: 0.24 spI: -0.23 coP: -0.26 coD: -0.13 LPN: 1386 LPT: 15 SPD: -4.00 SPDt: 0.00 TLT: -0.50 TLTt: 0.01 COUT: -4.87
 spP: 0.30 spI: -0.22 coP: -0.23 coD: 0.47 LPN: 1387 LPT: 13 SPD: -5.00 SPDt: 0.00 TLT: -0.39 TLTt: 0.08 COUT: -4.64
 spP: 0.30 spI: -0.22 coP: -0.25 coD: -0.23 LPN: 1388 LPT: 15 SPD: -5.00 SPDt: 0.00 TLT: -0.41 TLTt: 0.08 COUT: -5.12
 spP: 0.30 spI: -0.21 coP: -0.26 coD: -0.22 LPN: 1389 LPT: 14 SPD: -5.00 SPDt: 0.00 TLT: -0.42 TLTt: 0.09 COUT: -5.60
 spP: 0.36 spI: -0.20 coP: -0.23 coD: 0.63 LPN: 1390 LPT: 14 SPD: -6.00 SPDt: 0.00 TLT: -0.30 TLTt: 0.16 COUT: -5.19
 spP: 0.30 spI: -0.20 coP: -0.17 coD: 1.17 LPN: 1391 LPT: 14 SPD: -5.00 SPDt: 0.00 TLT: -0.24 TLTt: 0.10 COUT: -4.19
 spP: 0.24 spI: -0.18 coP: -0.11 coD: 1.29 LPN: 1392 LPT: 14 SPD: -4.00 SPDt: 0.00 TLT: -0.17 TLTt: 0.06 COUT: -3.02
 spP: 0.18 spI: -0.19 coP: -0.03 coD: 1.77 LPN: 1393 LPT: 14 SPD: -3.00 SPDt: 0.00 TLT: -0.07 TLTt: -0.01 COUT: -1.28
 spP: 0.06 spI: -0.19 coP: -0.01 coD: 0.41 LPN: 1394 LPT: 14 SPD: -1.00 SPDt: 0.00 TLT: -0.15 TLTt: -0.13 COUT: -0.88
 spP: 0.06 spI: -0.18 coP: -0.01 coD: -0.02 LPN: 1395 LPT: 14 SPD: -1.00 SPDt: 0.00 TLT: -0.14 TLTt: -0.12 COUT: -0.91
 spP: 0.06 spI: -0.18 coP: -0.05 coD: -0.81 LPN: 1396 LPT: 14 SPD: -1.00 SPDt: 0.00 TLT: -0.22 TLTt: -0.12 COUT: -1.76
 spP: 0.12 spI: -0.18 coP: -0.06 coD: -0.29 LPN: 1397 LPT: 13 SPD: -2.00 SPDt: 0.00 TLT: -0.18 TLTt: -0.06 COUT: -2.11
 spP: 0.12 spI: -0.19 coP: -0.09 coD: -0.51 LPN: 1398 LPT: 15 SPD: -2.00 SPDt: 0.00 TLT: -0.24 TLTt: -0.07 COUT: -2.71
 spP: 0.18 spI: -0.18 coP: -0.10 coD: -0.32 LPN: 1399 LPT: 14 SPD: -3.00 SPDt: 0.00 TLT: -0.20 TLTt: 0.00 COUT: -3.13
 spP: 0.18 spI: -0.17 coP: -0.10 coD: -0.03 LPN: 1400 LPT: 13 SPD: -3.00 SPDt: 0.00 TLT: -0.19 TLTt: 0.01 COUT: -3.26
 spP: 0.18 spI: -0.17 coP: -0.00 coD: 2.10 LPN: 1401 LPT: 15 SPD: -3.00 SPDt: 0.00 TLT: 0.00 TLTt: 0.01 COUT: -1.16
 spP: 0.06 spI: -0.16 coP: -0.01 coD: -0.18 LPN: 1402 LPT: 13 SPD: -1.00 SPDt: 0.00 TLT: -0.13 TLTt: -0.10 COUT: -1.35
 spP: 0.06 spI: -0.17 coP: 0.04 coD: 1.15 LPN: 1403 LPT: 14 SPD: -1.00 SPDt: 0.00 TLT: -0.03 TLTt: -0.11 COUT: -0.16
 spP: 0.00 spI: -0.17 coP: 0.02 coD: -0.44 LPN: 1404 LPT: 15 SPD: 0.00 SPDt: 0.00 TLT: -0.12 TLTt: -0.17 COUT: -0.58
 spP: 0.06 spI: -0.17 coP: 0.04 coD: 0.34 LPN: 1405 LPT: 13 SPD: -1.00 SPDt: 0.00 TLT: -0.03 TLTt: -0.11 COUT: -0.19
 spP: 0.00 spI: -0.17 coP: 0.03 coD: -0.10 LPN: 1406 LPT: 14 SPD: 0.00 SPDt: 0.00 TLT: -0.10 TLTt: -0.17 COUT: -0.26
 spP: 0.00 spI: -0.16 coP: 0.01 coD: -0.61 LPN: 1407 LPT: 14 SPD: 0.00 SPDt: 0.00 TLT: -0.14 TLTt: -0.16 COUT: -0.86
 spP: 0.06 spI: -0.17 coP: 0.02 coD: 0.19 LPN: 1408 LPT: 14 SPD: -1.00 SPDt: 0.00 TLT: -0.08 TLTt: -0.11 COUT: -0.65
 spP: 0.06 spI: -0.16 coP: 0.00 coD: -0.28 LPN: 1409 LPT: 14 SPD: -1.00 SPDt: 0.00 TLT: -0.10 TLTt: -0.10 COUT: -0.94
 spP: 0.06 spI: -0.16 coP: 0.03 coD: 0.57 LPN: 1410 LPT: 14 SPD: -1.00 SPDt: 0.00 TLT: -0.04 TLTt: -0.10 COUT: -0.34
 spP: 0.00 spI: -0.16 coP: 0.04 coD: 0.29 LPN: 1411 LPT: 14 SPD: 0.00 SPDt: 0.00 TLT: -0.08 TLTt: -0.16 COUT: -0.01
 spP: 0.00 spI: -0.15 coP: 0.07 coD: 0.65 LPN: 1412 LPT: 13 SPD: 0.00 SPDt: 0.00 TLT: -0.01 TLTt: -0.15 COUT: 0.71
 spP: -0.06 spI: -0.17 coP: 0.10 coD: 0.53 LPN: 1413 LPT: 15 SPD: 1.00 SPDt: 0.00 TLT: -0.03 TLTt: -0.23 COUT: 1.35
 spP: -0.06 spI: -0.16 coP: 0.13 coD: 0.64 LPN: 1414 LPT: 14 SPD: 1.00 SPDt: 0.00 TLT: 0.03 TLTt: -0.22 COUT: 2.11
 spP: -0.12 spI: -0.17 coP: 0.18 coD: 1.05 LPN: 1415 LPT: 13 SPD: 2.00 SPDt: 0.00 TLT: 0.06 TLTt: -0.29 COUT: 3.34
 spP: -0.18 spI: -0.17 coP: 0.11 coD: -1.38 LPN: 1416 LPT: 15 SPD: 3.00 SPDt: 0.00 TLT: -0.13 TLTt: -0.35 COUT: 2.07
 spP: -0.12 spI: -0.17 coP: 0.07 coD: -0.92 LPN: 1417 LPT: 13 SPD: 2.00 SPDt: 0.00 TLT: -0.15 TLTt: -0.29 COUT: 1.22
 spP: -0.06 spI: -0.18 coP: 0.04 coD: -0.57 LPN: 1418 LPT: 14 SPD: 1.00 SPDt: 0.00 TLT: -0.15 TLTt: -0.24 COUT: 0.69
 spP: -0.06 spI: -0.18 coP: 0.12 coD: 1.74 LPN: 1419 LPT: 14 SPD: 1.00 SPDt: 0.00 TLT: 0.01 TLTt: -0.24 COUT: 2.56
 spP: -0.18 spI: -0.18 coP: 0.14 coD: 0.31 LPN: 1420 LPT: 14 SPD: 3.00 SPDt: 0.00 TLT: -0.08 TLTt: -0.36 COUT: 3.00
 spP: -0.18 spI: -0.18 coP: 0.20 coD: 1.37 LPN: 1421 LPT: 14 SPD: 3.00 SPDt: 0.00 TLT: 0.04 TLTt: -0.36 COUT: 4.58
 spP: -0.30 spI: -0.18 coP: 0.17 coD: -0.68 LPN: 1422 LPT: 13 SPD: 5.00 SPDt: 0.00 TLT: -0.14 TLTt: -0.48 COUT: 4.07
 spP: -0.24 spI: -0.20 coP: 0.03 coD: -2.94 LPN: 1423 LPT: 15 SPD: 4.00 SPDt: 0.00 TLT: -0.37 TLTt: -0.44 COUT: 1.17
 spP: -0.06 spI: -0.19 coP: -0.04 coD: -1.59 LPN: 1424 LPT: 14 SPD: 1.00 SPDt: 0.00 TLT: -0.34 TLTt: -0.25 COUT: -0.46
 spP: 0.00 spI: -0.19 coP: -0.10 coD: -1.25 LPN: 1425 LPT: 14 SPD: 0.00 SPDt: 0.00 TLT: -0.39 TLTt: -0.19 COUT: -1.81
 spP: 0.12 spI: -0.19 coP: -0.12 coD: -0.46 LPN: 1426 LPT: 14 SPD: -2.00 SPDt: 0.00 TLT: -0.31 TLTt: -0.07 COUT: -2.39
 spP: 0.12 spI: -0.19 coP: -0.17 coD: -1.03 LPN: 1427 LPT: 14 SPD: -2.00 SPDt: 0.00 TLT: -0.42 TLTt: -0.07 COUT: -3.59
 spP: 0.24 spI: -0.19 coP: -0.19 coD: -0.41 LPN: 1428 LPT: 14 SPD: -4.00 SPDt: 0.00 TLT: -0.33 TLTt: 0.05 COUT: -4.20
 spP: 0.24 spI: -0.18 coP: -0.23 coD: -0.92 LPN: 1429 LPT: 15 SPD: -4.00 SPDt: 0.00 TLT: -0.41 TLTt: 0.06 COUT: -5.35
 spP: 0.30 spI: -0.18 coP: -0.20 coD: 0.60 LPN: 1430 LPT: 13 SPD: -5.00 SPDt: 0.00 TLT: -0.28 TLTt: 0.12 COUT: -4.95
 spP: 0.30 spI: -0.18 coP: -0.17 coD: 0.73 LPN: 1431 LPT: 15 SPD: -5.00 SPDt: 0.00 TLT: -0.21 TLTt: 0.12 COUT: -4.39
 spP: 0.24 spI: -0.17 coP: -0.17 coD: 0.01 LPN: 1432 LPT: 14 SPD: -4.00 SPDt: 0.00 TLT: -0.26 TLTt: 0.07 COUT: -4.54
 spP: 0.30 spI: -0.16 coP: -0.18 coD: -0.18 LPN: 1433 LPT: 14 SPD: -5.00 SPDt: 0.00 TLT: -0.21 TLTt: 0.14 COUT: -4.89
 spP: 0.30 spI: -0.15 coP: -0.10 coD: 1.69 LPN: 1434 LPT: 14 SPD: -5.00 SPDt: 0.00 TLT: -0.05 TLTt: 0.15 COUT: -3.30
 spP: 0.18 spI: -0.14 coP: -0.03 coD: 1.57 LPN: 1435 LPT: 14 SPD: -3.00 SPDt: 0.00 TLT: -0.02 TLTt: 0.04 COUT: -1.76
 spP: 0.12 spI: -0.15 coP: 0.01 coD: 0.82 LPN: 1436 LPT: 14 SPD: -2.00 SPDt: 0.00 TLT: -0.01 TLTt: -0.03 COUT: -0.92
 spP: 0.06 spI: -0.15 coP: 0.04 coD: 0.67 LPN: 1437 LPT: 13 SPD: -1.00 SPDt: 0.00 TLT: -0.00 TLTt: -0.09 COUT: -0.21
 spP: 0.00 spI: -0.15 coP: 0.10 coD: 1.15 LPN: 1438 LPT: 15 SPD: 0.00 SPDt: 0.00 TLT: 0.05 TLTt: -0.15 COUT: 1.04
 spP: -0.06 spI: -0.15 coP: 0.02 coD: -1.54 LPN: 1439 LPT: 14 SPD: 1.00 SPDt: 0.00 TLT: -0.16 TLTt: -0.21 COUT: -0.48
 spP: 0.00 spI: -0.14 coP: 0.10 coD: 1.62 LPN: 1440 LPT: 13 SPD: 0.00 SPDt: 0.00 TLT: 0.05 TLTt: -0.14 COUT: 1.24
 spP: -0.06 spI: -0.15 coP: 0.07 coD: -0.66 LPN: 1441 LPT: 15 SPD: 1.00 SPDt: 0.00 TLT: -0.08 TLTt: -0.21 COUT: 0.65
 spP: -0.06 spI: -0.15 coP: 0.08 coD: 0.25 LPN: 1442 LPT: 13 SPD: 1.00 SPDt: 0.00 TLT: -0.05 TLTt: -0.21 COUT: 0.98
 spP: -0.06 spI: -0.15 coP: 0.16 coD: 1.70 LPN: 1443 LPT: 14 SPD: 1.00 SPDt: 0.00 TLT: 0.10 TLTt: -0.21 COUT: 2.84
 spP: -0.18 spI: -0.15 coP: 0.19 coD: 0.67 LPN: 1444 LPT: 15 SPD: 3.00 SPDt: 0.00 TLT: 0.04 TLTt: -0.33 COUT: 3.70
 spP: -0.24 spI: -0.15 coP: 0.28 coD: 2.12 LPN: 1445 LPT: 13 SPD: 4.00 SPDt: 0.00 TLT: 0.17 TLTt: -0.39 COUT: 6.11
 spP: -0.36 spI: -0.17 coP: 0.31 coD: 0.60 LPN: 1446 LPT: 14 SPD: 6.00 SPDt: 0.00 TLT: 0.10 TLTt: -0.53 COUT: 7.02
 spP: -0.42 spI: -0.17 coP: 0.42 coD: 2.36 LPN: 1447 LPT: 14 SPD: 7.00 SPDt: 0.00 TLT: 0.25 TLTt: -0.59 COUT: 9.80
 spP: -0.60 spI: -0.19 coP: 0.39 coD: -0.74 LPN: 1448 LPT: 14 SPD: 10.00 SPDt: 0.00 TLT: -0.01 TLTt: -0.79 COUT: 9.45
 spP: -0.54 spI: -0.20 coP: 0.37 coD: -0.39 LPN: 1449 LPT: 13 SPD: 9.00 SPDt: 0.00 TLT: 0.00 TLTt: -0.74 COUT: 9.43
 spP: -0.54 spI: -0.21 coP: 0.31 coD: -1.28 LPN: 1450 LPT: 15 SPD: 9.00 SPDt: 0.00 TLT: -0.13 TLTt: -0.75 COUT: 8.46
 spP: -0.48 spI: -0.22 coP: 0.13 coD: -3.81 LPN: 1451 LPT: 14 SPD: 8.00 SPDt: 0.00 TLT: -0.44 TLTt: -0.70 COUT: 4.78
 spP: -0.30 spI: -0.22 coP: 0.08 coD: -0.98 LPN: 1452 LPT: 14 SPD: 5.00 SPDt: 0.00 TLT: -0.35 TLTt: -0.52 COUT: 3.88
 spP: -0.24 spI: -0.22 coP: 0.00 coD: -1.68 LPN: 1453 LPT: 14 SPD: 4.00 SPDt: 0.00 TLT: -0.45 TLTt: -0.46 COUT: 2.21
 spP: -0.12 spI: -0.23 coP: 0.00 coD: -0.09 LPN: 1454 LPT: 14 SPD: 2.00 SPDt: 0.00 TLT: -0.35 TLTt: -0.35 COUT: 2.12
 spP: -0.12 spI: -0.23 coP: -0.03 coD: -0.76 LPN: 1455 LPT: 14 SPD: 2.00 SPDt: 0.00 TLT: -0.41 TLTt: -0.35 COUT: 1.33
 spP: -0.06 spI: -0.23 coP: -0.02 coD: 0.22 LPN: 1456 LPT: 15 SPD: 1.00 SPDt: 0.00 TLT: -0.34 TLTt: -0.29 COUT: 1.53
 spP: -0.12 spI: -0.23 coP: -0.03 coD: -0.08 LPN: 1457 LPT: 13 SPD: 2.00 SPDt: 0.00 TLT: -0.41 TLTt: -0.35 COUT: 1.43
 spP: -0.06 spI: -0.24 coP: -0.03 coD: 0.05 LPN: 1458 LPT: 14 SPD: 1.00 SPDt: 0.00 TLT: -0.35 TLTt: -0.30 COUT: 1.44
 spP: -0.06 spI: -0.23 coP: -0.02 coD: 0.09 LPN: 1459 LPT: 15 SPD: 1.00 SPDt: 0.00 TLT: -0.33 TLTt: -0.29 COUT: 1.52
 spP: -0.12 spI: -0.24 coP: 0.01 coD: 0.57 LPN: 1460 LPT: 13 SPD: 2.00 SPDt: 0.00 TLT: -0.35 TLTt: -0.36 COUT: 2.09
 spP: -0.12 spI: -0.24 coP: -0.00 coD: -0.13 LPN: 1461 LPT: 14 SPD: 2.00 SPDt: 0.00 TLT: -0.36 TLTt: -0.36 COUT: 1.96
 spP: -0.12 spI: -0.25 coP: 0.00 coD: 0.10 LPN: 1462 LPT: 15 SPD: 2.00 SPDt: 0.00 TLT: -0.36 TLTt: -0.37 COUT: 2.06
 spP: -0.12 spI: -0.24 coP: -0.03 coD: -0.80 LPN: 1463 LPT: 14 SPD: 2.00 SPDt: 0.00 TLT: -0.43 TLTt: -0.36 COUT: 1.23
 spP: -0.06 spI: -0.25 coP: -0.04 coD: -0.23 LPN: 1464 LPT: 13 SPD: 1.00 SPDt: 0.00 TLT: -0.39 TLTt: -0.31 COUT: 0.95
 spP: -0.06 spI: -0.24 coP: -0.08 coD: -0.79 LPN: 1465 LPT: 15 SPD: 1.00 SPDt: 0.00 TLT: -0.46 TLTt: -0.30 COUT: 0.08
 spP: 0.00 spI: -0.23 coP: -0.11 coD: -0.60 LPN: 1466 LPT: 13 SPD: 0.00 SPDt: 0.00 TLT: -0.45 TLTt: -0.23 COUT: -0.63
 spP: 0.06 spI: -0.25 coP: -0.13 coD: -0.52 LPN: 1467 LPT: 14 SPD: -1.00 SPDt: 0.00 TLT: -0.45 TLTt: -0.19 COUT: -1.28
 spP: 0.06 spI: -0.24 coP: -0.16 coD: -0.67 LPN: 1468 LPT: 15 SPD: -1.00 SPDt: 0.00 TLT: -0.51 TLTt: -0.18 COUT: -2.12
 spP: 0.12 spI: -0.24 coP: -0.20 coD: -0.79 LPN: 1469 LPT: 13 SPD: -2.00 SPDt: 0.00 TLT: -0.52 TLTt: -0.12 COUT: -3.11
 spP: 0.18 spI: -0.24 coP: -0.22 coD: -0.33 LPN: 1470 LPT: 14 SPD: -3.00 SPDt: 0.00 TLT: -0.49 TLTt: -0.06 COUT: -3.65
 spP: 0.24 spI: -0.24 coP: -0.23 coD: -0.33 LPN: 1471 LPT: 15 SPD: -4.00 SPDt: 0.00 TLT: -0.47 TLTt: -0.00 COUT: -4.21
 spP: 0.24 spI: -0.23 coP: -0.20 coD: 0.62 LPN: 1472 LPT: 14 SPD: -4.00 SPDt: 0.00 TLT: -0.39 TLTt: 0.01 COUT: -3.80
 spP: 0.24 spI: -0.22 coP: -0.26 coD: -1.24 LPN: 1473 LPT: 14 SPD: -4.00 SPDt: 0.00 TLT: -0.50 TLTt: 0.02 COUT: -5.30
 spP: 0.30 spI: -0.22 coP: -0.29 coD: -0.53 LPN: 1474 LPT: 14 SPD: -5.00 SPDt: 0.00 TLT: -0.49 TLTt: 0.08 COUT: -6.12
