 spP: 0.00 spI: 0.00 coP: 18.69 coD: 327.33 LPN: 1 LPT: 5 SPD: 0.00 SPDt: 0.00 TLT: 62.29 TLTt: 0.00 COUT: 346.02
 spP: -3.00 spI: -0.02 coP: 19.61 coD: 30.02 LPN: 2 LPT: 12 SPD: 50.00 SPDt: 0.00 TLT: 62.34 TLTt: -3.02 COUT: 395.65
 spP: -6.00 spI: -0.05 coP: 20.52 coD: 29.61 LPN: 3 LPT: 10 SPD: 100.00 SPDt: 0.00 TLT: 62.36 TLTt: -6.05 COUT: 445.77
 spP: -9.00 spI: -0.07 coP: 21.32 coD: 26.85 LPN: 4 LPT: 9 SPD: 150.00 SPDt: 0.00 TLT: 62.00 TLTt: -9.07 COUT: 493.95
 spP: -12.00 spI: -0.10 coP: 21.86 coD: 18.08 LPN: 5 LPT: 10 SPD: 200.00 SPDt: 0.00 TLT: 60.77 TLTt: -12.10 COUT: 533.88
 spP: -15.00 spI: -0.12 coP: 22.18 coD: 10.61 LPN: 6 LPT: 10 SPD: 250.00 SPDt: 0.00 TLT: 58.81 TLTt: -15.12 COUT: 566.67
 spP: -18.00 spI: -0.14 coP: 22.43 coD: 8.63 LPN: 7 LPT: 10 SPD: 300.00 SPDt: 0.00 TLT: 56.64 TLTt: -18.14 COUT: 597.74
 spP: -21.00 spI: -0.17 coP: 22.66 coD: 7.51 LPN: 8 LPT: 10 SPD: 350.00 SPDt: 0.00 TLT: 54.36 TLTt: -21.17 COUT: 627.90
 spP: -24.00 spI: -0.19 coP: 22.74 coD: 2.90 LPN: 9 LPT: 10 SPD: 400.00 SPDt: 0.00 TLT: 51.62 TLTt: -24.19 COUT: 653.55
 spP: -27.00 spI: -0.22 coP: 22.63 coD: -3.51 LPN: 10 LPT: 10 SPD: 450.00 SPDt: 0.00 TLT: 48.22 TLTt: -27.22 COUT: 672.68
 spP: -30.00 spI: -0.27 coP: 22.43 coD: -5.99 LPN: 11 LPT: 13 SPD: 500.00 SPDt: 0.00 TLT: 44.49 TLTt: -30.27 COUT: 689.12
 spP: -33.00 spI: -0.29 coP: 22.15 coD: -8.42 LPN: 12 LPT: 10 SPD: 550.00 SPDt: 0.00 TLT: 40.56 TLTt: -33.29 COUT: 700.00
 spP: -36.00 spI: -0.30 coP: 21.75 coD: -12.79 LPN: 13 LPT: 10 SPD: 600.00 SPDt: 0.00 TLT: 36.21 TLTt: -36.30 COUT: 700.00
 spP: -39.00 spI: -0.33 coP: 21.23 coD: -16.23 LPN: 14 LPT: 11 SPD: 650.00 SPDt: 0.00 TLT: 31.45 TLTt: -39.33 COUT: 700.00
 spP: -42.00 spI: -0.36 coP: 19.91 coD: -40.93 LPN: 15 LPT: 11 SPD: 700.00 SPDt: 0.00 TLT: 26.35 TLTt: -40.00 COUT: 695.79
 spP: -41.76 spI: -0.39 coP: 18.28 coD: -49.97 LPN: 16 LPT: 11 SPD: 696.00 SPDt: 0.00 TLT: 20.94 TLTt: -40.00 COUT: 664.11
 spP: -39.84 spI: -0.43 coP: 16.54 coD: -52.29 LPN: 17 LPT: 11 SPD: 664.00 SPDt: 0.00 TLT: 15.12 TLTt: -40.00 COUT: 628.36
 spP: -37.68 spI: -0.48 coP: 14.08 coD: -67.54 LPN: 18 LPT: 12 SPD: 628.00 SPDt: 0.00 TLT: 8.78 TLTt: -38.16 COUT: 574.89
 spP: -34.50 spI: -0.47 coP: 11.25 coD: -73.83 LPN: 19 LPT: 11 SPD: 575.00 SPDt: 0.00 TLT: 2.54 TLTt: -34.97 COUT: 512.32
 spP: -30.72 spI: -0.47 coP: 8.47 coD: -77.10 LPN: 20 LPT: 10 SPD: 512.00 SPDt: 0.00 TLT: -2.95 TLTt: -31.19 COUT: 443.69
 spP: -26.64 spI: -0.51 coP: 5.65 coD: -75.16 LPN: 21 LPT: 10 SPD: 444.00 SPDt: 0.00 TLT: -8.33 TLTt: -27.15 COUT: 374.18
 spP: -22.44 spI: -0.51 coP: 1.60 coD: -79.55 LPN: 22 LPT: 10 SPD: 374.00 SPDt: 0.00 TLT: -17.62 TLTt: -22.95 COUT: 296.22
 spP: -17.76 spI: -0.53 coP: -0.78 coD: -79.74 LPN: 23 LPT: 10 SPD: 296.00 SPDt: 0.00 TLT: -20.90 TLTt: -18.29 COUT: 215.69
 spP: -12.96 spI: -0.54 coP: -3.07 coD: -77.84 LPN: 24 LPT: 10 SPD: 216.00 SPDt: 0.00 TLT: -23.73 TLTt: -13.50 COUT: 134.78
 spP: -8.10 spI: -0.57 coP: -5.09 coD: -68.16 LPN: 25 LPT: 10 SPD: 135.00 SPDt: 0.00 TLT: -25.63 TLTt: -8.67 COUT: 61.53
 spP: -3.72 spI: -0.62 coP: -6.59 coD: -48.69 LPN: 26 LPT: 10 SPD: 62.00 SPDt: 0.00 TLT: -26.32 TLTt: -4.34 COUT: 6.24
 spP: -0.36 spI: -0.62 coP: -7.55 coD: -31.19 LPN: 27 LPT: 11 SPD: 6.00 SPDt: 0.00 TLT: -26.13 TLTt: -0.98 COUT: -32.49
 spP: 1.92 spI: -0.60 coP: -7.99 coD: -14.32 LPN: 28 LPT: 10 SPD: -32.00 SPDt: 0.00 TLT: -25.32 TLTt: 1.32 COUT: -54.81
 spP: 3.30 spI: -0.56 coP: -7.95 coD: 1.33 LPN: 29 LPT: 9 SPD: -55.00 SPDt: 0.00 TLT: -23.77 TLTt: 2.74 COUT: -61.43
 spP: 3.66 spI: -0.55 coP: -7.50 coD: 14.57 LPN: 30 LPT: 11 SPD: -61.00 SPDt: 0.00 TLT: -21.89 TLTt: 3.11 COUT: -54.36
 spP: 3.24 spI: -0.52 coP: -6.81 coD: 22.33 LPN: 31 LPT: 11 SPD: -54.00 SPDt: 0.00 TLT: -19.99 TLTt: 2.72 COUT: -38.85
 spP: 2.34 spI: -0.48 coP: -5.92 coD: 29.79 LPN: 32 LPT: 9 SPD: -39.00 SPDt: 0.00 TLT: -17.89 TLTt: 1.86 COUT: -14.98
 spP: 0.90 spI: -0.48 coP: -4.88 coD: 34.40 LPN: 33 LPT: 10 SPD: -15.00 SPDt: 0.00 TLT: -15.83 TLTt: 0.42 COUT: 14.55
 spP: -0.90 spI: -0.49 coP: -3.85 coD: 33.84 LPN: 34 LPT: 10 SPD: 15.00 SPDt: 0.00 TLT: -14.22 TLTt: -1.39 COUT: 44.54
 spP: -2.70 spI: -0.52 coP: -2.91 coD: 30.69 LPN: 35 LPT: 10 SPD: 45.00 SPDt: 0.00 TLT: -12.92 TLTt: -3.22 COUT: 72.31
 spP: -4.32 spI: -0.54 coP: -2.07 coD: 27.61 LPN: 36 LPT: 11 SPD: 72.00 SPDt: 0.00 TLT: -11.75 TLTt: -4.86 COUT: 97.86
 spP: -5.88 spI: -0.56 coP: -1.36 coD: 23.42 LPN: 37 LPT: 10 SPD: 98.00 SPDt: 0.00 TLT: -10.97 TLTt: -6.44 COUT: 119.92
 spP: -7.20 spI: -0.62 coP: -0.89 coD: 14.50 LPN: 38 LPT: 11 SPD: 120.00 SPDt: 0.00 TLT: -10.79 TLTt: -7.82 COUT: 133.53
 spP: -8.04 spI: -0.62 coP: -0.68 coD: 6.72 LPN: 39 LPT: 10 SPD: 134.00 SPDt: 0.00 TLT: -10.94 TLTt: -8.66 COUT: 139.56
 spP: -8.40 spI: -0.64 coP: -0.64 coD: 1.57 LPN: 40 LPT: 10 SPD: 140.00 SPDt: 0.00 TLT: -11.16 TLTt: -9.04 COUT: 140.49
 spP: -8.40 spI: -0.67 coP: -0.78 coD: -4.85 LPN: 41 LPT: 10 SPD: 140.00 SPDt: 0.00 TLT: -11.68 TLTt: -9.07 COUT: 134.86
 spP: -8.10 spI: -0.70 coP: -1.07 coD: -9.04 LPN: 42 LPT: 10 SPD: 135.00 SPDt: 0.00 TLT: -12.35 TLTt: -8.80 COUT: 124.75
 spP: -7.50 spI: -0.73 coP: -1.41 coD: -11.08 LPN: 43 LPT: 11 SPD: 125.00 SPDt: 0.00 TLT: -12.93 TLTt: -8.23 COUT: 112.26
 spP: -6.72 spI: -0.76 coP: -1.82 coD: -12.91 LPN: 44 LPT: 11 SPD: 112.00 SPDt: 0.00 TLT: -13.53 TLTt: -7.48 COUT: 97.54
 spP: -5.88 spI: -0.76 coP: -2.27 coD: -15.02 LPN: 45 LPT: 10 SPD: 98.00 SPDt: 0.00 TLT: -14.22 TLTt: -6.64 COUT: 80.25
 spP: -4.80 spI: -0.83 coP: -2.71 coD: -13.50 LPN: 46 LPT: 11 SPD: 80.00 SPDt: 0.00 TLT: -14.66 TLTt: -5.63 COUT: 64.04
 spP: -3.84 spI: -0.82 coP: -3.06 coD: -11.40 LPN: 47 LPT: 10 SPD: 64.00 SPDt: 0.00 TLT: -14.86 TLTt: -4.66 COUT: 49.58
 spP: -3.00 spI: -0.83 coP: -3.36 coD: -10.11 LPN: 48 LPT: 10 SPD: 50.00 SPDt: 0.00 TLT: -15.04 TLTt: -3.83 COUT: 36.11
 spP: -2.16 spI: -0.87 coP: -3.63 coD: -8.51 LPN: 49 LPT: 10 SPD: 36.00 SPDt: 0.00 TLT: -15.12 TLTt: -3.03 COUT: 23.96
 spP: -1.44 spI: -0.88 coP: -3.79 coD: -5.24 LPN: 50 LPT: 10 SPD: 24.00 SPDt: 0.00 TLT: -14.94 TLTt: -2.32 COUT: 14.94
 spP: -0.90 spI: -0.89 coP: -3.85 coD: -1.95 LPN: 51 LPT: 10 SPD: 15.00 SPDt: 0.00 TLT: -14.61 TLTt: -1.79 COUT: 9.14
 spP: -0.54 spI: -0.89 coP: -3.85 coD: -0.12 LPN: 52 LPT: 11 SPD: 9.00 SPDt: 0.00 TLT: -14.27 TLTt: -1.43 COUT: 5.17
 spP: -0.30 spI: -0.88 coP: -3.77 coD: 2.60 LPN: 53 LPT: 9 SPD: 5.00 SPDt: 0.00 TLT: -13.75 TLTt: -1.18 COUT: 4.00
 spP: -0.24 spI: -0.91 coP: -3.58 coD: 6.16 LPN: 54 LPT: 11 SPD: 4.00 SPDt: 0.00 TLT: -13.10 TLTt: -1.15 COUT: 6.58
 spP: -0.42 spI: -0.89 coP: -3.38 coD: 6.91 LPN: 55 LPT: 9 SPD: 7.00 SPDt: 0.00 TLT: -12.57 TLTt: -1.31 COUT: 10.10
 spP: -0.60 spI: -0.88 coP: -3.16 coD: 7.31 LPN: 56 LPT: 11 SPD: 10.00 SPDt: 0.00 TLT: -12.03 TLTt: -1.48 COUT: 14.25
 spP: -0.84 spI: -0.93 coP: -2.88 coD: 9.25 LPN: 57 LPT: 10 SPD: 14.00 SPDt: 0.00 TLT: -11.38 TLTt: -1.77 COUT: 20.62
 spP: -1.26 spI: -0.94 coP: -2.56 coD: 10.59 LPN: 58 LPT: 9 SPD: 21.00 SPDt: 0.00 TLT: -10.75 TLTt: -2.20 COUT: 28.64
 spP: -1.74 spI: -0.97 coP: -2.32 coD: 7.98 LPN: 59 LPT: 10 SPD: 29.00 SPDt: 0.00 TLT: -10.44 TLTt: -2.71 COUT: 34.31
 spP: -2.04 spI: -0.99 coP: -2.16 coD: 5.27 LPN: 60 LPT: 10 SPD: 34.00 SPDt: 0.00 TLT: -10.23 TLTt: -3.03 COUT: 37.41
 spP: -2.22 spI: -1.00 coP: -1.99 coD: 5.76 LPN: 61 LPT: 11 SPD: 37.00 SPDt: 0.00 TLT: -9.85 TLTt: -3.22 COUT: 41.18
 spP: -2.46 spI: -1.07 coP: -1.83 coD: 4.99 LPN: 62 LPT: 10 SPD: 41.00 SPDt: 0.00 TLT: -9.64 TLTt: -3.53 COUT: 44.35
 spP: -2.64 spI: -1.03 coP: -1.80 coD: 0.95 LPN: 63 LPT: 10 SPD: 44.00 SPDt: 0.00 TLT: -9.69 TLTt: -3.67 COUT: 43.49
 spP: -2.58 spI: -1.08 coP: -1.80 coD: 0.19 LPN: 64 LPT: 9 SPD: 43.00 SPDt: 0.00 TLT: -9.66 TLTt: -3.66 COUT: 41.88
 spP: -2.52 spI: -1.09 coP: -1.78 coD: 0.75 LPN: 65 LPT: 11 SPD: 42.00 SPDt: 0.00 TLT: -9.53 TLTt: -3.61 COUT: 40.85
 spP: -2.46 spI: -1.13 coP: -1.86 coD: -2.88 LPN: 66 LPT: 10 SPD: 41.00 SPDt: 0.00 TLT: -9.80 TLTt: -3.59 COUT: 36.11
 spP: -2.16 spI: -1.16 coP: -2.01 coD: -4.97 LPN: 67 LPT: 10 SPD: 36.00 SPDt: 0.00 TLT: -10.03 TLTt: -3.32 COUT: 29.13
 spP: -1.74 spI: -1.22 coP: -2.06 coD: -1.35 LPN: 68 LPT: 10 SPD: 29.00 SPDt: 0.00 TLT: -9.82 TLTt: -2.96 COUT: 25.72
 spP: -1.56 spI: -1.21 coP: -2.13 coD: -2.45 LPN: 69 LPT: 11 SPD: 26.00 SPDt: 0.00 TLT: -9.87 TLTt: -2.77 COUT: 21.14
 spP: -1.26 spI: -1.19 coP: -2.33 coD: -6.85 LPN: 70 LPT: 10 SPD: 21.00 SPDt: 0.00 TLT: -10.23 TLTt: -2.45 COUT: 11.96
 spP: -0.72 spI: -1.24 coP: -2.45 coD: -3.92 LPN: 71 LPT: 10 SPD: 12.00 SPDt: 0.00 TLT: -10.14 TLTt: -1.96 COUT: 5.59
 spP: -0.36 spI: -1.23 coP: -2.51 coD: -2.04 LPN: 72 LPT: 9 SPD: 6.00 SPDt: 0.00 TLT: -9.98 TLTt: -1.59 COUT: 1.04
 spP: -0.06 spI: -1.20 coP: -2.64 coD: -4.09 LPN: 73 LPT: 11 SPD: 1.00 SPDt: 0.00 TLT: -10.05 TLTt: -1.26 COUT: -5.69
 spP: 0.36 spI: -1.23 coP: -2.68 coD: -1.30 LPN: 74 LPT: 10 SPD: -6.00 SPDt: 0.00 TLT: -9.79 TLTt: -0.87 COUT: -9.67
 spP: 0.60 spI: -1.20 coP: -2.63 coD: 1.44 LPN: 75 LPT: 9 SPD: -10.00 SPDt: 0.00 TLT: -9.37 TLTt: -0.60 COUT: -10.86
 spP: 0.66 spI: -1.25 coP: -2.65 coD: -0.40 LPN: 76 LPT: 11 SPD: -11.00 SPDt: 0.00 TLT: -9.41 TLTt: -0.59 COUT: -13.91
 spP: 0.84 spI: -1.22 coP: -2.68 coD: -1.19 LPN: 77 LPT: 11 SPD: -14.00 SPDt: 0.00 TLT: -9.32 TLTt: -0.38 COUT: -17.77
 spP: 1.08 spI: -1.18 coP: -2.61 coD: 2.33 LPN: 78 LPT: 9 SPD: -18.00 SPDt: 0.00 TLT: -8.80 TLTt: -0.10 COUT: -18.06
 spP: 1.08 spI: -1.15 coP: -2.51 coD: 3.48 LPN: 79 LPT: 10 SPD: -18.00 SPDt: 0.00 TLT: -8.43 TLTt: -0.07 COUT: -17.09
 spP: 1.02 spI: -1.16 coP: -2.45 coD: 2.04 LPN: 80 LPT: 10 SPD: -17.00 SPDt: 0.00 TLT: -8.30 TLTt: -0.14 COUT: -17.49
 spP: 1.02 spI: -1.15 coP: -2.35 coD: 3.06 LPN: 81 LPT: 10 SPD: -17.00 SPDt: 0.00 TLT: -7.98 TLTt: -0.13 COUT: -16.79
 spP: 1.02 spI: -1.13 coP: -2.22 coD: 4.35 LPN: 82 LPT: 11 SPD: -17.00 SPDt: 0.00 TLT: -7.52 TLTt: -0.11 COUT: -14.66
 spP: 0.90 spI: -1.10 coP: -2.11 coD: 3.64 LPN: 83 LPT: 9 SPD: -15.00 SPDt: 0.00 TLT: -7.24 TLTt: -0.20 COUT: -13.13
 spP: 0.78 spI: -1.19 coP: -1.98 coD: 4.18 LPN: 84 LPT: 11 SPD: -13.00 SPDt: 0.00 TLT: -7.00 TLTt: -0.41 COUT: -10.93
 spP: 0.66 spI: -1.04 coP: -1.79 coD: 6.55 LPN: 85 LPT: 9 SPD: -11.00 SPDt: 0.00 TLT: -6.34 TLTt: -0.38 COUT: -6.16
 spP: 0.36 spI: -1.10 coP: -1.64 coD: 4.79 LPN: 86 LPT: 11 SPD: -6.00 SPDt: 0.00 TLT: -6.22 TLTt: -0.74 COUT: -3.02
 spP: 0.18 spI: -1.07 coP: -1.52 coD: 4.17 LPN: 87 LPT: 10 SPD: -3.00 SPDt: 0.00 TLT: -5.96 TLTt: -0.89 COUT: -0.36
 spP: 0.00 spI: -1.08 coP: -1.40 coD: 3.92 LPN: 88 LPT: 10 SPD: 0.00 SPDt: 0.00 TLT: -5.76 TLTt: -1.08 COUT: 2.15
 spP: -0.12 spI: -1.09 coP: -1.37 coD: 1.19 LPN: 89 LPT: 9 SPD: 2.00 SPDt: 0.00 TLT: -5.76 TLTt: -1.21 COUT: 1.97
 spP: -0.12 spI: -1.09 coP: -1.36 coD: 0.13 LPN: 90 LPT: 12 SPD: 2.00 SPDt: 0.00 TLT: -5.75 TLTt: -1.21 COUT: 0.74
 spP: -0.06 spI: -1.09 coP: -1.36 coD: 0.15 LPN: 91 LPT: 9 SPD: 1.00 SPDt: 0.00 TLT: -5.68 TLTt: -1.15 COUT: -0.47
 spP: 0.00 spI: -1.05 coP: -1.42 coD: -2.20 LPN: 92 LPT: 10 SPD: 0.00 SPDt: 0.00 TLT: -5.79 TLTt: -1.05 COUT: -4.08
 spP: 0.24 spI: -1.10 coP: -1.45 coD: -1.05 LPN: 93 LPT: 10 SPD: -4.00 SPDt: 0.00 TLT: -5.71 TLTt: -0.86 COUT: -6.59
 spP: 0.42 spI: -1.08 coP: -1.48 coD: -1.00 LPN: 94 LPT: 9 SPD: -7.00 SPDt: 0.00 TLT: -5.60 TLTt: -0.66 COUT: -9.07
 spP: 0.54 spI: -1.06 coP: -1.55 coD: -2.32 LPN: 95 LPT: 11 SPD: -9.00 SPDt: 0.00 TLT: -5.70 TLTt: -0.52 COUT: -12.94
 spP: 0.78 spI: -1.05 coP: -1.62 coD: -2.18 LPN: 96 LPT: 10 SPD: -13.00 SPDt: 0.00 TLT: -5.66 TLTt: -0.27 COUT: -16.74
 spP: 1.02 spI: -1.05 coP: -1.62 coD: -0.14 LPN: 97 LPT: 9 SPD: -17.00 SPDt: 0.00 TLT: -5.43 TLTt: -0.03 COUT: -18.50
 spP: 1.08 spI: -1.06 coP: -1.60 coD: 0.71 LPN: 98 LPT: 11 SPD: -18.00 SPDt: 0.00 TLT: -5.31 TLTt: 0.02 COUT: -19.39
 spP: 1.14 spI: -1.00 coP: -1.63 coD: -0.90 LPN: 99 LPT: 10 SPD: 19.00 SPDt: 0.00 TLT: -5.28 TLTt: 0.14 COUT: -21.92
 spP: 1.32 spI: -0.99 coP: -1.60 coD: 0.77 LPN: 100 LPT: 10 SPD: -22.00 SPDt: 0.00 TLT: -5.02 TLTt: 0.33 COUT: -22.75
 spP: 1.38 spI: -0.99 coP: -1.53 coD: 2.26 LPN: 101 LPT: 10 SPD: -23.00 SPDt: 0.00 TLT: -4.73 TLTt: 0.39 COUT: -22.02
 spP: 1.32 spI: -0.94 coP: -1.50 coD: 1.09 LPN: 102 LPT: 9 SPD: -22.00 SPDt: 0.00 TLT: -4.63 TLTt: 0.38 COUT: -22.44
 spP: 1.32 spI: -0.96 coP: -1.41 coD: 3.00 LPN: 103 LPT: 11 SPD: -22.00 SPDt: 0.00 TLT: -4.34 TLTt: 0.36 COUT: -20.86
 spP: 1.26 spI: -0.96 coP: -1.27 coD: 4.58 LPN: 104 LPT: 10 SPD: -21.00 SPDt: 0.00 TLT: -3.93 TLTt: 0.30 COUT: -17.55
 spP: 1.08 spI: -0.92 coP: -1.20 coD: 2.36 LPN: 105 LPT: 10 SPD: -18.00 SPDt: 0.00 TLT: -3.84 TLTt: 0.16 COUT: -16.38
 spP: 0.96 spI: -0.90 coP: -1.16 coD: 1.31 LPN: 106 LPT: 10 SPD: -16.00 SPDt: 0.00 TLT: -3.80 TLTt: 0.06 COUT: -16.23
 spP: 0.96 spI: -0.90 coP: -1.05 coD: 3.53 LPN: 107 LPT: 10 SPD: -16.00 SPDt: 0.00 TLT: -3.45 TLTt: 0.06 COUT: -13.76
 spP: 0.84 spI: -0.89 coP: -0.95 coD: 3.52 LPN: 108 LPT: 10 SPD: -14.00 SPDt: 0.00 TLT: -3.20 TLTt: -0.05 COUT: -11.18
 spP: 0.66 spI: -0.89 coP: -0.88 coD: 2.01 LPN: 109 LPT: 10 SPD: -11.00 SPDt: 0.00 TLT: -3.18 TLTt: -0.23 COUT: -10.06
 spP: 0.60 spI: -0.88 coP: -0.82 coD: 2.27 LPN: 110 LPT: 10 SPD: -10.00 SPDt: 0.00 TLT: -3.00 TLTt: -0.28 COUT: -8.61
 spP: 0.54 spI: -0.85 coP: -0.75 coD: 2.19 LPN: 111 LPT: 10 SPD: -9.00 SPDt: 0.00 TLT: -2.81 TLTt: -0.31 COUT: -7.17
 spP: 0.42 spI: -0.88 coP: -0.72 coD: 0.84 LPN: 112 LPT: 11 SPD: -7.00 SPDt: 0.00 TLT: -2.88 TLTt: -0.46 COUT: -7.05
 spP: 0.42 spI: -0.84 coP: -0.71 coD: 0.50 LPN: 113 LPT: 10 SPD: -7.00 SPDt: 0.00 TLT: -2.78 TLTt: -0.42 COUT: -7.26
 spP: 0.42 spI: -0.82 coP: -0.65 coD: 1.99 LPN: 114 LPT: 10 SPD: -7.00 SPDt: 0.00 TLT: -2.57 TLTt: -0.40 COUT: -5.92
 spP: 0.36 spI: -0.84 coP: -0.63 coD: 0.67 LPN: 115 LPT: 9 SPD: -6.00 SPDt: 0.00 TLT: -2.58 TLTt: -0.48 COUT: -5.88
 spP: 0.36 spI: -0.82 coP: -0.64 coD: -0.47 LPN: 116 LPT: 11 SPD: -6.00 SPDt: 0.00 TLT: -2.61 TLTt: -0.46 COUT: -6.99
 spP: 0.42 spI: -0.83 coP: -0.62 coD: 0.81 LPN: 117 LPT: 10 SPD: -7.00 SPDt: 0.00 TLT: -2.48 TLTt: -0.41 COUT: -6.79
 spP: 0.42 spI: -0.81 coP: -0.60 coD: 0.52 LPN: 118 LPT: 10 SPD: -7.00 SPDt: 0.00 TLT: -2.41 TLTt: -0.39 COUT: -6.87
 spP: 0.42 spI: -0.80 coP: -0.59 coD: 0.29 LPN: 119 LPT: 9 SPD: -7.00 SPDt: 0.00 TLT: -2.36 TLTt: -0.38 COUT: -7.17
 spP: 0.42 spI: -0.83 coP: -0.52 coD: 2.34 LPN: 120 LPT: 12 SPD: -7.00 SPDt: 0.00 TLT: -2.15 TLTt: -0.41 COUT: -5.35
 spP: 0.30 spI: -0.80 coP: -0.48 coD: 1.53 LPN: 121 LPT: 10 SPD: -5.00 SPDt: 0.00 TLT: -2.09 TLTt: -0.50 COUT: -4.30
 spP: 0.24 spI: -0.79 coP: -0.48 coD: -0.17 LPN: 122 LPT: 9 SPD: -4.00 SPDt: 0.00 TLT: -2.15 TLTt: -0.55 COUT: -4.95
 spP: 0.30 spI: -0.79 coP: -0.45 coD: 1.11 LPN: 123 LPT: 10 SPD: -5.00 SPDt: 0.00 TLT: -1.99 TLTt: -0.49 COUT: -4.29
 spP: 0.24 spI: -0.80 coP: -0.40 coD: 1.74 LPN: 124 LPT: 10 SPD: -4.00 SPDt: 0.00 TLT: -1.87 TLTt: -0.56 COUT: -2.94
 spP: 0.18 spI: -0.79 coP: -0.37 coD: 0.75 LPN: 125 LPT: 10 SPD: -3.00 SPDt: 0.00 TLT: -1.85 TLTt: -0.61 COUT: -2.56
 spP: 0.18 spI: -0.78 coP: -0.34 coD: 1.03 LPN: 126 LPT: 10 SPD: -3.00 SPDt: 0.00 TLT: -1.74 TLTt: -0.60 COUT: -1.87
 spP: 0.12 spI: -0.77 coP: -0.32 coD: 0.87 LPN: 127 LPT: 9 SPD: -2.00 SPDt: 0.00 TLT: -1.71 TLTt: -0.65 COUT: -1.32
 spP: 0.06 spI: -0.81 coP: -0.28 coD: 1.16 LPN: 128 LPT: 12 SPD: -1.00 SPDt: 0.00 TLT: -1.68 TLTt: -0.75 COUT: -0.44
 spP: 0.00 spI: -0.78 coP: -0.23 coD: 1.60 LPN: 129 LPT: 10 SPD: 0.00 SPDt: 0.00 TLT: -1.56 TLTt: -0.78 COUT: 0.93
 spP: -0.06 spI: -0.76 coP: -0.20 coD: 1.01 LPN: 130 LPT: 9 SPD: 1.00 SPDt: 0.00 TLT: -1.49 TLTt: -0.82 COUT: 1.74
 spP: -0.12 spI: -0.77 coP: -0.18 coD: 0.82 LPN: 131 LPT: 9 SPD: 2.00 SPDt: 0.00 TLT: -1.49 TLTt: -0.89 COUT: 2.37
 spP: -0.12 spI: -0.78 coP: -0.15 coD: 0.81 LPN: 132 LPT: 10 SPD: 2.00 SPDt: 0.00 TLT: -1.41 TLTt: -0.90 COUT: 3.03
 spP: -0.18 spI: -0.79 coP: -0.12 coD: 1.29 LPN: 133 LPT: 11 SPD: 3.00 SPDt: 0.00 TLT: -1.35 TLTt: -0.97 COUT: 4.20
 spP: -0.24 spI: -0.79 coP: -0.08 coD: 1.23 LPN: 134 LPT: 10 SPD: 4.00 SPDt: 0.00 TLT: -1.30 TLTt: -1.03 COUT: 5.35
 spP: -0.30 spI: -0.78 coP: -0.05 coD: 0.89 LPN: 135 LPT: 9 SPD: 5.00 SPDt: 0.00 TLT: -1.25 TLTt: -1.08 COUT: 6.18
 spP: -0.36 spI: -0.83 coP: -0.01 coD: 1.39 LPN: 136 LPT: 11 SPD: 6.00 SPDt: 0.00 TLT: -1.22 TLTt: -1.19 COUT: 7.56
 spP: -0.48 spI: -0.80 coP: 0.02 coD: 1.02 LPN: 137 LPT: 10 SPD: 8.00 SPDt: 0.00 TLT: -1.21 TLTt: -1.28 COUT: 8.61
 spP: -0.54 spI: -0.79 coP: 0.04 coD: 0.75 LPN: 138 LPT: 9 SPD: 9.00 SPDt: 0.00 TLT: -1.19 TLTt: -1.33 COUT: 9.40
 spP: -0.54 spI: -0.80 coP: 0.05 coD: 0.36 LPN: 139 LPT: 10 SPD: 9.00 SPDt: 0.00 TLT: -1.17 TLTt: -1.34 COUT: 9.81
 spP: -0.60 spI: -0.82 coP: 0.07 coD: 0.75 LPN: 140 LPT: 9 SPD: 10.00 SPDt: 0.00 TLT: -1.17 TLTt: -1.42 COUT: 10.63
 spP: -0.66 spI: -0.84 coP: 0.08 coD: 0.09 LPN: 141 LPT: 11 SPD: 11.00 SPDt: 0.00 TLT: -1.24 TLTt: -1.50 COUT: 10.80
 spP: -0.66 spI: -0.85 coP: 0.07 coD: -0.29 LPN: 142 LPT: 10 SPD: 11.00 SPDt: 0.00 TLT: -1.28 TLTt: -1.51 COUT: 10.58
 spP: -0.66 spI: -0.85 coP: 0.07 coD: 0.21 LPN: 143 LPT: 9 SPD: 11.00 SPDt: 0.00 TLT: -1.26 TLTt: -1.51 COUT: 10.86
 spP: -0.66 spI: -0.90 coP: 0.09 coD: 0.44 LPN: 144 LPT: 11 SPD: 11.00 SPDt: 0.00 TLT: -1.26 TLTt: -1.56 COUT: 11.40
 spP: -0.66 spI: -0.88 coP: 0.07 coD: -0.53 LPN: 145 LPT: 10 SPD: 11.00 SPDt: 0.00 TLT: -1.30 TLTt: -1.54 COUT: 10.94
 spP: -0.66 spI: -0.87 coP: 0.07 coD: -0.12 LPN: 146 LPT: 10 SPD: 11.00 SPDt: 0.00 TLT: -1.30 TLTt: -1.53 COUT: 10.89
 spP: -0.66 spI: -0.90 coP: 0.09 coD: 0.59 LPN: 147 LPT: 10 SPD: 11.00 SPDt: 0.00 TLT: -1.27 TLTt: -1.56 COUT: 11.56
 spP: -0.72 spI: -0.90 coP: 0.09 coD: 0.08 LPN: 148 LPT: 10 SPD: 12.00 SPDt: 0.00 TLT: -1.33 TLTt: -1.62 COUT: 11.73
 spP: -0.72 spI: -0.92 coP: 0.08 coD: -0.37 LPN: 149 LPT: 10 SPD: 12.00 SPDt: 0.00 TLT: -1.38 TLTt: -1.64 COUT: 11.44
 spP: -0.66 spI: -0.93 coP: 0.07 coD: -0.29 LPN: 150 LPT: 10 SPD: 11.00 SPDt: 0.00 TLT: -1.36 TLTt: -1.59 COUT: 11.22
 spP: -0.66 spI: -0.93 coP: 0.06 coD: -0.28 LPN: 151 LPT: 10 SPD: 11.00 SPDt: 0.00 TLT: -1.38 TLTt: -1.59 COUT: 11.00
 spP: -0.66 spI: -0.96 coP: 0.07 coD: 0.18 LPN: 152 LPT: 10 SPD: 11.00 SPDt: 0.00 TLT: -1.40 TLTt: -1.62 COUT: 11.25
 spP: -0.66 spI: -0.95 coP: 0.07 coD: 0.06 LPN: 153 LPT: 10 SPD: 11.00 SPDt: 0.00 TLT: -1.38 TLTt: -1.61 COUT: 11.38
 spP: -0.66 spI: -0.96 coP: 0.07 coD: 0.09 LPN: 154 LPT: 11 SPD: 11.00 SPDt: 0.00 TLT: -1.38 TLTt: -1.62 COUT: 11.54
 spP: -0.72 spI: -0.97 coP: 0.09 coD: 0.75 LPN: 155 LPT: 10 SPD: 12.00 SPDt: 0.00 TLT: -1.38 TLTt: -1.69 COUT: 12.39
 spP: -0.72 spI: -0.97 coP: 0.10 coD: 0.37 LPN: 156 LPT: 9 SPD: 12.00 SPDt: 0.00 TLT: -1.34 TLTt: -1.69 COUT: 12.86
 spP: -0.78 spI: -0.96 coP: 0.12 coD: 0.47 LPN: 157 LPT: 10 SPD: 13.00 SPDt: 0.00 TLT: -1.35 TLTt: -1.74 COUT: 13.46
 spP: -0.78 spI: -1.04 coP: 0.14 coD: 0.57 LPN: 158 LPT: 12 SPD: 13.00 SPDt: 0.00 TLT: -1.37 TLTt: -1.82 COUT: 14.16
 spP: -0.84 spI: -1.01 coP: 0.14 coD: 0.06 LPN: 159 LPT: 9 SPD: 14.00 SPDt: 0.00 TLT: -1.39 TLTt: -1.85 COUT: 14.36
 spP: -0.84 spI: -0.99 coP: 0.12 coD: -0.61 LPN: 160 LPT: 9 SPD: 14.00 SPDt: 0.00 TLT: -1.43 TLTt: -1.83 COUT: 13.87
 spP: -0.84 spI: -1.02 coP: 0.14 coD: 0.70 LPN: 161 LPT: 10 SPD: 14.00 SPDt: 0.00 TLT: -1.39 TLTt: -1.86 COUT: 14.71
 spP: -0.90 spI: -1.04 coP: 0.17 coD: 0.86 LPN: 162 LPT: 10 SPD: 15.00 SPDt: 0.00 TLT: -1.39 TLTt: -1.94 COUT: 15.73
 spP: -0.96 spI: -1.06 coP: 0.18 coD: 0.28 LPN: 163 LPT: 11 SPD: 16.00 SPDt: 0.00 TLT: -1.44 TLTt: -2.02 COUT: 16.19
 spP: -0.96 spI: -1.07 coP: 0.18 coD: 0.04 LPN: 164 LPT: 10 SPD: 16.00 SPDt: 0.00 TLT: -1.44 TLTt: -2.03 COUT: 16.41
 spP: -0.96 spI: -1.07 coP: 0.17 coD: -0.22 LPN: 165 LPT: 9 SPD: 16.00 SPDt: 0.00 TLT: -1.46 TLTt: -2.03 COUT: 16.36
 spP: -0.96 spI: -1.15 coP: 0.16 coD: -0.24 LPN: 166 LPT: 11 SPD: 16.00 SPDt: 0.00 TLT: -1.56 TLTt: -2.11 COUT: 16.29
 spP: -0.96 spI: -1.11 coP: 0.15 coD: -0.50 LPN: 167 LPT: 11 SPD: 16.00 SPDt: 0.00 TLT: -1.58 TLTt: -2.07 COUT: 15.94
 spP: -0.96 spI: -1.10 coP: 0.15 coD: 0.08 LPN: 168 LPT: 9 SPD: 16.00 SPDt: 0.00 TLT: -1.56 TLTt: -2.06 COUT: 16.17
 spP: -0.96 spI: -1.13 coP: 0.14 coD: -0.50 LPN: 169 LPT: 10 SPD: 16.00 SPDt: 0.00 TLT: -1.63 TLTt: -2.09 COUT: 15.81
 spP: -0.96 spI: -1.16 coP: 0.13 coD: -0.06 LPN: 170 LPT: 10 SPD: 16.00 SPDt: 0.00 TLT: -1.67 TLTt: -2.12 COUT: 15.89
 spP: -0.96 spI: -1.17 coP: 0.15 coD: 0.45 LPN: 171 LPT: 10 SPD: 16.00 SPDt: 0.00 TLT: -1.64 TLTt: -2.13 COUT: 16.48
 spP: -0.96 spI: -1.17 coP: 0.13 coD: -0.64 LPN: 172 LPT: 10 SPD: 16.00 SPDt: 0.00 TLT: -1.70 TLTt: -2.13 COUT: 15.97
 spP: -0.96 spI: -1.17 coP: 0.10 coD: -0.84 LPN: 173 LPT: 10 SPD: 16.00 SPDt: 0.00 TLT: -1.79 TLTt: -2.13 COUT: 15.23
 spP: -0.90 spI: -1.23 coP: 0.13 coD: 0.74 LPN: 174 LPT: 10 SPD: 15.00 SPDt: 0.00 TLT: -1.71 TLTt: -2.13 COUT: 16.10
 spP: -0.96 spI: -1.20 coP: 0.15 coD: 0.67 LPN: 175 LPT: 11 SPD: 16.00 SPDt: 0.00 TLT: -1.67 TLTt: -2.16 COUT: 16.92
 spP: -1.02 spI: -1.23 coP: 0.15 coD: 0.02 LPN: 176 LPT: 10 SPD: 17.00 SPDt: 0.00 TLT: -1.76 TLTt: -2.25 COUT: 17.09
 spP: -1.02 spI: -1.24 coP: 0.18 coD: 0.97 LPN: 177 LPT: 10 SPD: 17.00 SPDt: 0.00 TLT: -1.67 TLTt: -2.26 COUT: 18.24
 spP: -1.08 spI: -1.25 coP: 0.22 coD: 1.38 LPN: 178 LPT: 9 SPD: 18.00 SPDt: 0.00 TLT: -1.60 TLTt: -2.33 COUT: 19.84
 spP: -1.20 spI: -1.24 coP: 0.19 coD: -0.89 LPN: 179 LPT: 10 SPD: 20.00 SPDt: 0.00 TLT: -1.80 TLTt: -2.44 COUT: 19.14
 spP: -1.14 spI: -1.35 coP: 0.21 coD: 0.49 LPN: 180 LPT: 11 SPD: 19.00 SPDt: 0.00 TLT: -1.80 TLTt: -2.49 COUT: 19.84
 spP: -1.20 spI: -1.29 coP: 0.26 coD: 1.91 LPN: 181 LPT: 10 SPD: 20.00 SPDt: 0.00 TLT: -1.61 TLTt: -2.49 COUT: 22.02
 spP: -1.32 spI: -1.29 coP: 0.27 coD: 0.12 LPN: 182 LPT: 9 SPD: 22.00 SPDt: 0.00 TLT: -1.72 TLTt: -2.61 COUT: 22.41
 spP: -1.32 spI: -1.32 coP: 0.21 coD: -1.79 LPN: 183 LPT: 10 SPD: 22.00 SPDt: 0.00 TLT: -1.93 TLTt: -2.64 COUT: 20.84
 spP: -1.26 spI: -1.36 coP: 0.23 coD: 0.46 LPN: 184 LPT: 11 SPD: 21.00 SPDt: 0.00 TLT: -1.86 TLTt: -2.62 COUT: 21.52
 spP: -1.32 spI: -1.36 coP: 0.23 coD: 0.00 LPN: 185 LPT: 10 SPD: 22.00 SPDt: 0.00 TLT: -1.92 TLTt: -2.68 COUT: 21.75
 spP: -1.32 spI: -1.39 coP: 0.19 coD: -1.39 LPN: 186 LPT: 10 SPD: 22.00 SPDt: 0.00 TLT: -2.09 TLTt: -2.71 COUT: 20.55
 spP: -1.26 spI: -1.40 coP: 0.19 coD: 0.19 LPN: 187 LPT: 9 SPD: 21.00 SPDt: 0.00 TLT: -2.01 TLTt: -2.66 COUT: 20.93
 spP: -1.26 spI: -1.47 coP: 0.22 coD: 0.80 LPN: 188 LPT: 12 SPD: 21.00 SPDt: 0.00 TLT: -2.00 TLTt: -2.73 COUT: 21.94
 spP: -1.32 spI: -1.43 coP: 0.14 coD: -2.51 LPN: 189 LPT: 10 SPD: 22.00 SPDt: 0.00 TLT: -2.28 TLTt: -2.75 COUT: 19.58
 spP: -1.20 spI: -1.43 coP: 0.09 coD: -1.67 LPN: 190 LPT: 9 SPD: 20.00 SPDt: 0.00 TLT: -2.32 TLTt: -2.63 COUT: 18.00
 spP: -1.08 spI: -1.48 coP: 0.11 coD: 0.46 LPN: 191 LPT: 10 SPD: 18.00 SPDt: 0.00 TLT: -2.20 TLTt: -2.56 COUT: 18.57
 spP: -1.14 spI: -1.47 coP: 0.09 coD: -0.67 LPN: 192 LPT: 10 SPD: 19.00 SPDt: 0.00 TLT: -2.32 TLTt: -2.61 COUT: 17.99
 spP: -1.08 spI: -1.52 coP: 0.05 coD: -1.20 LPN: 193 LPT: 10 SPD: 18.00 SPDt: 0.00 TLT: -2.43 TLTt: -2.60 COUT: 16.85
 spP: -1.02 spI: -1.52 coP: 0.06 coD: 0.20 LPN: 194 LPT: 10 SPD: 17.00 SPDt: 0.00 TLT: -2.35 TLTt: -2.54 COUT: 17.10
 spP: -1.02 spI: -1.50 coP: 0.04 coD: -0.70 LPN: 195 LPT: 10 SPD: 17.00 SPDt: 0.00 TLT: -2.40 TLTt: -2.52 COUT: 16.44
 spP: -0.96 spI: -1.61 coP: 0.03 coD: -0.14 LPN: 196 LPT: 10 SPD: 16.00 SPDt: 0.00 TLT: -2.46 TLTt: -2.57 COUT: 16.33
 spP: -0.96 spI: -1.57 coP: 0.07 coD: 1.13 LPN: 197 LPT: 11 SPD: 16.00 SPDt: 0.00 TLT: -2.31 TLTt: -2.53 COUT: 17.52
 spP: -1.08 spI: -1.53 coP: 0.11 coD: 1.40 LPN: 198 LPT: 10 SPD: 18.00 SPDt: 0.00 TLT: -2.25 TLTt: -2.61 COUT: 19.04
 spP: -1.14 spI: -1.58 coP: 0.09 coD: -0.55 LPN: 199 LPT: 9 SPD: 19.00 SPDt: 0.00 TLT: -2.41 TLTt: -2.72 COUT: 18.57
 spP: -1.14 spI: -1.60 coP: 0.09 coD: 0.05 LPN: 200 LPT: 10 SPD: 19.00 SPDt: 0.00 TLT: -2.43 TLTt: -2.74 COUT: 18.71
 spP: -1.14 spI: -1.61 coP: 0.13 coD: 1.22 LPN: 201 LPT: 11 SPD: 19.00 SPDt: 0.00 TLT: -2.33 TLTt: -2.75 COUT: 20.06
 spP: -1.20 spI: -1.62 coP: 0.12 coD: -0.12 LPN: 202 LPT: 10 SPD: 20.00 SPDt: 0.00 TLT: -2.40 TLTt: -2.82 COUT: 20.06
 spP: -1.20 spI: -1.63 coP: 0.11 coD: -0.41 LPN: 203 LPT: 9 SPD: 20.00 SPDt: 0.00 TLT: -2.45 TLTt: -2.83 COUT: 19.77
 spP: -1.20 spI: -1.68 coP: 0.15 coD: 1.18 LPN: 204 LPT: 10 SPD: 20.00 SPDt: 0.00 TLT: -2.39 TLTt: -2.88 COUT: 21.09
 spP: -1.26 spI: -1.68 coP: 0.13 coD: -0.60 LPN: 205 LPT: 11 SPD: 21.00 SPDt: 0.00 TLT: -2.51 TLTt: -2.94 COUT: 20.62
 spP: -1.26 spI: -1.70 coP: 0.09 coD: -1.35 LPN: 206 LPT: 10 SPD: 21.00 SPDt: 0.00 TLT: -2.67 TLTt: -2.96 COUT: 19.36
 spP: -1.14 spI: -1.72 coP: 0.10 coD: 0.30 LPN: 207 LPT: 10 SPD: 19.00 SPDt: 0.00 TLT: -2.53 TLTt: -2.86 COUT: 19.76
 spP: -1.20 spI: -1.74 coP: 0.15 coD: 1.57 LPN: 208 LPT: 10 SPD: 20.00 SPDt: 0.00 TLT: -2.45 TLTt: -2.94 COUT: 21.48
 spP: -1.26 spI: -1.71 coP: 0.10 coD: -1.51 LPN: 209 LPT: 10 SPD: 21.00 SPDt: 0.00 TLT: -2.63 TLTt: -2.97 COUT: 20.07
 spP: -1.20 spI: -1.84 coP: 0.09 coD: -0.34 LPN: 210 LPT: 11 SPD: 20.00 SPDt: 0.00 TLT: -2.74 TLTt: -3.04 COUT: 19.82
 spP: -1.20 spI: -1.80 coP: 0.10 coD: 0.22 LPN: 211 LPT: 10 SPD: 20.00 SPDt: 0.00 TLT: -2.67 TLTt: -3.00 COUT: 20.14
 spP: -1.20 spI: -1.74 coP: 0.06 coD: -1.24 LPN: 212 LPT: 9 SPD: 20.00 SPDt: 0.00 TLT: -2.74 TLTt: -2.94 COUT: 18.95
 spP: -1.14 spI: -1.81 coP: 0.05 coD: -0.35 LPN: 213 LPT: 10 SPD: 19.00 SPDt: 0.00 TLT: -2.78 TLTt: -2.95 COUT: 18.65
 spP: -1.14 spI: -1.83 coP: 0.09 coD: 1.19 LPN: 214 LPT: 11 SPD: 19.00 SPDt: 0.00 TLT: -2.69 TLTt: -2.97 COUT: 19.92
 spP: -1.20 spI: -1.83 coP: 0.07 coD: -0.39 LPN: 215 LPT: 9 SPD: 20.00 SPDt: 0.00 TLT: -2.78 TLTt: -3.03 COUT: 19.61
 spP: -1.20 spI: -1.85 coP: 0.04 coD: -1.30 LPN: 216 LPT: 10 SPD: 20.00 SPDt: 0.00 TLT: -2.93 TLTt: -3.05 COUT: 18.34
 spP: -1.08 spI: -1.85 coP: 0.03 coD: -0.06 LPN: 217 LPT: 10 SPD: 18.00 SPDt: 0.00 TLT: -2.82 TLTt: -2.93 COUT: 18.32
 spP: -1.08 spI: -1.97 coP: 0.10 coD: 2.17 LPN: 218 LPT: 12 SPD: 18.00 SPDt: 0.00 TLT: -2.71 TLTt: -3.05 COUT: 20.59
 spP: -1.26 spI: -1.90 coP: 0.10 coD: -0.01 LPN: 219 LPT: 9 SPD: 21.00 SPDt: 0.00 TLT: -2.82 TLTt: -3.16 COUT: 20.68
 spP: -1.26 spI: -1.87 coP: 0.07 coD: -0.97 LPN: 220 LPT: 10 SPD: 21.00 SPDt: 0.00 TLT: -2.88 TLTt: -3.13 COUT: 19.79
 spP: -1.20 spI: -1.95 coP: 0.09 coD: 0.61 LPN: 221 LPT: 9 SPD: 20.00 SPDt: 0.00 TLT: -2.84 TLTt: -3.15 COUT: 20.49
 spP: -1.20 spI: -1.93 coP: 0.06 coD: -0.95 LPN: 222 LPT: 11 SPD: 20.00 SPDt: 0.00 TLT: -2.92 TLTt: -3.13 COUT: 19.60
 spP: -1.20 spI: -1.97 coP: 0.06 coD: -0.21 LPN: 223 LPT: 10 SPD: 20.00 SPDt: 0.00 TLT: -2.98 TLTt: -3.17 COUT: 19.45
 spP: -1.14 spI: -2.00 coP: 0.09 coD: 0.92 LPN: 224 LPT: 10 SPD: 19.00 SPDt: 0.00 TLT: -2.86 TLTt: -3.14 COUT: 20.46
 spP: -1.20 spI: -1.95 coP: 0.08 coD: -0.33 LPN: 225 LPT: 9 SPD: 20.00 SPDt: 0.00 TLT: -2.90 TLTt: -3.15 COUT: 20.20
 spP: -1.20 spI: -2.09 coP: 0.05 coD: -0.70 LPN: 226 LPT: 12 SPD: 20.00 SPDt: 0.00 TLT: -3.12 TLTt: -3.29 COUT: 19.56
 spP: -1.20 spI: -2.04 coP: 0.06 coD: 0.32 LPN: 227 LPT: 10 SPD: 20.00 SPDt: 0.00 TLT: -3.03 TLTt: -3.24 COUT: 19.94
 spP: -1.20 spI: -2.00 coP: 0.10 coD: 1.23 LPN: 228 LPT: 9 SPD: 20.00 SPDt: 0.00 TLT: -2.87 TLTt: -3.20 COUT: 21.26
 spP: -1.26 spI: -2.04 coP: 0.10 coD: -0.03 LPN: 229 LPT: 10 SPD: 21.00 SPDt: 0.00 TLT: -2.97 TLTt: -3.30 COUT: 21.33
 spP: -1.26 spI: -2.09 coP: 0.08 coD: -0.61 LPN: 230 LPT: 10 SPD: 21.00 SPDt: 0.00 TLT: -3.08 TLTt: -3.35 COUT: 20.80
 spP: -1.26 spI: -2.11 coP: 0.10 coD: 0.64 LPN: 231 LPT: 11 SPD: 21.00 SPDt: 0.00 TLT: -3.03 TLTt: -3.37 COUT: 21.54
 spP: -1.32 spI: -2.12 coP: 0.10 coD: 0.18 LPN: 232 LPT: 9 SPD: 22.00 SPDt: 0.00 TLT: -3.09 TLTt: -3.44 COUT: 21.82
 spP: -1.32 spI: -2.07 coP: 0.06 coD: -1.46 LPN: 233 LPT: 10 SPD: 22.00 SPDt: 0.00 TLT: -3.18 TLTt: -3.39 COUT: 20.43
 spP: -1.20 spI: -2.26 coP: 0.11 coD: 1.43 LPN: 234 LPT: 11 SPD: 20.00 SPDt: 0.00 TLT: -3.10 TLTt: -3.46 COUT: 21.96
 spP: -1.32 spI: -2.16 coP: 0.10 coD: -0.10 LPN: 235 LPT: 10 SPD: 22.00 SPDt: 0.00 TLT: -3.14 TLTt: -3.48 COUT: 21.96
 spP: -1.32 spI: -2.14 coP: 0.04 coD: -2.32 LPN: 236 LPT: 10 SPD: 22.00 SPDt: 0.00 TLT: -3.34 TLTt: -3.46 COUT: 19.68
 spP: -1.20 spI: -2.21 coP: 0.04 coD: 0.21 LPN: 237 LPT: 10 SPD: 20.00 SPDt: 0.00 TLT: -3.27 TLTt: -3.41 COUT: 19.94
 spP: -1.20 spI: -2.22 coP: 0.08 coD: 1.20 LPN: 238 LPT: 10 SPD: 20.00 SPDt: 0.00 TLT: -3.16 TLTt: -3.42 COUT: 21.21
 spP: -1.26 spI: -2.22 coP: 0.05 coD: -0.80 LPN: 239 LPT: 10 SPD: 21.00 SPDt: 0.00 TLT: -3.30 TLTt: -3.48 COUT: 20.47
 spP: -1.20 spI: -2.26 coP: 0.02 coD: -1.23 LPN: 240 LPT: 10 SPD: 20.00 SPDt: 0.00 TLT: -3.40 TLTt: -3.46 COUT: 19.26
 spP: -1.14 spI: -2.23 coP: 0.02 coD: 0.11 LPN: 241 LPT: 10 SPD: 19.00 SPDt: 0.00 TLT: -3.30 TLTt: -3.37 COUT: 19.39
 spP: -1.14 spI: -2.37 coP: 0.04 coD: 0.53 LPN: 242 LPT: 10 SPD: 19.00 SPDt: 0.00 TLT: -3.39 TLTt: -3.51 COUT: 19.96
 spP: -1.20 spI: -2.30 coP: -0.00 coD: -1.31 LPN: 243 LPT: 11 SPD: 20.00 SPDt: 0.00 TLT: -3.50 TLTt: -3.50 COUT: 18.64
 spP: -1.14 spI: -2.28 coP: 0.01 coD: 0.51 LPN: 244 LPT: 10 SPD: 19.00 SPDt: 0.00 TLT: -3.38 TLTt: -3.42 COUT: 19.17
 spP: -1.14 spI: -2.33 coP: 0.02 coD: 0.25 LPN: 245 LPT: 9 SPD: 19.00 SPDt: 0.00 TLT: -3.41 TLTt: -3.47 COUT: 19.44
 spP: -1.14 spI: -2.30 coP: -0.05 coD: -2.24 LPN: 246 LPT: 10 SPD: 19.00 SPDt: 0.00 TLT: -3.59 TLTt: -3.44 COUT: 17.16
 spP: -1.02 spI: -2.39 coP: -0.03 coD: 0.38 LPN: 247 LPT: 10 SPD: 17.00 SPDt: 0.00 TLT: -3.52 TLTt: -3.41 COUT: 17.50
 spP: -1.08 spI: -2.38 coP: 0.02 coD: 1.90 LPN: 248 LPT: 11 SPD: 18.00 SPDt: 0.00 TLT: -3.38 TLTt: -3.46 COUT: 19.42
 spP: -1.14 spI: -2.35 coP: -0.01 coD: -1.24 LPN: 249 LPT: 9 SPD: 19.00 SPDt: 0.00 TLT: -3.54 TLTt: -3.49 COUT: 18.18
 spP: -1.08 spI: -2.50 coP: -0.01 coD: 0.04 LPN: 250 LPT: 11 SPD: 18.00 SPDt: 0.00 TLT: -3.63 TLTt: -3.58 COUT: 18.20
 spP: -1.08 spI: -2.44 coP: 0.04 coD: 1.61 LPN: 251 LPT: 10 SPD: 18.00 SPDt: 0.00 TLT: -3.40 TLTt: -3.52 COUT: 19.85
 spP: -1.20 spI: -2.36 coP: 0.02 coD: -0.68 LPN: 252 LPT: 10 SPD: 20.00 SPDt: 0.00 TLT: -3.50 TLTt: -3.56 COUT: 19.19
 spP: -1.14 spI: -2.45 coP: -0.03 coD: -1.54 LPN: 253 LPT: 10 SPD: 19.00 SPDt: 0.00 TLT: -3.69 TLTt: -3.59 COUT: 17.62
 spP: -1.08 spI: -2.50 coP: 0.03 coD: 1.80 LPN: 254 LPT: 10 SPD: 18.00 SPDt: 0.00 TLT: -3.49 TLTt: -3.58 COUT: 19.45
 spP: -1.14 spI: -2.47 coP: 0.07 coD: 1.52 LPN: 255 LPT: 10 SPD: 19.00 SPDt: 0.00 TLT: -3.37 TLTt: -3.61 COUT: 21.04
 spP: -1.26 spI: -2.50 coP: 0.01 coD: -1.97 LPN: 256 LPT: 11 SPD: 21.00 SPDt: 0.00 TLT: -3.72 TLTt: -3.76 COUT: 19.09
 spP: -1.14 spI: -2.48 coP: -0.05 coD: -2.06 LPN: 257 LPT: 9 SPD: 19.00 SPDt: 0.00 TLT: -3.79 TLTt: -3.62 COUT: 16.98
 spP: -1.02 spI: -2.64 coP: 0.05 coD: 3.04 LPN: 258 LPT: 11 SPD: 17.00 SPDt: 0.00 TLT: -3.50 TLTt: -3.66 COUT: 20.06
 spP: -1.20 spI: -2.53 coP: 0.03 coD: -0.54 LPN: 259 LPT: 10 SPD: 20.00 SPDt: 0.00 TLT: -3.63 TLTt: -3.73 COUT: 19.55
 spP: -1.20 spI: -2.50 coP: -0.05 coD: -2.75 LPN: 260 LPT: 10 SPD: 20.00 SPDt: 0.00 TLT: -3.87 TLTt: -3.70 COUT: 16.75
 spP: -1.02 spI: -2.61 coP: -0.04 coD: 0.39 LPN: 261 LPT: 10 SPD: 17.00 SPDt: 0.00 TLT: -3.76 TLTt: -3.63 COUT: 17.10
 spP: -1.02 spI: -2.59 coP: -0.06 coD: -0.61 LPN: 262 LPT: 10 SPD: 17.00 SPDt: 0.00 TLT: -3.80 TLTt: -3.61 COUT: 16.43
 spP: -0.96 spI: -2.62 coP: -0.14 coD: -2.86 LPN: 263 LPT: 10 SPD: 16.00 SPDt: 0.00 TLT: -4.07 TLTt: -3.58 COUT: 13.42
 spP: -0.78 spI: -2.65 coP: -0.16 coD: -0.59 LPN: 264 LPT: 11 SPD: 13.00 SPDt: 0.00 TLT: -3.98 TLTt: -3.43 COUT: 12.67
 spP: -0.78 spI: -2.62 coP: -0.12 coD: 1.41 LPN: 265 LPT: 9 SPD: 13.00 SPDt: 0.00 TLT: -3.80 TLTt: -3.40 COUT: 13.96
 spP: -0.84 spI: -2.72 coP: -0.14 coD: -0.74 LPN: 266 LPT: 11 SPD: 14.00 SPDt: 0.00 TLT: -4.04 TLTt: -3.56 COUT: 13.07
 spP: -0.78 spI: -2.78 coP: -0.18 coD: -1.08 LPN: 267 LPT: 11 SPD: 13.00 SPDt: 0.00 TLT: -4.15 TLTt: -3.56 COUT: 11.82
 spP: -0.72 spI: -2.52 coP: -0.23 coD: -1.75 LPN: 268 LPT: 9 SPD: 12.00 SPDt: 0.00 TLT: -4.01 TLTt: -3.24 COUT: 9.84
 spP: -0.60 spI: -2.65 coP: -0.26 coD: -0.91 LPN: 269 LPT: 10 SPD: 10.00 SPDt: 0.00 TLT: -4.11 TLTt: -3.25 COUT: 8.67
 spP: -0.54 spI: -2.66 coP: -0.23 coD: 0.72 LPN: 270 LPT: 10 SPD: 9.00 SPDt: 0.00 TLT: -3.98 TLTt: -3.20 COUT: 9.15
 spP: -0.54 spI: -2.65 coP: -0.22 coD: 0.47 LPN: 271 LPT: 10 SPD: 9.00 SPDt: 0.00 TLT: -3.93 TLTt: -3.19 COUT: 9.40
 spP: -0.54 spI: -2.63 coP: -0.26 coD: -1.42 LPN: 272 LPT: 10 SPD: 9.00 SPDt: 0.00 TLT: -4.04 TLTt: -3.17 COUT: 7.72
 spP: -0.48 spI: -2.64 coP: -0.25 coD: 0.34 LPN: 273 LPT: 10 SPD: 8.00 SPDt: 0.00 TLT: -3.96 TLTt: -3.12 COUT: 7.81
 spP: -0.48 spI: -2.78 coP: -0.17 coD: 2.65 LPN: 274 LPT: 11 SPD: 8.00 SPDt: 0.00 TLT: -3.83 TLTt: -3.26 COUT: 10.29
 spP: -0.60 spI: -2.68 coP: -0.18 coD: -0.51 LPN: 275 LPT: 9 SPD: 10.00 SPDt: 0.00 TLT: -3.89 TLTt: -3.28 COUT: 9.60
 spP: -0.60 spI: -2.63 coP: -0.21 coD: -0.78 LPN: 276 LPT: 10 SPD: 10.00 SPDt: 0.00 TLT: -3.92 TLTt: -3.23 COUT: 8.61
 spP: -0.54 spI: -2.74 coP: -0.18 coD: 0.89 LPN: 277 LPT: 11 SPD: 9.00 SPDt: 0.00 TLT: -3.88 TLTt: -3.28 COUT: 9.32
 spP: -0.54 spI: -2.69 coP: -0.20 coD: -0.63 LPN: 278 LPT: 9 SPD: 9.00 SPDt: 0.00 TLT: -3.90 TLTt: -3.23 COUT: 8.50
 spP: -0.48 spI: -2.69 coP: -0.22 coD: -0.72 LPN: 279 LPT: 10 SPD: 8.00 SPDt: 0.00 TLT: -3.91 TLTt: -3.17 COUT: 7.55
 spP: -0.48 spI: -2.71 coP: -0.20 coD: 0.81 LPN: 280 LPT: 10 SPD: 8.00 SPDt: 0.00 TLT: -3.85 TLTt: -3.19 COUT: 8.17
 spP: -0.48 spI: -2.68 coP: -0.21 coD: -0.34 LPN: 281 LPT: 10 SPD: 8.00 SPDt: 0.00 TLT: -3.84 TLTt: -3.16 COUT: 7.62
 spP: -0.48 spI: -2.84 coP: -0.18 coD: 0.96 LPN: 282 LPT: 11 SPD: 8.00 SPDt: 0.00 TLT: -3.91 TLTt: -3.32 COUT: 8.41
 spP: -0.48 spI: -2.72 coP: -0.21 coD: -1.00 LPN: 283 LPT: 10 SPD: 8.00 SPDt: 0.00 TLT: -3.89 TLTt: -3.20 COUT: 7.20
 spP: -0.42 spI: -2.68 coP: -0.23 coD: -0.65 LPN: 284 LPT: 9 SPD: 7.00 SPDt: 0.00 TLT: -3.85 TLTt: -3.10 COUT: 6.32
 spP: -0.36 spI: -2.73 coP: -0.23 coD: -0.24 LPN: 285 LPT: 10 SPD: 6.00 SPDt: 0.00 TLT: -3.87 TLTt: -3.09 COUT: 5.85
 spP: -0.36 spI: -2.77 coP: -0.22 coD: 0.54 LPN: 286 LPT: 10 SPD: 6.00 SPDt: 0.00 TLT: -3.85 TLTt: -3.13 COUT: 6.18
 spP: -0.36 spI: -2.74 coP: -0.22 coD: -0.05 LPN: 287 LPT: 10 SPD: 6.00 SPDt: 0.00 TLT: -3.83 TLTt: -3.10 COUT: 5.91
 spP: -0.36 spI: -2.78 coP: -0.22 coD: -0.22 LPN: 288 LPT: 10 SPD: 6.00 SPDt: 0.00 TLT: -3.89 TLTt: -3.14 COUT: 5.46
 spP: -0.30 spI: -2.71 coP: -0.27 coD: -1.70 LPN: 289 LPT: 9 SPD: 5.00 SPDt: 0.00 TLT: -3.93 TLTt: -3.01 COUT: 3.49
 spP: -0.18 spI: -2.86 coP: -0.25 coD: 0.81 LPN: 290 LPT: 12 SPD: 3.00 SPDt: 0.00 TLT: -3.87 TLTt: -3.04 COUT: 4.05
 spP: -0.24 spI: -2.77 coP: -0.25 coD: -0.06 LPN: 291 LPT: 10 SPD: 4.00 SPDt: 0.00 TLT: -3.85 TLTt: -3.01 COUT: 3.74
 spP: -0.24 spI: -2.72 coP: -0.26 coD: -0.27 LPN: 292 LPT: 9 SPD: 4.00 SPDt: 0.00 TLT: -3.82 TLTt: -2.96 COUT: 3.21
 spP: -0.18 spI: -2.75 coP: -0.27 coD: -0.33 LPN: 293 LPT: 10 SPD: 3.00 SPDt: 0.00 TLT: -3.82 TLTt: -2.93 COUT: 2.61
 spP: -0.18 spI: -2.80 coP: -0.25 coD: 0.53 LPN: 294 LPT: 10 SPD: 3.00 SPDt: 0.00 TLT: -3.82 TLTt: -2.98 COUT: 2.89
 spP: -0.18 spI: -2.76 coP: -0.26 coD: -0.13 LPN: 295 LPT: 10 SPD: 3.00 SPDt: 0.00 TLT: -3.80 TLTt: -2.94 COUT: 2.51
 spP: -0.18 spI: -2.80 coP: -0.22 coD: 1.37 LPN: 296 LPT: 10 SPD: 3.00 SPDt: 0.00 TLT: -3.69 TLTt: -2.98 COUT: 3.66
 spP: -0.24 spI: -2.72 coP: -0.24 coD: -0.86 LPN: 297 LPT: 9 SPD: 4.00 SPDt: 0.00 TLT: -3.76 TLTt: -2.96 COUT: 2.56
 spP: -0.18 spI: -2.90 coP: -0.20 coD: 1.15 LPN: 298 LPT: 12 SPD: 3.00 SPDt: 0.00 TLT: -3.77 TLTt: -3.08 COUT: 3.50
 spP: -0.24 spI: -2.76 coP: -0.22 coD: -0.36 LPN: 299 LPT: 10 SPD: 4.00 SPDt: 0.00 TLT: -3.72 TLTt: -3.00 COUT: 2.93
 spP: -0.18 spI: -2.73 coP: -0.24 coD: -0.75 LPN: 300 LPT: 9 SPD: 3.00 SPDt: 0.00 TLT: -3.70 TLTt: -2.91 COUT: 1.94
 spP: -0.12 spI: -2.79 coP: -0.25 coD: -0.30 LPN: 301 LPT: 10 SPD: 2.00 SPDt: 0.00 TLT: -3.73 TLTt: -2.91 COUT: 1.39
 spP: -0.06 spI: -2.81 coP: -0.24 coD: 0.12 LPN: 302 LPT: 9 SPD: 1.00 SPDt: 0.00 TLT: -3.68 TLTt: -2.87 COUT: 1.27
 spP: -0.06 spI: -2.76 coP: -0.24 coD: 0.07 LPN: 303 LPT: 11 SPD: 1.00 SPDt: 0.00 TLT: -3.62 TLTt: -2.82 COUT: 1.10
 spP: -0.06 spI: -2.77 coP: -0.24 coD: -0.11 LPN: 304 LPT: 10 SPD: 1.00 SPDt: 0.00 TLT: -3.64 TLTt: -2.83 COUT: 0.76
 spP: -0.06 spI: -2.77 coP: -0.23 coD: 0.47 LPN: 305 LPT: 9 SPD: 1.00 SPDt: 0.00 TLT: -3.59 TLTt: -2.83 COUT: 1.00
 spP: -0.06 spI: -2.88 coP: -0.17 coD: 1.98 LPN: 306 LPT: 11 SPD: 1.00 SPDt: 0.00 TLT: -3.50 TLTt: -2.94 COUT: 2.80
 spP: -0.18 spI: -2.78 coP: -0.19 coD: -0.74 LPN: 307 LPT: 10 SPD: 3.00 SPDt: 0.00 TLT: -3.59 TLTt: -2.96 COUT: 1.87
 spP: -0.12 spI: -2.74 coP: -0.23 coD: -1.49 LPN: 308 LPT: 10 SPD: 2.00 SPDt: 0.00 TLT: -3.64 TLTt: -2.86 COUT: 0.14
 spP: 0.00 spI: -2.81 coP: -0.23 coD: 0.26 LPN: 309 LPT: 9 SPD: 0.00 SPDt: 0.00 TLT: -3.57 TLTt: -2.81 COUT: 0.18
 spP: 0.00 spI: -2.81 coP: -0.24 coD: -0.52 LPN: 310 LPT: 10 SPD: 0.00 SPDt: 0.00 TLT: -3.62 TLTt: -2.81 COUT: -0.59
 spP: 0.06 spI: -2.81 coP: -0.26 coD: -0.49 LPN: 311 LPT: 11 SPD: -1.00 SPDt: 0.00 TLT: -3.61 TLTt: -2.75 COUT: -1.33
 spP: 0.06 spI: -2.77 coP: -0.24 coD: 0.41 LPN: 312 LPT: 10 SPD: -1.00 SPDt: 0.00 TLT: -3.52 TLTt: -2.71 COUT: -1.17
 spP: 0.06 spI: -2.77 coP: -0.26 coD: -0.48 LPN: 313 LPT: 9 SPD: -1.00 SPDt: 0.00 TLT: -3.57 TLTt: -2.71 COUT: -1.91
 spP: 0.12 spI: -2.91 coP: -0.24 coD: 0.74 LPN: 314 LPT: 11 SPD: -2.00 SPDt: 0.00 TLT: -3.58 TLTt: -2.79 COUT: -1.41
 spP: 0.06 spI: -2.81 coP: -0.22 coD: 0.53 LPN: 315 LPT: 9 SPD: -1.00 SPDt: 0.00 TLT: -3.49 TLTt: -2.75 COUT: -1.10
 spP: 0.06 spI: -2.72 coP: -0.23 coD: -0.43 LPN: 316 LPT: 11 SPD: -1.00 SPDt: 0.00 TLT: -3.44 TLTt: -2.66 COUT: -1.76
 spP: 0.12 spI: -2.83 coP: -0.24 coD: -0.26 LPN: 317 LPT: 10 SPD: -2.00 SPDt: 0.00 TLT: -3.51 TLTt: -2.71 COUT: -2.26
 spP: 0.12 spI: -2.84 coP: -0.22 coD: 0.57 LPN: 318 LPT: 9 SPD: -2.00 SPDt: 0.00 TLT: -3.47 TLTt: -2.72 COUT: -1.92
 spP: 0.12 spI: -2.76 coP: -0.24 coD: -0.46 LPN: 319 LPT: 10 SPD: -2.00 SPDt: 0.00 TLT: -3.43 TLTt: -2.64 COUT: -2.61
 spP: 0.18 spI: -2.83 coP: -0.26 coD: -0.64 LPN: 320 LPT: 11 SPD: -3.00 SPDt: 0.00 TLT: -3.50 TLTt: -2.65 COUT: -3.51
 spP: 0.24 spI: -2.78 coP: -0.28 coD: -0.75 LPN: 321 LPT: 10 SPD: -4.00 SPDt: 0.00 TLT: -3.46 TLTt: -2.54 COUT: -4.54
 spP: 0.30 spI: -2.92 coP: -0.24 coD: 1.24 LPN: 322 LPT: 10 SPD: -5.00 SPDt: 0.00 TLT: -3.42 TLTt: -2.62 COUT: -3.54
 spP: 0.24 spI: -2.77 coP: -0.28 coD: -1.28 LPN: 323 LPT: 10 SPD: -4.00 SPDt: 0.00 TLT: -3.46 TLTt: -2.53 COUT: -5.10
 spP: 0.30 spI: -2.76 coP: -0.28 coD: 0.10 LPN: 324 LPT: 10 SPD: -5.00 SPDt: 0.00 TLT: -3.38 TLTt: -2.46 COUT: -5.27
 spP: 0.30 spI: -2.80 coP: -0.24 coD: 1.27 LPN: 325 LPT: 10 SPD: -5.00 SPDt: 0.00 TLT: -3.29 TLTt: -2.50 COUT: -4.24
 spP: 0.24 spI: -2.77 coP: -0.26 coD: -0.71 LPN: 326 LPT: 10 SPD: -4.00 SPDt: 0.00 TLT: -3.39 TLTt: -2.53 COUT: -5.21
 spP: 0.30 spI: -2.81 coP: -0.24 coD: 0.45 LPN: 327 LPT: 10 SPD: -5.00 SPDt: 0.00 TLT: -3.32 TLTt: -2.51 COUT: -5.01
 spP: 0.30 spI: -2.76 coP: -0.22 coD: 0.88 LPN: 328 LPT: 11 SPD: -5.00 SPDt: 0.00 TLT: -3.19 TLTt: -2.46 COUT: -4.35
 spP: 0.24 spI: -2.72 coP: -0.22 coD: -0.13 LPN: 329 LPT: 9 SPD: -4.00 SPDt: 0.00 TLT: -3.22 TLTt: -2.48 COUT: -4.71
