 spP: 0.00 spI: 0.00 coP: 11.41 coD: 158.35 LPN: 1 LPT: 8 SPD: 0.00 SPDt: 0.00 TLT: 38.05 TLTt: 0.00 COUT: 169.77
 spP: -3.00 spI: -0.03 coP: 12.33 coD: 23.88 LPN: 2 LPT: 12 SPD: 50.00 SPDt: 0.00 TLT: 38.06 TLTt: -3.03 COUT: 205.97
 spP: -6.00 spI: -0.06 coP: 12.98 coD: 16.23 LPN: 3 LPT: 14 SPD: 100.00 SPDt: 0.00 TLT: 37.21 TLTt: -6.06 COUT: 235.19
 spP: -9.00 spI: -0.09 coP: 13.28 coD: 7.72 LPN: 4 LPT: 13 SPD: 150.00 SPDt: 0.00 TLT: 35.16 TLTt: -9.09 COUT: 256.18
 spP: -12.00 spI: -0.12 coP: 13.62 coD: 8.99 LPN: 5 LPT: 12 SPD: 200.00 SPDt: 0.00 TLT: 33.27 TLTt: -12.12 COUT: 278.79
 spP: -15.00 spI: -0.16 coP: 13.68 coD: 1.54 LPN: 6 LPT: 14 SPD: 250.00 SPDt: 0.00 TLT: 30.44 TLTt: -15.16 COUT: 294.01
 spP: -17.64 spI: -0.19 coP: 13.31 coD: -9.45 LPN: 7 LPT: 12 SPD: 294.00 SPDt: 0.00 TLT: 26.54 TLTt: -17.83 COUT: 297.86
 spP: -17.88 spI: -0.23 coP: 12.29 coD: -24.41 LPN: 8 LPT: 15 SPD: 298.00 SPDt: 0.00 TLT: 22.87 TLTt: -18.11 COUT: 285.75
 spP: -17.16 spI: -0.28 coP: 10.86 coD: -33.44 LPN: 9 LPT: 14 SPD: 286.00 SPDt: 0.00 TLT: 18.75 TLTt: -17.44 COUT: 263.16
 spP: -15.78 spI: -0.29 coP: 9.46 coD: -35.19 LPN: 10 LPT: 13 SPD: 263.00 SPDt: 0.00 TLT: 15.46 TLTt: -16.07 COUT: 237.43
 spP: -14.22 spI: -0.32 coP: 8.23 coD: -31.04 LPN: 11 LPT: 13 SPD: 237.00 SPDt: 0.00 TLT: 12.90 TLTt: -14.54 COUT: 214.61
 spP: -12.90 spI: -0.35 coP: 7.10 coD: -28.82 LPN: 12 LPT: 14 SPD: 215.00 SPDt: 0.00 TLT: 10.42 TLTt: -13.25 COUT: 192.89
 spP: -11.58 spI: -0.36 coP: 6.15 coD: -25.05 LPN: 13 LPT: 12 SPD: 193.00 SPDt: 0.00 TLT: 8.56 TLTt: -11.94 COUT: 173.99
 spP: -10.44 spI: -0.42 coP: 5.37 coD: -19.31 LPN: 14 LPT: 14 SPD: 174.00 SPDt: 0.00 TLT: 7.02 TLTt: -10.86 COUT: 160.04
 spP: -9.60 spI: -0.46 coP: 4.69 coD: -16.23 LPN: 15 LPT: 14 SPD: 160.00 SPDt: 0.00 TLT: 5.58 TLTt: -10.06 COUT: 148.51
 spP: -8.94 spI: -0.46 coP: 4.18 coD: -13.20 LPN: 16 LPT: 12 SPD: 149.00 SPDt: 0.00 TLT: 4.55 TLTt: -9.40 COUT: 139.50
 spP: -8.34 spI: -0.49 coP: 3.72 coD: -12.22 LPN: 17 LPT: 13 SPD: 139.00 SPDt: 0.00 TLT: 3.57 TLTt: -8.83 COUT: 131.00
 spP: -7.86 spI: -0.52 coP: 3.36 coD: -9.41 LPN: 18 LPT: 12 SPD: 131.00 SPDt: 0.00 TLT: 2.82 TLTt: -8.38 COUT: 124.95
 spP: -7.50 spI: -0.54 coP: 3.07 coD: -7.81 LPN: 19 LPT: 13 SPD: 125.00 SPDt: 0.00 TLT: 2.20 TLTt: -8.04 COUT: 120.20
 spP: -7.20 spI: -0.60 coP: 2.83 coD: -6.10 LPN: 20 LPT: 13 SPD: 120.00 SPDt: 0.00 TLT: 1.62 TLTt: -7.80 COUT: 116.93
 spP: -7.02 spI: -0.65 coP: 2.65 coD: -4.33 LPN: 21 LPT: 13 SPD: 117.00 SPDt: 0.00 TLT: 1.17 TLTt: -7.67 COUT: 115.25
 spP: -6.90 spI: -0.64 coP: 2.47 coD: -4.79 LPN: 22 LPT: 14 SPD: 115.00 SPDt: 0.00 TLT: 0.70 TLTt: -7.54 COUT: 112.93
 spP: -6.78 spI: -0.66 coP: 2.31 coD: -4.34 LPN: 23 LPT: 12 SPD: 113.00 SPDt: 0.00 TLT: 0.25 TLTt: -7.44 COUT: 110.90
 spP: -6.66 spI: -0.69 coP: 2.18 coD: -3.33 LPN: 24 LPT: 12 SPD: 111.00 SPDt: 0.00 TLT: -0.08 TLTt: -7.35 COUT: 109.74
 spP: -6.60 spI: -0.72 coP: 2.04 coD: -3.66 LPN: 25 LPT: 13 SPD: 110.00 SPDt: 0.00 TLT: -0.50 TLTt: -7.32 COUT: 108.13
 spP: -6.48 spI: -0.74 coP: 1.91 coD: -3.74 LPN: 26 LPT: 12 SPD: 108.00 SPDt: 0.00 TLT: -0.87 TLTt: -7.22 COUT: 106.29
 spP: -6.36 spI: -0.78 coP: 1.81 coD: -2.67 LPN: 27 LPT: 13 SPD: 106.00 SPDt: 0.00 TLT: -1.13 TLTt: -7.14 COUT: 105.43
 spP: -6.30 spI: -0.81 coP: 1.70 coD: -2.78 LPN: 28 LPT: 12 SPD: 105.00 SPDt: 0.00 TLT: -1.44 TLTt: -7.11 COUT: 104.35
 spP: -6.24 spI: -0.84 coP: 1.60 coD: -2.80 LPN: 29 LPT: 13 SPD: 104.00 SPDt: 0.00 TLT: -1.76 TLTt: -7.08 COUT: 103.15
 spP: -6.18 spI: -0.81 coP: 1.49 coD: -3.09 LPN: 30 LPT: 11 SPD: 103.00 SPDt: 0.00 TLT: -2.04 TLTt: -6.99 COUT: 101.54
 spP: -6.12 spI: -0.94 coP: 1.38 coD: -2.61 LPN: 31 LPT: 13 SPD: 102.00 SPDt: 0.00 TLT: -2.45 TLTt: -7.06 COUT: 100.32
 spP: -6.00 spI: -0.93 coP: 1.25 coD: -3.46 LPN: 32 LPT: 13 SPD: 100.00 SPDt: 0.00 TLT: -2.75 TLTt: -6.93 COUT: 98.11
 spP: -5.88 spI: -0.96 coP: 1.16 coD: -2.59 LPN: 33 LPT: 13 SPD: 98.00 SPDt: 0.00 TLT: -2.98 TLTt: -6.84 COUT: 96.68
 spP: -5.82 spI: -0.98 coP: 1.05 coD: -3.04 LPN: 34 LPT: 12 SPD: 97.00 SPDt: 0.00 TLT: -3.32 TLTt: -6.80 COUT: 94.69
 spP: -5.70 spI: -1.00 coP: 0.93 coD: -3.12 LPN: 35 LPT: 11 SPD: 95.00 SPDt: 0.00 TLT: -3.60 TLTt: -6.70 COUT: 92.50
 spP: -5.58 spI: -1.08 coP: 0.82 coD: -2.83 LPN: 36 LPT: 14 SPD: 93.00 SPDt: 0.00 TLT: -3.92 TLTt: -6.66 COUT: 90.50
 spP: -5.40 spI: -1.07 coP: 0.69 coD: -3.64 LPN: 37 LPT: 12 SPD: 90.00 SPDt: 0.00 TLT: -4.18 TLTt: -6.47 COUT: 87.54
 spP: -5.28 spI: -1.10 coP: 0.61 coD: -2.19 LPN: 38 LPT: 12 SPD: 88.00 SPDt: 0.00 TLT: -4.36 TLTt: -6.38 COUT: 85.96
 spP: -5.16 spI: -1.13 coP: 0.50 coD: -2.92 LPN: 39 LPT: 13 SPD: 86.00 SPDt: 0.00 TLT: -4.63 TLTt: -6.29 COUT: 83.53
 spP: -5.04 spI: -1.15 coP: 0.38 coD: -3.10 LPN: 40 LPT: 12 SPD: 84.00 SPDt: 0.00 TLT: -4.92 TLTt: -6.19 COUT: 80.82
 spP: -4.86 spI: -1.23 coP: 0.28 coD: -2.55 LPN: 41 LPT: 13 SPD: 81.00 SPDt: 0.00 TLT: -5.15 TLTt: -6.09 COUT: 78.54
 spP: -4.74 spI: -1.21 coP: 0.15 coD: -3.64 LPN: 42 LPT: 12 SPD: 79.00 SPDt: 0.00 TLT: -5.45 TLTt: -5.95 COUT: 75.05
 spP: -4.50 spI: -1.24 coP: 0.01 coD: -3.65 LPN: 43 LPT: 13 SPD: 75.00 SPDt: 0.00 TLT: -5.69 TLTt: -5.74 COUT: 71.42
 spP: -4.26 spI: -1.27 coP: -0.09 coD: -2.75 LPN: 44 LPT: 12 SPD: 71.00 SPDt: 0.00 TLT: -5.82 TLTt: -5.53 COUT: 68.58
 spP: -4.14 spI: -1.29 coP: -0.16 coD: -2.04 LPN: 45 LPT: 12 SPD: 69.00 SPDt: 0.00 TLT: -5.97 TLTt: -5.43 COUT: 66.38
 spP: -3.96 spI: -1.39 coP: -0.25 coD: -2.22 LPN: 46 LPT: 14 SPD: 66.00 SPDt: 0.00 TLT: -6.17 TLTt: -5.35 COUT: 63.91
 spP: -3.84 spI: -1.36 coP: -0.33 coD: -2.28 LPN: 47 LPT: 12 SPD: 64.00 SPDt: 0.00 TLT: -6.30 TLTt: -5.20 COUT: 61.30
 spP: -3.66 spI: -1.38 coP: -0.45 coD: -3.30 LPN: 48 LPT: 12 SPD: 61.00 SPDt: 0.00 TLT: -6.55 TLTt: -5.04 COUT: 57.55
 spP: -3.48 spI: -1.42 coP: -0.52 coD: -1.94 LPN: 49 LPT: 13 SPD: 58.00 SPDt: 0.00 TLT: -6.65 TLTt: -4.90 COUT: 55.09
 spP: -3.30 spI: -1.44 coP: -0.61 coD: -2.41 LPN: 50 LPT: 11 SPD: 55.00 SPDt: 0.00 TLT: -6.78 TLTt: -4.74 COUT: 52.06
 spP: -3.12 spI: -1.53 coP: -0.70 coD: -2.40 LPN: 51 LPT: 13 SPD: 52.00 SPDt: 0.00 TLT: -7.00 TLTt: -4.65 COUT: 48.96
 spP: -2.94 spI: -1.51 coP: -0.79 coD: -2.34 LPN: 52 LPT: 12 SPD: 49.00 SPDt: 0.00 TLT: -7.08 TLTt: -4.45 COUT: 45.83
 spP: -2.76 spI: -1.53 coP: -0.90 coD: -3.06 LPN: 53 LPT: 13 SPD: 46.00 SPDt: 0.00 TLT: -7.30 TLTt: -4.29 COUT: 41.87
 spP: -2.52 spI: -1.56 coP: -1.03 coD: -3.32 LPN: 54 LPT: 12 SPD: 42.00 SPDt: 0.00 TLT: -7.50 TLTt: -4.08 COUT: 37.52
 spP: -2.28 spI: -1.58 coP: -1.08 coD: -1.44 LPN: 55 LPT: 12 SPD: 38.00 SPDt: 0.00 TLT: -7.46 TLTt: -3.86 COUT: 35.00
 spP: -2.10 spI: -1.69 coP: -1.16 coD: -2.11 LPN: 56 LPT: 13 SPD: 35.00 SPDt: 0.00 TLT: -7.65 TLTt: -3.79 COUT: 31.74
 spP: -1.92 spI: -1.65 coP: -1.25 coD: -2.38 LPN: 57 LPT: 12 SPD: 32.00 SPDt: 0.00 TLT: -7.72 TLTt: -3.57 COUT: 28.11
 spP: -1.68 spI: -1.67 coP: -1.32 coD: -2.11 LPN: 58 LPT: 12 SPD: 28.00 SPDt: 0.00 TLT: -7.77 TLTt: -3.35 COUT: 24.68
 spP: -1.50 spI: -1.70 coP: -1.44 coD: -3.02 LPN: 59 LPT: 12 SPD: 25.00 SPDt: 0.00 TLT: -7.99 TLTt: -3.20 COUT: 20.22
 spP: -1.20 spI: -1.71 coP: -1.49 coD: -1.54 LPN: 60 LPT: 13 SPD: 20.00 SPDt: 0.00 TLT: -7.88 TLTt: -2.91 COUT: 17.20
 spP: -1.02 spI: -1.81 coP: -1.53 coD: -1.12 LPN: 61 LPT: 13 SPD: 17.00 SPDt: 0.00 TLT: -7.94 TLTt: -2.83 COUT: 14.54
 spP: -0.90 spI: -1.75 coP: -1.64 coD: -2.88 LPN: 62 LPT: 12 SPD: 15.00 SPDt: 0.00 TLT: -8.12 TLTt: -2.65 COUT: 10.02
 spP: -0.60 spI: -1.75 coP: -1.69 coD: -1.30 LPN: 63 LPT: 12 SPD: 10.00 SPDt: 0.00 TLT: -7.98 TLTt: -2.35 COUT: 7.03
 spP: -0.42 spI: -1.75 coP: -1.76 coD: -2.05 LPN: 64 LPT: 12 SPD: 7.00 SPDt: 0.00 TLT: -8.05 TLTt: -2.17 COUT: 3.22
 spP: -0.18 spI: -1.74 coP: -1.86 coD: -2.74 LPN: 65 LPT: 12 SPD: 3.00 SPDt: 0.00 TLT: -8.12 TLTt: -1.92 COUT: -1.37
 spP: 0.06 spI: -1.83 coP: -1.85 coD: 0.30 LPN: 66 LPT: 12 SPD: -1.00 SPDt: 0.00 TLT: -7.94 TLTt: -1.77 COUT: -2.92
 spP: 0.18 spI: -1.73 coP: -1.95 coD: -2.85 LPN: 67 LPT: 13 SPD: -3.00 SPDt: 0.00 TLT: -8.06 TLTt: -1.55 COUT: -7.72
 spP: 0.48 spI: -1.73 coP: -2.06 coD: -2.94 LPN: 68 LPT: 12 SPD: -8.00 SPDt: 0.00 TLT: -8.11 TLTt: -1.25 COUT: -12.72
 spP: 0.78 spI: -1.73 coP: -2.12 coD: -1.68 LPN: 69 LPT: 12 SPD: -13.00 SPDt: 0.00 TLT: -8.02 TLTt: -0.95 COUT: -16.52
 spP: 1.02 spI: -1.73 coP: -2.16 coD: -1.18 LPN: 70 LPT: 13 SPD: -17.00 SPDt: 0.00 TLT: -7.92 TLTt: -0.71 COUT: -19.86
 spP: 1.20 spI: -1.79 coP: -2.16 coD: 0.01 LPN: 71 LPT: 12 SPD: -20.00 SPDt: 0.00 TLT: -7.80 TLTt: -0.59 COUT: -22.01
 spP: 1.32 spI: -1.68 coP: -2.17 coD: -0.19 LPN: 72 LPT: 12 SPD: -22.00 SPDt: 0.00 TLT: -7.60 TLTt: -0.36 COUT: -24.38
 spP: 1.44 spI: -1.66 coP: -2.21 coD: -1.00 LPN: 73 LPT: 12 SPD: -24.00 SPDt: 0.00 TLT: -7.58 TLTt: -0.22 COUT: -27.58
 spP: 1.68 spI: -1.64 coP: -2.27 coD: -1.73 LPN: 74 LPT: 13 SPD: -28.00 SPDt: 0.00 TLT: -7.52 TLTt: 0.04 COUT: -31.59
 spP: 1.92 spI: -1.61 coP: -2.26 coD: 0.31 LPN: 75 LPT: 12 SPD: -32.00 SPDt: 0.00 TLT: -7.22 TLTt: 0.31 COUT: -33.54
 spP: 2.04 spI: -1.65 coP: -2.30 coD: -1.00 LPN: 76 LPT: 13 SPD: -34.00 SPDt: 0.00 TLT: -7.26 TLTt: 0.39 COUT: -36.84
 spP: 2.22 spI: -1.55 coP: -2.33 coD: -0.97 LPN: 77 LPT: 13 SPD: -37.00 SPDt: 0.00 TLT: -7.10 TLTt: 0.67 COUT: -40.14
 spP: 2.40 spI: -1.52 coP: -2.30 coD: 0.90 LPN: 78 LPT: 12 SPD: -40.00 SPDt: 0.00 TLT: -6.79 TLTt: 0.88 COUT: -41.54
 spP: 2.52 spI: -1.49 coP: -2.37 coD: -1.90 LPN: 79 LPT: 12 SPD: -42.00 SPDt: 0.00 TLT: -6.87 TLTt: 1.03 COUT: -45.81
 spP: 2.76 spI: -1.46 coP: -2.36 coD: 0.28 LPN: 80 LPT: 11 SPD: -46.00 SPDt: 0.00 TLT: -6.57 TLTt: 1.30 COUT: -47.89
 spP: 2.88 spI: -1.49 coP: -2.33 coD: 0.71 LPN: 81 LPT: 14 SPD: -48.00 SPDt: 0.00 TLT: -6.39 TLTt: 1.39 COUT: -49.51
 spP: 3.00 spI: -1.40 coP: -2.38 coD: -1.37 LPN: 82 LPT: 12 SPD: -50.00 SPDt: 0.00 TLT: -6.35 TLTt: 1.60 COUT: -53.27
 spP: 3.18 spI: -1.38 coP: -2.34 coD: 1.27 LPN: 83 LPT: 12 SPD: -53.00 SPDt: 0.00 TLT: -5.98 TLTt: 1.80 COUT: -54.34
 spP: 3.24 spI: -1.34 coP: -2.31 coD: 0.77 LPN: 84 LPT: 13 SPD: -54.00 SPDt: 0.00 TLT: -5.79 TLTt: 1.90 COUT: -55.87
 spP: 3.36 spI: -1.31 coP: -2.33 coD: -0.67 LPN: 85 LPT: 12 SPD: -56.00 SPDt: 0.00 TLT: -5.73 TLTt: 2.05 COUT: -58.88
 spP: 3.54 spI: -1.34 coP: -2.27 coD: 1.69 LPN: 86 LPT: 12 SPD: -59.00 SPDt: 0.00 TLT: -5.36 TLTt: 2.20 COUT: -59.46
 spP: 3.54 spI: -1.25 coP: -2.25 coD: 0.53 LPN: 87 LPT: 12 SPD: -59.00 SPDt: 0.00 TLT: -5.20 TLTt: 2.29 COUT: -61.18
 spP: 3.66 spI: -1.23 coP: -2.27 coD: -0.53 LPN: 88 LPT: 13 SPD: -61.00 SPDt: 0.00 TLT: -5.13 TLTt: 2.43 COUT: -63.98
 spP: 3.84 spI: -1.20 coP: -2.24 coD: 0.89 LPN: 89 LPT: 12 SPD: -64.00 SPDt: 0.00 TLT: -4.81 TLTt: 2.64 COUT: -65.33
 spP: 3.90 spI: -1.17 coP: -2.19 coD: 1.21 LPN: 90 LPT: 12 SPD: -65.00 SPDt: 0.00 TLT: -4.57 TLTt: 2.73 COUT: -66.31
 spP: 3.96 spI: -1.19 coP: -2.15 coD: 1.07 LPN: 91 LPT: 14 SPD: -66.00 SPDt: 0.00 TLT: -4.39 TLTt: 2.77 COUT: -67.39
 spP: 4.02 spI: -1.11 coP: -2.08 coD: 2.00 LPN: 92 LPT: 12 SPD: -67.00 SPDt: 0.00 TLT: -4.01 TLTt: 2.91 COUT: -67.47
 spP: 4.02 spI: -1.07 coP: -2.05 coD: 0.68 LPN: 93 LPT: 12 SPD: -67.00 SPDt: 0.00 TLT: -3.89 TLTt: 2.95 COUT: -68.84
 spP: 4.14 spI: -1.05 coP: -2.04 coD: 0.27 LPN: 94 LPT: 13 SPD: -69.00 SPDt: 0.00 TLT: -3.72 TLTt: 3.09 COUT: -70.61
 spP: 4.26 spI: -1.02 coP: -1.98 coD: 1.75 LPN: 95 LPT: 12 SPD: -71.00 SPDt: 0.00 TLT: -3.35 TLTt: 3.24 COUT: -70.83
 spP: 4.26 spI: -1.03 coP: -1.92 coD: 1.40 LPN: 96 LPT: 12 SPD: -71.00 SPDt: 0.00 TLT: -3.18 TLTt: 3.23 COUT: -71.35
 spP: 4.26 spI: -0.96 coP: -1.87 coD: 1.33 LPN: 97 LPT: 12 SPD: -71.00 SPDt: 0.00 TLT: -2.94 TLTt: 3.30 COUT: -71.90
 spP: 4.32 spI: -0.94 coP: -1.83 coD: 1.12 LPN: 98 LPT: 13 SPD: -72.00 SPDt: 0.00 TLT: -2.72 TLTt: 3.38 COUT: -72.61
 spP: 4.38 spI: -0.91 coP: -1.81 coD: 0.54 LPN: 99 LPT: 12 SPD: -73.00 SPDt: 0.00 TLT: -2.57 TLTt: 3.47 COUT: -73.88
 spP: 4.44 spI: -0.87 coP: -1.74 coD: 1.88 LPN: 100 LPT: 12 SPD: -74.00 SPDt: 0.00 TLT: -2.24 TLTt: 3.57 COUT: -73.74
 spP: 4.44 spI: -0.89 coP: -1.68 coD: 1.69 LPN: 101 LPT: 14 SPD: -74.00 SPDt: 0.00 TLT: -2.04 TLTt: 3.55 COUT: -73.73
 spP: 4.44 spI: -0.89 coP: -1.63 coD: 1.15 LPN: 102 LPT: 13 SPD: -74.00 SPDt: 0.00 TLT: -1.88 TLTt: 3.55 COUT: -74.21
 spP: 4.44 spI: -0.79 coP: -1.58 coD: 1.44 LPN: 103 LPT: 12 SPD: -74.00 SPDt: 0.00 TLT: -1.61 TLTt: 3.65 COUT: -74.35
 spP: 4.44 spI: -0.75 coP: -1.53 coD: 1.39 LPN: 104 LPT: 12 SPD: -74.00 SPDt: 0.00 TLT: -1.41 TLTt: 3.69 COUT: -74.49
 spP: 4.44 spI: -0.73 coP: -1.47 coD: 1.60 LPN: 105 LPT: 13 SPD: -74.00 SPDt: 0.00 TLT: -1.18 TLTt: 3.71 COUT: -74.35
 spP: 4.44 spI: -0.70 coP: -1.39 coD: 2.01 LPN: 106 LPT: 12 SPD: -74.00 SPDt: 0.00 TLT: -0.90 TLTt: 3.74 COUT: -73.73
 spP: 4.44 spI: -0.70 coP: -1.35 coD: 1.07 LPN: 107 LPT: 12 SPD: -74.00 SPDt: 0.00 TLT: -0.77 TLTt: 3.74 COUT: -74.01
 spP: 4.44 spI: -0.64 coP: -1.30 coD: 1.55 LPN: 108 LPT: 13 SPD: -74.00 SPDt: 0.00 TLT: -0.51 TLTt: 3.80 COUT: -73.76
 spP: 4.44 spI: -0.61 coP: -1.23 coD: 1.66 LPN: 109 LPT: 13 SPD: -74.00 SPDt: 0.00 TLT: -0.28 TLTt: 3.83 COUT: -73.33
 spP: 4.38 spI: -0.59 coP: -1.18 coD: 1.50 LPN: 110 LPT: 12 SPD: -73.00 SPDt: 0.00 TLT: -0.13 TLTt: 3.79 COUT: -73.01
 spP: 4.38 spI: -0.55 coP: -1.13 coD: 1.23 LPN: 111 LPT: 11 SPD: -73.00 SPDt: 0.00 TLT: 0.05 TLTt: 3.83 COUT: -72.91
 spP: 4.38 spI: -0.54 coP: -1.09 coD: 1.14 LPN: 112 LPT: 14 SPD: -73.00 SPDt: 0.00 TLT: 0.21 TLTt: 3.84 COUT: -72.86
 spP: 4.38 spI: -0.49 coP: -1.05 coD: 1.08 LPN: 113 LPT: 12 SPD: -73.00 SPDt: 0.00 TLT: 0.39 TLTt: 3.89 COUT: -72.83
 spP: 4.38 spI: -0.46 coP: -0.98 coD: 1.78 LPN: 114 LPT: 12 SPD: -73.00 SPDt: 0.00 TLT: 0.64 TLTt: 3.92 COUT: -72.03
 spP: 4.32 spI: -0.44 coP: -0.91 coD: 1.98 LPN: 115 LPT: 14 SPD: -72.00 SPDt: 0.00 TLT: 0.85 TLTt: 3.88 COUT: -70.96
 spP: 4.26 spI: -0.41 coP: -0.84 coD: 1.74 LPN: 116 LPT: 11 SPD: -71.00 SPDt: 0.00 TLT: 1.04 TLTt: 3.85 COUT: -70.06
 spP: 4.20 spI: -0.39 coP: -0.75 coD: 2.39 LPN: 117 LPT: 13 SPD: -70.00 SPDt: 0.00 TLT: 1.30 TLTt: 3.81 COUT: -68.42
 spP: 4.08 spI: -0.35 coP: -0.67 coD: 2.17 LPN: 118 LPT: 13 SPD: -68.00 SPDt: 0.00 TLT: 1.50 TLTt: 3.73 COUT: -66.92
 spP: 4.02 spI: -0.32 coP: -0.61 coD: 1.52 LPN: 119 LPT: 13 SPD: -67.00 SPDt: 0.00 TLT: 1.66 TLTt: 3.70 COUT: -66.01
 spP: 3.96 spI: -0.29 coP: -0.57 coD: 1.24 LPN: 120 LPT: 12 SPD: -66.00 SPDt: 0.00 TLT: 1.78 TLTt: 3.67 COUT: -65.34
 spP: 3.90 spI: -0.26 coP: -0.53 coD: 1.03 LPN: 121 LPT: 11 SPD: -65.00 SPDt: 0.00 TLT: 1.88 TLTt: 3.64 COUT: -64.84
 spP: 3.90 spI: -0.24 coP: -0.47 coD: 1.50 LPN: 122 LPT: 14 SPD: -65.00 SPDt: 0.00 TLT: 2.09 TLTt: 3.66 COUT: -63.80
 spP: 3.84 spI: -0.20 coP: -0.42 coD: 1.51 LPN: 123 LPT: 12 SPD: -64.00 SPDt: 0.00 TLT: 2.26 TLTt: 3.64 COUT: -62.71
 spP: 3.78 spI: -0.17 coP: -0.37 coD: 1.29 LPN: 124 LPT: 13 SPD: -63.00 SPDt: 0.00 TLT: 2.39 TLTt: 3.61 COUT: -61.79
 spP: 3.72 spI: -0.14 coP: -0.32 coD: 1.32 LPN: 125 LPT: 13 SPD: -62.00 SPDt: 0.00 TLT: 2.52 TLTt: 3.58 COUT: -60.79
 spP: 3.66 spI: -0.11 coP: -0.27 coD: 1.18 LPN: 126 LPT: 11 SPD: -61.00 SPDt: 0.00 TLT: 2.64 TLTt: 3.55 COUT: -59.88
 spP: 3.60 spI: -0.08 coP: -0.19 coD: 2.12 LPN: 127 LPT: 14 SPD: -60.00 SPDt: 0.00 TLT: 2.88 TLTt: 3.52 COUT: -57.95
 spP: 3.48 spI: -0.05 coP: -0.12 coD: 1.78 LPN: 128 LPT: 14 SPD: -58.00 SPDt: 0.00 TLT: 3.03 TLTt: 3.43 COUT: -56.29
 spP: 3.36 spI: -0.02 coP: -0.05 coD: 1.98 LPN: 129 LPT: 12 SPD: -56.00 SPDt: 0.00 TLT: 3.19 TLTt: 3.34 COUT: -54.35
 spP: 3.24 spI: 0.01 coP: 0.02 coD: 1.78 LPN: 130 LPT: 12 SPD: -54.00 SPDt: 0.00 TLT: 3.32 TLTt: 3.25 COUT: -52.56
 spP: 3.18 spI: 0.04 coP: 0.06 coD: 0.98 LPN: 131 LPT: 12 SPD: -53.00 SPDt: 0.00 TLT: 3.41 TLTt: 3.22 COUT: -51.52
 spP: 3.12 spI: 0.07 coP: 0.12 coD: 1.70 LPN: 132 LPT: 12 SPD: -52.00 SPDt: 0.00 TLT: 3.58 TLTt: 3.19 COUT: -49.70
 spP: 3.00 spI: 0.10 coP: 0.18 coD: 1.46 LPN: 133 LPT: 13 SPD: -50.00 SPDt: 0.00 TLT: 3.69 TLTt: 3.10 COUT: -48.06
 spP: 2.88 spI: 0.14 coP: 0.24 coD: 1.56 LPN: 134 LPT: 13 SPD: -48.00 SPDt: 0.00 TLT: 3.81 TLTt: 3.02 COUT: -46.26
 spP: 2.76 spI: 0.16 coP: 0.32 coD: 2.12 LPN: 135 LPT: 13 SPD: -46.00 SPDt: 0.00 TLT: 3.97 TLTt: 2.92 COUT: -43.83
 spP: 2.64 spI: 0.19 coP: 0.36 coD: 1.21 LPN: 136 LPT: 12 SPD: -44.00 SPDt: 0.00 TLT: 4.03 TLTt: 2.83 COUT: -42.26
 spP: 2.52 spI: 0.22 coP: 0.40 coD: 0.97 LPN: 137 LPT: 12 SPD: -42.00 SPDt: 0.00 TLT: 4.05 TLTt: 2.74 COUT: -40.90
 spP: 2.46 spI: 0.25 coP: 0.46 coD: 1.70 LPN: 138 LPT: 12 SPD: -41.00 SPDt: 0.00 TLT: 4.23 TLTt: 2.71 COUT: -38.75
 spP: 2.34 spI: 0.29 coP: 0.47 coD: 0.27 LPN: 139 LPT: 14 SPD: -39.00 SPDt: 0.00 TLT: 4.19 TLTt: 2.63 COUT: -38.01
 spP: 2.28 spI: 0.33 coP: 0.53 coD: 1.52 LPN: 140 LPT: 13 SPD: -38.00 SPDt: 0.00 TLT: 4.38 TLTt: 2.61 COUT: -35.96
 spP: 2.16 spI: 0.33 coP: 0.57 coD: 1.14 LPN: 141 LPT: 12 SPD: -36.00 SPDt: 0.00 TLT: 4.40 TLTt: 2.49 COUT: -34.25
 spP: 2.04 spI: 0.36 coP: 0.64 coD: 1.82 LPN: 142 LPT: 13 SPD: -34.00 SPDt: 0.00 TLT: 4.53 TLTt: 2.40 COUT: -31.80
 spP: 1.92 spI: 0.39 coP: 0.67 coD: 0.91 LPN: 143 LPT: 12 SPD: -32.00 SPDt: 0.00 TLT: 4.55 TLTt: 2.31 COUT: -30.22
 spP: 1.80 spI: 0.42 coP: 0.73 coD: 1.71 LPN: 144 LPT: 11 SPD: -30.00 SPDt: 0.00 TLT: 4.66 TLTt: 2.22 COUT: -27.78
 spP: 1.68 spI: 0.47 coP: 0.77 coD: 0.90 LPN: 145 LPT: 13 SPD: -28.00 SPDt: 0.00 TLT: 4.71 TLTt: 2.15 COUT: -26.10
 spP: 1.56 spI: 0.51 coP: 0.79 coD: 0.48 LPN: 146 LPT: 14 SPD: -26.00 SPDt: 0.00 TLT: 4.70 TLTt: 2.07 COUT: -24.84
 spP: 1.50 spI: 0.50 coP: 0.86 coD: 2.05 LPN: 147 LPT: 12 SPD: -25.00 SPDt: 0.00 TLT: 4.88 TLTt: 2.00 COUT: -21.93
 spP: 1.32 spI: 0.52 coP: 0.87 coD: 0.19 LPN: 148 LPT: 12 SPD: -22.00 SPDt: 0.00 TLT: 4.74 TLTt: 1.84 COUT: -20.87
 spP: 1.26 spI: 0.54 coP: 0.93 coD: 1.78 LPN: 149 LPT: 13 SPD: -21.00 SPDt: 0.00 TLT: 4.91 TLTt: 1.80 COUT: -18.16
 spP: 1.08 spI: 0.56 coP: 1.04 coD: 2.88 LPN: 150 LPT: 12 SPD: -18.00 SPDt: 0.00 TLT: 5.10 TLTt: 1.64 COUT: -14.24
 spP: 0.84 spI: 0.57 coP: 1.06 coD: 0.45 LPN: 151 LPT: 11 SPD: -14.00 SPDt: 0.00 TLT: 4.93 TLTt: 1.41 COUT: -12.73
 spP: 0.78 spI: 0.58 coP: 1.10 coD: 1.16 LPN: 152 LPT: 12 SPD: -13.00 SPDt: 0.00 TLT: 5.02 TLTt: 1.36 COUT: -10.47
 spP: 0.60 spI: 0.59 coP: 1.17 coD: 1.88 LPN: 153 LPT: 13 SPD: -10.00 SPDt: 0.00 TLT: 5.08 TLTt: 1.19 COUT: -7.43
 spP: 0.42 spI: 0.59 coP: 1.16 coD: -0.15 LPN: 154 LPT: 12 SPD: -7.00 SPDt: 0.00 TLT: 4.88 TLTt: 1.01 COUT: -6.41
 spP: 0.36 spI: 0.57 coP: 1.16 coD: 0.01 LPN: 155 LPT: 11 SPD: -6.00 SPDt: 0.00 TLT: 4.80 TLTt: 0.93 COUT: -5.24
 spP: 0.30 spI: 0.63 coP: 1.19 coD: 0.78 LPN: 156 LPT: 14 SPD: -5.00 SPDt: 0.00 TLT: 4.90 TLTt: 0.93 COUT: -3.27
 spP: 0.18 spI: 0.66 coP: 1.21 coD: 0.51 LPN: 157 LPT: 12 SPD: -3.00 SPDt: 0.00 TLT: 4.87 TLTt: 0.84 COUT: -1.55
 spP: 0.12 spI: 0.61 coP: 1.28 coD: 1.90 LPN: 158 LPT: 12 SPD: -2.00 SPDt: 0.00 TLT: 5.00 TLTt: 0.73 COUT: 1.63
 spP: -0.12 spI: 0.60 coP: 1.32 coD: 1.25 LPN: 159 LPT: 13 SPD: 2.00 SPDt: 0.00 TLT: 4.90 TLTt: 0.48 COUT: 4.20
 spP: -0.24 spI: 0.60 coP: 1.30 coD: -0.58 LPN: 160 LPT: 11 SPD: 4.00 SPDt: 0.00 TLT: 4.70 TLTt: 0.36 COUT: 4.93
 spP: -0.30 spI: 0.59 coP: 1.32 coD: 0.33 LPN: 161 LPT: 12 SPD: 5.00 SPDt: 0.00 TLT: 4.68 TLTt: 0.29 COUT: 6.57
 spP: -0.42 spI: 0.63 coP: 1.30 coD: -0.29 LPN: 162 LPT: 13 SPD: 7.00 SPDt: 0.00 TLT: 4.56 TLTt: 0.21 COUT: 7.59
 spP: -0.48 spI: 0.63 coP: 1.34 coD: 0.97 LPN: 163 LPT: 13 SPD: 8.00 SPDt: 0.00 TLT: 4.63 TLTt: 0.15 COUT: 9.90
 spP: -0.60 spI: 0.57 coP: 1.38 coD: 1.05 LPN: 164 LPT: 12 SPD: 10.00 SPDt: 0.00 TLT: 4.57 TLTt: -0.03 COUT: 12.33
 spP: -0.72 spI: 0.57 coP: 1.42 coD: 0.97 LPN: 165 LPT: 12 SPD: 12.00 SPDt: 0.00 TLT: 4.56 TLTt: -0.15 COUT: 14.72
 spP: -0.90 spI: 0.55 coP: 1.47 coD: 1.60 LPN: 166 LPT: 13 SPD: 15.00 SPDt: 0.00 TLT: 4.57 TLTt: -0.35 COUT: 17.79
 spP: -1.08 spI: 0.53 coP: 1.51 coD: 1.12 LPN: 167 LPT: 12 SPD: 18.00 SPDt: 0.00 TLT: 4.50 TLTt: -0.55 COUT: 20.43
 spP: -1.20 spI: 0.52 coP: 1.54 coD: 0.55 LPN: 168 LPT: 12 SPD: 20.00 SPDt: 0.00 TLT: 4.44 TLTt: -0.68 COUT: 22.51
 spP: -1.38 spI: 0.49 coP: 1.53 coD: -0.23 LPN: 169 LPT: 12 SPD: 23.00 SPDt: 0.00 TLT: 4.20 TLTt: -0.89 COUT: 23.81
 spP: -1.44 spI: 0.47 coP: 1.52 coD: -0.13 LPN: 170 LPT: 13 SPD: 24.00 SPDt: 0.00 TLT: 4.10 TLTt: -0.97 COUT: 25.20
 spP: -1.50 spI: 0.45 coP: 1.51 coD: -0.45 LPN: 171 LPT: 12 SPD: 25.00 SPDt: 0.00 TLT: 3.97 TLTt: -1.05 COUT: 26.25
 spP: -1.56 spI: 0.40 coP: 1.43 coD: -2.03 LPN: 172 LPT: 11 SPD: 26.00 SPDt: 0.00 TLT: 3.63 TLTt: -1.16 COUT: 25.66
 spP: -1.56 spI: 0.41 coP: 1.42 coD: -0.30 LPN: 173 LPT: 14 SPD: 26.00 SPDt: 0.00 TLT: 3.60 TLTt: -1.15 COUT: 26.78
 spP: -1.62 spI: 0.41 coP: 1.40 coD: -0.63 LPN: 174 LPT: 12 SPD: 27.00 SPDt: 0.00 TLT: 3.44 TLTt: -1.21 COUT: 27.54
 spP: -1.68 spI: 0.34 coP: 1.33 coD: -1.85 LPN: 175 LPT: 12 SPD: 28.00 SPDt: 0.00 TLT: 3.10 TLTt: -1.34 COUT: 27.03
 spP: -1.62 spI: 0.32 coP: 1.32 coD: -0.15 LPN: 176 LPT: 12 SPD: 27.00 SPDt: 0.00 TLT: 3.11 TLTt: -1.30 COUT: 28.20
 spP: -1.68 spI: 0.29 coP: 1.31 coD: -0.50 LPN: 177 LPT: 13 SPD: 28.00 SPDt: 0.00 TLT: 2.96 TLTt: -1.39 COUT: 29.00
 spP: -1.74 spI: 0.26 coP: 1.22 coD: -2.22 LPN: 178 LPT: 12 SPD: 29.00 SPDt: 0.00 TLT: 2.60 TLTt: -1.48 COUT: 28.01
 spP: -1.68 spI: 0.24 coP: 1.24 coD: 0.43 LPN: 179 LPT: 13 SPD: 28.00 SPDt: 0.00 TLT: 2.69 TLTt: -1.44 COUT: 29.67
 spP: -1.80 spI: 0.20 coP: 1.23 coD: -0.17 LPN: 180 LPT: 12 SPD: 30.00 SPDt: 0.00 TLT: 2.52 TLTt: -1.60 COUT: 30.74
 spP: -1.86 spI: 0.18 coP: 1.16 coD: -2.01 LPN: 181 LPT: 12 SPD: 31.00 SPDt: 0.00 TLT: 2.18 TLTt: -1.68 COUT: 29.89
 spP: -1.80 spI: 0.15 coP: 1.18 coD: 0.67 LPN: 182 LPT: 12 SPD: 30.00 SPDt: 0.00 TLT: 2.29 TLTt: -1.65 COUT: 31.74
 spP: -1.92 spI: 0.11 coP: 1.16 coD: -0.58 LPN: 183 LPT: 12 SPD: 32.00 SPDt: 0.00 TLT: 2.07 TLTt: -1.81 COUT: 32.32
 spP: -1.92 spI: 0.09 coP: 1.08 coD: -2.22 LPN: 184 LPT: 14 SPD: 32.00 SPDt: 0.00 TLT: 1.77 TLTt: -1.83 COUT: 31.18
 spP: -1.86 spI: 0.06 coP: 1.14 coD: 1.49 LPN: 185 LPT: 12 SPD: 31.00 SPDt: 0.00 TLT: 2.00 TLTt: -1.80 COUT: 33.81
 spP: -2.04 spI: 0.03 coP: 1.06 coD: -2.10 LPN: 186 LPT: 12 SPD: 34.00 SPDt: 0.00 TLT: 1.52 TLTt: -2.01 COUT: 32.77
 spP: -1.98 spI: -0.00 coP: 1.02 coD: -1.09 LPN: 187 LPT: 13 SPD: 33.00 SPDt: 0.00 TLT: 1.42 TLTt: -1.98 COUT: 32.70
 spP: -1.98 spI: -0.03 coP: 1.06 coD: 0.95 LPN: 188 LPT: 12 SPD: 33.00 SPDt: 0.00 TLT: 1.51 TLTt: -2.01 COUT: 34.70
 spP: -2.10 spI: -0.06 coP: 0.95 coD: -2.76 LPN: 189 LPT: 12 SPD: 35.00 SPDt: 0.00 TLT: 1.02 TLTt: -2.16 COUT: 32.89
 spP: -1.98 spI: -0.09 coP: 0.96 coD: 0.25 LPN: 190 LPT: 13 SPD: 33.00 SPDt: 0.00 TLT: 1.13 TLTt: -2.07 COUT: 34.10
 spP: -2.04 spI: -0.13 coP: 0.91 coD: -1.31 LPN: 191 LPT: 14 SPD: 34.00 SPDt: 0.00 TLT: 0.87 TLTt: -2.17 COUT: 33.70
 spP: -2.04 spI: -0.15 coP: 0.83 coD: -2.17 LPN: 192 LPT: 12 SPD: 34.00 SPDt: 0.00 TLT: 0.58 TLTt: -2.19 COUT: 32.36
 spP: -1.92 spI: -0.18 coP: 0.83 coD: 0.04 LPN: 193 LPT: 12 SPD: 32.00 SPDt: 0.00 TLT: 0.68 TLTt: -2.10 COUT: 33.24
 spP: -1.98 spI: -0.21 coP: 0.78 coD: -1.52 LPN: 194 LPT: 13 SPD: 33.00 SPDt: 0.00 TLT: 0.40 TLTt: -2.19 COUT: 32.50
 spP: -1.92 spI: -0.24 coP: 0.75 coD: -0.82 LPN: 195 LPT: 12 SPD: 32.00 SPDt: 0.00 TLT: 0.33 TLTt: -2.16 COUT: 32.42
 spP: -1.92 spI: -0.28 coP: 0.73 coD: -0.55 LPN: 196 LPT: 13 SPD: 32.00 SPDt: 0.00 TLT: 0.22 TLTt: -2.20 COUT: 32.60
 spP: -1.98 spI: -0.32 coP: 0.69 coD: -0.87 LPN: 197 LPT: 14 SPD: 33.00 SPDt: 0.00 TLT: -0.00 TLTt: -2.30 COUT: 32.42
 spP: -1.92 spI: -0.33 coP: 0.62 coD: -1.82 LPN: 198 LPT: 12 SPD: 32.00 SPDt: 0.00 TLT: -0.17 TLTt: -2.25 COUT: 31.23
 spP: -1.86 spI: -0.36 coP: 0.58 coD: -1.27 LPN: 199 LPT: 12 SPD: 31.00 SPDt: 0.00 TLT: -0.29 TLTt: -2.22 COUT: 30.54
 spP: -1.86 spI: -0.38 coP: 0.56 coD: -0.41 LPN: 200 LPT: 11 SPD: 31.00 SPDt: 0.00 TLT: -0.37 TLTt: -2.24 COUT: 30.69
 spP: -1.86 spI: -0.41 coP: 0.48 coD: -2.14 LPN: 201 LPT: 13 SPD: 31.00 SPDt: 0.00 TLT: -0.66 TLTt: -2.27 COUT: 29.03
 spP: -1.74 spI: -0.45 coP: 0.45 coD: -0.82 LPN: 202 LPT: 13 SPD: 29.00 SPDt: 0.00 TLT: -0.68 TLTt: -2.19 COUT: 28.66
 spP: -1.74 spI: -0.47 coP: 0.41 coD: -1.04 LPN: 203 LPT: 12 SPD: 29.00 SPDt: 0.00 TLT: -0.83 TLTt: -2.21 COUT: 28.04
 spP: -1.68 spI: -0.50 coP: 0.32 coD: -2.46 LPN: 204 LPT: 13 SPD: 28.00 SPDt: 0.00 TLT: -1.10 TLTt: -2.18 COUT: 25.90
 spP: -1.56 spI: -0.52 coP: 0.34 coD: 0.35 LPN: 205 LPT: 12 SPD: 26.00 SPDt: 0.00 TLT: -0.96 TLTt: -2.08 COUT: 26.59
 spP: -1.62 spI: -0.53 coP: 0.27 coD: -1.96 LPN: 206 LPT: 11 SPD: 27.00 SPDt: 0.00 TLT: -1.26 TLTt: -2.15 COUT: 24.89
 spP: -1.50 spI: -0.58 coP: 0.20 coD: -1.85 LPN: 207 LPT: 12 SPD: 25.00 SPDt: 0.00 TLT: -1.42 TLTt: -2.08 COUT: 23.24
 spP: -1.38 spI: -0.60 coP: 0.23 coD: 0.76 LPN: 208 LPT: 13 SPD: 23.00 SPDt: 0.00 TLT: -1.22 TLTt: -1.98 COUT: 24.23
 spP: -1.44 spI: -0.62 coP: 0.16 coD: -1.85 LPN: 209 LPT: 12 SPD: 24.00 SPDt: 0.00 TLT: -1.53 TLTt: -2.06 COUT: 22.53
 spP: -1.38 spI: -0.64 coP: 0.12 coD: -1.01 LPN: 210 LPT: 12 SPD: 23.00 SPDt: 0.00 TLT: -1.62 TLTt: -2.02 COUT: 21.65
 spP: -1.32 spI: -0.64 coP: 0.15 coD: 0.93 LPN: 211 LPT: 13 SPD: 22.00 SPDt: 0.00 TLT: -1.45 TLTt: -1.96 COUT: 22.73
 spP: -1.38 spI: -0.72 coP: 0.10 coD: -1.50 LPN: 212 LPT: 13 SPD: 23.00 SPDt: 0.00 TLT: -1.78 TLTt: -2.10 COUT: 21.33
 spP: -1.26 spI: -0.77 coP: 0.06 coD: -0.98 LPN: 213 LPT: 13 SPD: 21.00 SPDt: 0.00 TLT: -1.84 TLTt: -2.03 COUT: 20.40
 spP: -1.20 spI: -0.73 coP: 0.03 coD: -0.59 LPN: 214 LPT: 11 SPD: 20.00 SPDt: 0.00 TLT: -1.81 TLTt: -1.93 COUT: 19.85
 spP: -1.20 spI: -0.74 coP: -0.05 coD: -2.43 LPN: 215 LPT: 13 SPD: 20.00 SPDt: 0.00 TLT: -2.12 TLTt: -1.94 COUT: 17.36
 spP: -1.02 spI: -0.76 coP: -0.09 coD: -0.93 LPN: 216 LPT: 12 SPD: 17.00 SPDt: 0.00 TLT: -2.08 TLTt: -1.78 COUT: 16.34
 spP: -0.96 spI: -0.78 coP: -0.14 coD: -1.27 LPN: 217 LPT: 12 SPD: 16.00 SPDt: 0.00 TLT: -2.19 TLTt: -1.74 COUT: 14.93
 spP: -0.90 spI: -0.84 coP: -0.19 coD: -1.41 LPN: 218 LPT: 14 SPD: 15.00 SPDt: 0.00 TLT: -2.37 TLTt: -1.74 COUT: 13.33
 spP: -0.78 spI: -0.87 coP: -0.15 coD: 1.11 LPN: 219 LPT: 13 SPD: 13.00 SPDt: 0.00 TLT: -2.14 TLTt: -1.65 COUT: 14.30
 spP: -0.84 spI: -0.82 coP: -0.21 coD: -1.81 LPN: 220 LPT: 12 SPD: 14.00 SPDt: 0.00 TLT: -2.37 TLTt: -1.66 COUT: 12.27
 spP: -0.72 spI: -0.83 coP: -0.29 coD: -2.04 LPN: 221 LPT: 13 SPD: 12.00 SPDt: 0.00 TLT: -2.51 TLTt: -1.55 COUT: 9.95
 spP: -0.60 spI: -0.84 coP: -0.33 coD: -1.25 LPN: 222 LPT: 12 SPD: 10.00 SPDt: 0.00 TLT: -2.55 TLTt: -1.44 COUT: 8.37
 spP: -0.48 spI: -0.85 coP: -0.43 coD: -2.53 LPN: 223 LPT: 12 SPD: 8.00 SPDt: 0.00 TLT: -2.75 TLTt: -1.33 COUT: 5.41
 spP: -0.30 spI: -0.89 coP: -0.47 coD: -1.17 LPN: 224 LPT: 12 SPD: 5.00 SPDt: 0.00 TLT: -2.76 TLTt: -1.19 COUT: 3.77
 spP: -0.24 spI: -0.92 coP: -0.46 coD: 0.34 LPN: 225 LPT: 14 SPD: 4.00 SPDt: 0.00 TLT: -2.69 TLTt: -1.16 COUT: 3.66
 spP: -0.24 spI: -0.84 coP: -0.53 coD: -1.92 LPN: 226 LPT: 12 SPD: 4.00 SPDt: 0.00 TLT: -2.83 TLTt: -1.08 COUT: 1.21
 spP: -0.06 spI: -0.85 coP: -0.55 coD: -0.74 LPN: 227 LPT: 11 SPD: 1.00 SPDt: 0.00 TLT: -2.75 TLTt: -0.91 COUT: -0.08
 spP: 0.00 spI: -0.84 coP: -0.57 coD: -0.50 LPN: 228 LPT: 13 SPD: 0.00 SPDt: 0.00 TLT: -2.74 TLTt: -0.84 COUT: -1.15
 spP: 0.06 spI: -0.84 coP: -0.58 coD: -0.39 LPN: 229 LPT: 12 SPD: -1.00 SPDt: 0.00 TLT: -2.73 TLTt: -0.78 COUT: -2.13
 spP: 0.12 spI: -0.90 coP: -0.59 coD: -0.14 LPN: 230 LPT: 13 SPD: -2.00 SPDt: 0.00 TLT: -2.75 TLTt: -0.78 COUT: -2.86
 spP: 0.18 spI: -0.92 coP: -0.61 coD: -0.52 LPN: 231 LPT: 12 SPD: -3.00 SPDt: 0.00 TLT: -2.78 TLTt: -0.74 COUT: -3.99
 spP: 0.24 spI: -0.84 coP: -0.63 coD: -0.59 LPN: 232 LPT: 13 SPD: -4.00 SPDt: 0.00 TLT: -2.71 TLTt: -0.60 COUT: -5.22
 spP: 0.30 spI: -0.84 coP: -0.67 coD: -0.93 LPN: 233 LPT: 12 SPD: -5.00 SPDt: 0.00 TLT: -2.76 TLTt: -0.54 COUT: -6.81
 spP: 0.42 spI: -0.83 coP: -0.69 coD: -0.60 LPN: 234 LPT: 12 SPD: -7.00 SPDt: 0.00 TLT: -2.71 TLTt: -0.41 COUT: -8.10
 spP: 0.48 spI: -0.82 coP: -0.68 coD: 0.31 LPN: 235 LPT: 12 SPD: -8.00 SPDt: 0.00 TLT: -2.60 TLTt: -0.34 COUT: -8.47
 spP: 0.48 spI: -0.86 coP: -0.68 coD: -0.14 LPN: 236 LPT: 13 SPD: -8.00 SPDt: 0.00 TLT: -2.65 TLTt: -0.38 COUT: -9.29
 spP: 0.54 spI: -0.88 coP: -0.70 coD: -0.43 LPN: 237 LPT: 13 SPD: -9.00 SPDt: 0.00 TLT: -2.67 TLTt: -0.34 COUT: -10.42
 spP: 0.60 spI: -0.80 coP: -0.74 coD: -1.20 LPN: 238 LPT: 12 SPD: -10.00 SPDt: 0.00 TLT: -2.68 TLTt: -0.20 COUT: -12.36
 spP: 0.72 spI: -0.79 coP: -0.80 coD: -1.45 LPN: 239 LPT: 13 SPD: -12.00 SPDt: 0.00 TLT: -2.73 TLTt: -0.07 COUT: -14.62
 spP: 0.90 spI: -0.78 coP: -0.84 coD: -1.12 LPN: 240 LPT: 12 SPD: -15.00 SPDt: 0.00 TLT: -2.68 TLTt: 0.12 COUT: -16.58
 spP: 1.02 spI: -0.77 coP: -0.84 coD: -0.12 LPN: 241 LPT: 12 SPD: -17.00 SPDt: 0.00 TLT: -2.55 TLTt: 0.25 COUT: -17.54
 spP: 1.08 spI: -0.78 coP: -0.82 coD: 0.55 LPN: 242 LPT: 14 SPD: -18.00 SPDt: 0.00 TLT: -2.44 TLTt: 0.30 COUT: -17.81
 spP: 1.08 spI: -0.79 coP: -0.77 coD: 1.29 LPN: 243 LPT: 12 SPD: -18.00 SPDt: 0.00 TLT: -2.27 TLTt: 0.29 COUT: -17.29
 spP: 1.02 spI: -0.71 coP: -0.77 coD: -0.07 LPN: 244 LPT: 12 SPD: -17.00 SPDt: 0.00 TLT: -2.27 TLTt: 0.31 COUT: -18.13
 spP: 1.08 spI: -0.70 coP: -0.77 coD: -0.05 LPN: 245 LPT: 13 SPD: -18.00 SPDt: 0.00 TLT: -2.20 TLTt: 0.38 COUT: -18.95
 spP: 1.14 spI: -0.68 coP: -0.75 coD: 0.72 LPN: 246 LPT: 12 SPD: -19.00 SPDt: 0.00 TLT: -2.03 TLTt: 0.46 COUT: -18.98
 spP: 1.14 spI: -0.65 coP: -0.74 coD: 0.21 LPN: 247 LPT: 12 SPD: -19.00 SPDt: 0.00 TLT: -1.98 TLTt: 0.49 COUT: -19.51
 spP: 1.20 spI: -0.68 coP: -0.72 coD: 0.51 LPN: 248 LPT: 13 SPD: -20.00 SPDt: 0.00 TLT: -1.88 TLTt: 0.52 COUT: -19.72
 spP: 1.20 spI: -0.66 coP: -0.69 coD: 0.64 LPN: 249 LPT: 13 SPD: -20.00 SPDt: 0.00 TLT: -1.78 TLTt: 0.54 COUT: -19.77
 spP: 1.20 spI: -0.59 coP: -0.69 coD: 0.02 LPN: 250 LPT: 12 SPD: -20.00 SPDt: 0.00 TLT: -1.71 TLTt: 0.61 COUT: -20.45
 spP: 1.20 spI: -0.57 coP: -0.63 coD: 1.78 LPN: 251 LPT: 12 SPD: -20.00 SPDt: 0.00 TLT: -1.47 TLTt: 0.63 COUT: -19.30
 spP: 1.14 spI: -0.56 coP: -0.61 coD: 0.64 LPN: 252 LPT: 13 SPD: -19.00 SPDt: 0.00 TLT: -1.44 TLTt: 0.58 COUT: -19.26
 spP: 1.14 spI: -0.54 coP: -0.62 coD: -0.30 LPN: 253 LPT: 12 SPD: -19.00 SPDt: 0.00 TLT: -1.45 TLTt: 0.60 COUT: -20.17
 spP: 1.20 spI: -0.55 coP: -0.57 coD: 1.09 LPN: 254 LPT: 13 SPD: -20.00 SPDt: 0.00 TLT: -1.26 TLTt: 0.65 COUT: -19.66
 spP: 1.20 spI: -0.54 coP: -0.57 coD: 0.18 LPN: 255 LPT: 13 SPD: -20.00 SPDt: 0.00 TLT: -1.24 TLTt: 0.66 COUT: -20.05
 spP: 1.20 spI: -0.48 coP: -0.53 coD: 1.11 LPN: 256 LPT: 13 SPD: -20.00 SPDt: 0.00 TLT: -1.03 TLTt: 0.72 COUT: -19.47
 spP: 1.14 spI: -0.47 coP: -0.51 coD: 0.41 LPN: 257 LPT: 12 SPD: -19.00 SPDt: 0.00 TLT: -1.03 TLTt: 0.67 COUT: -19.57
 spP: 1.20 spI: -0.45 coP: -0.53 coD: -0.51 LPN: 258 LPT: 12 SPD: -20.00 SPDt: 0.00 TLT: -1.02 TLTt: 0.75 COUT: -20.62
 spP: 1.26 spI: -0.43 coP: -0.48 coD: 1.33 LPN: 259 LPT: 13 SPD: -21.00 SPDt: 0.00 TLT: -0.77 TLTt: 0.83 COUT: -19.77
 spP: 1.20 spI: -0.43 coP: -0.45 coD: 0.73 LPN: 260 LPT: 13 SPD: -20.00 SPDt: 0.00 TLT: -0.74 TLTt: 0.77 COUT: -19.50
 spP: 1.14 spI: -0.42 coP: -0.43 coD: 0.50 LPN: 261 LPT: 12 SPD: -19.00 SPDt: 0.00 TLT: -0.72 TLTt: 0.72 COUT: -19.44
 spP: 1.14 spI: -0.37 coP: -0.39 coD: 1.06 LPN: 262 LPT: 13 SPD: -19.00 SPDt: 0.00 TLT: -0.54 TLTt: 0.77 COUT: -18.77
 spP: 1.14 spI: -0.35 coP: -0.40 coD: -0.08 LPN: 263 LPT: 12 SPD: -19.00 SPDt: 0.00 TLT: -0.53 TLTt: 0.79 COUT: -19.25
 spP: 1.14 spI: -0.33 coP: -0.37 coD: 0.63 LPN: 264 LPT: 12 SPD: -19.00 SPDt: 0.00 TLT: -0.44 TLTt: 0.81 COUT: -18.99
 spP: 1.14 spI: -0.31 coP: -0.34 coD: 0.92 LPN: 265 LPT: 12 SPD: -19.00 SPDt: 0.00 TLT: -0.30 TLTt: 0.83 COUT: -18.40
 spP: 1.08 spI: -0.31 coP: -0.34 coD: 0.10 LPN: 266 LPT: 14 SPD: -18.00 SPDt: 0.00 TLT: -0.35 TLTt: 0.77 COUT: -18.64
 spP: 1.14 spI: -0.30 coP: -0.31 coD: 0.78 LPN: 267 LPT: 13 SPD: -19.00 SPDt: 0.00 TLT: -0.18 TLTt: 0.84 COUT: -18.16
 spP: 1.08 spI: -0.26 coP: -0.26 coD: 1.37 LPN: 268 LPT: 12 SPD: -18.00 SPDt: 0.00 TLT: -0.03 TLTt: 0.82 COUT: -17.05
 spP: 1.02 spI: -0.24 coP: -0.25 coD: 0.18 LPN: 269 LPT: 13 SPD: -17.00 SPDt: 0.00 TLT: -0.05 TLTt: 0.78 COUT: -17.11
 spP: 1.02 spI: -0.22 coP: -0.24 coD: 0.27 LPN: 270 LPT: 11 SPD: -17.00 SPDt: 0.00 TLT: 0.00 TLTt: 0.80 COUT: -17.08
 spP: 1.02 spI: -0.20 coP: -0.19 coD: 1.25 LPN: 271 LPT: 12 SPD: -17.00 SPDt: 0.00 TLT: 0.17 TLTt: 0.82 COUT: -16.03
 spP: 0.96 spI: -0.20 coP: -0.16 coD: 0.84 LPN: 272 LPT: 13 SPD: -16.00 SPDt: 0.00 TLT: 0.22 TLTt: 0.76 COUT: -15.35
 spP: 0.90 spI: -0.19 coP: -0.13 coD: 0.82 LPN: 273 LPT: 14 SPD: -15.00 SPDt: 0.00 TLT: 0.28 TLTt: 0.71 COUT: -14.66
 spP: 0.90 spI: -0.16 coP: -0.11 coD: 0.44 LPN: 274 LPT: 12 SPD: -15.00 SPDt: 0.00 TLT: 0.37 TLTt: 0.74 COUT: -14.33
 spP: 0.84 spI: -0.15 coP: -0.07 coD: 1.06 LPN: 275 LPT: 12 SPD: -14.00 SPDt: 0.00 TLT: 0.45 TLTt: 0.69 COUT: -13.34
 spP: 0.78 spI: -0.14 coP: -0.02 coD: 1.54 LPN: 276 LPT: 13 SPD: -13.00 SPDt: 0.00 TLT: 0.59 TLTt: 0.64 COUT: -11.81
 spP: 0.72 spI: -0.12 coP: 0.01 coD: 0.57 LPN: 277 LPT: 12 SPD: -12.00 SPDt: 0.00 TLT: 0.61 TLTt: 0.60 COUT: -11.24
 spP: 0.66 spI: -0.12 coP: 0.05 coD: 1.17 LPN: 278 LPT: 13 SPD: -11.00 SPDt: 0.00 TLT: 0.71 TLTt: 0.54 COUT: -10.01
 spP: 0.60 spI: -0.11 coP: 0.07 coD: 0.40 LPN: 279 LPT: 13 SPD: -10.00 SPDt: 0.00 TLT: 0.71 TLTt: 0.49 COUT: -9.55
 spP: 0.60 spI: -0.09 coP: 0.07 coD: -0.04 LPN: 280 LPT: 12 SPD: -10.00 SPDt: 0.00 TLT: 0.73 TLTt: 0.51 COUT: -9.52
 spP: 0.60 spI: -0.08 coP: 0.11 coD: 1.16 LPN: 281 LPT: 12 SPD: -10.00 SPDt: 0.00 TLT: 0.87 TLTt: 0.52 COUT: -8.26
 spP: 0.48 spI: -0.07 coP: 0.13 coD: 0.69 LPN: 282 LPT: 12 SPD: -8.00 SPDt: 0.00 TLT: 0.84 TLTt: 0.41 COUT: -7.44
 spP: 0.42 spI: -0.07 coP: 0.13 coD: -0.05 LPN: 283 LPT: 12 SPD: -7.00 SPDt: 0.00 TLT: 0.79 TLTt: 0.35 COUT: -7.36
 spP: 0.42 spI: -0.06 coP: 0.16 coD: 0.68 LPN: 284 LPT: 12 SPD: -7.00 SPDt: 0.00 TLT: 0.88 TLTt: 0.36 COUT: -6.52
 spP: 0.42 spI: -0.05 coP: 0.14 coD: -0.39 LPN: 285 LPT: 12 SPD: -7.00 SPDt: 0.00 TLT: 0.84 TLTt: 0.37 COUT: -6.77
 spP: 0.42 spI: -0.05 coP: 0.12 coD: -0.61 LPN: 286 LPT: 12 SPD: -7.00 SPDt: 0.00 TLT: 0.77 TLTt: 0.37 COUT: -7.26
 spP: 0.42 spI: -0.04 coP: 0.15 coD: 0.75 LPN: 287 LPT: 13 SPD: -7.00 SPDt: 0.00 TLT: 0.87 TLTt: 0.38 COUT: -6.37
 spP: 0.36 spI: -0.03 coP: 0.16 coD: 0.38 LPN: 288 LPT: 11 SPD: -6.00 SPDt: 0.00 TLT: 0.86 TLTt: 0.33 COUT: -5.83
 spP: 0.36 spI: -0.03 coP: 0.16 coD: -0.13 LPN: 289 LPT: 12 SPD: -6.00 SPDt: 0.00 TLT: 0.85 TLTt: 0.33 COUT: -5.80
 spP: 0.36 spI: -0.02 coP: 0.14 coD: -0.49 LPN: 290 LPT: 13 SPD: -6.00 SPDt: 0.00 TLT: 0.80 TLTt: 0.34 COUT: -6.16
 spP: 0.36 spI: -0.02 coP: 0.12 coD: -0.39 LPN: 291 LPT: 11 SPD: -6.00 SPDt: 0.00 TLT: 0.75 TLTt: 0.34 COUT: -6.43
 spP: 0.36 spI: -0.01 coP: 0.11 coD: -0.30 LPN: 292 LPT: 12 SPD: -6.00 SPDt: 0.00 TLT: 0.72 TLTt: 0.35 COUT: -6.62
 spP: 0.42 spI: -0.00 coP: 0.10 coD: -0.28 LPN: 293 LPT: 11 SPD: -7.00 SPDt: 0.00 TLT: 0.76 TLTt: 0.42 COUT: -6.79
 spP: 0.42 spI: 0.00 coP: 0.12 coD: 0.52 LPN: 294 LPT: 14 SPD: -7.00 SPDt: 0.00 TLT: 0.83 TLTt: 0.42 COUT: -6.15
 spP: 0.36 spI: 0.01 coP: 0.12 coD: -0.09 LPN: 295 LPT: 13 SPD: -6.00 SPDt: 0.00 TLT: 0.76 TLTt: 0.37 COUT: -6.12
 spP: 0.36 spI: 0.01 coP: 0.14 coD: 0.73 LPN: 296 LPT: 12 SPD: -6.00 SPDt: 0.00 TLT: 0.86 TLTt: 0.37 COUT: -5.25
 spP: 0.30 spI: 0.02 coP: 0.20 coD: 1.60 LPN: 297 LPT: 12 SPD: -5.00 SPDt: 0.00 TLT: 0.99 TLTt: 0.32 COUT: -3.45
 spP: 0.18 spI: 0.02 coP: 0.25 coD: 1.19 LPN: 298 LPT: 12 SPD: -3.00 SPDt: 0.00 TLT: 1.02 TLTt: 0.20 COUT: -2.01
 spP: 0.12 spI: 0.02 coP: 0.24 coD: -0.10 LPN: 299 LPT: 12 SPD: -2.00 SPDt: 0.00 TLT: 0.95 TLTt: 0.14 COUT: -1.87
 spP: 0.12 spI: 0.03 coP: 0.23 coD: -0.33 LPN: 300 LPT: 12 SPD: -2.00 SPDt: 0.00 TLT: 0.91 TLTt: 0.15 COUT: -1.97
 spP: 0.12 spI: 0.03 coP: 0.25 coD: 0.62 LPN: 301 LPT: 14 SPD: -2.00 SPDt: 0.00 TLT: 0.99 TLTt: 0.15 COUT: -1.10
 spP: 0.06 spI: 0.03 coP: 0.22 coD: -1.00 LPN: 302 LPT: 12 SPD: -1.00 SPDt: 0.00 TLT: 0.81 TLTt: 0.09 COUT: -1.88
 spP: 0.12 spI: 0.03 coP: 0.22 coD: 0.16 LPN: 303 LPT: 12 SPD: -2.00 SPDt: 0.00 TLT: 0.89 TLTt: 0.15 COUT: -1.50
 spP: 0.06 spI: 0.03 coP: 0.23 coD: 0.08 LPN: 304 LPT: 12 SPD: -1.00 SPDt: 0.00 TLT: 0.84 TLTt: 0.09 COUT: -1.20
 spP: 0.06 spI: 0.03 coP: 0.21 coD: -0.47 LPN: 305 LPT: 12 SPD: -1.00 SPDt: 0.00 TLT: 0.79 TLTt: 0.09 COUT: -1.46
 spP: 0.06 spI: 0.03 coP: 0.24 coD: 0.75 LPN: 306 LPT: 12 SPD: -1.00 SPDt: 0.00 TLT: 0.89 TLTt: 0.09 COUT: -0.47
 spP: 0.00 spI: 0.04 coP: 0.22 coD: -0.49 LPN: 307 LPT: 14 SPD: 0.00 SPDt: 0.00 TLT: 0.76 TLTt: 0.04 COUT: -0.75
 spP: 0.06 spI: 0.03 coP: 0.22 coD: 0.14 LPN: 308 LPT: 12 SPD: -1.00 SPDt: 0.00 TLT: 0.84 TLTt: 0.09 COUT: -0.38
 spP: 0.00 spI: 0.03 coP: 0.26 coD: 1.05 LPN: 309 LPT: 11 SPD: 0.00 SPDt: 0.00 TLT: 0.90 TLTt: 0.03 COUT: 0.93
 spP: -0.06 spI: 0.03 coP: 0.23 coD: -0.78 LPN: 310 LPT: 12 SPD: 1.00 SPDt: 0.00 TLT: 0.75 TLTt: -0.03 COUT: 0.39
 spP: 0.00 spI: 0.03 coP: 0.27 coD: 0.91 LPN: 311 LPT: 13 SPD: 0.00 SPDt: 0.00 TLT: 0.92 TLTt: 0.03 COUT: 1.56
 spP: -0.12 spI: 0.03 coP: 0.28 coD: 0.38 LPN: 312 LPT: 10 SPD: 2.00 SPDt: 0.00 TLT: 0.84 TLTt: -0.09 COUT: 2.21
 spP: -0.12 spI: 0.03 coP: 0.28 coD: 0.15 LPN: 313 LPT: 12 SPD: 2.00 SPDt: 0.00 TLT: 0.85 TLTt: -0.09 COUT: 2.65
 spP: -0.18 spI: 0.03 coP: 0.34 coD: 1.50 LPN: 314 LPT: 12 SPD: 3.00 SPDt: 0.00 TLT: 0.97 TLTt: -0.15 COUT: 4.48
 spP: -0.24 spI: 0.02 coP: 0.32 coD: -0.39 LPN: 315 LPT: 13 SPD: 4.00 SPDt: 0.00 TLT: 0.86 TLTt: -0.22 COUT: 4.42
 spP: -0.24 spI: 0.02 coP: 0.32 coD: -0.06 LPN: 316 LPT: 11 SPD: 4.00 SPDt: 0.00 TLT: 0.85 TLTt: -0.22 COUT: 4.68
 spP: -0.30 spI: 0.01 coP: 0.35 coD: 0.94 LPN: 317 LPT: 12 SPD: 5.00 SPDt: 0.00 TLT: 0.90 TLTt: -0.29 COUT: 5.97
 spP: -0.36 spI: 0.01 coP: 0.34 coD: -0.40 LPN: 318 LPT: 13 SPD: 6.00 SPDt: 0.00 TLT: 0.78 TLTt: -0.35 COUT: 5.91
 spP: -0.36 spI: 0.00 coP: 0.35 coD: 0.24 LPN: 319 LPT: 13 SPD: 6.00 SPDt: 0.00 TLT: 0.80 TLTt: -0.36 COUT: 6.50
 spP: -0.36 spI: -0.00 coP: 0.36 coD: 0.25 LPN: 320 LPT: 11 SPD: 6.00 SPDt: 0.00 TLT: 0.83 TLTt: -0.36 COUT: 7.11
 spP: -0.42 spI: -0.01 coP: 0.36 coD: 0.11 LPN: 321 LPT: 12 SPD: 7.00 SPDt: 0.00 TLT: 0.77 TLTt: -0.43 COUT: 7.57
 spP: -0.48 spI: -0.02 coP: 0.39 coD: 0.68 LPN: 322 LPT: 13 SPD: 8.00 SPDt: 0.00 TLT: 0.79 TLTt: -0.50 COUT: 8.64
 spP: -0.54 spI: -0.03 coP: 0.35 coD: -1.12 LPN: 323 LPT: 12 SPD: 9.00 SPDt: 0.00 TLT: 0.58 TLTt: -0.57 COUT: 7.86
 spP: -0.48 spI: -0.04 coP: 0.36 coD: 0.46 LPN: 324 LPT: 12 SPD: 8.00 SPDt: 0.00 TLT: 0.69 TLTt: -0.52 COUT: 8.69
 spP: -0.54 spI: -0.04 coP: 0.32 coD: -1.22 LPN: 325 LPT: 13 SPD: 9.00 SPDt: 0.00 TLT: 0.48 TLTt: -0.58 COUT: 7.79
 spP: -0.48 spI: -0.05 coP: 0.26 coD: -1.63 LPN: 326 LPT: 12 SPD: 8.00 SPDt: 0.00 TLT: 0.33 TLTt: -0.53 COUT: 6.42
 spP: -0.36 spI: -0.06 coP: 0.23 coD: -0.71 LPN: 327 LPT: 11 SPD: 6.00 SPDt: 0.00 TLT: 0.36 TLTt: -0.42 COUT: 5.95
 spP: -0.36 spI: -0.06 coP: 0.22 coD: -0.51 LPN: 328 LPT: 11 SPD: 6.00 SPDt: 0.00 TLT: 0.30 TLTt: -0.42 COUT: 5.65
 spP: -0.36 spI: -0.07 coP: 0.17 coD: -1.17 LPN: 329 LPT: 14 SPD: 6.00 SPDt: 0.00 TLT: 0.14 TLTt: -0.43 COUT: 4.66
 spP: -0.30 spI: -0.08 coP: 0.19 coD: 0.55 LPN: 330 LPT: 13 SPD: 5.00 SPDt: 0.00 TLT: 0.27 TLTt: -0.38 COUT: 5.40
 spP: -0.30 spI: -0.08 coP: 0.17 coD: -0.75 LPN: 331 LPT: 11 SPD: 5.00 SPDt: 0.00 TLT: 0.18 TLTt: -0.38 COUT: 4.81
 spP: -0.30 spI: -0.08 coP: 0.16 coD: -0.22 LPN: 332 LPT: 13 SPD: 5.00 SPDt: 0.00 TLT: 0.15 TLTt: -0.38 COUT: 4.75
 spP: -0.30 spI: -0.09 coP: 0.18 coD: 0.69 LPN: 333 LPT: 12 SPD: 5.00 SPDt: 0.00 TLT: 0.22 TLTt: -0.39 COUT: 5.62
 spP: -0.36 spI: -0.09 coP: 0.16 coD: -0.53 LPN: 334 LPT: 12 SPD: 6.00 SPDt: 0.00 TLT: 0.09 TLTt: -0.45 COUT: 5.25
 spP: -0.30 spI: -0.11 coP: 0.16 coD: 0.01 LPN: 335 LPT: 12 SPD: 5.00 SPDt: 0.00 TLT: 0.14 TLTt: -0.41 COUT: 5.43
 spP: -0.30 spI: -0.11 coP: 0.18 coD: 0.38 LPN: 336 LPT: 14 SPD: 5.00 SPDt: 0.00 TLT: 0.19 TLTt: -0.41 COUT: 5.99
 spP: -0.36 spI: -0.11 coP: 0.16 coD: -0.65 LPN: 337 LPT: 12 SPD: 6.00 SPDt: 0.00 TLT: 0.05 TLTt: -0.47 COUT: 5.49
 spP: -0.30 spI: -0.11 coP: 0.15 coD: -0.18 LPN: 338 LPT: 11 SPD: 5.00 SPDt: 0.00 TLT: 0.08 TLTt: -0.41 COUT: 5.47
 spP: -0.30 spI: -0.12 coP: 0.08 coD: -1.94 LPN: 339 LPT: 13 SPD: 5.00 SPDt: 0.00 TLT: -0.15 TLTt: -0.42 COUT: 3.60
 spP: -0.24 spI: -0.12 coP: 0.05 coD: -0.87 LPN: 340 LPT: 12 SPD: 4.00 SPDt: 0.00 TLT: -0.20 TLTt: -0.36 COUT: 2.78
 spP: -0.18 spI: -0.13 coP: 0.05 coD: -0.02 LPN: 341 LPT: 13 SPD: 3.00 SPDt: 0.00 TLT: -0.16 TLTt: -0.31 COUT: 2.81
 spP: -0.18 spI: -0.14 coP: -0.02 coD: -1.70 LPN: 342 LPT: 13 SPD: 3.00 SPDt: 0.00 TLT: -0.38 TLTt: -0.32 COUT: 1.09
 spP: -0.06 spI: -0.13 coP: -0.02 coD: -0.10 LPN: 343 LPT: 12 SPD: 1.00 SPDt: 0.00 TLT: -0.27 TLTt: -0.19 COUT: 0.97
 spP: -0.06 spI: -0.13 coP: -0.04 coD: -0.36 LPN: 344 LPT: 12 SPD: 1.00 SPDt: 0.00 TLT: -0.31 TLTt: -0.19 COUT: 0.57
 spP: -0.06 spI: -0.13 coP: -0.08 coD: -1.16 LPN: 345 LPT: 11 SPD: 1.00 SPDt: 0.00 TLT: -0.45 TLTt: -0.19 COUT: -0.67
 spP: 0.06 spI: -0.13 coP: -0.08 coD: 0.03 LPN: 346 LPT: 13 SPD: -1.00 SPDt: 0.00 TLT: -0.33 TLTt: -0.07 COUT: -0.72
 spP: 0.06 spI: -0.14 coP: -0.08 coD: -0.22 LPN: 347 LPT: 13 SPD: -1.00 SPDt: 0.00 TLT: -0.36 TLTt: -0.08 COUT: -1.02
 spP: 0.06 spI: -0.14 coP: -0.11 coD: -0.52 LPN: 348 LPT: 13 SPD: -1.00 SPDt: 0.00 TLT: -0.43 TLTt: -0.08 COUT: -1.65
 spP: 0.12 spI: -0.13 coP: -0.15 coD: -1.31 LPN: 349 LPT: 13 SPD: -2.00 SPDt: 0.00 TLT: -0.52 TLTt: -0.01 COUT: -3.11
 spP: 0.18 spI: -0.12 coP: -0.15 coD: 0.02 LPN: 350 LPT: 11 SPD: -3.00 SPDt: 0.00 TLT: -0.45 TLTt: 0.06 COUT: -3.24
 spP: 0.18 spI: -0.12 coP: -0.18 coD: -0.67 LPN: 351 LPT: 12 SPD: -3.00 SPDt: 0.00 TLT: -0.53 TLTt: 0.06 COUT: -4.09
 spP: 0.24 spI: -0.12 coP: -0.18 coD: 0.01 LPN: 352 LPT: 12 SPD: -4.00 SPDt: 0.00 TLT: -0.46 TLTt: 0.12 COUT: -4.26
 spP: 0.24 spI: -0.12 coP: -0.19 coD: -0.46 LPN: 353 LPT: 14 SPD: -4.00 SPDt: 0.00 TLT: -0.53 TLTt: 0.12 COUT: -4.91
 spP: 0.30 spI: -0.12 coP: -0.22 coD: -0.66 LPN: 354 LPT: 12 SPD: -5.00 SPDt: 0.00 TLT: -0.55 TLTt: 0.18 COUT: -5.80
 spP: 0.36 spI: -0.10 coP: -0.22 coD: 0.08 LPN: 355 LPT: 12 SPD: -6.00 SPDt: 0.00 TLT: -0.47 TLTt: 0.26 COUT: -5.93
 spP: 0.36 spI: -0.10 coP: -0.25 coD: -1.03 LPN: 356 LPT: 13 SPD: -6.00 SPDt: 0.00 TLT: -0.58 TLTt: 0.26 COUT: -7.22
 spP: 0.42 spI: -0.09 coP: -0.26 coD: -0.03 LPN: 357 LPT: 11 SPD: -7.00 SPDt: 0.00 TLT: -0.52 TLTt: 0.33 COUT: -7.50
 spP: 0.42 spI: -0.08 coP: -0.22 coD: 1.04 LPN: 358 LPT: 12 SPD: -7.00 SPDt: 0.00 TLT: -0.39 TLTt: 0.34 COUT: -6.67
 spP: 0.42 spI: -0.08 coP: -0.24 coD: -0.67 LPN: 359 LPT: 13 SPD: -7.00 SPDt: 0.00 TLT: -0.47 TLTt: 0.34 COUT: -7.58
 spP: 0.48 spI: -0.08 coP: -0.22 coD: 0.61 LPN: 360 LPT: 14 SPD: -8.00 SPDt: 0.00 TLT: -0.33 TLTt: 0.40 COUT: -7.19
 spP: 0.42 spI: -0.06 coP: -0.18 coD: 1.00 LPN: 361 LPT: 11 SPD: -7.00 SPDt: 0.00 TLT: -0.25 TLTt: 0.36 COUT: -6.38
 spP: 0.36 spI: -0.06 coP: -0.17 coD: 0.35 LPN: 362 LPT: 12 SPD: -6.00 SPDt: 0.00 TLT: -0.26 TLTt: 0.30 COUT: -6.20
 spP: 0.36 spI: -0.05 coP: -0.13 coD: 1.04 LPN: 363 LPT: 13 SPD: -6.00 SPDt: 0.00 TLT: -0.13 TLTt: 0.31 COUT: -5.29
 spP: 0.30 spI: -0.05 coP: -0.09 coD: 1.11 LPN: 364 LPT: 12 SPD: -5.00 SPDt: 0.00 TLT: -0.05 TLTt: 0.25 COUT: -4.28
 spP: 0.24 spI: -0.04 coP: -0.09 coD: 0.05 LPN: 365 LPT: 12 SPD: -4.00 SPDt: 0.00 TLT: -0.11 TLTt: 0.20 COUT: -4.32
 spP: 0.24 spI: -0.04 coP: -0.08 coD: 0.30 LPN: 366 LPT: 13 SPD: -4.00 SPDt: 0.00 TLT: -0.06 TLTt: 0.20 COUT: -4.09
 spP: 0.24 spI: -0.03 coP: -0.09 coD: -0.21 LPN: 367 LPT: 12 SPD: -4.00 SPDt: 0.00 TLT: -0.08 TLTt: 0.21 COUT: -4.39
 spP: 0.24 spI: -0.03 coP: -0.10 coD: -0.23 LPN: 368 LPT: 12 SPD: -4.00 SPDt: 0.00 TLT: -0.11 TLTt: 0.21 COUT: -4.72
 spP: 0.30 spI: -0.03 coP: -0.10 coD: -0.02 LPN: 369 LPT: 12 SPD: -5.00 SPDt: 0.00 TLT: -0.04 TLTt: 0.27 COUT: -4.84
 spP: 0.30 spI: -0.02 coP: -0.08 coD: 0.44 LPN: 370 LPT: 13 SPD: -5.00 SPDt: 0.00 TLT: 0.01 TLTt: 0.28 COUT: -4.48
 spP: 0.24 spI: -0.02 coP: -0.05 coD: 0.68 LPN: 371 LPT: 12 SPD: -4.00 SPDt: 0.00 TLT: 0.04 TLTt: 0.22 COUT: -3.85
 spP: 0.24 spI: -0.01 coP: -0.03 coD: 0.74 LPN: 372 LPT: 13 SPD: -4.00 SPDt: 0.00 TLT: 0.14 TLTt: 0.23 COUT: -3.14
 spP: 0.18 spI: -0.01 coP: -0.03 coD: -0.13 LPN: 373 LPT: 12 SPD: -3.00 SPDt: 0.00 TLT: 0.07 TLTt: 0.17 COUT: -3.30
 spP: 0.18 spI: -0.01 coP: -0.03 coD: -0.04 LPN: 374 LPT: 12 SPD: -3.00 SPDt: 0.00 TLT: 0.07 TLTt: 0.17 COUT: -3.37
 spP: 0.18 spI: -0.00 coP: -0.01 coD: 0.49 LPN: 375 LPT: 12 SPD: -3.00 SPDt: 0.00 TLT: 0.13 TLTt: 0.18 COUT: -2.89
 spP: 0.18 spI: -0.00 coP: -0.02 coD: -0.14 LPN: 376 LPT: 12 SPD: -3.00 SPDt: 0.00 TLT: 0.12 TLTt: 0.18 COUT: -3.04
 spP: 0.18 spI: 0.00 coP: -0.01 coD: 0.34 LPN: 377 LPT: 12 SPD: -3.00 SPDt: 0.00 TLT: 0.16 TLTt: 0.18 COUT: -2.71
 spP: 0.18 spI: 0.00 coP: -0.02 coD: -0.27 LPN: 378 LPT: 12 SPD: -3.00 SPDt: 0.00 TLT: 0.13 TLTt: 0.18 COUT: -2.99
 spP: 0.18 spI: 0.01 coP: -0.00 coD: 0.42 LPN: 379 LPT: 12 SPD: -3.00 SPDt: 0.00 TLT: 0.19 TLTt: 0.19 COUT: -2.57
 spP: 0.18 spI: 0.01 coP: 0.00 coD: 0.03 LPN: 380 LPT: 11 SPD: -3.00 SPDt: 0.00 TLT: 0.19 TLTt: 0.19 COUT: -2.54
 spP: 0.18 spI: 0.01 coP: 0.04 coD: 1.21 LPN: 381 LPT: 12 SPD: -3.00 SPDt: 0.00 TLT: 0.33 TLTt: 0.19 COUT: -1.29
 spP: 0.06 spI: 0.02 coP: 0.04 coD: -0.01 LPN: 382 LPT: 13 SPD: -1.00 SPDt: 0.00 TLT: 0.21 TLTt: 0.08 COUT: -1.26
 spP: 0.06 spI: 0.02 coP: 0.07 coD: 0.79 LPN: 383 LPT: 12 SPD: -1.00 SPDt: 0.00 TLT: 0.32 TLTt: 0.08 COUT: -0.40
 spP: 0.00 spI: 0.02 coP: 0.06 coD: -0.27 LPN: 384 LPT: 13 SPD: 0.00 SPDt: 0.00 TLT: 0.22 TLTt: 0.02 COUT: -0.61
 spP: 0.06 spI: 0.02 coP: 0.05 coD: -0.36 LPN: 385 LPT: 12 SPD: -1.00 SPDt: 0.00 TLT: 0.24 TLTt: 0.08 COUT: -0.93
 spP: 0.06 spI: 0.02 coP: 0.05 coD: 0.14 LPN: 386 LPT: 11 SPD: -1.00 SPDt: 0.00 TLT: 0.26 TLTt: 0.08 COUT: -0.73
 spP: 0.06 spI: 0.02 coP: 0.07 coD: 0.40 LPN: 387 LPT: 12 SPD: -1.00 SPDt: 0.00 TLT: 0.31 TLTt: 0.08 COUT: -0.26
 spP: 0.00 spI: 0.02 coP: 0.11 coD: 1.31 LPN: 388 LPT: 12 SPD: 0.00 SPDt: 0.00 TLT: 0.39 TLTt: 0.02 COUT: 1.16
 spP: -0.06 spI: 0.02 coP: 0.09 coD: -0.50 LPN: 389 LPT: 12 SPD: 1.00 SPDt: 0.00 TLT: 0.27 TLTt: -0.04 COUT: 0.75
 spP: -0.06 spI: 0.02 coP: 0.12 coD: 0.64 LPN: 390 LPT: 13 SPD: 1.00 SPDt: 0.00 TLT: 0.35 TLTt: -0.04 COUT: 1.51
 spP: -0.12 spI: 0.01 coP: 0.12 coD: 0.12 LPN: 391 LPT: 12 SPD: 2.00 SPDt: 0.00 TLT: 0.30 TLTt: -0.11 COUT: 1.76
 spP: -0.12 spI: 0.01 coP: 0.12 coD: -0.08 LPN: 392 LPT: 12 SPD: 2.00 SPDt: 0.00 TLT: 0.29 TLTt: -0.11 COUT: 1.80
 spP: -0.12 spI: 0.01 coP: 0.14 coD: 0.53 LPN: 393 LPT: 12 SPD: 2.00 SPDt: 0.00 TLT: 0.35 TLTt: -0.11 COUT: 2.47
 spP: -0.12 spI: 0.01 coP: 0.09 coD: -1.49 LPN: 394 LPT: 11 SPD: 2.00 SPDt: 0.00 TLT: 0.17 TLTt: -0.11 COUT: 1.07
 spP: -0.06 spI: 0.01 coP: 0.13 coD: 1.03 LPN: 395 LPT: 14 SPD: 1.00 SPDt: 0.00 TLT: 0.37 TLTt: -0.05 COUT: 2.22
 spP: -0.12 spI: 0.01 coP: 0.11 coD: -0.28 LPN: 396 LPT: 13 SPD: 2.00 SPDt: 0.00 TLT: 0.27 TLTt: -0.11 COUT: 2.05
 spP: -0.12 spI: 0.00 coP: 0.08 coD: -0.84 LPN: 397 LPT: 11 SPD: 2.00 SPDt: 0.00 TLT: 0.16 TLTt: -0.12 COUT: 1.30
 spP: -0.06 spI: 0.00 coP: 0.15 coD: 1.68 LPN: 398 LPT: 13 SPD: 1.00 SPDt: 0.00 TLT: 0.43 TLTt: -0.06 COUT: 3.13
 spP: -0.18 spI: 0.00 coP: 0.11 coD: -1.01 LPN: 399 LPT: 12 SPD: 3.00 SPDt: 0.00 TLT: 0.18 TLTt: -0.18 COUT: 2.22
 spP: -0.12 spI: -0.00 coP: 0.14 coD: 0.98 LPN: 400 LPT: 12 SPD: 2.00 SPDt: 0.00 TLT: 0.36 TLTt: -0.12 COUT: 3.34
 spP: -0.18 spI: -0.01 coP: 0.15 coD: 0.11 LPN: 401 LPT: 12 SPD: 3.00 SPDt: 0.00 TLT: 0.31 TLTt: -0.19 COUT: 3.60
 spP: -0.24 spI: -0.01 coP: 0.16 coD: 0.20 LPN: 402 LPT: 14 SPD: 4.00 SPDt: 0.00 TLT: 0.27 TLTt: -0.25 COUT: 3.96
 spP: -0.24 spI: -0.01 coP: 0.18 coD: 0.62 LPN: 403 LPT: 12 SPD: 4.00 SPDt: 0.00 TLT: 0.34 TLTt: -0.25 COUT: 4.75
 spP: -0.30 spI: -0.02 coP: 0.10 coD: -2.10 LPN: 404 LPT: 11 SPD: 5.00 SPDt: 0.00 TLT: 0.02 TLTt: -0.32 COUT: 2.75
 spP: -0.18 spI: -0.02 coP: 0.09 coD: -0.30 LPN: 405 LPT: 13 SPD: 3.00 SPDt: 0.00 TLT: 0.10 TLTt: -0.20 COUT: 2.54
 spP: -0.18 spI: -0.02 coP: 0.11 coD: 0.64 LPN: 406 LPT: 12 SPD: 3.00 SPDt: 0.00 TLT: 0.18 TLTt: -0.20 COUT: 3.30
 spP: -0.18 spI: -0.03 coP: 0.04 coD: -1.97 LPN: 407 LPT: 13 SPD: 3.00 SPDt: 0.00 TLT: -0.08 TLTt: -0.21 COUT: 1.37
 spP: -0.06 spI: -0.03 coP: 0.04 coD: -0.02 LPN: 408 LPT: 12 SPD: 1.00 SPDt: 0.00 TLT: 0.04 TLTt: -0.09 COUT: 1.39
 spP: -0.06 spI: -0.03 coP: -0.01 coD: -1.34 LPN: 409 LPT: 13 SPD: 1.00 SPDt: 0.00 TLT: -0.12 TLTt: -0.09 COUT: 0.04
 spP: 0.00 spI: -0.03 coP: -0.00 coD: 0.17 LPN: 410 LPT: 11 SPD: 0.00 SPDt: 0.00 TLT: -0.04 TLTt: -0.03 COUT: 0.20
 spP: 0.00 spI: -0.03 coP: -0.01 coD: -0.10 LPN: 411 LPT: 12 SPD: 0.00 SPDt: 0.00 TLT: -0.05 TLTt: -0.03 COUT: 0.10
 spP: 0.00 spI: -0.03 coP: -0.04 coD: -0.87 LPN: 412 LPT: 13 SPD: 0.00 SPDt: 0.00 TLT: -0.15 TLTt: -0.03 COUT: -0.81
 spP: 0.06 spI: -0.03 coP: -0.02 coD: 0.35 LPN: 413 LPT: 12 SPD: -1.00 SPDt: 0.00 TLT: -0.05 TLTt: 0.03 COUT: -0.48
 spP: 0.00 spI: -0.03 coP: -0.03 coD: -0.18 LPN: 414 LPT: 13 SPD: 0.00 SPDt: 0.00 TLT: -0.13 TLTt: -0.03 COUT: -0.69
 spP: 0.06 spI: -0.03 coP: -0.07 coD: -0.93 LPN: 415 LPT: 12 SPD: -1.00 SPDt: 0.00 TLT: -0.18 TLTt: 0.03 COUT: -1.69
 spP: 0.12 spI: -0.02 coP: -0.05 coD: 0.54 LPN: 416 LPT: 12 SPD: -2.00 SPDt: 0.00 TLT: -0.06 TLTt: 0.10 COUT: -1.20
 spP: 0.06 spI: -0.02 coP: -0.08 coD: -0.93 LPN: 417 LPT: 12 SPD: -1.00 SPDt: 0.00 TLT: -0.23 TLTt: 0.04 COUT: -2.21
 spP: 0.12 spI: -0.02 coP: -0.07 coD: 0.28 LPN: 418 LPT: 12 SPD: -2.00 SPDt: 0.00 TLT: -0.13 TLTt: 0.10 COUT: -1.99
 spP: 0.12 spI: -0.02 coP: -0.05 coD: 0.43 LPN: 419 LPT: 14 SPD: -2.00 SPDt: 0.00 TLT: -0.08 TLTt: 0.10 COUT: -1.62
 spP: 0.12 spI: -0.02 coP: -0.10 coD: -1.28 LPN: 420 LPT: 12 SPD: -2.00 SPDt: 0.00 TLT: -0.24 TLTt: 0.10 COUT: -3.00
 spP: 0.18 spI: -0.01 coP: -0.10 coD: 0.19 LPN: 421 LPT: 12 SPD: -3.00 SPDt: 0.00 TLT: -0.15 TLTt: 0.17 COUT: -2.90
 spP: 0.18 spI: -0.01 coP: -0.12 coD: -0.80 LPN: 422 LPT: 12 SPD: -3.00 SPDt: 0.00 TLT: -0.25 TLTt: 0.17 COUT: -3.83
 spP: 0.24 spI: -0.01 coP: -0.09 coD: 0.94 LPN: 423 LPT: 12 SPD: -4.00 SPDt: 0.00 TLT: -0.07 TLTt: 0.23 COUT: -2.98
 spP: 0.18 spI: -0.00 coP: -0.07 coD: 0.45 LPN: 424 LPT: 12 SPD: -3.00 SPDt: 0.00 TLT: -0.07 TLTt: 0.18 COUT: -2.61
 spP: 0.18 spI: -0.00 coP: -0.08 coD: -0.05 LPN: 425 LPT: 13 SPD: -3.00 SPDt: 0.00 TLT: -0.08 TLTt: 0.18 COUT: -2.74
 spP: 0.18 spI: 0.00 coP: -0.08 coD: -0.03 LPN: 426 LPT: 13 SPD: -3.00 SPDt: 0.00 TLT: -0.08 TLTt: 0.18 COUT: -2.85
 spP: 0.18 spI: 0.00 coP: -0.06 coD: 0.51 LPN: 427 LPT: 12 SPD: -3.00 SPDt: 0.00 TLT: -0.01 TLTt: 0.18 COUT: -2.39
 spP: 0.12 spI: 0.01 coP: -0.06 coD: -0.13 LPN: 428 LPT: 12 SPD: -2.00 SPDt: 0.00 TLT: -0.09 TLTt: 0.13 COUT: -2.59
 spP: 0.18 spI: 0.01 coP: -0.05 coD: 0.40 LPN: 429 LPT: 13 SPD: -3.00 SPDt: 0.00 TLT: 0.02 TLTt: 0.19 COUT: -2.24
 spP: 0.12 spI: 0.01 coP: -0.03 coD: 0.56 LPN: 430 LPT: 11 SPD: -2.00 SPDt: 0.00 TLT: 0.03 TLTt: 0.13 COUT: -1.71
 spP: 0.12 spI: 0.01 coP: -0.05 coD: -0.58 LPN: 431 LPT: 13 SPD: -2.00 SPDt: 0.00 TLT: -0.04 TLTt: 0.13 COUT: -2.34
 spP: 0.12 spI: 0.02 coP: -0.05 coD: 0.11 LPN: 432 LPT: 12 SPD: -2.00 SPDt: 0.00 TLT: -0.02 TLTt: 0.14 COUT: -2.27
 spP: 0.12 spI: 0.02 coP: -0.03 coD: 0.47 LPN: 433 LPT: 13 SPD: -2.00 SPDt: 0.00 TLT: 0.04 TLTt: 0.14 COUT: -1.84
 spP: 0.12 spI: 0.02 coP: -0.08 coD: -1.27 LPN: 434 LPT: 12 SPD: -2.00 SPDt: 0.00 TLT: -0.11 TLTt: 0.14 COUT: -3.19
 spP: 0.18 spI: 0.02 coP: -0.03 coD: 1.35 LPN: 435 LPT: 12 SPD: -3.00 SPDt: 0.00 TLT: 0.11 TLTt: 0.20 COUT: -1.86
 spP: 0.12 spI: 0.02 coP: -0.06 coD: -0.80 LPN: 436 LPT: 13 SPD: -2.00 SPDt: 0.00 TLT: -0.04 TLTt: 0.14 COUT: -2.71
 spP: 0.18 spI: 0.03 coP: -0.08 coD: -0.75 LPN: 437 LPT: 12 SPD: -3.00 SPDt: 0.00 TLT: -0.07 TLTt: 0.21 COUT: -3.55
 spP: 0.24 spI: 0.03 coP: -0.07 coD: 0.42 LPN: 438 LPT: 13 SPD: -4.00 SPDt: 0.00 TLT: 0.05 TLTt: 0.27 COUT: -3.20
 spP: 0.18 spI: 0.03 coP: -0.08 coD: -0.22 LPN: 439 LPT: 12 SPD: -3.00 SPDt: 0.00 TLT: -0.04 TLTt: 0.21 COUT: -3.50
 spP: 0.18 spI: 0.04 coP: -0.04 coD: 0.92 LPN: 440 LPT: 12 SPD: -3.00 SPDt: 0.00 TLT: 0.07 TLTt: 0.22 COUT: -2.62
 spP: 0.18 spI: 0.04 coP: -0.01 coD: 0.81 LPN: 441 LPT: 12 SPD: -3.00 SPDt: 0.00 TLT: 0.17 TLTt: 0.22 COUT: -1.83
 spP: 0.12 spI: 0.04 coP: -0.02 coD: -0.05 LPN: 442 LPT: 12 SPD: -2.00 SPDt: 0.00 TLT: 0.11 TLTt: 0.16 COUT: -1.90
 spP: 0.12 spI: 0.04 coP: 0.00 coD: 0.47 LPN: 443 LPT: 14 SPD: -2.00 SPDt: 0.00 TLT: 0.17 TLTt: 0.16 COUT: -1.42
 spP: 0.06 spI: 0.05 coP: -0.01 coD: -0.22 LPN: 444 LPT: 12 SPD: -1.00 SPDt: 0.00 TLT: 0.09 TLTt: 0.11 COUT: -1.65
 spP: 0.12 spI: 0.05 coP: -0.01 coD: -0.07 LPN: 445 LPT: 12 SPD: -2.00 SPDt: 0.00 TLT: 0.14 TLTt: 0.17 COUT: -1.73
 spP: 0.12 spI: 0.05 coP: -0.01 coD: -0.10 LPN: 446 LPT: 11 SPD: -2.00 SPDt: 0.00 TLT: 0.12 TLTt: 0.17 COUT: -1.84
 spP: 0.12 spI: 0.05 coP: -0.02 coD: -0.28 LPN: 447 LPT: 13 SPD: -2.00 SPDt: 0.00 TLT: 0.09 TLTt: 0.17 COUT: -2.14
 spP: 0.12 spI: 0.05 coP: 0.03 coD: 1.38 LPN: 448 LPT: 12 SPD: -2.00 SPDt: 0.00 TLT: 0.26 TLTt: 0.17 COUT: -0.73
 spP: 0.06 spI: 0.06 coP: 0.01 coD: -0.55 LPN: 449 LPT: 12 SPD: -1.00 SPDt: 0.00 TLT: 0.13 TLTt: 0.12 COUT: -1.27
 spP: 0.06 spI: 0.05 coP: 0.01 coD: 0.19 LPN: 450 LPT: 13 SPD: -1.00 SPDt: 0.00 TLT: 0.16 TLTt: 0.11 COUT: -1.07
 spP: 0.06 spI: 0.05 coP: 0.04 coD: 0.89 LPN: 451 LPT: 12 SPD: -1.00 SPDt: 0.00 TLT: 0.26 TLTt: 0.11 COUT: -0.14
 spP: 0.00 spI: 0.05 coP: 0.02 coD: -0.64 LPN: 452 LPT: 11 SPD: 0.00 SPDt: 0.00 TLT: 0.12 TLTt: 0.05 COUT: -0.76
 spP: 0.06 spI: 0.05 coP: 0.03 coD: 0.36 LPN: 453 LPT: 12 SPD: -1.00 SPDt: 0.00 TLT: 0.23 TLTt: 0.11 COUT: -0.36
 spP: 0.00 spI: 0.05 coP: 0.05 coD: 0.55 LPN: 454 LPT: 11 SPD: 0.00 SPDt: 0.00 TLT: 0.23 TLTt: 0.05 COUT: 0.24
 spP: 0.00 spI: 0.06 coP: 0.03 coD: -0.57 LPN: 455 LPT: 13 SPD: 0.00 SPDt: 0.00 TLT: 0.16 TLTt: 0.06 COUT: -0.29
 spP: 0.00 spI: 0.06 coP: 0.07 coD: 1.03 LPN: 456 LPT: 12 SPD: 0.00 SPDt: 0.00 TLT: 0.30 TLTt: 0.06 COUT: 0.81
 spP: -0.06 spI: 0.05 coP: 0.07 coD: -0.14 LPN: 457 LPT: 13 SPD: 1.00 SPDt: 0.00 TLT: 0.21 TLTt: -0.01 COUT: 0.73
 spP: -0.06 spI: 0.05 coP: 0.09 coD: 0.58 LPN: 458 LPT: 12 SPD: 1.00 SPDt: 0.00 TLT: 0.28 TLTt: -0.01 COUT: 1.40
 spP: -0.06 spI: 0.05 coP: 0.07 coD: -0.44 LPN: 459 LPT: 11 SPD: 1.00 SPDt: 0.00 TLT: 0.23 TLTt: -0.01 COUT: 1.02
 spP: -0.06 spI: 0.05 coP: 0.09 coD: 0.48 LPN: 460 LPT: 12 SPD: 1.00 SPDt: 0.00 TLT: 0.28 TLTt: -0.01 COUT: 1.59
 spP: -0.12 spI: 0.05 coP: 0.12 coD: 0.89 LPN: 461 LPT: 12 SPD: 2.00 SPDt: 0.00 TLT: 0.32 TLTt: -0.07 COUT: 2.59
 spP: -0.18 spI: 0.05 coP: 0.12 coD: 0.00 LPN: 462 LPT: 12 SPD: 3.00 SPDt: 0.00 TLT: 0.26 TLTt: -0.13 COUT: 2.71
 spP: -0.18 spI: 0.05 coP: 0.11 coD: -0.33 LPN: 463 LPT: 13 SPD: 3.00 SPDt: 0.00 TLT: 0.22 TLTt: -0.13 COUT: 2.48
 spP: -0.12 spI: 0.04 coP: 0.09 coD: -0.52 LPN: 464 LPT: 13 SPD: 2.00 SPDt: 0.00 TLT: 0.21 TLTt: -0.08 COUT: 2.05
 spP: -0.12 spI: 0.04 coP: 0.11 coD: 0.80 LPN: 465 LPT: 11 SPD: 2.00 SPDt: 0.00 TLT: 0.30 TLTt: -0.08 COUT: 2.97
 spP: -0.18 spI: 0.04 coP: 0.09 coD: -0.83 LPN: 466 LPT: 12 SPD: 3.00 SPDt: 0.00 TLT: 0.14 TLTt: -0.14 COUT: 2.22
 spP: -0.12 spI: 0.03 coP: 0.11 coD: 0.64 LPN: 467 LPT: 12 SPD: 2.00 SPDt: 0.00 TLT: 0.28 TLTt: -0.09 COUT: 2.97
 spP: -0.18 spI: 0.03 coP: 0.07 coD: -1.03 LPN: 468 LPT: 14 SPD: 3.00 SPDt: 0.00 TLT: 0.08 TLTt: -0.15 COUT: 2.01
 spP: -0.12 spI: 0.03 coP: 0.05 coD: -0.51 LPN: 469 LPT: 12 SPD: 2.00 SPDt: 0.00 TLT: 0.07 TLTt: -0.09 COUT: 1.55
 spP: -0.12 spI: 0.03 coP: 0.10 coD: 1.54 LPN: 470 LPT: 12 SPD: 2.00 SPDt: 0.00 TLT: 0.25 TLTt: -0.09 COUT: 3.19
 spP: -0.18 spI: 0.02 coP: 0.02 coD: -2.33 LPN: 471 LPT: 13 SPD: 3.00 SPDt: 0.00 TLT: -0.09 TLTt: -0.16 COUT: 0.88
 spP: -0.06 spI: 0.02 coP: 0.06 coD: 1.15 LPN: 472 LPT: 11 SPD: 1.00 SPDt: 0.00 TLT: 0.17 TLTt: -0.04 COUT: 2.08
 spP: -0.12 spI: 0.02 coP: 0.06 coD: -0.04 LPN: 473 LPT: 12 SPD: 2.00 SPDt: 0.00 TLT: 0.10 TLTt: -0.10 COUT: 2.10
 spP: -0.12 spI: 0.02 coP: 0.02 coD: -1.03 LPN: 474 LPT: 13 SPD: 2.00 SPDt: 0.00 TLT: -0.03 TLTt: -0.10 COUT: 1.09
 spP: -0.06 spI: 0.02 coP: 0.08 coD: 1.49 LPN: 475 LPT: 13 SPD: 1.00 SPDt: 0.00 TLT: 0.22 TLTt: -0.04 COUT: 2.65
 spP: -0.18 spI: 0.02 coP: 0.05 coD: -0.92 LPN: 476 LPT: 12 SPD: 3.00 SPDt: 0.00 TLT: -0.01 TLTt: -0.16 COUT: 1.78
 spP: -0.12 spI: 0.01 coP: 0.08 coD: 0.83 LPN: 477 LPT: 12 SPD: 2.00 SPDt: 0.00 TLT: 0.15 TLTt: -0.11 COUT: 2.69
 spP: -0.18 spI: 0.01 coP: 0.09 coD: 0.28 LPN: 478 LPT: 12 SPD: 3.00 SPDt: 0.00 TLT: 0.12 TLTt: -0.17 COUT: 3.06
 spP: -0.18 spI: 0.01 coP: 0.05 coD: -1.12 LPN: 479 LPT: 12 SPD: 3.00 SPDt: 0.00 TLT: -0.02 TLTt: -0.17 COUT: 1.99
 spP: -0.12 spI: 0.01 coP: 0.04 coD: -0.24 LPN: 480 LPT: 13 SPD: 2.00 SPDt: 0.00 TLT: 0.01 TLTt: -0.11 COUT: 1.78
 spP: -0.12 spI: 0.01 coP: 0.00 coD: -0.83 LPN: 481 LPT: 12 SPD: 2.00 SPDt: 0.00 TLT: -0.10 TLTt: -0.11 COUT: 0.96
 spP: -0.06 spI: 0.00 coP: 0.02 coD: 0.41 LPN: 482 LPT: 13 SPD: 1.00 SPDt: 0.00 TLT: 0.01 TLTt: -0.06 COUT: 1.38
 spP: -0.06 spI: 0.00 coP: -0.01 coD: -0.69 LPN: 483 LPT: 11 SPD: 1.00 SPDt: 0.00 TLT: -0.07 TLTt: -0.06 COUT: 0.69
 spP: -0.06 spI: 0.00 coP: -0.00 coD: 0.01 LPN: 484 LPT: 12 SPD: 1.00 SPDt: 0.00 TLT: -0.07 TLTt: -0.06 COUT: 0.70
 spP: -0.06 spI: 0.00 coP: -0.04 coD: -0.94 LPN: 485 LPT: 13 SPD: 1.00 SPDt: 0.00 TLT: -0.19 TLTt: -0.06 COUT: -0.29
 spP: 0.00 spI: 0.00 coP: -0.10 coD: -1.80 LPN: 486 LPT: 10 SPD: 0.00 SPDt: 0.00 TLT: -0.33 TLTt: 0.00 COUT: -2.18
 spP: 0.12 spI: 0.00 coP: -0.09 coD: 0.22 LPN: 487 LPT: 13 SPD: -2.00 SPDt: 0.00 TLT: -0.18 TLTt: 0.12 COUT: -2.05
 spP: 0.12 spI: 0.01 coP: -0.09 coD: 0.06 LPN: 488 LPT: 13 SPD: -2.00 SPDt: 0.00 TLT: -0.17 TLTt: 0.13 COUT: -2.08
 spP: 0.12 spI: 0.01 coP: -0.11 coD: -0.59 LPN: 489 LPT: 12 SPD: -2.00 SPDt: 0.00 TLT: -0.24 TLTt: 0.13 COUT: -2.78
 spP: 0.18 spI: 0.01 coP: -0.11 coD: 0.03 LPN: 490 LPT: 12 SPD: -3.00 SPDt: 0.00 TLT: -0.17 TLTt: 0.19 COUT: -2.86
 spP: 0.18 spI: 0.01 coP: -0.11 coD: -0.11 LPN: 491 LPT: 12 SPD: -3.00 SPDt: 0.00 TLT: -0.18 TLTt: 0.19 COUT: -3.08
 spP: 0.18 spI: 0.02 coP: -0.10 coD: 0.43 LPN: 492 LPT: 13 SPD: -3.00 SPDt: 0.00 TLT: -0.13 TLTt: 0.20 COUT: -2.75
 spP: 0.18 spI: 0.02 coP: -0.08 coD: 0.44 LPN: 493 LPT: 12 SPD: -3.00 SPDt: 0.00 TLT: -0.07 TLTt: 0.20 COUT: -2.38
 spP: 0.12 spI: 0.02 coP: -0.08 coD: 0.06 LPN: 494 LPT: 13 SPD: -2.00 SPDt: 0.00 TLT: -0.11 TLTt: 0.14 COUT: -2.40
 spP: 0.12 spI: 0.02 coP: -0.08 coD: -0.16 LPN: 495 LPT: 12 SPD: -2.00 SPDt: 0.00 TLT: -0.13 TLTt: 0.14 COUT: -2.64
 spP: 0.18 spI: 0.03 coP: -0.08 coD: -0.01 LPN: 496 LPT: 12 SPD: -3.00 SPDt: 0.00 TLT: -0.07 TLTt: 0.21 COUT: -2.73
 spP: 0.18 spI: 0.03 coP: -0.07 coD: 0.41 LPN: 497 LPT: 12 SPD: -3.00 SPDt: 0.00 TLT: -0.02 TLTt: 0.21 COUT: -2.38
 spP: 0.12 spI: 0.03 coP: -0.06 coD: 0.35 LPN: 498 LPT: 12 SPD: -2.00 SPDt: 0.00 TLT: -0.03 TLTt: 0.15 COUT: -2.08
