 spP:    0.00 spI:    0.00 coP:  -29.71 coD: -119.76 LPN: 1458 LPT: 11 SPD:    0.00 TLT:  -59.41 TLTt:    0.00
 spP:    8.94 spI:    0.04 coP:  -31.72 coD:  -38.16 LPN: 1459 LPT: 16 SPD: -149.00 TLT:  -54.46 TLTt:    8.98
 spP:   11.94 spI:    0.08 coP:  -30.02 coD:   32.01 LPN: 1460 LPT: 16 SPD: -199.00 TLT:  -48.02 TLTt:   12.02
 spP:   13.02 spI:    0.11 coP:  -26.91 coD:   59.12 LPN: 1461 LPT: 15 SPD: -217.00 TLT:  -40.70 TLTt:   13.13
 spP:   11.10 spI:    0.15 coP:  -22.94 coD:   76.15 LPN: 1462 LPT: 16 SPD: -185.00 TLT:  -34.62 TLTt:   11.25
 spP:    7.92 spI:    0.18 coP:  -19.16 coD:   74.20 LPN: 1463 LPT: 16 SPD: -132.00 TLT:  -30.22 TLTt:    8.10
 spP:    4.62 spI:    0.23 coP:  -15.45 coD:   69.19 LPN: 1464 LPT: 15 SPD:  -77.00 TLT:  -26.04 TLTt:    4.85
 spP:    1.38 spI:    0.26 coP:  -12.85 coD:   49.52 LPN: 1465 LPT: 16 SPD:  -23.00 TLT:  -24.07 TLTt:    1.64
 spP:   -0.84 spI:    0.23 coP:  -10.69 coD:   41.88 LPN: 1466 LPT: 16 SPD:   14.00 TLT:  -21.98 TLTt:   -0.61
 spP:   -2.70 spI:    0.20 coP:   -9.12 coD:   30.33 LPN: 1467 LPT: 15 SPD:   45.00 TLT:  -20.75 TLTt:   -2.50
 spP:   -3.96 spI:    0.16 coP:   -8.36 coD:   15.04 LPN: 1468 LPT: 16 SPD:   66.00 TLT:  -20.52 TLTt:   -3.80
 spP:   -4.38 spI:    0.13 coP:   -7.79 coD:   10.59 LPN: 1469 LPT: 16 SPD:   73.00 TLT:  -19.83 TLTt:   -4.25
 spP:   -4.50 spI:    0.09 coP:   -7.79 coD:    0.06 LPN: 1470 LPT: 15 SPD:   75.00 TLT:  -19.99 TLTt:   -4.41
 spP:   -4.08 spI:    0.05 coP:   -7.69 coD:    1.85 LPN: 1471 LPT: 16 SPD:   68.00 TLT:  -19.41 TLTt:   -4.03
 spP:   -3.72 spI:    0.01 coP:   -7.80 coD:   -2.12 LPN: 1472 LPT: 16 SPD:   62.00 TLT:  -19.31 TLTt:   -3.71
 spP:   -3.12 spI:   -0.03 coP:   -7.94 coD:   -2.83 LPN: 1473 LPT: 14 SPD:   52.00 TLT:  -19.03 TLTt:   -3.15
 spP:   -2.46 spI:   -0.06 coP:   -7.96 coD:   -0.29 LPN: 1474 LPT: 17 SPD:   41.00 TLT:  -18.44 TLTt:   -2.52
 spP:   -1.98 spI:   -0.10 coP:   -8.16 coD:   -3.76 LPN: 1475 LPT: 15 SPD:   33.00 TLT:  -18.39 TLTt:   -2.08
 spP:   -1.26 spI:   -0.13 coP:   -8.08 coD:    1.37 LPN: 1476 LPT: 15 SPD:   21.00 TLT:  -17.56 TLTt:   -1.39
 spP:   -0.84 spI:   -0.14 coP:   -8.17 coD:   -1.73 LPN: 1477 LPT: 16 SPD:   14.00 TLT:  -17.33 TLTt:   -0.98
 spP:   -0.24 spI:   -0.15 coP:   -8.13 coD:    0.76 LPN: 1478 LPT: 15 SPD:    4.00 TLT:  -16.66 TLTt:   -0.39
 spP:    0.18 spI:   -0.15 coP:   -8.16 coD:   -0.60 LPN: 1479 LPT: 17 SPD:   -3.00 TLT:  -16.29 TLTt:    0.03
 spP:    0.72 spI:   -0.13 coP:   -8.19 coD:   -0.52 LPN: 1480 LPT: 15 SPD:  -12.00 TLT:  -15.79 TLTt:    0.59
 spP:    1.20 spI:   -0.11 coP:   -8.10 coD:    1.77 LPN: 1481 LPT: 15 SPD:  -20.00 TLT:  -15.10 TLTt:    1.09
 spP:    1.62 spI:   -0.07 coP:   -8.16 coD:   -1.29 LPN: 1482 LPT: 15 SPD:  -27.00 TLT:  -14.78 TLTt:    1.55
 spP:    2.16 spI:   -0.03 coP:   -7.81 coD:    6.90 LPN: 1483 LPT: 16 SPD:  -36.00 TLT:  -13.49 TLTt:    2.13
 spP:    2.22 spI:    0.00 coP:   -7.75 coD:    1.06 LPN: 1484 LPT: 15 SPD:  -37.00 TLT:  -13.28 TLTt:    2.22
 spP:    2.64 spI:    0.04 coP:   -7.51 coD:    4.55 LPN: 1485 LPT: 16 SPD:  -44.00 TLT:  -12.35 TLTt:    2.68
 spP:    2.82 spI:    0.08 coP:   -7.30 coD:    4.23 LPN: 1486 LPT: 15 SPD:  -47.00 TLT:  -11.70 TLTt:    2.90
 spP:    3.00 spI:    0.12 coP:   -7.11 coD:    3.63 LPN: 1487 LPT: 15 SPD:  -50.00 TLT:  -11.10 TLTt:    3.12
 spP:    3.18 spI:    0.15 coP:   -6.71 coD:    7.76 LPN: 1488 LPT: 17 SPD:  -53.00 TLT:  -10.08 TLTt:    3.33
 spP:    3.12 spI:    0.19 coP:   -6.53 coD:    3.47 LPN: 1489 LPT: 15 SPD:  -52.00 TLT:   -9.74 TLTt:    3.31
 spP:    3.30 spI:    0.22 coP:   -6.11 coD:    8.13 LPN: 1490 LPT: 16 SPD:  -55.00 TLT:   -8.70 TLTt:    3.52
 spP:    3.18 spI:    0.26 coP:   -5.97 coD:    2.81 LPN: 1491 LPT: 15 SPD:  -53.00 TLT:   -8.49 TLTt:    3.44
 spP:    3.42 spI:    0.30 coP:   -5.67 coD:    5.73 LPN: 1492 LPT: 15 SPD:  -57.00 TLT:   -7.61 TLTt:    3.72
 spP:    3.36 spI:    0.34 coP:   -5.38 coD:    5.51 LPN: 1493 LPT: 16 SPD:  -56.00 TLT:   -7.06 TLTt:    3.70
 spP:    3.36 spI:    0.37 coP:   -5.19 coD:    3.85 LPN: 1494 LPT: 15 SPD:  -56.00 TLT:   -6.65 TLTt:    3.73
 spP:    3.48 spI:    0.42 coP:   -4.82 coD:    7.02 LPN: 1495 LPT: 16 SPD:  -58.00 TLT:   -5.74 TLTt:    3.90
 spP:    3.24 spI:    0.42 coP:   -4.05 coD:    4.55 LPN: 1498 LPT: 12 SPD:  -54.00 TLT:   -4.44 TLTt:    3.66
 spP:    3.24 spI:    0.56 coP:   -3.77 coD:    5.30 LPN: 1499 LPT: 17 SPD:  -54.00 TLT:   -3.74 TLTt:    3.80
 spP:    3.12 spI:    0.60 coP:   -3.55 coD:    4.25 LPN: 1500 LPT: 15 SPD:  -52.00 TLT:   -3.38 TLTt:    3.72
 spP:    3.12 spI:    0.63 coP:   -3.36 coD:    3.69 LPN: 1501 LPT: 16 SPD:  -52.00 TLT:   -2.97 TLTt:    3.75
 spP:    3.06 spI:    0.66 coP:   -3.00 coD:    7.18 LPN: 1502 LPT: 15 SPD:  -51.00 TLT:   -2.28 TLTt:    3.72
 spP:    2.82 spI:    0.72 coP:   -2.95 coD:    0.88 LPN: 1503 LPT: 15 SPD:  -47.00 TLT:   -2.37 TLTt:    3.54
 spP:    2.94 spI:    0.75 coP:   -2.71 coD:    4.72 LPN: 1504 LPT: 16 SPD:  -49.00 TLT:   -1.72 TLTt:    3.69
 spP:    2.82 spI:    0.78 coP:   -2.57 coD:    2.74 LPN: 1505 LPT: 15 SPD:  -47.00 TLT:   -1.53 TLTt:    3.60
 spP:    2.82 spI:    0.80 coP:   -2.32 coD:    4.95 LPN: 1506 LPT: 15 SPD:  -47.00 TLT:   -1.01 TLTt:    3.62
 spP:    2.64 spI:    0.87 coP:   -2.14 coD:    3.47 LPN: 1507 LPT: 16 SPD:  -44.00 TLT:   -0.77 TLTt:    3.51
 spP:    2.58 spI:    0.90 coP:   -1.98 coD:    2.96 LPN: 1508 LPT: 16 SPD:  -43.00 TLT:   -0.48 TLTt:    3.48
 spP:    2.52 spI:    0.94 coP:   -1.69 coD:    5.66 LPN: 1509 LPT: 15 SPD:  -42.00 TLT:    0.08 TLTt:    3.46
 spP:    2.28 spI:    0.96 coP:   -1.55 coD:    2.69 LPN: 1510 LPT: 16 SPD:  -38.00 TLT:    0.13 TLTt:    3.24
 spP:    2.22 spI:    1.01 coP:   -1.30 coD:    4.78 LPN: 1511 LPT: 15 SPD:  -37.00 TLT:    0.63 TLTt:    3.23
 spP:    1.98 spI:    1.05 coP:   -1.19 coD:    2.08 LPN: 1512 LPT: 16 SPD:  -33.00 TLT:    0.64 TLTt:    3.03
 spP:    1.92 spI:    1.08 coP:   -0.99 coD:    3.93 LPN: 1513 LPT: 15 SPD:  -32.00 TLT:    1.01 TLTt:    3.00
 spP:    1.80 spI:    1.10 coP:   -0.86 coD:    2.53 LPN: 1514 LPT: 15 SPD:  -30.00 TLT:    1.17 TLTt:    2.90
 spP:    1.68 spI:    1.16 coP:   -0.72 coD:    2.70 LPN: 1515 LPT: 16 SPD:  -28.00 TLT:    1.39 TLTt:    2.84
 spP:    1.56 spI:    1.18 coP:   -0.55 coD:    3.34 LPN: 1516 LPT: 15 SPD:  -26.00 TLT:    1.63 TLTt:    2.74
 spP:    1.38 spI:    1.21 coP:   -0.34 coD:    4.14 LPN: 1517 LPT: 15 SPD:  -23.00 TLT:    1.91 TLTt:    2.59
 spP:    1.14 spI:    1.21 coP:   -0.17 coD:    3.43 LPN: 1518 LPT: 16 SPD:  -19.00 TLT:    2.02 TLTt:    2.35
 spP:    0.96 spI:    1.26 coP:   -0.02 coD:    2.89 LPN: 1519 LPT: 15 SPD:  -16.00 TLT:    2.19 TLTt:    2.22
 spP:    0.78 spI:    1.27 coP:    0.19 coD:    3.93 LPN: 1520 LPT: 16 SPD:  -13.00 TLT:    2.42 TLTt:    2.05
 spP:    0.54 spI:    1.28 coP:    0.29 coD:    1.99 LPN: 1521 LPT: 16 SPD:   -9.00 TLT:    2.39 TLTt:    1.82
 spP:    0.42 spI:    1.26 coP:    0.43 coD:    2.88 LPN: 1522 LPT: 14 SPD:   -7.00 TLT:    2.54 TLTt:    1.68
 spP:    0.18 spI:    1.35 coP:    0.58 coD:    2.70 LPN: 1523 LPT: 16 SPD:   -3.00 TLT:    2.68 TLTt:    1.53
 spP:    0.00 spI:    1.28 coP:    0.72 coD:    2.87 LPN: 1524 LPT: 16 SPD:    0.00 TLT:    2.73 TLTt:    1.28
 spP:   -0.18 spI:    1.28 coP:    0.88 coD:    3.04 LPN: 1525 LPT: 15 SPD:    3.00 TLT:    2.86 TLTt:    1.10
 spP:   -0.42 spI:    1.24 coP:    1.07 coD:    3.89 LPN: 1526 LPT: 15 SPD:    7.00 TLT:    2.97 TLTt:    0.82
 spP:   -0.72 spI:    1.27 coP:    1.31 coD:    4.50 LPN: 1527 LPT: 16 SPD:   12.00 TLT:    3.16 TLTt:    0.55
 spP:   -1.08 spI:    1.24 coP:    1.50 coD:    3.82 LPN: 1528 LPT: 15 SPD:   18.00 TLT:    3.16 TLTt:    0.16
 spP:   -1.38 spI:    1.21 coP:    1.53 coD:    0.62 LPN: 1529 LPT: 16 SPD:   23.00 TLT:    2.90 TLTt:   -0.17
 spP:   -1.56 spI:    1.15 coP:    1.65 coD:    2.38 LPN: 1530 LPT: 14 SPD:   26.00 TLT:    2.90 TLTt:   -0.41
 spP:   -1.80 spI:    1.15 coP:    1.60 coD:   -0.94 LPN: 1531 LPT: 15 SPD:   30.00 TLT:    2.56 TLTt:   -0.65
 spP:   -1.80 spI:    1.10 coP:    1.57 coD:   -0.69 LPN: 1532 LPT: 17 SPD:   30.00 TLT:    2.44 TLTt:   -0.70
 spP:   -1.86 spI:    1.07 coP:    1.55 coD:   -0.28 LPN: 1533 LPT: 15 SPD:   31.00 TLT:    2.32 TLTt:   -0.79
 spP:   -1.92 spI:    1.01 coP:    1.44 coD:   -2.23 LPN: 1534 LPT: 14 SPD:   32.00 TLT:    1.98 TLTt:   -0.91
 spP:   -1.92 spI:    1.00 coP:    1.52 coD:    1.52 LPN: 1535 LPT: 16 SPD:   32.00 TLT:    2.12 TLTt:   -0.92
 spP:   -2.10 spI:    0.96 coP:    1.40 coD:   -2.37 LPN: 1536 LPT: 16 SPD:   35.00 TLT:    1.66 TLTt:   -1.14
 spP:   -2.04 spI:    0.93 coP:    1.50 coD:    2.00 LPN: 1537 LPT: 16 SPD:   34.00 TLT:    1.90 TLTt:   -1.11
 spP:   -2.22 spI:    0.87 coP:    1.38 coD:   -2.34 LPN: 1538 LPT: 15 SPD:   37.00 TLT:    1.42 TLTt:   -1.35
 spP:   -2.16 spI:    0.85 coP:    1.39 coD:    0.10 LPN: 1539 LPT: 15 SPD:   36.00 TLT:    1.47 TLTt:   -1.31
 spP:   -2.28 spI:    0.81 coP:    1.42 coD:    0.60 LPN: 1540 LPT: 16 SPD:   38.00 TLT:    1.37 TLTt:   -1.47
 spP:   -2.40 spI:    0.77 coP:    1.36 coD:   -1.19 LPN: 1541 LPT: 15 SPD:   40.00 TLT:    1.09 TLTt:   -1.63
 spP:   -2.40 spI:    0.72 coP:    1.42 coD:    1.24 LPN: 1542 LPT: 15 SPD:   40.00 TLT:    1.16 TLTt:   -1.68
 spP:   -2.58 spI:    0.71 coP:    1.33 coD:   -1.76 LPN: 1543 LPT: 16 SPD:   43.00 TLT:    0.79 TLTt:   -1.87
 spP:   -2.52 spI:    0.67 coP:    1.35 coD:    0.45 LPN: 1544 LPT: 15 SPD:   42.00 TLT:    0.85 TLTt:   -1.85
 spP:   -2.64 spI:    0.63 coP:    1.29 coD:   -1.24 LPN: 1545 LPT: 15 SPD:   44.00 TLT:    0.56 TLTt:   -2.01
 spP:   -2.64 spI:    0.58 coP:    1.24 coD:   -0.88 LPN: 1546 LPT: 16 SPD:   44.00 TLT:    0.42 TLTt:   -2.06
 spP:   -2.64 spI:    0.55 coP:    1.23 coD:   -0.28 LPN: 1547 LPT: 15 SPD:   44.00 TLT:    0.37 TLTt:   -2.09
 spP:   -2.70 spI:    0.52 coP:    1.13 coD:   -1.94 LPN: 1548 LPT: 15 SPD:   45.00 TLT:    0.07 TLTt:   -2.18
 spP:   -2.70 spI:    0.48 coP:    1.21 coD:    1.54 LPN: 1549 LPT: 16 SPD:   45.00 TLT:    0.19 TLTt:   -2.22
 spP:   -2.82 spI:    0.43 coP:    1.13 coD:   -1.52 LPN: 1550 LPT: 15 SPD:   47.00 TLT:   -0.12 TLTt:   -2.39
 spP:   -2.82 spI:    0.40 coP:    1.16 coD:    0.61 LPN: 1551 LPT: 16 SPD:   47.00 TLT:   -0.09 TLTt:   -2.42
 spP:   -2.94 spI:    0.37 coP:    1.17 coD:    0.15 LPN: 1552 LPT: 15 SPD:   49.00 TLT:   -0.23 TLTt:   -2.57
 spP:   -3.00 spI:    0.33 coP:    1.08 coD:   -1.72 LPN: 1553 LPT: 16 SPD:   50.00 TLT:   -0.50 TLTt:   -2.67
 spP:   -2.94 spI:    0.29 coP:    1.05 coD:   -0.61 LPN: 1554 LPT: 15 SPD:   49.00 TLT:   -0.55 TLTt:   -2.65
 spP:   -3.00 spI:    0.26 coP:    1.00 coD:   -0.97 LPN: 1555 LPT: 15 SPD:   50.00 TLT:   -0.74 TLTt:   -2.74
 spP:   -3.00 spI:    0.22 coP:    1.03 coD:    0.57 LPN: 1556 LPT: 16 SPD:   50.00 TLT:   -0.72 TLTt:   -2.78
 spP:   -3.06 spI:    0.18 coP:    0.98 coD:   -1.01 LPN: 1557 LPT: 16 SPD:   51.00 TLT:   -0.92 TLTt:   -2.88
 spP:   -3.06 spI:    0.14 coP:    0.96 coD:   -0.27 LPN: 1558 LPT: 14 SPD:   51.00 TLT:   -0.99 TLTt:   -2.92
 spP:   -3.12 spI:    0.11 coP:    0.92 coD:   -0.78 LPN: 1559 LPT: 16 SPD:   52.00 TLT:   -1.17 TLTt:   -3.01
 spP:   -3.12 spI:    0.07 coP:    0.92 coD:   -0.10 LPN: 1560 LPT: 16 SPD:   52.00 TLT:   -1.21 TLTt:   -3.05
 spP:   -3.18 spI:    0.03 coP:    0.90 coD:   -0.39 LPN: 1561 LPT: 15 SPD:   53.00 TLT:   -1.35 TLTt:   -3.15
 spP:   -3.24 spI:   -0.00 coP:    0.85 coD:   -0.94 LPN: 1562 LPT: 16 SPD:   54.00 TLT:   -1.54 TLTt:   -3.24
 spP:   -3.18 spI:   -0.04 coP:    0.81 coD:   -0.72 LPN: 1563 LPT: 15 SPD:   53.00 TLT:   -1.60 TLTt:   -3.22
 spP:   -3.24 spI:   -0.08 coP:    0.70 coD:   -2.14 LPN: 1564 LPT: 15 SPD:   54.00 TLT:   -1.91 TLTt:   -3.32
 spP:   -3.12 spI:   -0.12 coP:    0.67 coD:   -0.70 LPN: 1565 LPT: 16 SPD:   52.00 TLT:   -1.90 TLTt:   -3.24
 spP:   -3.12 spI:   -0.15 coP:    0.55 coD:   -2.35 LPN: 1566 LPT: 15 SPD:   52.00 TLT:   -2.17 TLTt:   -3.27
 spP:   -3.00 spI:   -0.19 coP:    0.48 coD:   -1.39 LPN: 1567 LPT: 15 SPD:   50.00 TLT:   -2.24 TLTt:   -3.19
 spP:   -2.94 spI:   -0.23 coP:    0.36 coD:   -2.19 LPN: 1568 LPT: 16 SPD:   49.00 TLT:   -2.44 TLTt:   -3.17
 spP:   -2.88 spI:   -0.26 coP:    0.27 coD:   -1.87 LPN: 1569 LPT: 15 SPD:   48.00 TLT:   -2.61 TLTt:   -3.14
 spP:   -2.76 spI:   -0.30 coP:    0.31 coD:    0.80 LPN: 1570 LPT: 15 SPD:   46.00 TLT:   -2.44 TLTt:   -3.06
 spP:   -2.82 spI:   -0.34 coP:    0.19 coD:   -2.31 LPN: 1571 LPT: 17 SPD:   47.00 TLT:   -2.79 TLTt:   -3.16
 spP:   -2.70 spI:   -0.38 coP:    0.17 coD:   -0.39 LPN: 1572 LPT: 15 SPD:   45.00 TLT:   -2.74 TLTt:   -3.08
 spP:   -2.70 spI:   -0.41 coP:    0.12 coD:   -0.99 LPN: 1573 LPT: 16 SPD:   45.00 TLT:   -2.88 TLTt:   -3.11
 spP:   -2.64 spI:   -0.44 coP:    0.04 coD:   -1.53 LPN: 1574 LPT: 14 SPD:   44.00 TLT:   -3.00 TLTt:   -3.08
 spP:   -2.52 spI:   -0.49 coP:   -0.02 coD:   -1.17 LPN: 1575 LPT: 16 SPD:   42.00 TLT:   -3.06 TLTt:   -3.01
 spP:   -2.46 spI:   -0.52 coP:   -0.09 coD:   -1.34 LPN: 1576 LPT: 16 SPD:   41.00 TLT:   -3.16 TLTt:   -2.98
 spP:   -2.40 spI:   -0.56 coP:   -0.09 coD:   -0.07 LPN: 1577 LPT: 15 SPD:   40.00 TLT:   -3.15 TLTt:   -2.96
 spP:   -2.40 spI:   -0.58 coP:   -0.19 coD:   -1.90 LPN: 1578 LPT: 15 SPD:   40.00 TLT:   -3.36 TLTt:   -2.98
 spP:   -2.22 spI:   -0.64 coP:   -0.18 coD:    0.26 LPN: 1579 LPT: 16 SPD:   37.00 TLT:   -3.21 TLTt:   -2.86
 spP:   -2.28 spI:   -0.67 coP:   -0.22 coD:   -0.94 LPN: 1580 LPT: 15 SPD:   38.00 TLT:   -3.40 TLTt:   -2.95
 spP:   -2.16 spI:   -0.71 coP:   -0.23 coD:   -0.19 LPN: 1581 LPT: 15 SPD:   36.00 TLT:   -3.34 TLTt:   -2.87
 spP:   -2.16 spI:   -0.72 coP:   -0.21 coD:    0.49 LPN: 1582 LPT: 16 SPD:   36.00 TLT:   -3.30 TLTt:   -2.88
 spP:   -2.16 spI:   -0.80 coP:   -0.23 coD:   -0.37 LPN: 1583 LPT: 15 SPD:   36.00 TLT:   -3.42 TLTt:   -2.96
 spP:   -2.16 spI:   -0.82 coP:   -0.21 coD:    0.43 LPN: 1584 LPT: 16 SPD:   36.00 TLT:   -3.40 TLTt:   -2.98
 spP:   -2.16 spI:   -0.86 coP:   -0.32 coD:   -2.28 LPN: 1585 LPT: 16 SPD:   36.00 TLT:   -3.66 TLTt:   -3.02
 spP:   -1.98 spI:   -0.90 coP:   -0.34 coD:   -0.22 LPN: 1586 LPT: 15 SPD:   33.00 TLT:   -3.55 TLTt:   -2.88
 spP:   -1.98 spI:   -0.90 coP:   -0.44 coD:   -2.09 LPN: 1587 LPT: 15 SPD:   33.00 TLT:   -3.76 TLTt:   -2.88
 spP:   -1.80 spI:   -1.00 coP:   -0.50 coD:   -1.04 LPN: 1588 LPT: 16 SPD:   30.00 TLT:   -3.79 TLTt:   -2.80
 spP:   -1.74 spI:   -1.02 coP:   -0.52 coD:   -0.41 LPN: 1589 LPT: 15 SPD:   29.00 TLT:   -3.79 TLTt:   -2.76
 spP:   -1.68 spI:   -1.04 coP:   -0.60 coD:   -1.64 LPN: 1590 LPT: 16 SPD:   28.00 TLT:   -3.92 TLTt:   -2.72
 spP:   -1.50 spI:   -1.07 coP:   -0.55 coD:    0.92 LPN: 1591 LPT: 15 SPD:   25.00 TLT:   -3.68 TLTt:   -2.57
 spP:   -1.56 spI:   -1.08 coP:   -0.71 coD:   -2.99 LPN: 1592 LPT: 15 SPD:   26.00 TLT:   -4.05 TLTt:   -2.64
 spP:   -1.32 spI:   -1.16 coP:   -0.61 coD:    1.75 LPN: 1593 LPT: 17 SPD:   22.00 TLT:   -3.71 TLTt:   -2.48
 spP:   -1.38 spI:   -1.18 coP:   -0.79 coD:   -3.34 LPN: 1594 LPT: 15 SPD:   23.00 TLT:   -4.13 TLTt:   -2.56
 spP:   -1.14 spI:   -1.18 coP:   -0.78 coD:    0.14 LPN: 1595 LPT: 16 SPD:   19.00 TLT:   -3.88 TLTt:   -2.32
 spP:   -1.08 spI:   -1.22 coP:   -0.83 coD:   -0.87 LPN: 1596 LPT: 16 SPD:   18.00 TLT:   -3.95 TLTt:   -2.30
 spP:   -1.02 spI:   -1.20 coP:   -0.93 coD:   -2.08 LPN: 1597 LPT: 14 SPD:   17.00 TLT:   -4.08 TLTt:   -2.22
 spP:   -0.84 spI:   -1.24 coP:   -0.84 coD:    1.85 LPN: 1598 LPT: 16 SPD:   14.00 TLT:   -3.75 TLTt:   -2.08
 spP:   -0.90 spI:   -1.26 coP:   -0.97 coD:   -2.69 LPN: 1599 LPT: 15 SPD:   15.00 TLT:   -4.10 TLTt:   -2.16
 spP:   -0.66 spI:   -1.28 coP:   -0.89 coD:    1.66 LPN: 1600 LPT: 16 SPD:   11.00 TLT:   -3.71 TLTt:   -1.94
 spP:   -0.72 spI:   -1.25 coP:   -0.96 coD:   -1.39 LPN: 1601 LPT: 15 SPD:   12.00 TLT:   -3.88 TLTt:   -1.97
 spP:   -0.60 spI:   -1.34 coP:   -0.87 coD:    1.59 LPN: 1602 LPT: 16 SPD:   10.00 TLT:   -3.68 TLTt:   -1.94
 spP:   -0.60 spI:   -1.32 coP:   -0.87 coD:    0.01 LPN: 1603 LPT: 15 SPD:   10.00 TLT:   -3.66 TLTt:   -1.92
 spP:   -0.54 spI:   -1.32 coP:   -0.89 coD:   -0.31 LPN: 1604 LPT: 16 SPD:    9.00 TLT:   -3.64 TLTt:   -1.86
 spP:   -0.48 spI:   -1.33 coP:   -0.83 coD:    1.12 LPN: 1605 LPT: 15 SPD:    8.00 TLT:   -3.47 TLTt:   -1.81
 spP:   -0.48 spI:   -1.30 coP:   -0.89 coD:   -1.26 LPN: 1606 LPT: 15 SPD:    8.00 TLT:   -3.57 TLTt:   -1.78
 spP:   -0.36 spI:   -1.39 coP:   -0.79 coD:    2.02 LPN: 1607 LPT: 16 SPD:    6.00 TLT:   -3.33 TLTt:   -1.75
 spP:   -0.48 spI:   -1.38 coP:   -0.81 coD:   -0.53 LPN: 1608 LPT: 16 SPD:    8.00 TLT:   -3.48 TLTt:   -1.86
 spP:   -0.36 spI:   -1.37 coP:   -0.79 coD:    0.48 LPN: 1609 LPT: 16 SPD:    6.00 TLT:   -3.31 TLTt:   -1.73
 spP:   -0.36 spI:   -1.37 coP:   -0.81 coD:   -0.46 LPN: 1610 LPT: 15 SPD:    6.00 TLT:   -3.35 TLTt:   -1.73
 spP:   -0.30 spI:   -1.35 coP:   -0.73 coD:    1.57 LPN: 1611 LPT: 14 SPD:    5.00 TLT:   -3.12 TLTt:   -1.65
 spP:   -0.30 spI:   -1.41 coP:   -0.68 coD:    1.00 LPN: 1612 LPT: 17 SPD:    5.00 TLT:   -3.08 TLTt:   -1.71
 spP:   -0.36 spI:   -1.41 coP:   -0.70 coD:   -0.26 LPN: 1613 LPT: 15 SPD:    6.00 TLT:   -3.16 TLTt:   -1.77
 spP:   -0.30 spI:   -1.40 coP:   -0.64 coD:    1.16 LPN: 1614 LPT: 15 SPD:    5.00 TLT:   -2.97 TLTt:   -1.70
 spP:   -0.30 spI:   -1.40 coP:   -0.70 coD:   -1.28 LPN: 1615 LPT: 16 SPD:    5.00 TLT:   -3.10 TLTt:   -1.70
 spP:   -0.18 spI:   -1.39 coP:   -0.66 coD:    0.76 LPN: 1616 LPT: 15 SPD:    3.00 TLT:   -2.89 TLTt:   -1.57
 spP:   -0.18 spI:   -1.41 coP:   -0.70 coD:   -0.72 LPN: 1617 LPT: 15 SPD:    3.00 TLT:   -2.99 TLTt:   -1.59
 spP:   -0.12 spI:   -1.41 coP:   -0.65 coD:    0.91 LPN: 1618 LPT: 16 SPD:    2.00 TLT:   -2.84 TLTt:   -1.53
 spP:   -0.12 spI:   -1.41 coP:   -0.73 coD:   -1.59 LPN: 1619 LPT: 15 SPD:    2.00 TLT:   -2.99 TLTt:   -1.53
 spP:    0.00 spI:   -1.36 coP:   -0.74 coD:   -0.17 LPN: 1620 LPT: 15 SPD:    0.00 TLT:   -2.85 TLTt:   -1.36
 spP:    0.06 spI:   -1.46 coP:   -0.78 coD:   -0.64 LPN: 1621 LPT: 16 SPD:   -1.00 TLT:   -2.95 TLTt:   -1.40
 spP:    0.12 spI:   -1.43 coP:   -0.77 coD:    0.05 LPN: 1622 LPT: 15 SPD:   -2.00 TLT:   -2.86 TLTt:   -1.31
 spP:    0.18 spI:   -1.41 coP:   -0.82 coD:   -0.95 LPN: 1623 LPT: 16 SPD:   -3.00 TLT:   -2.88 TLTt:   -1.23
 spP:    0.30 spI:   -1.40 coP:   -0.76 coD:    1.14 LPN: 1624 LPT: 15 SPD:   -5.00 TLT:   -2.63 TLTt:   -1.10
 spP:    0.24 spI:   -1.37 coP:   -0.71 coD:    1.13 LPN: 1625 LPT: 15 SPD:   -4.00 TLT:   -2.54 TLTt:   -1.13
 spP:    0.24 spI:   -1.43 coP:   -0.64 coD:    1.34 LPN: 1626 LPT: 17 SPD:   -4.00 TLT:   -2.46 TLTt:   -1.19
 spP:    0.18 spI:   -1.41 coP:   -0.57 coD:    1.34 LPN: 1627 LPT: 14 SPD:   -3.00 TLT:   -2.36 TLTt:   -1.23
 spP:    0.18 spI:   -1.38 coP:   -0.63 coD:   -1.33 LPN: 1628 LPT: 16 SPD:   -3.00 TLT:   -2.46 TLTt:   -1.20
 spP:    0.24 spI:   -1.38 coP:   -0.59 coD:    0.83 LPN: 1629 LPT: 16 SPD:   -4.00 TLT:   -2.32 TLTt:   -1.14
 spP:    0.24 spI:   -1.35 coP:   -0.63 coD:   -0.80 LPN: 1630 LPT: 14 SPD:   -4.00 TLT:   -2.37 TLTt:   -1.11
 spP:    0.36 spI:   -1.41 coP:   -0.54 coD:    1.70 LPN: 1631 LPT: 17 SPD:   -6.00 TLT:   -2.13 TLTt:   -1.05
 spP:    0.30 spI:   -1.38 coP:   -0.58 coD:   -0.70 LPN: 1632 LPT: 15 SPD:   -5.00 TLT:   -2.23 TLTt:   -1.08
 spP:    0.36 spI:   -1.36 coP:   -0.53 coD:    0.92 LPN: 1633 LPT: 15 SPD:   -6.00 TLT:   -2.06 TLTt:   -1.00
 spP:    0.30 spI:   -1.35 coP:   -0.49 coD:    0.78 LPN: 1634 LPT: 16 SPD:   -5.00 TLT:   -2.03 TLTt:   -1.05
 spP:    0.30 spI:   -1.30 coP:   -0.54 coD:   -1.02 LPN: 1635 LPT: 15 SPD:   -5.00 TLT:   -2.08 TLTt:   -1.00
 spP:    0.42 spI:   -1.35 coP:   -0.46 coD:    1.58 LPN: 1636 LPT: 15 SPD:   -7.00 TLT:   -1.84 TLTt:   -0.93
 spP:    0.36 spI:   -1.33 coP:   -0.52 coD:   -1.11 LPN: 1637 LPT: 16 SPD:   -6.00 TLT:   -2.00 TLTt:   -0.97
 spP:    0.42 spI:   -1.32 coP:   -0.50 coD:    0.27 LPN: 1638 LPT: 15 SPD:   -7.00 TLT:   -1.90 TLTt:   -0.90
 spP:    0.42 spI:   -1.26 coP:   -0.41 coD:    1.83 LPN: 1639 LPT: 15 SPD:   -7.00 TLT:   -1.66 TLTt:   -0.84
 spP:    0.36 spI:   -1.34 coP:   -0.35 coD:    1.23 LPN: 1640 LPT: 16 SPD:   -6.00 TLT:   -1.67 TLTt:   -0.98
 spP:    0.30 spI:   -1.31 coP:   -0.16 coD:    3.56 LPN: 1641 LPT: 15 SPD:   -5.00 TLT:   -1.33 TLTt:   -1.01
 spP:    0.12 spI:   -1.29 coP:   -0.13 coD:    0.60 LPN: 1642 LPT: 16 SPD:   -2.00 TLT:   -1.43 TLTt:   -1.17
 spP:    0.06 spI:   -1.29 coP:   -0.03 coD:    2.00 LPN: 1643 LPT: 15 SPD:   -1.00 TLT:   -1.29 TLTt:   -1.23
 spP:   -0.06 spI:   -1.26 coP:    0.01 coD:    0.71 LPN: 1644 LPT: 15 SPD:    1.00 TLT:   -1.31 TLTt:   -1.32
 spP:   -0.06 spI:   -1.32 coP:    0.02 coD:    0.28 LPN: 1645 LPT: 17 SPD:    1.00 TLT:   -1.33 TLTt:   -1.38
 spP:   -0.12 spI:   -1.31 coP:    0.10 coD:    1.59 LPN: 1646 LPT: 15 SPD:    2.00 TLT:   -1.22 TLTt:   -1.43
 spP:   -0.18 spI:   -1.30 coP:    0.11 coD:    0.04 LPN: 1647 LPT: 15 SPD:    3.00 TLT:   -1.27 TLTt:   -1.48
 spP:   -0.24 spI:   -1.31 coP:    0.11 coD:    0.15 LPN: 1648 LPT: 16 SPD:    4.00 TLT:   -1.32 TLTt:   -1.55
 spP:   -0.24 spI:   -1.28 coP:    0.10 coD:   -0.36 LPN: 1649 LPT: 14 SPD:    4.00 TLT:   -1.32 TLTt:   -1.52
 spP:   -0.24 spI:   -1.35 coP:    0.09 coD:   -0.22 LPN: 1650 LPT: 16 SPD:    4.00 TLT:   -1.42 TLTt:   -1.59
 spP:   -0.18 spI:   -1.33 coP:    0.12 coD:    0.62 LPN: 1651 LPT: 16 SPD:    3.00 TLT:   -1.28 TLTt:   -1.51
 spP:   -0.24 spI:   -1.32 coP:    0.12 coD:   -0.04 LPN: 1652 LPT: 15 SPD:    4.00 TLT:   -1.33 TLTt:   -1.56
 spP:   -0.24 spI:   -1.31 coP:    0.18 coD:    1.22 LPN: 1653 LPT: 15 SPD:    4.00 TLT:   -1.20 TLTt:   -1.55
 spP:   -0.36 spI:   -1.31 coP:    0.13 coD:   -0.97 LPN: 1654 LPT: 16 SPD:    6.00 TLT:   -1.41 TLTt:   -1.67
 spP:   -0.30 spI:   -1.35 coP:    0.17 coD:    0.78 LPN: 1655 LPT: 15 SPD:    5.00 TLT:   -1.32 TLTt:   -1.65
 spP:   -0.36 spI:   -1.35 coP:    0.15 coD:   -0.45 LPN: 1656 LPT: 16 SPD:    6.00 TLT:   -1.42 TLTt:   -1.71
 spP:   -0.30 spI:   -1.36 coP:    0.12 coD:   -0.42 LPN: 1657 LPT: 15 SPD:    5.00 TLT:   -1.41 TLTt:   -1.66
 spP:   -0.30 spI:   -1.31 coP:    0.11 coD:   -0.32 LPN: 1658 LPT: 14 SPD:    5.00 TLT:   -1.39 TLTt:   -1.61
 spP:   -0.30 spI:   -1.40 coP:    0.15 coD:    0.76 LPN: 1659 LPT: 17 SPD:    5.00 TLT:   -1.40 TLTt:   -1.70
 spP:   -0.36 spI:   -1.39 coP:    0.11 coD:   -0.79 LPN: 1660 LPT: 15 SPD:    6.00 TLT:   -1.54 TLTt:   -1.75
 spP:   -0.30 spI:   -1.38 coP:    0.04 coD:   -1.23 LPN: 1661 LPT: 15 SPD:    5.00 TLT:   -1.59 TLTt:   -1.68
 spP:   -0.24 spI:   -1.39 coP:    0.05 coD:    0.04 LPN: 1662 LPT: 16 SPD:    4.00 TLT:   -1.54 TLTt:   -1.63
 spP:   -0.24 spI:   -1.35 coP:    0.04 coD:   -0.03 LPN: 1663 LPT: 15 SPD:    4.00 TLT:   -1.50 TLTt:   -1.59
 spP:   -0.24 spI:   -1.44 coP:    0.11 coD:    1.26 LPN: 1664 LPT: 16 SPD:    4.00 TLT:   -1.45 TLTt:   -1.68
 spP:   -0.30 spI:   -1.42 coP:    0.18 coD:    1.27 LPN: 1665 LPT: 16 SPD:    5.00 TLT:   -1.36 TLTt:   -1.72
 spP:   -0.42 spI:   -1.41 coP:    0.26 coD:    1.62 LPN: 1666 LPT: 15 SPD:    7.00 TLT:   -1.31 TLTt:   -1.83
 spP:   -0.54 spI:   -1.42 coP:    0.23 coD:   -0.55 LPN: 1667 LPT: 16 SPD:    9.00 TLT:   -1.50 TLTt:   -1.96
 spP:   -0.48 spI:   -1.40 coP:    0.19 coD:   -0.94 LPN: 1668 LPT: 14 SPD:    8.00 TLT:   -1.51 TLTt:   -1.88
 spP:   -0.48 spI:   -1.48 coP:    0.19 coD:    0.01 LPN: 1669 LPT: 16 SPD:    8.00 TLT:   -1.59 TLTt:   -1.96
 spP:   -0.48 spI:   -1.46 coP:    0.12 coD:   -1.20 LPN: 1670 LPT: 16 SPD:    8.00 TLT:   -1.69 TLTt:   -1.94
 spP:   -0.42 spI:   -1.46 coP:    0.05 coD:   -1.53 LPN: 1671 LPT: 15 SPD:    7.00 TLT:   -1.79 TLTt:   -1.88
 spP:   -0.30 spI:   -1.46 coP:    0.02 coD:   -0.48 LPN: 1672 LPT: 15 SPD:    5.00 TLT:   -1.72 TLTt:   -1.76
 spP:   -0.30 spI:   -1.43 coP:   -0.08 coD:   -1.99 LPN: 1673 LPT: 16 SPD:    5.00 TLT:   -1.88 TLTt:   -1.73
 spP:   -0.18 spI:   -1.48 coP:   -0.09 coD:   -0.28 LPN: 1674 LPT: 15 SPD:    3.00 TLT:   -1.85 TLTt:   -1.66
 spP:   -0.12 spI:   -1.48 coP:   -0.19 coD:   -1.88 LPN: 1675 LPT: 15 SPD:    2.00 TLT:   -1.98 TLTt:   -1.60
 spP:    0.00 spI:   -1.47 coP:   -0.24 coD:   -0.93 LPN: 1676 LPT: 16 SPD:    0.00 TLT:   -1.94 TLTt:   -1.47
 spP:    0.06 spI:   -1.43 coP:   -0.37 coD:   -2.74 LPN: 1677 LPT: 14 SPD:   -1.00 TLT:   -2.11 TLTt:   -1.37
 spP:    0.24 spI:   -1.52 coP:   -0.41 coD:   -0.72 LPN: 1678 LPT: 17 SPD:   -4.00 TLT:   -2.10 TLTt:   -1.28
 spP:    0.30 spI:   -1.49 coP:   -0.46 coD:   -0.89 LPN: 1679 LPT: 15 SPD:   -5.00 TLT:   -2.10 TLTt:   -1.19
 spP:    0.36 spI:   -1.46 coP:   -0.50 coD:   -0.82 LPN: 1680 LPT: 15 SPD:   -6.00 TLT:   -2.10 TLTt:   -1.10
 spP:    0.48 spI:   -1.45 coP:   -0.63 coD:   -2.51 LPN: 1681 LPT: 16 SPD:   -8.00 TLT:   -2.22 TLTt:   -0.97
 spP:    0.66 spI:   -1.41 coP:   -0.70 coD:   -1.35 LPN: 1682 LPT: 15 SPD:  -11.00 TLT:   -2.14 TLTt:   -0.75
 spP:    0.78 spI:   -1.47 coP:   -0.63 coD:    1.23 LPN: 1683 LPT: 16 SPD:  -13.00 TLT:   -1.95 TLTt:   -0.69
 spP:    0.72 spI:   -1.42 coP:   -0.59 coD:    0.73 LPN: 1684 LPT: 16 SPD:  -12.00 TLT:   -1.88 TLTt:   -0.70
 spP:    0.72 spI:   -1.38 coP:   -0.57 coD:    0.50 LPN: 1685 LPT: 15 SPD:  -12.00 TLT:   -1.79 TLTt:   -0.66
 spP:    0.72 spI:   -1.37 coP:   -0.54 coD:    0.57 LPN: 1686 LPT: 15 SPD:  -12.00 TLT:   -1.72 TLTt:   -0.65
 spP:    0.72 spI:   -1.32 coP:   -0.54 coD:    0.05 LPN: 1687 LPT: 15 SPD:  -12.00 TLT:   -1.67 TLTt:   -0.60
 spP:    0.78 spI:   -1.38 coP:   -0.45 coD:    1.62 LPN: 1688 LPT: 16 SPD:  -13.00 TLT:   -1.50 TLTt:   -0.60
 spP:    0.66 spI:   -1.35 coP:   -0.39 coD:    1.21 LPN: 1689 LPT: 15 SPD:  -11.00 TLT:   -1.46 TLTt:   -0.69
 spP:    0.66 spI:   -1.31 coP:   -0.39 coD:   -0.08 LPN: 1690 LPT: 16 SPD:  -11.00 TLT:   -1.43 TLTt:   -0.65
 spP:    0.66 spI:   -1.29 coP:   -0.27 coD:    2.31 LPN: 1691 LPT: 15 SPD:  -11.00 TLT:   -1.18 TLTt:   -0.63
 spP:    0.54 spI:   -1.27 coP:   -0.23 coD:    0.90 LPN: 1692 LPT: 16 SPD:   -9.00 TLT:   -1.18 TLTt:   -0.73
 spP:    0.48 spI:   -1.29 coP:   -0.13 coD:    1.87 LPN: 1693 LPT: 15 SPD:   -8.00 TLT:   -1.07 TLTt:   -0.81
 spP:    0.42 spI:   -1.29 coP:   -0.07 coD:    1.21 LPN: 1694 LPT: 15 SPD:   -7.00 TLT:   -1.00 TLTt:   -0.87
 spP:    0.36 spI:   -1.27 coP:    0.01 coD:    1.53 LPN: 1695 LPT: 16 SPD:   -6.00 TLT:   -0.89 TLTt:   -0.91
 spP:    0.24 spI:   -1.24 coP:    0.03 coD:    0.35 LPN: 1696 LPT: 15 SPD:   -4.00 TLT:   -0.94 TLTt:   -1.00
 spP:    0.24 spI:   -1.25 coP:    0.07 coD:    0.78 LPN: 1697 LPT: 15 SPD:   -4.00 TLT:   -0.88 TLTt:   -1.01
 spP:    0.18 spI:   -1.25 coP:    0.13 coD:    1.28 LPN: 1698 LPT: 16 SPD:   -3.00 TLT:   -0.81 TLTt:   -1.07
 spP:    0.06 spI:   -1.25 coP:    0.15 coD:    0.38 LPN: 1699 LPT: 15 SPD:   -1.00 TLT:   -0.89 TLTt:   -1.19
 spP:    0.06 spI:   -1.21 coP:    0.15 coD:    0.04 LPN: 1700 LPT: 14 SPD:   -1.00 TLT:   -0.85 TLTt:   -1.15
 spP:    0.06 spI:   -1.25 coP:    0.15 coD:   -0.18 LPN: 1701 LPT: 16 SPD:   -1.00 TLT:   -0.90 TLTt:   -1.19
 spP:    0.06 spI:   -1.24 coP:    0.24 coD:    1.89 LPN: 1702 LPT: 15 SPD:   -1.00 TLT:   -0.70 TLTt:   -1.18
 spP:   -0.06 spI:   -1.25 coP:    0.23 coD:   -0.18 LPN: 1703 LPT: 16 SPD:    1.00 TLT:   -0.85 TLTt:   -1.31
 spP:   -0.12 spI:   -1.23 coP:    0.34 coD:    2.13 LPN: 1704 LPT: 15 SPD:    2.00 TLT:   -0.67 TLTt:   -1.35
 spP:   -0.24 spI:   -1.30 coP:    0.29 coD:   -0.85 LPN: 1705 LPT: 16 SPD:    4.00 TLT:   -0.95 TLTt:   -1.54
 spP:   -0.18 spI:   -1.28 coP:    0.38 coD:    1.69 LPN: 1706 LPT: 16 SPD:    3.00 TLT:   -0.69 TLTt:   -1.46
 spP:   -0.36 spI:   -1.28 coP:    0.32 coD:   -1.10 LPN: 1707 LPT: 15 SPD:    6.00 TLT:   -0.99 TLTt:   -1.64
 spP:   -0.30 spI:   -1.30 coP:    0.44 coD:    2.23 LPN: 1708 LPT: 16 SPD:    5.00 TLT:   -0.71 TLTt:   -1.60
 spP:   -0.42 spI:   -1.26 coP:    0.35 coD:   -1.87 LPN: 1709 LPT: 15 SPD:    7.00 TLT:   -0.99 TLTt:   -1.68
 spP:   -0.36 spI:   -1.33 coP:    0.43 coD:    1.47 LPN: 1710 LPT: 16 SPD:    6.00 TLT:   -0.84 TLTt:   -1.69
 spP:   -0.48 spI:   -1.32 coP:    0.43 coD:    0.04 LPN: 1711 LPT: 15 SPD:    8.00 TLT:   -0.94 TLTt:   -1.80
 spP:   -0.48 spI:   -1.32 coP:    0.38 coD:   -0.85 LPN: 1712 LPT: 16 SPD:    8.00 TLT:   -1.03 TLTt:   -1.80
 spP:   -0.48 spI:   -1.31 coP:    0.44 coD:    1.13 LPN: 1713 LPT: 15 SPD:    8.00 TLT:   -0.91 TLTt:   -1.79
 spP:   -0.54 spI:   -1.31 coP:    0.38 coD:   -1.27 LPN: 1714 LPT: 16 SPD:    9.00 TLT:   -1.09 TLTt:   -1.85
 spP:   -0.48 spI:   -1.39 coP:    0.45 coD:    1.36 LPN: 1715 LPT: 16 SPD:    8.00 TLT:   -0.97 TLTt:   -1.87
 spP:   -0.66 spI:   -1.11 coP:    0.26 coD:   -4.69 LPN: 1718 LPT: 13 SPD:   11.00 TLT:   -1.25 TLTt:   -1.77
 spP:   -0.36 spI:   -1.35 coP:    0.15 coD:   -2.15 LPN: 1719 LPT: 14 SPD:    6.00 TLT:   -1.41 TLTt:   -1.71
 spP:   -0.24 spI:   -1.39 coP:    0.20 coD:    0.85 LPN: 1720 LPT: 16 SPD:    4.00 TLT:   -1.24 TLTt:   -1.63
 spP:   -0.30 spI:   -1.39 coP:    0.16 coD:   -0.74 LPN: 1721 LPT: 15 SPD:    5.00 TLT:   -1.37 TLTt:   -1.69
 spP:   -0.30 spI:   -1.40 coP:    0.14 coD:   -0.37 LPN: 1722 LPT: 15 SPD:    5.00 TLT:   -1.42 TLTt:   -1.70
 spP:   -0.30 spI:   -1.37 coP:    0.04 coD:   -1.97 LPN: 1723 LPT: 16 SPD:    5.00 TLT:   -1.59 TLTt:   -1.67
 spP:   -0.18 spI:   -1.45 coP:   -0.04 coD:   -1.63 LPN: 1724 LPT: 16 SPD:    3.00 TLT:   -1.72 TLTt:   -1.63
 spP:   -0.06 spI:   -1.43 coP:   -0.11 coD:   -1.28 LPN: 1725 LPT: 16 SPD:    1.00 TLT:   -1.71 TLTt:   -1.49
 spP:    0.00 spI:   -1.40 coP:   -0.22 coD:   -2.15 LPN: 1726 LPT: 15 SPD:    0.00 TLT:   -1.84 TLTt:   -1.40
 spP:    0.18 spI:   -1.40 coP:   -0.29 coD:   -1.25 LPN: 1727 LPT: 15 SPD:   -3.00 TLT:   -1.79 TLTt:   -1.22
 spP:    0.24 spI:   -1.38 coP:   -0.33 coD:   -0.96 LPN: 1728 LPT: 15 SPD:   -4.00 TLT:   -1.81 TLTt:   -1.14
 spP:    0.36 spI:   -1.44 coP:   -0.38 coD:   -0.95 LPN: 1729 LPT: 16 SPD:   -6.00 TLT:   -1.85 TLTt:   -1.08
 spP:    0.42 spI:   -1.40 coP:   -0.36 coD:    0.41 LPN: 1730 LPT: 15 SPD:   -7.00 TLT:   -1.71 TLTt:   -0.98
 spP:    0.42 spI:   -1.37 coP:   -0.39 coD:   -0.62 LPN: 1731 LPT: 16 SPD:   -7.00 TLT:   -1.74 TLTt:   -0.95
 spP:    0.48 spI:   -1.38 coP:   -0.37 coD:    0.54 LPN: 1732 LPT: 15 SPD:   -8.00 TLT:   -1.64 TLTt:   -0.90
 spP:    0.48 spI:   -1.33 coP:   -0.34 coD:    0.52 LPN: 1733 LPT: 15 SPD:   -8.00 TLT:   -1.53 TLTt:   -0.85
 spP:    0.42 spI:   -1.39 coP:   -0.26 coD:    1.42 LPN: 1734 LPT: 16 SPD:   -7.00 TLT:   -1.50 TLTt:   -0.97
 spP:    0.36 spI:   -1.35 coP:   -0.23 coD:    0.75 LPN: 1735 LPT: 15 SPD:   -6.00 TLT:   -1.44 TLTt:   -0.99
 spP:    0.36 spI:   -1.33 coP:   -0.24 coD:   -0.35 LPN: 1736 LPT: 15 SPD:   -6.00 TLT:   -1.46 TLTt:   -0.97
 spP:    0.36 spI:   -1.32 coP:   -0.22 coD:    0.48 LPN: 1737 LPT: 16 SPD:   -6.00 TLT:   -1.40 TLTt:   -0.96
 spP:    0.36 spI:   -1.28 coP:   -0.24 coD:   -0.43 LPN: 1738 LPT: 15 SPD:   -6.00 TLT:   -1.40 TLTt:   -0.92
 spP:    0.42 spI:   -1.32 coP:   -0.20 coD:    0.83 LPN: 1739 LPT: 16 SPD:   -7.00 TLT:   -1.30 TLTt:   -0.90
 spP:    0.36 spI:   -1.31 coP:   -0.17 coD:    0.59 LPN: 1740 LPT: 15 SPD:   -6.00 TLT:   -1.28 TLTt:   -0.95
 spP:    0.36 spI:   -1.28 coP:   -0.15 coD:    0.42 LPN: 1741 LPT: 15 SPD:   -6.00 TLT:   -1.22 TLTt:   -0.92
 spP:    0.30 spI:   -1.27 coP:   -0.13 coD:    0.33 LPN: 1742 LPT: 16 SPD:   -5.00 TLT:   -1.23 TLTt:   -0.97
 spP:    0.30 spI:   -1.32 coP:   -0.12 coD:    0.24 LPN: 1743 LPT: 15 SPD:   -5.00 TLT:   -1.26 TLTt:   -1.02
 spP:    0.30 spI:   -1.29 coP:   -0.08 coD:    0.81 LPN: 1744 LPT: 16 SPD:   -5.00 TLT:   -1.14 TLTt:   -0.99
 spP:    0.24 spI:   -1.28 coP:   -0.10 coD:   -0.45 LPN: 1745 LPT: 16 SPD:   -4.00 TLT:   -1.24 TLTt:   -1.04
 spP:    0.30 spI:   -1.27 coP:    0.03 coD:    2.59 LPN: 1746 LPT: 15 SPD:   -5.00 TLT:   -0.90 TLTt:   -0.97
 spP:    0.12 spI:   -1.24 coP:    0.06 coD:    0.53 LPN: 1747 LPT: 14 SPD:   -2.00 TLT:   -1.00 TLTt:   -1.12
 spP:    0.12 spI:   -1.29 coP:    0.13 coD:    1.24 LPN: 1748 LPT: 17 SPD:   -2.00 TLT:   -0.92 TLTt:   -1.17
 spP:    0.00 spI:   -1.28 coP:    0.21 coD:    1.53 LPN: 1749 LPT: 15 SPD:    0.00 TLT:   -0.87 TLTt:   -1.28
 spP:   -0.06 spI:   -1.25 coP:    0.19 coD:   -0.38 LPN: 1750 LPT: 16 SPD:    1.00 TLT:   -0.94 TLTt:   -1.31
 spP:   -0.06 spI:   -1.25 coP:    0.23 coD:    0.82 LPN: 1751 LPT: 15 SPD:    1.00 TLT:   -0.86 TLTt:   -1.31
 spP:   -0.12 spI:   -1.24 coP:    0.24 coD:    0.16 LPN: 1752 LPT: 14 SPD:    2.00 TLT:   -0.89 TLTt:   -1.36
 spP:   -0.18 spI:   -1.31 coP:    0.33 coD:    1.86 LPN: 1753 LPT: 17 SPD:    3.00 TLT:   -0.82 TLTt:   -1.49
 spP:   -0.30 spI:   -1.30 coP:    0.30 coD:   -0.64 LPN: 1754 LPT: 15 SPD:    5.00 TLT:   -0.99 TLTt:   -1.60
 spP:   -0.24 spI:   -1.29 coP:    0.29 coD:   -0.22 LPN: 1755 LPT: 15 SPD:    4.00 TLT:   -0.95 TLTt:   -1.53
 spP:   -0.30 spI:   -1.30 coP:    0.28 coD:   -0.15 LPN: 1756 LPT: 16 SPD:    5.00 TLT:   -1.03 TLTt:   -1.60
 spP:   -0.30 spI:   -1.26 coP:    0.25 coD:   -0.60 LPN: 1757 LPT: 15 SPD:    5.00 TLT:   -1.06 TLTt:   -1.56
 spP:   -0.24 spI:   -1.31 coP:    0.32 coD:    1.24 LPN: 1758 LPT: 15 SPD:    4.00 TLT:   -0.92 TLTt:   -1.55
 spP:   -0.36 spI:   -1.31 coP:    0.30 coD:   -0.34 LPN: 1759 LPT: 16 SPD:    6.00 TLT:   -1.07 TLTt:   -1.67
 spP:   -0.36 spI:   -1.31 coP:    0.34 coD:    0.72 LPN: 1760 LPT: 15 SPD:    6.00 TLT:   -1.00 TLTt:   -1.67
 spP:   -0.42 spI:   -1.29 coP:    0.24 coD:   -1.86 LPN: 1761 LPT: 15 SPD:    7.00 TLT:   -1.23 TLTt:   -1.71
 spP:   -0.30 spI:   -1.38 coP:    0.26 coD:    0.37 LPN: 1762 LPT: 17 SPD:    5.00 TLT:   -1.16 TLTt:   -1.68
 spP:   -0.36 spI:   -1.35 coP:    0.20 coD:   -1.22 LPN: 1763 LPT: 15 SPD:    6.00 TLT:   -1.32 TLTt:   -1.71
 spP:   -0.30 spI:   -1.34 coP:    0.16 coD:   -0.82 LPN: 1764 LPT: 16 SPD:    5.00 TLT:   -1.33 TLTt:   -1.64
 spP:   -0.24 spI:   -1.35 coP:    0.12 coD:   -0.63 LPN: 1765 LPT: 15 SPD:    4.00 TLT:   -1.34 TLTt:   -1.59
 spP:   -0.24 spI:   -1.32 coP:    0.03 coD:   -1.86 LPN: 1766 LPT: 14 SPD:    4.00 TLT:   -1.50 TLTt:   -1.56
 spP:   -0.12 spI:   -1.40 coP:    0.00 coD:   -0.50 LPN: 1767 LPT: 17 SPD:    2.00 TLT:   -1.51 TLTt:   -1.52
 spP:   -0.06 spI:   -1.37 coP:   -0.04 coD:   -0.87 LPN: 1768 LPT: 15 SPD:    1.00 TLT:   -1.51 TLTt:   -1.43
 spP:    0.00 spI:   -1.35 coP:   -0.05 coD:   -0.26 LPN: 1769 LPT: 15 SPD:    0.00 TLT:   -1.46 TLTt:   -1.35
