 spP: 0.36 spI: -5.82 coP: -24.33 coD: -80.36 LPN: 2300 LPT: 16 SPD: -6.00 SPDt: 0.00 TLT: -54.12 TLTt: -5.46 COUT: -110.87
 spP: 3.36 spI: -5.91 coP: -23.78 coD: 10.74 LPN: 2301 LPT: 15 SPD: -56.00 SPDt: 0.00 TLT: -50.12 TLTt: -2.55 COUT: -123.92
 spP: 6.36 spI: -5.65 coP: -23.10 coD: 13.91 LPN: 2302 LPT: 14 SPD: -106.00 SPDt: 0.00 TLT: -45.50 TLTt: 0.71 COUT: -133.11
 spP: 7.98 spI: -5.65 coP: -21.30 coD: 36.61 LPN: 2303 LPT: 16 SPD: -133.00 SPDt: 0.00 TLT: -40.27 TLTt: 2.33 COUT: -117.81
 spP: 7.08 spI: -5.62 coP: -18.47 coD: 57.43 LPN: 2304 LPT: 14 SPD: -118.00 SPDt: 0.00 TLT: -35.48 TLTt: 1.46 COUT: -78.84
 spP: 4.74 spI: -5.82 coP: -15.13 coD: 64.99 LPN: 2305 LPT: 15 SPD: -79.00 SPDt: 0.00 TLT: -31.34 TLTt: -1.08 COUT: -28.98
 spP: 1.74 spI: -5.71 coP: -12.07 coD: 60.30 LPN: 2306 LPT: 16 SPD: -29.00 SPDt: 0.00 TLT: -28.12 TLTt: -3.97 COUT: 19.24
 spP: -1.14 spI: -5.41 coP: -9.75 coD: 48.60 LPN: 2307 LPT: 14 SPD: 19.00 SPDt: 0.00 TLT: -26.05 TLTt: -6.55 COUT: 58.09
 spP: -3.48 spI: -5.46 coP: -7.85 coD: 39.55 LPN: 2308 LPT: 14 SPD: 58.00 SPDt: 0.00 TLT: -24.64 TLTt: -8.94 COUT: 89.79
 spP: -5.40 spI: -5.54 coP: -6.67 coD: 24.40 LPN: 2309 LPT: 15 SPD: 90.00 SPDt: 0.00 TLT: -24.28 TLTt: -10.94 COUT: 107.52
 spP: -6.48 spI: -5.96 coP: -5.85 coD: 15.87 LPN: 2310 LPT: 16 SPD: 108.00 SPDt: 0.00 TLT: -24.14 TLTt: -12.44 COUT: 117.54
 spP: -7.08 spI: -6.02 coP: -5.64 coD: 4.04 LPN: 2311 LPT: 14 SPD: 118.00 SPDt: 0.00 TLT: -24.38 TLTt: -13.10 COUT: 115.93
 spP: -6.96 spI: -5.72 coP: -6.04 coD: -8.15 LPN: 2312 LPT: 16 SPD: 116.00 SPDt: 0.00 TLT: -24.77 TLTt: -12.68 COUT: 101.74
 spP: -6.12 spI: -5.74 coP: -6.51 coD: -9.51 LPN: 2313 LPT: 14 SPD: 102.00 SPDt: 0.00 TLT: -24.87 TLTt: -11.86 COUT: 85.73
 spP: -5.16 spI: -5.73 coP: -7.12 coD: -12.54 LPN: 2314 LPT: 14 SPD: 86.00 SPDt: 0.00 TLT: -25.12 TLTt: -10.89 COUT: 66.07
 spP: -3.96 spI: -5.72 coP: -7.70 coD: -12.13 LPN: 2315 LPT: 15 SPD: 66.00 SPDt: 0.00 TLT: -25.08 TLTt: -9.68 COUT: 46.24
 spP: -2.76 spI: -5.75 coP: -8.07 coD: -7.62 LPN: 2316 LPT: 14 SPD: 46.00 SPDt: 0.00 TLT: -24.64 TLTt: -8.51 COUT: 30.55
 spP: -1.86 spI: -5.75 coP: -8.26 coD: -4.16 LPN: 2317 LPT: 14 SPD: 31.00 SPDt: 0.00 TLT: -24.14 TLTt: -7.61 COUT: 18.13
 spP: -1.08 spI: -5.58 coP: -8.49 coD: -4.98 LPN: 2318 LPT: 15 SPD: 18.00 SPDt: 0.00 TLT: -23.65 TLTt: -6.66 COUT: 4.65
 spP: -0.30 spI: -5.84 coP: -8.31 coD: 3.90 LPN: 2319 LPT: 14 SPD: 5.00 SPDt: 0.00 TLT: -22.75 TLTt: -6.14 COUT: 0.25
 spP: 0.00 spI: -5.63 coP: -8.28 coD: 0.62 LPN: 2320 LPT: 14 SPD: 0.00 SPDt: 0.00 TLT: -22.18 TLTt: -5.63 COUT: -7.41
 spP: 0.42 spI: -5.63 coP: -8.10 coD: 3.76 LPN: 2321 LPT: 14 SPD: -7.00 SPDt: 0.00 TLT: -21.41 TLTt: -5.21 COUT: -11.75
 spP: 0.72 spI: -5.71 coP: -7.76 coD: 7.22 LPN: 2322 LPT: 14 SPD: -12.00 SPDt: 0.00 TLT: -20.51 TLTt: -4.99 COUT: -12.28
 spP: 0.72 spI: -5.40 coP: -7.62 coD: 3.13 LPN: 2323 LPT: 13 SPD: -12.00 SPDt: 0.00 TLT: -19.92 TLTt: -4.68 COUT: -16.77
 spP: 1.02 spI: -5.82 coP: -7.18 coD: 9.03 LPN: 2324 LPT: 16 SPD: -17.00 SPDt: 0.00 TLT: -19.16 TLTt: -4.80 COUT: -14.92
 spP: 0.90 spI: -5.67 coP: -6.79 coD: 8.17 LPN: 2325 LPT: 14 SPD: -15.00 SPDt: 0.00 TLT: -18.35 TLTt: -4.77 COUT: -13.54
 spP: 0.84 spI: -5.67 coP: -6.60 coD: 4.04 LPN: 2326 LPT: 14 SPD: -14.00 SPDt: 0.00 TLT: -18.02 TLTt: -4.83 COUT: -16.10
 spP: 0.96 spI: -5.62 coP: -6.40 coD: 4.24 LPN: 2327 LPT: 14 SPD: -16.00 SPDt: 0.00 TLT: -17.45 TLTt: -4.66 COUT: -18.25
 spP: 1.08 spI: -5.33 coP: -6.39 coD: 0.22 LPN: 2328 LPT: 13 SPD: -18.00 SPDt: 0.00 TLT: -17.02 TLTt: -4.25 COUT: -24.41
 spP: 1.44 spI: -5.72 coP: -6.12 coD: 5.50 LPN: 2329 LPT: 15 SPD: -24.00 SPDt: 0.00 TLT: -16.52 TLTt: -4.28 COUT: -25.03
 spP: 1.50 spI: -5.60 coP: -5.90 coD: 4.51 LPN: 2330 LPT: 15 SPD: -25.00 SPDt: 0.00 TLT: -15.90 TLTt: -4.10 COUT: -26.42
 spP: 1.56 spI: -5.54 coP: -5.77 coD: 2.81 LPN: 2331 LPT: 14 SPD: -26.00 SPDt: 0.00 TLT: -15.52 TLTt: -3.98 COUT: -29.38
 spP: 1.74 spI: -5.54 coP: -5.57 coD: 4.15 LPN: 2332 LPT: 14 SPD: -29.00 SPDt: 0.00 TLT: -14.94 TLTt: -3.80 COUT: -30.80
 spP: 1.86 spI: -5.21 coP: -5.53 coD: 1.00 LPN: 2333 LPT: 14 SPD: -31.00 SPDt: 0.00 TLT: -14.40 TLTt: -3.35 COUT: -35.33
 spP: 2.10 spI: -5.57 coP: -5.33 coD: 4.05 LPN: 2334 LPT: 14 SPD: -35.00 SPDt: 0.00 TLT: -14.13 TLTt: -3.47 COUT: -36.60
 spP: 2.22 spI: -5.40 coP: -5.06 coD: 5.55 LPN: 2335 LPT: 14 SPD: -37.00 SPDt: 0.00 TLT: -13.31 TLTt: -3.18 COUT: -36.12
 spP: 2.16 spI: -5.40 coP: -4.91 coD: 3.14 LPN: 2336 LPT: 15 SPD: -36.00 SPDt: 0.00 TLT: -13.07 TLTt: -3.24 COUT: -37.89
 spP: 2.28 spI: -5.36 coP: -4.67 coD: 5.11 LPN: 2337 LPT: 14 SPD: -38.00 SPDt: 0.00 TLT: -12.42 TLTt: -3.08 COUT: -37.45
 spP: 2.22 spI: -5.05 coP: -4.62 coD: 1.02 LPN: 2338 LPT: 13 SPD: -37.00 SPDt: 0.00 TLT: -12.07 TLTt: -2.83 COUT: -41.05
 spP: 2.46 spI: -5.41 coP: -4.36 coD: 5.40 LPN: 2339 LPT: 16 SPD: -41.00 SPDt: 0.00 TLT: -11.67 TLTt: -2.95 COUT: -40.01
 spP: 2.40 spI: -5.25 coP: -4.02 coD: 7.05 LPN: 2340 LPT: 14 SPD: -40.00 SPDt: 0.00 TLT: -10.90 TLTt: -2.85 COUT: -36.98
 spP: 2.22 spI: -5.22 coP: -3.88 coD: 2.96 LPN: 2341 LPT: 14 SPD: -37.00 SPDt: 0.00 TLT: -10.76 TLTt: -3.00 COUT: -37.90
 spP: 2.28 spI: -5.18 coP: -3.67 coD: 4.43 LPN: 2342 LPT: 15 SPD: -38.00 SPDt: 0.00 TLT: -10.24 TLTt: -2.90 COUT: -37.15
 spP: 2.22 spI: -4.85 coP: -3.57 coD: 2.28 LPN: 2343 LPT: 13 SPD: -37.00 SPDt: 0.00 TLT: -9.77 TLTt: -2.63 COUT: -38.43
 spP: 2.28 spI: -5.15 coP: -3.33 coD: 4.89 LPN: 2344 LPT: 14 SPD: -38.00 SPDt: 0.00 TLT: -9.53 TLTt: -2.87 COUT: -36.87
 spP: 2.22 spI: -5.08 coP: -3.08 coD: 5.32 LPN: 2345 LPT: 15 SPD: -37.00 SPDt: 0.00 TLT: -9.01 TLTt: -2.86 COUT: -34.63
 spP: 2.10 spI: -5.02 coP: -2.94 coD: 2.81 LPN: 2346 LPT: 14 SPD: -35.00 SPDt: 0.00 TLT: -8.81 TLTt: -2.92 COUT: -34.77
 spP: 2.10 spI: -4.96 coP: -2.78 coD: 3.41 LPN: 2347 LPT: 14 SPD: -35.00 SPDt: 0.00 TLT: -8.42 TLTt: -2.86 COUT: -34.14
 spP: 2.04 spI: -5.03 coP: -2.48 coD: 6.23 LPN: 2348 LPT: 15 SPD: -34.00 SPDt: 0.00 TLT: -7.96 TLTt: -2.99 COUT: -30.39
 spP: 1.80 spI: -4.90 coP: -2.39 coD: 1.93 LPN: 2349 LPT: 14 SPD: -30.00 SPDt: 0.00 TLT: -7.88 TLTt: -3.10 COUT: -30.85
 spP: 1.86 spI: -4.90 coP: -2.26 coD: 2.76 LPN: 2350 LPT: 14 SPD: -31.00 SPDt: 0.00 TLT: -7.56 TLTt: -3.04 COUT: -30.35
 spP: 1.80 spI: -4.86 coP: -2.15 coD: 2.34 LPN: 2351 LPT: 15 SPD: -30.00 SPDt: 0.00 TLT: -7.35 TLTt: -3.06 COUT: -30.16
 spP: 1.80 spI: -4.82 coP: -1.99 coD: 3.33 LPN: 2352 LPT: 14 SPD: -30.00 SPDt: 0.00 TLT: -7.00 TLTt: -3.02 COUT: -28.82
 spP: 1.74 spI: -4.79 coP: -1.80 coD: 3.87 LPN: 2353 LPT: 14 SPD: -29.00 SPDt: 0.00 TLT: -6.66 TLTt: -3.05 COUT: -26.76
 spP: 1.62 spI: -4.75 coP: -1.72 coD: 1.78 LPN: 2354 LPT: 15 SPD: -27.00 SPDt: 0.00 TLT: -6.57 TLTt: -3.13 COUT: -26.70
 spP: 1.62 spI: -4.67 coP: -1.53 coD: 3.95 LPN: 2355 LPT: 13 SPD: -27.00 SPDt: 0.00 TLT: -6.11 TLTt: -3.05 COUT: -24.28
 spP: 1.44 spI: -4.76 coP: -1.35 coD: 3.92 LPN: 2356 LPT: 15 SPD: -24.00 SPDt: 0.00 TLT: -6.01 TLTt: -3.32 COUT: -21.70
 spP: 1.32 spI: -4.66 coP: -1.19 coD: 3.38 LPN: 2357 LPT: 15 SPD: -22.00 SPDt: 0.00 TLT: -5.71 TLTt: -3.34 COUT: -19.51
 spP: 1.20 spI: -4.65 coP: -0.92 coD: 5.60 LPN: 2358 LPT: 14 SPD: -20.00 SPDt: 0.00 TLT: -5.29 TLTt: -3.45 COUT: -14.83
 spP: 0.90 spI: -4.61 coP: -0.87 coD: 1.10 LPN: 2359 LPT: 13 SPD: -15.00 SPDt: 0.00 TLT: -5.44 TLTt: -3.71 COUT: -14.59
 spP: 0.90 spI: -4.59 coP: -0.70 coD: 3.53 LPN: 2360 LPT: 15 SPD: -15.00 SPDt: 0.00 TLT: -5.09 TLTt: -3.69 COUT: -11.76
 spP: 0.72 spI: -4.56 coP: -0.57 coD: 2.84 LPN: 2361 LPT: 14 SPD: -12.00 SPDt: 0.00 TLT: -4.97 TLTt: -3.84 COUT: -9.48
 spP: 0.54 spI: -4.54 coP: -0.51 coD: 1.22 LPN: 2362 LPT: 14 SPD: -9.00 SPDt: 0.00 TLT: -5.02 TLTt: -4.00 COUT: -8.77
 spP: 0.54 spI: -4.47 coP: -0.42 coD: 1.95 LPN: 2363 LPT: 14 SPD: -9.00 SPDt: 0.00 TLT: -4.76 TLTt: -3.93 COUT: -7.23
 spP: 0.42 spI: -4.61 coP: -0.30 coD: 2.53 LPN: 2364 LPT: 15 SPD: -7.00 SPDt: 0.00 TLT: -4.78 TLTt: -4.19 COUT: -5.00
 spP: 0.30 spI: -4.49 coP: -0.12 coD: 3.78 LPN: 2365 LPT: 13 SPD: -5.00 SPDt: 0.00 TLT: -4.43 TLTt: -4.19 COUT: -1.34
 spP: 0.06 spI: -4.48 coP: 0.01 coD: 2.78 LPN: 2366 LPT: 15 SPD: -1.00 SPDt: 0.00 TLT: -4.39 TLTt: -4.42 COUT: 1.45
 spP: -0.06 spI: -4.48 coP: 0.06 coD: 1.08 LPN: 2367 LPT: 14 SPD: 1.00 SPDt: 0.00 TLT: -4.41 TLTt: -4.54 COUT: 2.60
 spP: -0.18 spI: -4.27 coP: 0.13 coD: 1.51 LPN: 2368 LPT: 12 SPD: 3.00 SPDt: 0.00 TLT: -4.19 TLTt: -4.45 COUT: 4.24
 spP: -0.24 spI: -4.53 coP: 0.31 coD: 3.79 LPN: 2369 LPT: 15 SPD: 4.00 SPDt: 0.00 TLT: -4.15 TLTt: -4.77 COUT: 8.33
 spP: -0.48 spI: -4.51 coP: 0.53 coD: 4.73 LPN: 2370 LPT: 14 SPD: 8.00 SPDt: 0.00 TLT: -3.93 TLTt: -4.99 COUT: 13.59
 spP: -0.84 spI: -4.54 coP: 0.74 coD: 4.47 LPN: 2371 LPT: 14 SPD: 14.00 SPDt: 0.00 TLT: -3.90 TLTt: -5.38 COUT: 18.79
 spP: -1.14 spI: -4.59 coP: 0.82 coD: 1.77 LPN: 2372 LPT: 15 SPD: 19.00 SPDt: 0.00 TLT: -4.09 TLTt: -5.73 COUT: 21.39
 spP: -1.26 spI: -4.67 coP: 0.91 coD: 1.87 LPN: 2373 LPT: 14 SPD: 21.00 SPDt: 0.00 TLT: -4.11 TLTt: -5.93 COUT: 24.17
 spP: -1.44 spI: -4.65 coP: 0.89 coD: -0.43 LPN: 2374 LPT: 14 SPD: 24.00 SPDt: 0.00 TLT: -4.31 TLTt: -6.09 COUT: 24.64
 spP: -1.50 spI: -4.67 coP: 0.86 coD: -0.71 LPN: 2375 LPT: 14 SPD: 25.00 SPDt: 0.00 TLT: -4.46 TLTt: -6.17 COUT: 24.78
 spP: -1.50 spI: -4.67 coP: 0.75 coD: -2.32 LPN: 2376 LPT: 14 SPD: 25.00 SPDt: 0.00 TLT: -4.67 TLTt: -6.17 COUT: 23.21
 spP: -1.38 spI: -4.80 coP: 0.73 coD: -0.38 LPN: 2377 LPT: 14 SPD: 23.00 SPDt: 0.00 TLT: -4.72 TLTt: -6.18 COUT: 23.57
 spP: -1.44 spI: -4.77 coP: 0.74 coD: 0.11 LPN: 2378 LPT: 15 SPD: 24.00 SPDt: 0.00 TLT: -4.74 TLTt: -6.21 COUT: 24.41
 spP: -1.44 spI: -4.76 coP: 0.63 coD: -2.32 LPN: 2379 LPT: 14 SPD: 24.00 SPDt: 0.00 TLT: -4.94 TLTt: -6.20 COUT: 22.72
 spP: -1.38 spI: -4.83 coP: 0.71 coD: 1.86 LPN: 2380 LPT: 14 SPD: 23.00 SPDt: 0.00 TLT: -4.78 TLTt: -6.21 COUT: 25.29
 spP: -1.50 spI: -4.89 coP: 0.74 coD: 0.44 LPN: 2381 LPT: 15 SPD: 25.00 SPDt: 0.00 TLT: -4.92 TLTt: -6.39 COUT: 26.47
 spP: -1.56 spI: -4.87 coP: 0.68 coD: -1.19 LPN: 2382 LPT: 14 SPD: 26.00 SPDt: 0.00 TLT: -5.07 TLTt: -6.43 COUT: 25.96
 spP: -1.56 spI: -4.89 coP: 0.77 coD: 1.98 LPN: 2383 LPT: 14 SPD: 26.00 SPDt: 0.00 TLT: -4.91 TLTt: -6.45 COUT: 28.71
 spP: -1.74 spI: -4.95 coP: 0.77 coD: -0.03 LPN: 2384 LPT: 14 SPD: 29.00 SPDt: 0.00 TLT: -5.14 TLTt: -6.69 COUT: 29.45
 spP: -1.74 spI: -5.01 coP: 0.82 coD: 1.03 LPN: 2385 LPT: 15 SPD: 29.00 SPDt: 0.00 TLT: -5.11 TLTt: -6.75 COUT: 31.30
 spP: -1.86 spI: -5.01 coP: 0.90 coD: 1.56 LPN: 2386 LPT: 13 SPD: 31.00 SPDt: 0.00 TLT: -5.08 TLTt: -6.87 COUT: 33.76
 spP: -2.04 spI: -5.02 coP: 0.77 coD: -2.60 LPN: 2387 LPT: 15 SPD: 34.00 SPDt: 0.00 TLT: -5.51 TLTt: -7.06 COUT: 31.93
 spP: -1.92 spI: -5.10 coP: 0.86 coD: 1.92 LPN: 2388 LPT: 14 SPD: 32.00 SPDt: 0.00 TLT: -5.29 TLTt: -7.02 COUT: 34.71
 spP: -2.10 spI: -5.14 coP: 0.82 coD: -0.83 LPN: 2389 LPT: 14 SPD: 35.00 SPDt: 0.00 TLT: -5.60 TLTt: -7.24 COUT: 34.71
 spP: -2.10 spI: -5.13 coP: 0.80 coD: -0.59 LPN: 2390 LPT: 15 SPD: 35.00 SPDt: 0.00 TLT: -5.63 TLTt: -7.23 COUT: 34.91
 spP: -2.10 spI: -5.17 coP: 0.79 coD: -0.24 LPN: 2391 LPT: 14 SPD: 35.00 SPDt: 0.00 TLT: -5.70 TLTt: -7.27 COUT: 35.46
 spP: -2.10 spI: -5.16 coP: 0.66 coD: -2.73 LPN: 2392 LPT: 13 SPD: 35.00 SPDt: 0.00 TLT: -5.95 TLTt: -7.26 COUT: 33.39
 spP: -1.98 spI: -5.29 coP: 0.77 coD: 2.40 LPN: 2393 LPT: 16 SPD: 33.00 SPDt: 0.00 TLT: -5.73 TLTt: -7.27 COUT: 36.57
 spP: -2.22 spI: -5.26 coP: 0.84 coD: 1.36 LPN: 2394 LPT: 14 SPD: 37.00 SPDt: 0.00 TLT: -5.80 TLTt: -7.48 COUT: 38.76
 spP: -2.34 spI: -5.33 coP: 0.86 coD: 0.46 LPN: 2395 LPT: 13 SPD: 39.00 SPDt: 0.00 TLT: -5.96 TLTt: -7.67 COUT: 40.08
 spP: -2.40 spI: -5.34 coP: 0.85 coD: -0.17 LPN: 2396 LPT: 15 SPD: 40.00 SPDt: 0.00 TLT: -6.04 TLTt: -7.74 COUT: 40.76
 spP: -2.46 spI: -5.42 coP: 0.87 coD: 0.48 LPN: 2397 LPT: 14 SPD: 41.00 SPDt: 0.00 TLT: -6.14 TLTt: -7.88 COUT: 42.11
 spP: -2.52 spI: -5.42 coP: 0.83 coD: -0.87 LPN: 2398 LPT: 14 SPD: 42.00 SPDt: 0.00 TLT: -6.28 TLTt: -7.94 COUT: 42.07
 spP: -2.52 spI: -5.40 coP: 0.71 coD: -2.50 LPN: 2399 LPT: 15 SPD: 42.00 SPDt: 0.00 TLT: -6.49 TLTt: -7.92 COUT: 40.29
 spP: -2.40 spI: -5.50 coP: 0.72 coD: 0.08 LPN: 2400 LPT: 14 SPD: 40.00 SPDt: 0.00 TLT: -6.46 TLTt: -7.90 COUT: 41.09
 spP: -2.46 spI: -5.60 coP: 0.75 coD: 0.60 LPN: 2401 LPT: 14 SPD: 41.00 SPDt: 0.00 TLT: -6.56 TLTt: -8.06 COUT: 42.43
 spP: -2.52 spI: -5.57 coP: 0.63 coD: -2.37 LPN: 2402 LPT: 15 SPD: 42.00 SPDt: 0.00 TLT: -6.82 TLTt: -8.09 COUT: 40.70
 spP: -2.46 spI: -5.63 coP: 0.64 coD: 0.04 LPN: 2403 LPT: 14 SPD: 41.00 SPDt: 0.00 TLT: -6.82 TLTt: -8.09 COUT: 41.38
 spP: -2.46 spI: -5.59 coP: 0.57 coD: -1.39 LPN: 2404 LPT: 13 SPD: 41.00 SPDt: 0.00 TLT: -6.91 TLTt: -8.05 COUT: 40.55
 spP: -2.46 spI: -5.70 coP: 0.57 coD: 0.08 LPN: 2405 LPT: 16 SPD: 41.00 SPDt: 0.00 TLT: -7.01 TLTt: -8.16 COUT: 41.21
 spP: -2.46 spI: -5.69 coP: 0.50 coD: -1.48 LPN: 2406 LPT: 14 SPD: 41.00 SPDt: 0.00 TLT: -7.14 TLTt: -8.15 COUT: 40.23
 spP: -2.40 spI: -5.77 coP: 0.49 coD: -0.32 LPN: 2407 LPT: 13 SPD: 40.00 SPDt: 0.00 TLT: -7.19 TLTt: -8.17 COUT: 40.41
 spP: -2.40 spI: -5.73 coP: 0.45 coD: -0.92 LPN: 2408 LPT: 15 SPD: 40.00 SPDt: 0.00 TLT: -7.24 TLTt: -8.13 COUT: 39.93
 spP: -2.40 spI: -5.85 coP: 0.40 coD: -0.96 LPN: 2409 LPT: 14 SPD: 40.00 SPDt: 0.00 TLT: -7.45 TLTt: -8.25 COUT: 39.37
 spP: -2.34 spI: -5.86 coP: 0.36 coD: -0.91 LPN: 2410 LPT: 14 SPD: 39.00 SPDt: 0.00 TLT: -7.48 TLTt: -8.20 COUT: 38.82
 spP: -2.34 spI: -5.86 coP: 0.34 coD: -0.29 LPN: 2411 LPT: 15 SPD: 39.00 SPDt: 0.00 TLT: -7.51 TLTt: -8.20 COUT: 38.87
 spP: -2.34 spI: -5.87 coP: 0.32 coD: -0.55 LPN: 2412 LPT: 14 SPD: 39.00 SPDt: 0.00 TLT: -7.57 TLTt: -8.21 COUT: 38.64
 spP: -2.34 spI: -5.94 coP: 0.30 coD: -0.30 LPN: 2413 LPT: 14 SPD: 39.00 SPDt: 0.00 TLT: -7.68 TLTt: -8.28 COUT: 38.64
 spP: -2.34 spI: -5.98 coP: 0.33 coD: 0.52 LPN: 2414 LPT: 15 SPD: 39.00 SPDt: 0.00 TLT: -7.67 TLTt: -8.32 COUT: 39.50
 spP: -2.34 spI: -5.99 coP: 0.28 coD: -0.92 LPN: 2415 LPT: 14 SPD: 39.00 SPDt: 0.00 TLT: -7.76 TLTt: -8.33 COUT: 38.86
 spP: -2.34 spI: -6.00 coP: 0.23 coD: -1.16 LPN: 2416 LPT: 13 SPD: 39.00 SPDt: 0.00 TLT: -7.88 TLTt: -8.34 COUT: 37.93
 spP: -2.28 spI: -6.15 coP: 0.26 coD: 0.56 LPN: 2417 LPT: 16 SPD: 38.00 SPDt: 0.00 TLT: -7.92 TLTt: -8.43 COUT: 38.75
 spP: -2.34 spI: -6.13 coP: 0.27 coD: 0.32 LPN: 2418 LPT: 14 SPD: 39.00 SPDt: 0.00 TLT: -7.93 TLTt: -8.47 COUT: 39.34
 spP: -2.34 spI: -6.14 coP: 0.22 coD: -1.03 LPN: 2419 LPT: 14 SPD: 39.00 SPDt: 0.00 TLT: -8.04 TLTt: -8.48 COUT: 38.53
 spP: -2.34 spI: -6.12 coP: 0.13 coD: -1.93 LPN: 2420 LPT: 14 SPD: 39.00 SPDt: 0.00 TLT: -8.19 TLTt: -8.46 COUT: 36.73
 spP: -2.22 spI: -6.28 coP: 0.17 coD: 0.72 LPN: 2421 LPT: 14 SPD: 37.00 SPDt: 0.00 TLT: -8.17 TLTt: -8.50 COUT: 37.62
 spP: -2.28 spI: -6.29 coP: 0.17 coD: -0.03 LPN: 2422 LPT: 14 SPD: 38.00 SPDt: 0.00 TLT: -8.24 TLTt: -8.57 COUT: 37.76
 spP: -2.28 spI: -6.27 coP: 0.11 coD: -1.09 LPN: 2423 LPT: 15 SPD: 38.00 SPDt: 0.00 TLT: -8.32 TLTt: -8.55 COUT: 36.79
 spP: -2.22 spI: -6.30 coP: 0.03 coD: -1.86 LPN: 2424 LPT: 14 SPD: 37.00 SPDt: 0.00 TLT: -8.47 TLTt: -8.52 COUT: 34.95
 spP: -2.10 spI: -6.37 coP: 0.03 coD: -0.00 LPN: 2425 LPT: 14 SPD: 35.00 SPDt: 0.00 TLT: -8.42 TLTt: -8.47 COUT: 34.97
 spP: -2.10 spI: -6.34 coP: -0.04 coD: -1.46 LPN: 2426 LPT: 15 SPD: 35.00 SPDt: 0.00 TLT: -8.52 TLTt: -8.44 COUT: 33.47
 spP: -1.98 spI: -6.43 coP: -0.07 coD: -0.49 LPN: 2427 LPT: 14 SPD: 33.00 SPDt: 0.00 TLT: -8.54 TLTt: -8.41 COUT: 32.92
 spP: -1.98 spI: -6.41 coP: -0.12 coD: -1.24 LPN: 2428 LPT: 14 SPD: 33.00 SPDt: 0.00 TLT: -8.64 TLTt: -8.39 COUT: 31.56
 spP: -1.92 spI: -6.54 coP: -0.06 coD: 1.41 LPN: 2429 LPT: 15 SPD: 32.00 SPDt: 0.00 TLT: -8.58 TLTt: -8.46 COUT: 32.91
 spP: -1.98 spI: -6.52 coP: -0.08 coD: -0.55 LPN: 2430 LPT: 14 SPD: 33.00 SPDt: 0.00 TLT: -8.67 TLTt: -8.50 COUT: 32.28
 spP: -1.92 spI: -6.56 coP: -0.08 coD: 0.17 LPN: 2431 LPT: 14 SPD: 32.00 SPDt: 0.00 TLT: -8.63 TLTt: -8.48 COUT: 32.37
 spP: -1.92 spI: -6.56 coP: -0.19 coD: -2.52 LPN: 2432 LPT: 14 SPD: 32.00 SPDt: 0.00 TLT: -8.86 TLTt: -8.48 COUT: 29.66
 spP: -1.80 spI: -6.67 coP: -0.14 coD: 1.10 LPN: 2433 LPT: 15 SPD: 30.00 SPDt: 0.00 TLT: -8.75 TLTt: -8.47 COUT: 30.62
 spP: -1.86 spI: -6.64 coP: -0.18 coD: -0.82 LPN: 2434 LPT: 13 SPD: 31.00 SPDt: 0.00 TLT: -8.86 TLTt: -8.50 COUT: 29.62
 spP: -1.80 spI: -6.72 coP: -0.18 coD: 0.07 LPN: 2435 LPT: 15 SPD: 30.00 SPDt: 0.00 TLT: -8.87 TLTt: -8.52 COUT: 29.51
 spP: -1.80 spI: -6.66 coP: -0.25 coD: -1.54 LPN: 2436 LPT: 14 SPD: 30.00 SPDt: 0.00 TLT: -8.96 TLTt: -8.46 COUT: 27.73
 spP: -1.68 spI: -6.82 coP: -0.31 coD: -1.27 LPN: 2437 LPT: 14 SPD: 28.00 SPDt: 0.00 TLT: -9.12 TLTt: -8.50 COUT: 26.15
 spP: -1.56 spI: -6.77 coP: -0.30 coD: 0.24 LPN: 2438 LPT: 15 SPD: 26.00 SPDt: 0.00 TLT: -8.92 TLTt: -8.33 COUT: 26.10
 spP: -1.56 spI: -6.74 coP: -0.43 coD: -2.74 LPN: 2439 LPT: 14 SPD: 26.00 SPDt: 0.00 TLT: -9.15 TLTt: -8.30 COUT: 22.93
 spP: -1.38 spI: -6.87 coP: -0.36 coD: 1.42 LPN: 2440 LPT: 14 SPD: 23.00 SPDt: 0.00 TLT: -8.97 TLTt: -8.25 COUT: 24.00
 spP: -1.44 spI: -6.94 coP: -0.31 coD: 1.10 LPN: 2441 LPT: 15 SPD: 24.00 SPDt: 0.00 TLT: -8.99 TLTt: -8.38 COUT: 24.79
 spP: -1.50 spI: -6.91 coP: -0.41 coD: -2.09 LPN: 2442 LPT: 14 SPD: 25.00 SPDt: 0.00 TLT: -9.22 TLTt: -8.41 COUT: 22.29
 spP: -1.32 spI: -6.89 coP: -0.37 coD: 0.76 LPN: 2443 LPT: 14 SPD: 22.00 SPDt: 0.00 TLT: -8.95 TLTt: -8.21 COUT: 22.69
 spP: -1.38 spI: -6.92 coP: -0.46 coD: -1.87 LPN: 2444 LPT: 14 SPD: 23.00 SPDt: 0.00 TLT: -9.22 TLTt: -8.30 COUT: 20.36
 spP: -1.20 spI: -6.98 coP: -0.44 coD: 0.34 LPN: 2445 LPT: 14 SPD: 20.00 SPDt: 0.00 TLT: -9.06 TLTt: -8.18 COUT: 20.25
 spP: -1.20 spI: -6.92 coP: -0.41 coD: 0.71 LPN: 2446 LPT: 14 SPD: 20.00 SPDt: 0.00 TLT: -8.94 TLTt: -8.12 COUT: 20.56
 spP: -1.26 spI: -6.99 coP: -0.47 coD: -1.25 LPN: 2447 LPT: 15 SPD: 21.00 SPDt: 0.00 TLT: -9.18 TLTt: -8.25 COUT: 18.84
 spP: -1.14 spI: -7.08 coP: -0.42 coD: 1.10 LPN: 2448 LPT: 14 SPD: 19.00 SPDt: 0.00 TLT: -9.05 TLTt: -8.22 COUT: 19.53
 spP: -1.20 spI: -7.13 coP: -0.40 coD: 0.36 LPN: 2449 LPT: 14 SPD: 20.00 SPDt: 0.00 TLT: -9.12 TLTt: -8.33 COUT: 19.49
 spP: -1.14 spI: -7.07 coP: -0.45 coD: -1.19 LPN: 2450 LPT: 15 SPD: 19.00 SPDt: 0.00 TLT: -9.12 TLTt: -8.21 COUT: 17.85
 spP: -1.08 spI: -7.11 coP: -0.44 coD: 0.26 LPN: 2451 LPT: 14 SPD: 18.00 SPDt: 0.00 TLT: -9.07 TLTt: -8.19 COUT: 17.67
 spP: -1.08 spI: -7.05 coP: -0.51 coD: -1.43 LPN: 2452 LPT: 13 SPD: 18.00 SPDt: 0.00 TLT: -9.14 TLTt: -8.13 COUT: 15.73
 spP: -0.96 spI: -7.20 coP: -0.43 coD: 1.74 LPN: 2453 LPT: 16 SPD: 16.00 SPDt: 0.00 TLT: -9.01 TLTt: -8.16 COUT: 17.04
 spP: -1.02 spI: -7.13 coP: -0.44 coD: -0.24 LPN: 2454 LPT: 13 SPD: 17.00 SPDt: 0.00 TLT: -9.03 TLTt: -8.15 COUT: 16.36
 spP: -0.96 spI: -7.16 coP: -0.49 coD: -1.04 LPN: 2455 LPT: 14 SPD: 16.00 SPDt: 0.00 TLT: -9.09 TLTt: -8.12 COUT: 14.84
 spP: -0.90 spI: -7.19 coP: -0.49 coD: 0.02 LPN: 2456 LPT: 15 SPD: 15.00 SPDt: 0.00 TLT: -9.06 TLTt: -8.09 COUT: 14.37
 spP: -0.84 spI: -7.25 coP: -0.48 coD: 0.02 LPN: 2457 LPT: 14 SPD: 14.00 SPDt: 0.00 TLT: -9.06 TLTt: -8.09 COUT: 13.90
 spP: -0.84 spI: -7.12 coP: -0.51 coD: -0.62 LPN: 2458 LPT: 14 SPD: 14.00 SPDt: 0.00 TLT: -8.98 TLTt: -7.96 COUT: 12.77
 spP: -0.78 spI: -7.21 coP: -0.51 coD: 0.14 LPN: 2459 LPT: 15 SPD: 13.00 SPDt: 0.00 TLT: -9.00 TLTt: -7.99 COUT: 12.40
 spP: -0.72 spI: -7.23 coP: -0.51 coD: 0.02 LPN: 2460 LPT: 13 SPD: 12.00 SPDt: 0.00 TLT: -8.97 TLTt: -7.95 COUT: 11.92
 spP: -0.72 spI: -7.24 coP: -0.52 coD: -0.26 LPN: 2461 LPT: 14 SPD: 12.00 SPDt: 0.00 TLT: -9.00 TLTt: -7.96 COUT: 11.14
 spP: -0.66 spI: -7.26 coP: -0.51 coD: 0.26 LPN: 2462 LPT: 15 SPD: 11.00 SPDt: 0.00 TLT: -8.93 TLTt: -7.92 COUT: 10.89
 spP: -0.66 spI: -7.22 coP: -0.55 coD: -0.85 LPN: 2463 LPT: 14 SPD: 11.00 SPDt: 0.00 TLT: -8.97 TLTt: -7.88 COUT: 9.49
 spP: -0.54 spI: -7.26 coP: -0.54 coD: 0.03 LPN: 2464 LPT: 14 SPD: 9.00 SPDt: 0.00 TLT: -8.89 TLTt: -7.80 COUT: 8.98
 spP: -0.54 spI: -7.20 coP: -0.48 coD: 1.37 LPN: 2465 LPT: 15 SPD: 9.00 SPDt: 0.00 TLT: -8.70 TLTt: -7.74 COUT: 9.86
 spP: -0.60 spI: -7.25 coP: -0.46 coD: 0.52 LPN: 2466 LPT: 13 SPD: 10.00 SPDt: 0.00 TLT: -8.76 TLTt: -7.85 COUT: 9.93
 spP: -0.60 spI: -7.26 coP: -0.52 coD: -1.38 LPN: 2467 LPT: 14 SPD: 10.00 SPDt: 0.00 TLT: -8.90 TLTt: -7.86 COUT: 8.03
 spP: -0.48 spI: -7.30 coP: -0.64 coD: -2.56 LPN: 2468 LPT: 15 SPD: 8.00 SPDt: 0.00 TLT: -9.06 TLTt: -7.78 COUT: 4.83
 spP: -0.30 spI: -7.30 coP: -0.67 coD: -0.53 LPN: 2469 LPT: 14 SPD: 5.00 SPDt: 0.00 TLT: -8.94 TLTt: -7.60 COUT: 3.63
 spP: -0.24 spI: -7.24 coP: -0.73 coD: -1.30 LPN: 2470 LPT: 13 SPD: 4.00 SPDt: 0.00 TLT: -8.93 TLTt: -7.48 COUT: 1.61
 spP: -0.12 spI: -7.26 coP: -0.73 coD: -0.17 LPN: 2471 LPT: 15 SPD: 2.00 SPDt: 0.00 TLT: -8.85 TLTt: -7.38 COUT: 0.71
 spP: -0.06 spI: -7.30 coP: -0.68 coD: 1.22 LPN: 2472 LPT: 14 SPD: 1.00 SPDt: 0.00 TLT: -8.71 TLTt: -7.36 COUT: 1.26
 spP: -0.06 spI: -7.27 coP: -0.64 coD: 0.86 LPN: 2473 LPT: 14 SPD: 1.00 SPDt: 0.00 TLT: -8.61 TLTt: -7.33 COUT: 1.48
 spP: -0.06 spI: -7.20 coP: -0.60 coD: 0.72 LPN: 2474 LPT: 14 SPD: 1.00 SPDt: 0.00 TLT: -8.47 TLTt: -7.26 COUT: 1.59
 spP: -0.12 spI: -7.26 coP: -0.49 coD: 2.35 LPN: 2475 LPT: 14 SPD: 2.00 SPDt: 0.00 TLT: -8.37 TLTt: -7.38 COUT: 3.45
 spP: -0.18 spI: -7.29 coP: -0.40 coD: 1.93 LPN: 2476 LPT: 13 SPD: 3.00 SPDt: 0.00 TLT: -8.28 TLTt: -7.47 COUT: 4.98
 spP: -0.30 spI: -7.39 coP: -0.30 coD: 2.08 LPN: 2477 LPT: 16 SPD: 5.00 SPDt: 0.00 TLT: -8.30 TLTt: -7.69 COUT: 6.75
 spP: -0.42 spI: -7.33 coP: -0.22 coD: 1.80 LPN: 2478 LPT: 13 SPD: 7.00 SPDt: 0.00 TLT: -8.19 TLTt: -7.75 COUT: 8.34
 spP: -0.48 spI: -7.33 coP: -0.19 coD: 0.64 LPN: 2479 LPT: 14 SPD: 8.00 SPDt: 0.00 TLT: -8.19 TLTt: -7.81 COUT: 8.79
 spP: -0.54 spI: -7.31 coP: -0.23 coD: -0.77 LPN: 2480 LPT: 15 SPD: 9.00 SPDt: 0.00 TLT: -8.30 TLTt: -7.85 COUT: 7.79
 spP: -0.48 spI: -7.39 coP: -0.16 coD: 1.41 LPN: 2481 LPT: 14 SPD: 8.00 SPDt: 0.00 TLT: -8.19 TLTt: -7.87 COUT: 9.05
 spP: -0.54 spI: -7.33 coP: -0.25 coD: -2.01 LPN: 2482 LPT: 14 SPD: 9.00 SPDt: 0.00 TLT: -8.38 TLTt: -7.87 COUT: 6.79
 spP: -0.42 spI: -7.33 coP: -0.30 coD: -1.11 LPN: 2483 LPT: 14 SPD: 7.00 SPDt: 0.00 TLT: -8.36 TLTt: -7.75 COUT: 5.38
 spP: -0.30 spI: -7.41 coP: -0.27 coD: 0.72 LPN: 2484 LPT: 14 SPD: 5.00 SPDt: 0.00 TLT: -8.25 TLTt: -7.71 COUT: 5.83
 spP: -0.36 spI: -7.41 coP: -0.28 coD: -0.16 LPN: 2485 LPT: 14 SPD: 6.00 SPDt: 0.00 TLT: -8.32 TLTt: -7.77 COUT: 5.39
 spP: -0.30 spI: -7.38 coP: -0.32 coD: -0.97 LPN: 2486 LPT: 15 SPD: 5.00 SPDt: 0.00 TLT: -8.33 TLTt: -7.68 COUT: 4.09
 spP: -0.24 spI: -7.36 coP: -0.38 coD: -1.15 LPN: 2487 LPT: 14 SPD: 4.00 SPDt: 0.00 TLT: -8.36 TLTt: -7.60 COUT: 2.57
 spP: -0.18 spI: -7.34 coP: -0.46 coD: -1.80 LPN: 2488 LPT: 13 SPD: 3.00 SPDt: 0.00 TLT: -8.44 TLTt: -7.52 COUT: 0.31
 spP: 0.00 spI: -7.39 coP: -0.44 coD: 0.56 LPN: 2489 LPT: 15 SPD: 0.00 SPDt: 0.00 TLT: -8.26 TLTt: -7.39 COUT: 0.43
 spP: 0.00 spI: -7.26 coP: -0.52 coD: -1.81 LPN: 2490 LPT: 14 SPD: 0.00 SPDt: 0.00 TLT: -8.29 TLTt: -7.26 COUT: -1.90
 spP: 0.12 spI: -7.36 coP: -0.49 coD: 0.66 LPN: 2491 LPT: 13 SPD: -2.00 SPDt: 0.00 TLT: -8.21 TLTt: -7.24 COUT: -1.72
 spP: 0.12 spI: -7.34 coP: -0.47 coD: 0.41 LPN: 2492 LPT: 15 SPD: -2.00 SPDt: 0.00 TLT: -8.16 TLTt: -7.22 COUT: -1.78
 spP: 0.12 spI: -7.38 coP: -0.43 coD: 0.73 LPN: 2493 LPT: 14 SPD: -2.00 SPDt: 0.00 TLT: -8.13 TLTt: -7.26 COUT: -1.48
 spP: 0.06 spI: -7.37 coP: -0.36 coD: 1.50 LPN: 2494 LPT: 13 SPD: -1.00 SPDt: 0.00 TLT: -8.04 TLTt: -7.31 COUT: -0.34
 spP: 0.00 spI: -7.27 coP: -0.43 coD: -1.41 LPN: 2495 LPT: 15 SPD: 0.00 SPDt: 0.00 TLT: -8.12 TLTt: -7.27 COUT: -2.18
 spP: 0.12 spI: -7.32 coP: -0.35 coD: 1.70 LPN: 2496 LPT: 14 SPD: -2.00 SPDt: 0.00 TLT: -7.90 TLTt: -7.20 COUT: -0.83
 spP: 0.06 spI: -7.41 coP: -0.34 coD: 0.29 LPN: 2497 LPT: 13 SPD: -1.00 SPDt: 0.00 TLT: -8.02 TLTt: -7.35 COUT: -0.88
 spP: 0.06 spI: -7.32 coP: -0.30 coD: 0.78 LPN: 2498 LPT: 15 SPD: -1.00 SPDt: 0.00 TLT: -7.86 TLTt: -7.26 COUT: -0.40
 spP: 0.00 spI: -7.29 coP: -0.31 coD: -0.17 LPN: 2499 LPT: 14 SPD: 0.00 SPDt: 0.00 TLT: -7.90 TLTt: -7.29 COUT: -0.88
 spP: 0.06 spI: -7.37 coP: -0.25 coD: 1.17 LPN: 2500 LPT: 13 SPD: -1.00 SPDt: 0.00 TLT: -7.81 TLTt: -7.31 COUT: 0.04
 spP: 0.00 spI: -7.36 coP: -0.13 coD: 2.55 LPN: 2501 LPT: 15 SPD: 0.00 SPDt: 0.00 TLT: -7.62 TLTt: -7.36 COUT: 2.46
 spP: -0.12 spI: -7.31 coP: -0.16 coD: -0.65 LPN: 2502 LPT: 14 SPD: 2.00 SPDt: 0.00 TLT: -7.75 TLTt: -7.43 COUT: 1.65
 spP: -0.12 spI: -7.30 coP: -0.13 coD: 0.62 LPN: 2503 LPT: 14 SPD: 2.00 SPDt: 0.00 TLT: -7.68 TLTt: -7.42 COUT: 2.13
 spP: -0.12 spI: -7.32 coP: -0.10 coD: 0.66 LPN: 2504 LPT: 14 SPD: 2.00 SPDt: 0.00 TLT: -7.65 TLTt: -7.44 COUT: 2.70
 spP: -0.18 spI: -7.41 coP: -0.09 coD: 0.34 LPN: 2505 LPT: 14 SPD: 3.00 SPDt: 0.00 TLT: -7.77 TLTt: -7.59 COUT: 2.95
 spP: -0.18 spI: -7.28 coP: -0.10 coD: -0.22 LPN: 2506 LPT: 14 SPD: 3.00 SPDt: 0.00 TLT: -7.66 TLTt: -7.46 COUT: 2.63
 spP: -0.18 spI: -7.32 coP: -0.08 coD: 0.38 LPN: 2507 LPT: 14 SPD: 3.00 SPDt: 0.00 TLT: -7.66 TLTt: -7.50 COUT: 2.93
 spP: -0.18 spI: -7.34 coP: -0.10 coD: -0.40 LPN: 2508 LPT: 14 SPD: 3.00 SPDt: 0.00 TLT: -7.71 TLTt: -7.52 COUT: 2.43
 spP: -0.12 spI: -7.44 coP: -0.00 coD: 2.06 LPN: 2509 LPT: 14 SPD: 2.00 SPDt: 0.00 TLT: -7.56 TLTt: -7.56 COUT: 4.49
 spP: -0.24 spI: -7.40 coP: 0.05 coD: 1.12 LPN: 2510 LPT: 15 SPD: 4.00 SPDt: 0.00 TLT: -7.53 TLTt: -7.64 COUT: 5.66
 spP: -0.36 spI: -7.39 coP: 0.14 coD: 1.96 LPN: 2511 LPT: 13 SPD: 6.00 SPDt: 0.00 TLT: -7.46 TLTt: -7.75 COUT: 7.77
 spP: -0.48 spI: -7.36 coP: 0.16 coD: 0.30 LPN: 2512 LPT: 14 SPD: 8.00 SPDt: 0.00 TLT: -7.52 TLTt: -7.84 COUT: 8.23
 spP: -0.48 spI: -7.46 coP: 0.14 coD: -0.48 LPN: 2513 LPT: 15 SPD: 8.00 SPDt: 0.00 TLT: -7.67 TLTt: -7.94 COUT: 7.89
 spP: -0.48 spI: -7.39 coP: 0.14 coD: 0.14 LPN: 2514 LPT: 13 SPD: 8.00 SPDt: 0.00 TLT: -7.58 TLTt: -7.87 COUT: 8.17
 spP: -0.48 spI: -7.36 coP: 0.03 coD: -2.35 LPN: 2515 LPT: 14 SPD: 8.00 SPDt: 0.00 TLT: -7.78 TLTt: -7.84 COUT: 5.85
 spP: -0.36 spI: -7.40 coP: -0.05 coD: -1.68 LPN: 2516 LPT: 15 SPD: 6.00 SPDt: 0.00 TLT: -7.86 TLTt: -7.76 COUT: 4.12
 spP: -0.24 spI: -7.53 coP: 0.01 coD: 1.20 LPN: 2517 LPT: 14 SPD: 4.00 SPDt: 0.00 TLT: -7.75 TLTt: -7.77 COUT: 5.33
 spP: -0.30 spI: -7.41 coP: -0.08 coD: -2.04 LPN: 2518 LPT: 14 SPD: 5.00 SPDt: 0.00 TLT: -7.88 TLTt: -7.71 COUT: 3.21
 spP: -0.18 spI: -7.44 coP: -0.07 coD: 0.31 LPN: 2519 LPT: 14 SPD: 3.00 SPDt: 0.00 TLT: -7.76 TLTt: -7.62 COUT: 3.45
 spP: -0.18 spI: -7.41 coP: -0.12 coD: -1.00 LPN: 2520 LPT: 14 SPD: 3.00 SPDt: 0.00 TLT: -7.83 TLTt: -7.59 COUT: 2.33
 spP: -0.12 spI: -7.50 coP: -0.07 coD: 0.98 LPN: 2521 LPT: 14 SPD: 2.00 SPDt: 0.00 TLT: -7.76 TLTt: -7.62 COUT: 3.24
 spP: -0.18 spI: -7.43 coP: 0.02 coD: 1.91 LPN: 2522 LPT: 14 SPD: 3.00 SPDt: 0.00 TLT: -7.57 TLTt: -7.61 COUT: 5.17
 spP: -0.30 spI: -7.44 coP: 0.03 coD: 0.30 LPN: 2523 LPT: 14 SPD: 5.00 SPDt: 0.00 TLT: -7.67 TLTt: -7.74 COUT: 5.50
 spP: -0.36 spI: -7.47 coP: 0.14 coD: 2.32 LPN: 2524 LPT: 14 SPD: 6.00 SPDt: 0.00 TLT: -7.55 TLTt: -7.83 COUT: 7.97
 spP: -0.48 spI: -7.55 coP: 0.17 coD: 0.63 LPN: 2525 LPT: 15 SPD: 8.00 SPDt: 0.00 TLT: -7.69 TLTt: -8.03 COUT: 8.77
 spP: -0.54 spI: -7.51 coP: 0.21 coD: 0.86 LPN: 2526 LPT: 14 SPD: 9.00 SPDt: 0.00 TLT: -7.63 TLTt: -8.05 COUT: 9.85
 spP: -0.60 spI: -7.48 coP: 0.22 coD: 0.06 LPN: 2527 LPT: 13 SPD: 10.00 SPDt: 0.00 TLT: -7.65 TLTt: -8.08 COUT: 10.12
 spP: -0.60 spI: -7.50 coP: 0.15 coD: -1.50 LPN: 2528 LPT: 15 SPD: 10.00 SPDt: 0.00 TLT: -7.81 TLTt: -8.10 COUT: 8.77
 spP: -0.54 spI: -7.62 coP: 0.13 coD: -0.27 LPN: 2529 LPT: 14 SPD: 9.00 SPDt: 0.00 TLT: -7.89 TLTt: -8.16 COUT: 8.64
 spP: -0.54 spI: -7.46 coP: -0.07 coD: -4.45 LPN: 2530 LPT: 14 SPD: 9.00 SPDt: 0.00 TLT: -8.15 TLTt: -8.00 COUT: 4.11
 spP: -0.24 spI: -7.54 coP: -0.14 coD: -1.32 LPN: 2531 LPT: 14 SPD: 4.00 SPDt: 0.00 TLT: -8.05 TLTt: -7.78 COUT: 2.65
 spP: -0.18 spI: -7.52 coP: -0.07 coD: 1.36 LPN: 2532 LPT: 14 SPD: 3.00 SPDt: 0.00 TLT: -7.85 TLTt: -7.70 COUT: 3.95
 spP: -0.24 spI: -7.58 coP: -0.06 coD: 0.31 LPN: 2533 LPT: 14 SPD: 4.00 SPDt: 0.00 TLT: -7.93 TLTt: -7.82 COUT: 4.19
 spP: -0.24 spI: -7.49 coP: -0.01 coD: 1.01 LPN: 2534 LPT: 15 SPD: 4.00 SPDt: 0.00 TLT: -7.75 TLTt: -7.73 COUT: 5.20
 spP: -0.30 spI: -7.53 coP: -0.02 coD: -0.12 LPN: 2535 LPT: 13 SPD: 5.00 SPDt: 0.00 TLT: -7.87 TLTt: -7.83 COUT: 5.06
 spP: -0.30 spI: -7.47 coP: 0.00 coD: 0.38 LPN: 2536 LPT: 14 SPD: 5.00 SPDt: 0.00 TLT: -7.77 TLTt: -7.77 COUT: 5.44
 spP: -0.30 spI: -7.57 coP: 0.07 coD: 1.46 LPN: 2537 LPT: 15 SPD: 5.00 SPDt: 0.00 TLT: -7.73 TLTt: -7.87 COUT: 6.97
 spP: -0.42 spI: -7.60 coP: 0.19 coD: 2.57 LPN: 2538 LPT: 13 SPD: 7.00 SPDt: 0.00 TLT: -7.64 TLTt: -8.02 COUT: 9.73
 spP: -0.60 spI: -7.62 coP: 0.34 coD: 3.08 LPN: 2539 LPT: 14 SPD: 10.00 SPDt: 0.00 TLT: -7.55 TLTt: -8.22 COUT: 13.14
 spP: -0.78 spI: -7.68 coP: 0.29 coD: -0.98 LPN: 2540 LPT: 15 SPD: 13.00 SPDt: 0.00 TLT: -7.88 TLTt: -8.46 COUT: 12.45
 spP: -0.72 spI: -7.80 coP: 0.31 coD: 0.53 LPN: 2541 LPT: 14 SPD: 12.00 SPDt: 0.00 TLT: -7.89 TLTt: -8.52 COUT: 13.29
 spP: -0.78 spI: -7.67 coP: 0.23 coD: -1.90 LPN: 2542 LPT: 14 SPD: 13.00 SPDt: 0.00 TLT: -8.00 TLTt: -8.45 COUT: 11.62
 spP: -0.72 spI: -7.71 coP: 0.22 coD: -0.10 LPN: 2543 LPT: 15 SPD: 12.00 SPDt: 0.00 TLT: -7.99 TLTt: -8.43 COUT: 11.74
 spP: -0.72 spI: -7.66 coP: 0.17 coD: -1.18 LPN: 2544 LPT: 13 SPD: 12.00 SPDt: 0.00 TLT: -8.05 TLTt: -8.38 COUT: 10.73
 spP: -0.66 spI: -7.81 coP: 0.13 coD: -0.67 LPN: 2545 LPT: 15 SPD: 11.00 SPDt: 0.00 TLT: -8.20 TLTt: -8.47 COUT: 10.20
 spP: -0.60 spI: -7.76 coP: 0.16 coD: 0.58 LPN: 2546 LPT: 15 SPD: 10.00 SPDt: 0.00 TLT: -8.04 TLTt: -8.36 COUT: 10.94
 spP: -0.66 spI: -7.72 coP: 0.15 coD: -0.20 LPN: 2547 LPT: 13 SPD: 11.00 SPDt: 0.00 TLT: -8.08 TLTt: -8.38 COUT: 10.89
 spP: -0.66 spI: -7.72 coP: 0.09 coD: -1.25 LPN: 2548 LPT: 14 SPD: 11.00 SPDt: 0.00 TLT: -8.19 TLTt: -8.38 COUT: 9.73
 spP: -0.60 spI: -7.82 coP: 0.13 coD: 0.79 LPN: 2549 LPT: 15 SPD: 10.00 SPDt: 0.00 TLT: -8.16 TLTt: -8.42 COUT: 10.65
 spP: -0.66 spI: -7.83 coP: 0.10 coD: -0.68 LPN: 2550 LPT: 14 SPD: 11.00 SPDt: 0.00 TLT: -8.29 TLTt: -8.49 COUT: 10.07
 spP: -0.60 spI: -7.87 coP: 0.09 coD: -0.23 LPN: 2551 LPT: 14 SPD: 10.00 SPDt: 0.00 TLT: -8.30 TLTt: -8.47 COUT: 9.93
 spP: -0.60 spI: -7.70 coP: 0.03 coD: -1.20 LPN: 2552 LPT: 13 SPD: 10.00 SPDt: 0.00 TLT: -8.24 TLTt: -8.30 COUT: 8.76
 spP: -0.54 spI: -7.85 coP: -0.05 coD: -1.72 LPN: 2553 LPT: 16 SPD: 9.00 SPDt: 0.00 TLT: -8.49 TLTt: -8.39 COUT: 6.98
 spP: -0.42 spI: -7.79 coP: -0.18 coD: -2.67 LPN: 2554 LPT: 13 SPD: 7.00 SPDt: 0.00 TLT: -8.57 TLTt: -8.21 COUT: 4.13
 spP: -0.24 spI: -7.81 coP: -0.22 coD: -0.94 LPN: 2555 LPT: 15 SPD: 4.00 SPDt: 0.00 TLT: -8.49 TLTt: -8.05 COUT: 2.97
 spP: -0.18 spI: -7.76 coP: -0.25 coD: -0.52 LPN: 2556 LPT: 14 SPD: 3.00 SPDt: 0.00 TLT: -8.43 TLTt: -7.94 COUT: 2.20
 spP: -0.12 spI: -7.84 coP: -0.18 coD: 1.37 LPN: 2557 LPT: 14 SPD: 2.00 SPDt: 0.00 TLT: -8.32 TLTt: -7.96 COUT: 3.38
 spP: -0.18 spI: -7.79 coP: -0.23 coD: -1.04 LPN: 2558 LPT: 15 SPD: 3.00 SPDt: 0.00 TLT: -8.43 TLTt: -7.97 COUT: 2.12
 spP: -0.12 spI: -7.78 coP: -0.16 coD: 1.57 LPN: 2559 LPT: 13 SPD: 2.00 SPDt: 0.00 TLT: -8.21 TLTt: -7.90 COUT: 3.53
 spP: -0.24 spI: -7.81 coP: -0.02 coD: 2.81 LPN: 2560 LPT: 14 SPD: 4.00 SPDt: 0.00 TLT: -8.10 TLTt: -8.05 COUT: 6.31
 spP: -0.36 spI: -7.90 coP: 0.09 coD: 2.48 LPN: 2561 LPT: 14 SPD: 6.00 SPDt: 0.00 TLT: -8.07 TLTt: -8.26 COUT: 8.88
 spP: -0.54 spI: -7.78 coP: 0.16 coD: 1.44 LPN: 2562 LPT: 15 SPD: 9.00 SPDt: 0.00 TLT: -8.00 TLTt: -8.32 COUT: 10.48
 spP: -0.60 spI: -7.90 coP: 0.19 coD: 0.67 LPN: 2563 LPT: 14 SPD: 10.00 SPDt: 0.00 TLT: -8.11 TLTt: -8.50 COUT: 11.34
 spP: -0.66 spI: -7.86 coP: 0.28 coD: 1.96 LPN: 2564 LPT: 13 SPD: 11.00 SPDt: 0.00 TLT: -7.95 TLTt: -8.52 COUT: 13.58
 spP: -0.84 spI: -8.03 coP: 0.33 coD: 0.85 LPN: 2565 LPT: 15 SPD: 14.00 SPDt: 0.00 TLT: -8.22 TLTt: -8.87 COUT: 14.76
 spP: -0.90 spI: -7.94 coP: 0.23 coD: -1.92 LPN: 2566 LPT: 14 SPD: 15.00 SPDt: 0.00 TLT: -8.37 TLTt: -8.84 COUT: 13.07
 spP: -0.78 spI: -7.93 coP: 0.17 coD: -1.30 LPN: 2567 LPT: 14 SPD: 13.00 SPDt: 0.00 TLT: -8.36 TLTt: -8.71 COUT: 11.94
 spP: -0.72 spI: -7.92 coP: 0.00 coD: -3.60 LPN: 2568 LPT: 15 SPD: 12.00 SPDt: 0.00 TLT: -8.64 TLTt: -8.64 COUT: 8.34
