 spP: 0.00 spI: 0.00 coP: 29.61 coD: 0.05 LPN: 755 LPT: 12 SPD: 0.00 SPDt: 0.00 TLT: 59.21 TLTt: 0.00 COUT: 29.66
 spP: -1.80 spI: -0.03 coP: 29.29 coD: -6.75 LPN: 756 LPT: 15 SPD: 30.00 SPDt: 0.00 TLT: 56.75 TLTt: -1.83 COUT: 52.20
 spP: -3.12 spI: -0.07 coP: 28.60 coD: -14.48 LPN: 757 LPT: 14 SPD: 52.00 SPDt: 0.00 TLT: 54.02 TLTt: -3.19 COUT: 66.32
 spP: -3.96 spI: -0.10 coP: 27.57 coD: -21.69 LPN: 758 LPT: 14 SPD: 66.00 SPDt: 0.00 TLT: 51.07 TLTt: -4.06 COUT: 72.20
 spP: -4.32 spI: -0.14 coP: 26.11 coD: -31.00 LPN: 759 LPT: 14 SPD: 72.00 SPDt: 0.00 TLT: 47.76 TLTt: -4.46 COUT: 67.31
 spP: -4.02 spI: -0.17 coP: 24.42 coD: -35.72 LPN: 760 LPT: 15 SPD: 67.00 SPDt: 0.00 TLT: 44.64 TLTt: -4.19 COUT: 56.01
 spP: -3.36 spI: -0.21 coP: 22.46 coD: -40.86 LPN: 761 LPT: 14 SPD: 56.00 SPDt: 0.00 TLT: 41.35 TLTt: -3.57 COUT: 37.61
 spP: -2.28 spI: -0.24 coP: 20.26 coD: -45.82 LPN: 762 LPT: 15 SPD: 38.00 SPDt: 0.00 TLT: 38.01 TLTt: -2.52 COUT: 12.05
 spP: -0.72 spI: -0.25 coP: 17.88 coD: -51.37 LPN: 763 LPT: 13 SPD: 12.00 SPDt: 0.00 TLT: 34.78 TLTt: -0.97 COUT: -21.44
 spP: 1.26 spI: -0.24 coP: 15.36 coD: -50.61 LPN: 764 LPT: 15 SPD: -21.00 SPDt: 0.00 TLT: 31.73 TLTt: 1.02 COUT: -56.70
 spP: 3.42 spI: -0.21 coP: 12.84 coD: -49.81 LPN: 765 LPT: 16 SPD: -57.00 SPDt: 0.00 TLT: 28.90 TLTt: 3.21 COUT: -93.66
 spP: 5.64 spI: -0.16 coP: 10.64 coD: -45.58 LPN: 766 LPT: 14 SPD: -94.00 SPDt: 0.00 TLT: 26.76 TLTt: 5.48 COUT: -128.60
 spP: 7.74 spI: -0.13 coP: 8.75 coD: -38.70 LPN: 767 LPT: 14 SPD: -129.00 SPDt: 0.00 TLT: 25.11 TLTt: 7.61 COUT: -158.56
 spP: 9.54 spI: -0.10 coP: 7.26 coD: -30.30 LPN: 768 LPT: 15 SPD: -159.00 SPDt: 0.00 TLT: 23.96 TLTt: 9.44 COUT: -181.60
 spP: 10.92 spI: -0.06 coP: 6.31 coD: -18.25 LPN: 769 LPT: 16 SPD: -182.00 SPDt: 0.00 TLT: 23.47 TLTt: 10.86 COUT: -193.54
 spP: 11.64 spI: -0.03 coP: 5.88 coD: -8.02 LPN: 770 LPT: 15 SPD: -194.00 SPDt: 0.00 TLT: 23.38 TLTt: 11.61 COUT: -195.68
 spP: 11.76 spI: 0.01 coP: 6.05 coD: 3.35 LPN: 771 LPT: 16 SPD: -196.00 SPDt: 0.00 TLT: 23.87 TLTt: 11.77 COUT: -186.29
 spP: 11.16 spI: 0.05 coP: 6.75 coD: 14.16 LPN: 772 LPT: 14 SPD: -186.00 SPDt: 0.00 TLT: 24.70 TLTt: 11.21 COUT: -165.38
 spP: 9.90 spI: 0.08 coP: 7.80 coD: 21.26 LPN: 773 LPT: 14 SPD: -165.00 SPDt: 0.00 TLT: 25.58 TLTt: 9.98 COUT: -136.32
 spP: 8.16 spI: 0.12 coP: 9.00 coD: 23.59 LPN: 774 LPT: 17 SPD: -136.00 SPDt: 0.00 TLT: 26.28 TLTt: 8.28 COUT: -103.73
 spP: 6.24 spI: 0.16 coP: 10.11 coD: 21.64 LPN: 775 LPT: 15 SPD: -104.00 SPDt: 0.00 TLT: 26.61 TLTt: 6.40 COUT: -71.99
 spP: 4.32 spI: 0.18 coP: 11.14 coD: 21.42 LPN: 776 LPT: 15 SPD: -72.00 SPDt: 0.00 TLT: 26.78 TLTt: 4.50 COUT: -39.43
 spP: 2.34 spI: 0.22 coP: 12.06 coD: 19.17 LPN: 777 LPT: 14 SPD: -39.00 SPDt: 0.00 TLT: 26.67 TLTt: 2.56 COUT: -8.20
 spP: 0.48 spI: 0.22 coP: 12.78 coD: 15.21 LPN: 778 LPT: 14 SPD: -8.00 SPDt: 0.00 TLT: 26.26 TLTt: 0.70 COUT: 19.79
 spP: -1.20 spI: 0.20 coP: 13.46 coD: 14.46 LPN: 779 LPT: 14 SPD: 20.00 SPDt: 0.00 TLT: 25.92 TLTt: -1.00 COUT: 47.70
 spP: -2.88 spI: 0.17 coP: 13.99 coD: 11.17 LPN: 780 LPT: 14 SPD: 48.00 SPDt: 0.00 TLT: 25.27 TLTt: -2.71 COUT: 72.86
 spP: -4.38 spI: 0.13 coP: 14.31 coD: 6.57 LPN: 781 LPT: 14 SPD: 73.00 SPDt: 0.00 TLT: 24.37 TLTt: -4.25 COUT: 93.74
 spP: -5.64 spI: 0.10 coP: 14.15 coD: -3.31 LPN: 782 LPT: 15 SPD: 94.00 SPDt: 0.00 TLT: 22.76 TLTt: -5.54 COUT: 104.58
 spP: -6.30 spI: 0.07 coP: 13.61 coD: -11.23 LPN: 783 LPT: 14 SPD: 105.00 SPDt: 0.00 TLT: 20.99 TLTt: -6.23 COUT: 106.96
 spP: -6.42 spI: 0.03 coP: 12.72 coD: -18.28 LPN: 784 LPT: 15 SPD: 107.00 SPDt: 0.00 TLT: 19.05 TLTt: -6.39 COUT: 101.40
 spP: -6.06 spI: -0.00 coP: 11.44 coD: -26.14 LPN: 785 LPT: 15 SPD: 101.00 SPDt: 0.00 TLT: 16.83 TLTt: -6.06 COUT: 86.71
 spP: -5.22 spI: -0.04 coP: 10.11 coD: -28.48 LPN: 786 LPT: 13 SPD: 87.00 SPDt: 0.00 TLT: 14.96 TLTt: -5.26 COUT: 68.33
 spP: -4.08 spI: -0.07 coP: 8.68 coD: -29.85 LPN: 787 LPT: 15 SPD: 68.00 SPDt: 0.00 TLT: 13.20 TLTt: -4.15 COUT: 47.16
 spP: -2.82 spI: -0.11 coP: 7.25 coD: -29.72 LPN: 788 LPT: 15 SPD: 47.00 SPDt: 0.00 TLT: 11.58 TLTt: -2.93 COUT: 24.69
 spP: -1.50 spI: -0.13 coP: 5.93 coD: -27.75 LPN: 789 LPT: 14 SPD: 25.00 SPDt: 0.00 TLT: 10.23 TLTt: -1.63 COUT: 2.87
 spP: -0.18 spI: -0.13 coP: 4.73 coD: -25.88 LPN: 790 LPT: 13 SPD: 3.00 SPDt: 0.00 TLT: 9.16 TLTt: -0.31 COUT: -18.27
 spP: 1.08 spI: -0.12 coP: 3.72 coD: -21.79 LPN: 791 LPT: 15 SPD: -18.00 SPDt: 0.00 TLT: 8.40 TLTt: 0.96 COUT: -36.34
 spP: 2.16 spI: -0.08 coP: 2.90 coD: -17.36 LPN: 792 LPT: 14 SPD: -36.00 SPDt: 0.00 TLT: 7.88 TLTt: 2.08 COUT: -50.80
 spP: 3.06 spI: -0.05 coP: 2.44 coD: -9.63 LPN: 793 LPT: 14 SPD: -51.00 SPDt: 0.00 TLT: 7.90 TLTt: 3.01 COUT: -57.99
 spP: 3.48 spI: -0.01 coP: 2.28 coD: -3.54 LPN: 794 LPT: 14 SPD: -58.00 SPDt: 0.00 TLT: 8.02 TLTt: 3.47 COUT: -59.25
 spP: 3.54 spI: 0.02 coP: 2.35 coD: 1.53 LPN: 795 LPT: 14 SPD: -59.00 SPDt: 0.00 TLT: 8.26 TLTt: 3.56 COUT: -55.37
 spP: 3.30 spI: 0.05 coP: 2.64 coD: 6.11 LPN: 796 LPT: 14 SPD: -55.00 SPDt: 0.00 TLT: 8.63 TLTt: 3.35 COUT: -46.62
 spP: 2.82 spI: 0.09 coP: 2.92 coD: 5.95 LPN: 797 LPT: 15 SPD: -47.00 SPDt: 0.00 TLT: 8.75 TLTt: 2.91 COUT: -37.75
 spP: 2.28 spI: 0.12 coP: 3.27 coD: 7.57 LPN: 798 LPT: 13 SPD: -38.00 SPDt: 0.00 TLT: 8.94 TLTt: 2.40 COUT: -26.90
 spP: 1.62 spI: 0.15 coP: 3.64 coD: 8.02 LPN: 799 LPT: 14 SPD: -27.00 SPDt: 0.00 TLT: 9.05 TLTt: 1.77 COUT: -15.25
 spP: 0.90 spI: 0.17 coP: 3.94 coD: 6.28 LPN: 800 LPT: 13 SPD: -15.00 SPDt: 0.00 TLT: 8.94 TLTt: 1.07 COUT: -5.03
 spP: 0.30 spI: 0.17 coP: 4.14 coD: 4.46 LPN: 801 LPT: 15 SPD: -5.00 SPDt: 0.00 TLT: 8.76 TLTt: 0.47 COUT: 3.57
 spP: -0.24 spI: 0.16 coP: 4.33 coD: 4.11 LPN: 802 LPT: 13 SPD: 4.00 SPDt: 0.00 TLT: 8.59 TLTt: -0.08 COUT: 12.01
 spP: -0.72 spI: 0.15 coP: 4.36 coD: 0.70 LPN: 803 LPT: 14 SPD: 12.00 SPDt: 0.00 TLT: 8.16 TLTt: -0.57 COUT: 17.07
 spP: -1.02 spI: 0.14 coP: 4.36 coD: 0.01 LPN: 804 LPT: 15 SPD: 17.00 SPDt: 0.00 TLT: 7.84 TLTt: -0.88 COUT: 21.45
 spP: -1.26 spI: 0.11 coP: 4.43 coD: 1.42 LPN: 805 LPT: 13 SPD: 21.00 SPDt: 0.00 TLT: 7.71 TLTt: -1.15 COUT: 27.29
 spP: -1.62 spI: 0.08 coP: 4.32 coD: -2.43 LPN: 806 LPT: 14 SPD: 27.00 SPDt: 0.00 TLT: 7.09 TLTt: -1.54 COUT: 29.18
 spP: -1.74 spI: 0.05 coP: 4.21 coD: -2.38 LPN: 807 LPT: 15 SPD: 29.00 SPDt: 0.00 TLT: 6.72 TLTt: -1.69 COUT: 31.00
 spP: -1.86 spI: 0.02 coP: 4.19 coD: -0.34 LPN: 808 LPT: 14 SPD: 31.00 SPDt: 0.00 TLT: 6.53 TLTt: -1.84 COUT: 34.85
 spP: -2.10 spI: -0.02 coP: 3.96 coD: -4.85 LPN: 809 LPT: 13 SPD: 35.00 SPDt: 0.00 TLT: 5.81 TLTt: -2.12 COUT: 33.96
 spP: -2.04 spI: -0.05 coP: 3.92 coD: -0.91 LPN: 810 LPT: 15 SPD: 34.00 SPDt: 0.00 TLT: 5.75 TLTt: -2.09 COUT: 36.98
 spP: -2.22 spI: -0.09 coP: 3.75 coD: -3.74 LPN: 811 LPT: 13 SPD: 37.00 SPDt: 0.00 TLT: 5.19 TLTt: -2.31 COUT: 36.98
 spP: -2.22 spI: -0.12 coP: 3.62 coD: -2.75 LPN: 812 LPT: 14 SPD: 37.00 SPDt: 0.00 TLT: 4.90 TLTt: -2.34 COUT: 37.85
 spP: -2.28 spI: -0.15 coP: 3.58 coD: -0.69 LPN: 813 LPT: 15 SPD: 38.00 SPDt: 0.00 TLT: 4.74 TLTt: -2.43 COUT: 40.74
 spP: -2.46 spI: -0.18 coP: 3.42 coD: -3.52 LPN: 814 LPT: 13 SPD: 41.00 SPDt: 0.00 TLT: 4.20 TLTt: -2.64 COUT: 40.65
 spP: -2.46 spI: -0.22 coP: 3.37 coD: -1.04 LPN: 815 LPT: 14 SPD: 41.00 SPDt: 0.00 TLT: 4.07 TLTt: -2.68 COUT: 42.98
 spP: -2.58 spI: -0.26 coP: 3.28 coD: -1.90 LPN: 816 LPT: 15 SPD: 43.00 SPDt: 0.00 TLT: 3.73 TLTt: -2.84 COUT: 44.37
 spP: -2.64 spI: -0.29 coP: 3.14 coD: -3.07 LPN: 817 LPT: 14 SPD: 44.00 SPDt: 0.00 TLT: 3.35 TLTt: -2.93 COUT: 44.43
 spP: -2.64 spI: -0.31 coP: 3.11 coD: -0.74 LPN: 818 LPT: 13 SPD: 44.00 SPDt: 0.00 TLT: 3.26 TLTt: -2.95 COUT: 46.80
 spP: -2.82 spI: -0.35 coP: 3.02 coD: -1.85 LPN: 819 LPT: 15 SPD: 47.00 SPDt: 0.00 TLT: 2.86 TLTt: -3.17 COUT: 47.97
 spP: -2.88 spI: -0.39 coP: 2.94 coD: -1.61 LPN: 820 LPT: 14 SPD: 48.00 SPDt: 0.00 TLT: 2.61 TLTt: -3.27 COUT: 49.30
 spP: -2.94 spI: -0.43 coP: 2.86 coD: -1.68 LPN: 821 LPT: 14 SPD: 49.00 SPDt: 0.00 TLT: 2.36 TLTt: -3.37 COUT: 50.49
 spP: -3.00 spI: -0.45 coP: 2.75 coD: -2.51 LPN: 822 LPT: 14 SPD: 50.00 SPDt: 0.00 TLT: 2.04 TLTt: -3.45 COUT: 50.72
 spP: -3.06 spI: -0.49 coP: 2.71 coD: -0.84 LPN: 823 LPT: 14 SPD: 51.00 SPDt: 0.00 TLT: 1.87 TLTt: -3.55 COUT: 52.59
 spP: -3.18 spI: -0.53 coP: 2.60 coD: -2.37 LPN: 824 LPT: 14 SPD: 53.00 SPDt: 0.00 TLT: 1.48 TLTt: -3.71 COUT: 52.82
 spP: -3.18 spI: -0.56 coP: 2.52 coD: -1.71 LPN: 825 LPT: 15 SPD: 53.00 SPDt: 0.00 TLT: 1.29 TLTt: -3.74 COUT: 53.63
 spP: -3.24 spI: -0.59 coP: 2.41 coD: -2.17 LPN: 826 LPT: 13 SPD: 54.00 SPDt: 0.00 TLT: 1.00 TLTt: -3.83 COUT: 53.87
 spP: -3.24 spI: -0.62 coP: 2.26 coD: -3.27 LPN: 827 LPT: 14 SPD: 54.00 SPDt: 0.00 TLT: 0.66 TLTt: -3.86 COUT: 52.87
 spP: -3.18 spI: -0.67 coP: 2.18 coD: -1.74 LPN: 828 LPT: 15 SPD: 53.00 SPDt: 0.00 TLT: 0.51 TLTt: -3.85 COUT: 53.30
 spP: -3.18 spI: -0.69 coP: 2.04 coD: -2.94 LPN: 829 LPT: 14 SPD: 53.00 SPDt: 0.00 TLT: 0.21 TLTt: -3.87 COUT: 52.40
 spP: -3.12 spI: -0.72 coP: 1.96 coD: -1.75 LPN: 830 LPT: 13 SPD: 52.00 SPDt: 0.00 TLT: 0.08 TLTt: -3.84 COUT: 52.61
 spP: -3.18 spI: -0.80 coP: 1.89 coD: -1.48 LPN: 831 LPT: 16 SPD: 53.00 SPDt: 0.00 TLT: -0.21 TLTt: -3.98 COUT: 53.01
 spP: -3.18 spI: -0.84 coP: 1.75 coD: -2.66 LPN: 832 LPT: 14 SPD: 53.00 SPDt: 0.00 TLT: -0.51 TLTt: -4.02 COUT: 52.10
 spP: -3.12 spI: -0.84 coP: 1.67 coD: -1.89 LPN: 833 LPT: 14 SPD: 52.00 SPDt: 0.00 TLT: -0.63 TLTt: -3.96 COUT: 51.88
 spP: -3.12 spI: -0.87 coP: 1.52 coD: -3.06 LPN: 834 LPT: 15 SPD: 52.00 SPDt: 0.00 TLT: -0.94 TLTt: -3.99 COUT: 50.34
 spP: -3.00 spI: -0.90 coP: 1.43 coD: -2.01 LPN: 835 LPT: 14 SPD: 50.00 SPDt: 0.00 TLT: -1.05 TLTt: -3.90 COUT: 49.75
 spP: -3.00 spI: -0.88 coP: 1.34 coD: -1.98 LPN: 836 LPT: 13 SPD: 50.00 SPDt: 0.00 TLT: -1.21 TLTt: -3.88 COUT: 49.11
 spP: -2.94 spI: -1.01 coP: 1.27 coD: -1.29 LPN: 837 LPT: 15 SPD: 49.00 SPDt: 0.00 TLT: -1.41 TLTt: -3.95 COUT: 49.09
 spP: -2.94 spI: -1.05 coP: 1.28 coD: 0.06 LPN: 838 LPT: 15 SPD: 49.00 SPDt: 0.00 TLT: -1.44 TLTt: -3.99 COUT: 50.43
 spP: -3.00 spI: -1.04 coP: 1.12 coD: -3.27 LPN: 839 LPT: 14 SPD: 50.00 SPDt: 0.00 TLT: -1.80 TLTt: -4.04 COUT: 48.28
 spP: -2.88 spI: -1.07 coP: 1.04 coD: -1.82 LPN: 840 LPT: 14 SPD: 48.00 SPDt: 0.00 TLT: -1.88 TLTt: -3.95 COUT: 47.50
 spP: -2.82 spI: -1.11 coP: 0.96 coD: -1.53 LPN: 841 LPT: 14 SPD: 47.00 SPDt: 0.00 TLT: -2.00 TLTt: -3.93 COUT: 46.93
 spP: -2.82 spI: -1.07 coP: 0.79 coD: -3.86 LPN: 842 LPT: 13 SPD: 47.00 SPDt: 0.00 TLT: -2.31 TLTt: -3.89 COUT: 43.86
 spP: -2.64 spI: -1.21 coP: 0.78 coD: -0.24 LPN: 843 LPT: 15 SPD: 44.00 SPDt: 0.00 TLT: -2.28 TLTt: -3.85 COUT: 44.40
 spP: -2.64 spI: -1.20 coP: 0.69 coD: -1.85 LPN: 844 LPT: 14 SPD: 44.00 SPDt: 0.00 TLT: -2.45 TLTt: -3.84 COUT: 43.24
 spP: -2.58 spI: -1.25 coP: 0.61 coD: -1.75 LPN: 845 LPT: 14 SPD: 43.00 SPDt: 0.00 TLT: -2.61 TLTt: -3.83 COUT: 42.10
 spP: -2.52 spI: -1.28 coP: 0.59 coD: -0.43 LPN: 846 LPT: 15 SPD: 42.00 SPDt: 0.00 TLT: -2.62 TLTt: -3.80 COUT: 42.26
 spP: -2.52 spI: -1.25 coP: 0.49 coD: -2.24 LPN: 847 LPT: 13 SPD: 42.00 SPDt: 0.00 TLT: -2.79 TLTt: -3.77 COUT: 40.51
 spP: -2.46 spI: -1.34 coP: 0.47 coD: -0.33 LPN: 848 LPT: 14 SPD: 41.00 SPDt: 0.00 TLT: -2.85 TLTt: -3.80 COUT: 40.65
 spP: -2.46 spI: -1.37 coP: 0.42 coD: -1.09 LPN: 849 LPT: 15 SPD: 41.00 SPDt: 0.00 TLT: -2.99 TLTt: -3.83 COUT: 39.98
 spP: -2.40 spI: -1.42 coP: 0.34 coD: -1.77 LPN: 850 LPT: 14 SPD: 40.00 SPDt: 0.00 TLT: -3.14 TLTt: -3.82 COUT: 38.55
 spP: -2.34 spI: -1.42 coP: 0.30 coD: -0.79 LPN: 851 LPT: 13 SPD: 39.00 SPDt: 0.00 TLT: -3.16 TLTt: -3.76 COUT: 38.06
 spP: -2.28 spI: -1.52 coP: 0.22 coD: -1.68 LPN: 852 LPT: 15 SPD: 38.00 SPDt: 0.00 TLT: -3.36 TLTt: -3.80 COUT: 36.61
 spP: -2.22 spI: -1.52 coP: 0.19 coD: -0.56 LPN: 853 LPT: 14 SPD: 37.00 SPDt: 0.00 TLT: -3.36 TLTt: -3.74 COUT: 36.25
 spP: -2.16 spI: -1.55 coP: 0.11 coD: -1.87 LPN: 854 LPT: 14 SPD: 36.00 SPDt: 0.00 TLT: -3.50 TLTt: -3.71 COUT: 34.49
 spP: -2.04 spI: -1.58 coP: 0.02 coD: -1.80 LPN: 855 LPT: 15 SPD: 34.00 SPDt: 0.00 TLT: -3.58 TLTt: -3.62 COUT: 32.71
 spP: -1.98 spI: -1.54 coP: -0.07 coD: -1.91 LPN: 856 LPT: 13 SPD: 33.00 SPDt: 0.00 TLT: -3.65 TLTt: -3.52 COUT: 30.73
 spP: -1.86 spI: -1.69 coP: -0.08 coD: -0.39 LPN: 857 LPT: 14 SPD: 31.00 SPDt: 0.00 TLT: -3.72 TLTt: -3.55 COUT: 30.26
 spP: -1.80 spI: -1.69 coP: -0.16 coD: -1.69 LPN: 858 LPT: 15 SPD: 30.00 SPDt: 0.00 TLT: -3.82 TLTt: -3.49 COUT: 28.40
 spP: -1.68 spI: -1.71 coP: -0.23 coD: -1.46 LPN: 859 LPT: 14 SPD: 28.00 SPDt: 0.00 TLT: -3.86 TLTt: -3.39 COUT: 26.71
 spP: -1.62 spI: -1.75 coP: -0.26 coD: -0.65 LPN: 860 LPT: 14 SPD: 27.00 SPDt: 0.00 TLT: -3.90 TLTt: -3.37 COUT: 25.79
 spP: -1.56 spI: -1.68 coP: -0.38 coD: -2.50 LPN: 861 LPT: 14 SPD: 26.00 SPDt: 0.00 TLT: -4.00 TLTt: -3.24 COUT: 22.91
 spP: -1.38 spI: -1.87 coP: -0.32 coD: 1.05 LPN: 862 LPT: 15 SPD: 23.00 SPDt: 0.00 TLT: -3.90 TLTt: -3.25 COUT: 23.64
 spP: -1.44 spI: -1.92 coP: -0.37 coD: -0.86 LPN: 863 LPT: 14 SPD: 24.00 SPDt: 0.00 TLT: -4.10 TLTt: -3.36 COUT: 22.41
 spP: -1.32 spI: -1.85 coP: -0.42 coD: -1.04 LPN: 864 LPT: 15 SPD: 22.00 SPDt: 0.00 TLT: -4.00 TLTt: -3.17 COUT: 20.96
 spP: -1.26 spI: -1.88 coP: -0.39 coD: 0.63 LPN: 865 LPT: 13 SPD: 21.00 SPDt: 0.00 TLT: -3.91 TLTt: -3.14 COUT: 21.21
 spP: -1.26 spI: -1.88 coP: -0.50 coD: -2.46 LPN: 866 LPT: 14 SPD: 21.00 SPDt: 0.00 TLT: -4.14 TLTt: -3.14 COUT: 18.25
 spP: -1.08 spI: -1.82 coP: -0.51 coD: -0.21 LPN: 867 LPT: 14 SPD: 18.00 SPDt: 0.00 TLT: -3.92 TLTt: -2.90 COUT: 17.53
 spP: -1.08 spI: -1.97 coP: -0.47 coD: 0.78 LPN: 868 LPT: 14 SPD: 18.00 SPDt: 0.00 TLT: -3.99 TLTt: -3.05 COUT: 17.84
 spP: -1.08 spI: -1.94 coP: -0.49 coD: -0.31 LPN: 869 LPT: 14 SPD: 18.00 SPDt: 0.00 TLT: -3.99 TLTt: -3.02 COUT: 17.04
 spP: -1.02 spI: -1.98 coP: -0.47 coD: 0.28 LPN: 870 LPT: 15 SPD: 17.00 SPDt: 0.00 TLT: -3.95 TLTt: -3.00 COUT: 16.85
 spP: -1.02 spI: -1.98 coP: -0.52 coD: -1.01 LPN: 871 LPT: 14 SPD: 17.00 SPDt: 0.00 TLT: -4.04 TLTt: -3.00 COUT: 15.32
 spP: -0.90 spI: -1.92 coP: -0.53 coD: -0.30 LPN: 872 LPT: 13 SPD: 15.00 SPDt: 0.00 TLT: -3.89 TLTt: -2.82 COUT: 14.49
 spP: -0.84 spI: -2.12 coP: -0.50 coD: 0.74 LPN: 873 LPT: 15 SPD: 14.00 SPDt: 0.00 TLT: -3.95 TLTt: -2.96 COUT: 14.73
 spP: -0.90 spI: -2.15 coP: -0.47 coD: 0.60 LPN: 874 LPT: 15 SPD: 15.00 SPDt: 0.00 TLT: -3.99 TLTt: -3.05 COUT: 14.86
 spP: -0.90 spI: -2.04 coP: -0.50 coD: -0.65 LPN: 875 LPT: 13 SPD: 15.00 SPDt: 0.00 TLT: -3.94 TLTt: -2.94 COUT: 13.71
 spP: -0.84 spI: -2.07 coP: -0.55 coD: -1.07 LPN: 876 LPT: 15 SPD: 14.00 SPDt: 0.00 TLT: -4.01 TLTt: -2.91 COUT: 12.10
 spP: -0.72 spI: -2.09 coP: -0.52 coD: 0.63 LPN: 877 LPT: 14 SPD: 12.00 SPDt: 0.00 TLT: -3.85 TLTt: -2.81 COUT: 12.21
 spP: -0.72 spI: -1.98 coP: -0.61 coD: -2.14 LPN: 878 LPT: 13 SPD: 12.00 SPDt: 0.00 TLT: -3.93 TLTt: -2.70 COUT: 9.46
 spP: -0.54 spI: -2.19 coP: -0.57 coD: 0.95 LPN: 879 LPT: 15 SPD: 9.00 SPDt: 0.00 TLT: -3.86 TLTt: -2.73 COUT: 9.84
 spP: -0.60 spI: -2.22 coP: -0.53 coD: 0.69 LPN: 880 LPT: 14 SPD: 10.00 SPDt: 0.00 TLT: -3.88 TLTt: -2.82 COUT: 9.99
 spP: -0.60 spI: -2.12 coP: -0.71 coD: -3.70 LPN: 881 LPT: 14 SPD: 10.00 SPDt: 0.00 TLT: -4.13 TLTt: -2.72 COUT: 5.58
 spP: -0.36 spI: -2.13 coP: -0.77 coD: -1.43 LPN: 882 LPT: 15 SPD: 6.00 SPDt: 0.00 TLT: -4.04 TLTt: -2.49 COUT: 3.38
 spP: -0.18 spI: -2.13 coP: -0.86 coD: -1.89 LPN: 883 LPT: 14 SPD: 3.00 SPDt: 0.00 TLT: -4.04 TLTt: -2.31 COUT: 0.63
 spP: -0.06 spI: -2.03 coP: -0.84 coD: 0.49 LPN: 884 LPT: 12 SPD: 1.00 SPDt: 0.00 TLT: -3.77 TLTt: -2.09 COUT: 0.28
 spP: 0.00 spI: -2.19 coP: -0.79 coD: 1.00 LPN: 885 LPT: 16 SPD: 0.00 SPDt: 0.00 TLT: -3.78 TLTt: -2.19 COUT: 0.49
 spP: 0.00 spI: -2.20 coP: -0.73 coD: 1.31 LPN: 886 LPT: 14 SPD: 0.00 SPDt: 0.00 TLT: -3.66 TLTt: -2.20 COUT: 1.07
 spP: -0.06 spI: -2.11 coP: -0.71 coD: 0.30 LPN: 887 LPT: 13 SPD: 1.00 SPDt: 0.00 TLT: -3.60 TLTt: -2.17 COUT: 0.66
 spP: -0.06 spI: -2.10 coP: -0.71 coD: 0.07 LPN: 888 LPT: 15 SPD: 1.00 SPDt: 0.00 TLT: -3.58 TLTt: -2.16 COUT: 0.02
 spP: 0.00 spI: -2.10 coP: -0.69 coD: 0.50 LPN: 889 LPT: 13 SPD: 0.00 SPDt: 0.00 TLT: -3.47 TLTt: -2.10 COUT: -0.17
 spP: 0.00 spI: -2.01 coP: -0.76 coD: -1.60 LPN: 890 LPT: 13 SPD: 0.00 SPDt: 0.00 TLT: -3.53 TLTt: -2.01 COUT: -2.53
 spP: 0.18 spI: -2.21 coP: -0.70 coD: 1.27 LPN: 891 LPT: 16 SPD: -3.00 SPDt: 0.00 TLT: -3.42 TLTt: -2.03 COUT: -1.95
 spP: 0.12 spI: -2.24 coP: -0.68 coD: 0.27 LPN: 892 LPT: 13 SPD: -2.00 SPDt: 0.00 TLT: -3.48 TLTt: -2.12 COUT: -2.37
 spP: 0.12 spI: -2.11 coP: -0.71 coD: -0.62 LPN: 893 LPT: 14 SPD: -2.00 SPDt: 0.00 TLT: -3.42 TLTt: -1.99 COUT: -3.70
 spP: 0.24 spI: -2.13 coP: -0.77 coD: -1.18 LPN: 894 LPT: 15 SPD: -4.00 SPDt: 0.00 TLT: -3.43 TLTt: -1.89 COUT: -5.65
 spP: 0.36 spI: -2.12 coP: -0.85 coD: -1.66 LPN: 895 LPT: 14 SPD: -6.00 SPDt: 0.00 TLT: -3.45 TLTt: -1.76 COUT: -8.16
 spP: 0.48 spI: -2.00 coP: -0.88 coD: -0.71 LPN: 896 LPT: 12 SPD: -8.00 SPDt: 0.00 TLT: -3.28 TLTt: -1.52 COUT: -9.74
 spP: 0.60 spI: -2.17 coP: -0.81 coD: 1.35 LPN: 897 LPT: 16 SPD: -10.00 SPDt: 0.00 TLT: -3.20 TLTt: -1.57 COUT: -9.21
 spP: 0.54 spI: -2.21 coP: -0.67 coD: 2.87 LPN: 898 LPT: 14 SPD: -9.00 SPDt: 0.00 TLT: -3.01 TLTt: -1.67 COUT: -7.00
 spP: 0.42 spI: -2.07 coP: -0.72 coD: -1.11 LPN: 899 LPT: 14 SPD: -7.00 SPDt: 0.00 TLT: -3.10 TLTt: -1.65 COUT: -8.83
 spP: 0.54 spI: -2.07 coP: -0.70 coD: 0.44 LPN: 900 LPT: 15 SPD: -9.00 SPDt: 0.00 TLT: -2.93 TLTt: -1.53 COUT: -9.10
 spP: 0.54 spI: -2.03 coP: -0.59 coD: 2.31 LPN: 901 LPT: 13 SPD: -9.00 SPDt: 0.00 TLT: -2.68 TLTt: -1.49 COUT: -7.38
 spP: 0.42 spI: -1.96 coP: -0.54 coD: 1.25 LPN: 902 LPT: 13 SPD: -7.00 SPDt: 0.00 TLT: -2.61 TLTt: -1.54 COUT: -6.67
 spP: 0.42 spI: -2.08 coP: -0.38 coD: 3.26 LPN: 903 LPT: 15 SPD: -7.00 SPDt: 0.00 TLT: -2.42 TLTt: -1.66 COUT: -3.80
 spP: 0.24 spI: -2.04 coP: -0.26 coD: 2.59 LPN: 904 LPT: 14 SPD: -4.00 SPDt: 0.00 TLT: -2.33 TLTt: -1.80 COUT: -1.47
 spP: 0.06 spI: -2.03 coP: -0.25 coD: 0.37 LPN: 905 LPT: 13 SPD: -1.00 SPDt: 0.00 TLT: -2.46 TLTt: -1.97 COUT: -1.35
 spP: 0.06 spI: -2.02 coP: -0.21 coD: 0.81 LPN: 906 LPT: 15 SPD: -1.00 SPDt: 0.00 TLT: -2.38 TLTt: -1.96 COUT: -0.75
 spP: 0.06 spI: -1.93 coP: -0.30 coD: -2.01 LPN: 907 LPT: 13 SPD: -1.00 SPDt: 0.00 TLT: -2.47 TLTt: -1.87 COUT: -3.06
 spP: 0.18 spI: -2.08 coP: -0.26 coD: 0.70 LPN: 908 LPT: 14 SPD: -3.00 SPDt: 0.00 TLT: -2.43 TLTt: -1.90 COUT: -2.62
 spP: 0.18 spI: -2.01 coP: -0.31 coD: -0.94 LPN: 909 LPT: 14 SPD: -3.00 SPDt: 0.00 TLT: -2.45 TLTt: -1.83 COUT: -3.87
 spP: 0.24 spI: -2.04 coP: -0.27 coD: 0.75 LPN: 910 LPT: 15 SPD: -4.00 SPDt: 0.00 TLT: -2.34 TLTt: -1.80 COUT: -3.40
 spP: 0.18 spI: -2.01 coP: -0.22 coD: 1.10 LPN: 911 LPT: 13 SPD: -3.00 SPDt: 0.00 TLT: -2.27 TLTt: -1.83 COUT: -2.52
 spP: 0.18 spI: -1.92 coP: -0.28 coD: -1.26 LPN: 912 LPT: 13 SPD: -3.00 SPDt: 0.00 TLT: -2.30 TLTt: -1.74 COUT: -4.06
 spP: 0.24 spI: -2.09 coP: -0.17 coD: 2.29 LPN: 913 LPT: 16 SPD: -4.00 SPDt: 0.00 TLT: -2.18 TLTt: -1.85 COUT: -1.93
 spP: 0.12 spI: -2.11 coP: -0.12 coD: 0.86 LPN: 914 LPT: 14 SPD: -2.00 SPDt: 0.00 TLT: -2.24 TLTt: -1.99 COUT: -1.19
 spP: 0.06 spI: -2.00 coP: -0.14 coD: -0.33 LPN: 915 LPT: 14 SPD: -1.00 SPDt: 0.00 TLT: -2.22 TLTt: -1.94 COUT: -1.66
 spP: 0.12 spI: -1.99 coP: -0.14 coD: -0.10 LPN: 916 LPT: 14 SPD: -2.00 SPDt: 0.00 TLT: -2.16 TLTt: -1.87 COUT: -1.90
 spP: 0.12 spI: -1.98 coP: -0.17 coD: -0.59 LPN: 917 LPT: 14 SPD: -2.00 SPDt: 0.00 TLT: -2.20 TLTt: -1.86 COUT: -2.66
 spP: 0.18 spI: -1.91 coP: -0.21 coD: -0.85 LPN: 918 LPT: 12 SPD: -3.00 SPDt: 0.00 TLT: -2.14 TLTt: -1.73 COUT: -3.72
 spP: 0.24 spI: -2.08 coP: -0.17 coD: 0.80 LPN: 919 LPT: 16 SPD: -4.00 SPDt: 0.00 TLT: -2.18 TLTt: -1.84 COUT: -3.09
 spP: 0.18 spI: -2.10 coP: -0.08 coD: 1.88 LPN: 920 LPT: 14 SPD: -3.00 SPDt: 0.00 TLT: -2.07 TLTt: -1.92 COUT: -1.28
 spP: 0.06 spI: -1.97 coP: -0.04 coD: 0.73 LPN: 921 LPT: 14 SPD: -1.00 SPDt: 0.00 TLT: -2.00 TLTt: -1.91 COUT: -0.60
 spP: 0.06 spI: -1.96 coP: -0.04 coD: 0.14 LPN: 922 LPT: 14 SPD: -1.00 SPDt: 0.00 TLT: -1.97 TLTt: -1.90 COUT: -0.50
 spP: 0.00 spI: -1.96 coP: 0.02 coD: 1.21 LPN: 923 LPT: 14 SPD: 0.00 SPDt: 0.00 TLT: -1.93 TLTt: -1.96 COUT: 0.73
 spP: -0.06 spI: -1.89 coP: 0.03 coD: 0.18 LPN: 924 LPT: 12 SPD: 1.00 SPDt: 0.00 TLT: -1.89 TLTt: -1.95 COUT: 0.93
 spP: -0.06 spI: -2.05 coP: 0.11 coD: 1.65 LPN: 925 LPT: 16 SPD: 1.00 SPDt: 0.00 TLT: -1.90 TLTt: -2.11 COUT: 2.68
 spP: -0.18 spI: -2.10 coP: 0.22 coD: 2.37 LPN: 926 LPT: 14 SPD: 3.00 SPDt: 0.00 TLT: -1.84 TLTt: -2.28 COUT: 5.28
 spP: -0.30 spI: -1.99 coP: 0.19 coD: -0.80 LPN: 927 LPT: 14 SPD: 5.00 SPDt: 0.00 TLT: -1.92 TLTt: -2.29 COUT: 4.66
 spP: -0.30 spI: -1.98 coP: 0.16 coD: -0.56 LPN: 928 LPT: 15 SPD: 5.00 SPDt: 0.00 TLT: -1.96 TLTt: -2.28 COUT: 4.26
 spP: -0.24 spI: -2.00 coP: 0.17 coD: 0.32 LPN: 929 LPT: 13 SPD: 4.00 SPDt: 0.00 TLT: -1.89 TLTt: -2.24 COUT: 4.75
 spP: -0.30 spI: -1.92 coP: 0.15 coD: -0.49 LPN: 930 LPT: 13 SPD: 5.00 SPDt: 0.00 TLT: -1.91 TLTt: -2.22 COUT: 4.42
 spP: -0.24 spI: -2.10 coP: 0.23 coD: 1.54 LPN: 931 LPT: 16 SPD: 4.00 SPDt: 0.00 TLT: -1.88 TLTt: -2.34 COUT: 6.19
 spP: -0.36 spI: -2.14 coP: 0.30 coD: 1.50 LPN: 932 LPT: 14 SPD: 6.00 SPDt: 0.00 TLT: -1.90 TLTt: -2.50 COUT: 7.99
 spP: -0.48 spI: -2.03 coP: 0.22 coD: -1.69 LPN: 933 LPT: 13 SPD: 8.00 SPDt: 0.00 TLT: -2.07 TLTt: -2.51 COUT: 6.53
 spP: -0.42 spI: -2.04 coP: 0.22 coD: -0.04 LPN: 934 LPT: 15 SPD: 7.00 SPDt: 0.00 TLT: -2.02 TLTt: -2.46 COUT: 6.71
 spP: -0.42 spI: -2.04 coP: 0.12 coD: -2.08 LPN: 935 LPT: 14 SPD: 7.00 SPDt: 0.00 TLT: -2.21 TLTt: -2.46 COUT: 4.76
 spP: -0.30 spI: -1.95 coP: 0.07 coD: -1.33 LPN: 936 LPT: 12 SPD: 5.00 SPDt: 0.00 TLT: -2.12 TLTt: -2.25 COUT: 3.50
 spP: -0.18 spI: -2.15 coP: 0.11 coD: 0.83 LPN: 937 LPT: 16 SPD: 3.00 SPDt: 0.00 TLT: -2.11 TLTt: -2.33 COUT: 4.43
 spP: -0.24 spI: -2.17 coP: 0.08 coD: -0.61 LPN: 938 LPT: 14 SPD: 4.00 SPDt: 0.00 TLT: -2.26 TLTt: -2.41 COUT: 3.89
 spP: -0.24 spI: -2.04 coP: -0.03 coD: -2.26 LPN: 939 LPT: 14 SPD: 4.00 SPDt: 0.00 TLT: -2.33 TLTt: -2.28 COUT: 1.61
 spP: -0.12 spI: -2.08 coP: -0.12 coD: -2.01 LPN: 940 LPT: 14 SPD: 2.00 SPDt: 0.00 TLT: -2.44 TLTt: -2.20 COUT: -0.52
 spP: 0.06 spI: -2.07 coP: -0.21 coD: -1.97 LPN: 941 LPT: 14 SPD: -1.00 SPDt: 0.00 TLT: -2.44 TLTt: -2.01 COUT: -2.71
 spP: 0.18 spI: -1.98 coP: -0.31 coD: -2.06 LPN: 942 LPT: 13 SPD: -3.00 SPDt: 0.00 TLT: -2.41 TLTt: -1.80 COUT: -5.07
 spP: 0.30 spI: -2.15 coP: -0.31 coD: -0.15 LPN: 943 LPT: 16 SPD: -5.00 SPDt: 0.00 TLT: -2.48 TLTt: -1.85 COUT: -5.53
 spP: 0.36 spI: -2.17 coP: -0.21 coD: 2.15 LPN: 944 LPT: 14 SPD: -6.00 SPDt: 0.00 TLT: -2.22 TLTt: -1.81 COUT: -3.59
 spP: 0.24 spI: -2.05 coP: -0.29 coD: -1.67 LPN: 945 LPT: 14 SPD: -4.00 SPDt: 0.00 TLT: -2.38 TLTt: -1.81 COUT: -5.55
 spP: 0.36 spI: -2.04 coP: -0.26 coD: 0.45 LPN: 946 LPT: 14 SPD: -6.00 SPDt: 0.00 TLT: -2.21 TLTt: -1.68 COUT: -5.36
 spP: 0.30 spI: -2.04 coP: -0.21 coD: 1.08 LPN: 947 LPT: 14 SPD: -5.00 SPDt: 0.00 TLT: -2.16 TLTt: -1.74 COUT: -4.49
 spP: 0.24 spI: -1.93 coP: -0.30 coD: -1.95 LPN: 948 LPT: 13 SPD: -4.00 SPDt: 0.00 TLT: -2.29 TLTt: -1.69 COUT: -6.74
 spP: 0.42 spI: -2.09 coP: -0.21 coD: 1.80 LPN: 949 LPT: 15 SPD: -7.00 SPDt: 0.00 TLT: -2.10 TLTt: -1.67 COUT: -5.16
 spP: 0.30 spI: -2.01 coP: -0.20 coD: 0.31 LPN: 950 LPT: 14 SPD: -5.00 SPDt: 0.00 TLT: -2.11 TLTt: -1.71 COUT: -5.05
 spP: 0.30 spI: -1.99 coP: -0.19 coD: 0.28 LPN: 951 LPT: 13 SPD: -5.00 SPDt: 0.00 TLT: -2.06 TLTt: -1.69 COUT: -4.95
 spP: 0.30 spI: -1.98 coP: -0.09 coD: 2.01 LPN: 952 LPT: 15 SPD: -5.00 SPDt: 0.00 TLT: -1.87 TLTt: -1.68 COUT: -3.03
 spP: 0.18 spI: -1.92 coP: -0.11 coD: -0.42 LPN: 953 LPT: 13 SPD: -3.00 SPDt: 0.00 TLT: -1.97 TLTt: -1.74 COUT: -3.56
 spP: 0.24 spI: -2.06 coP: 0.05 coD: 3.33 LPN: 954 LPT: 14 SPD: -4.00 SPDt: 0.00 TLT: -1.72 TLTt: -1.82 COUT: -0.18
 spP: 0.00 spI: -1.98 coP: 0.07 coD: 0.52 LPN: 955 LPT: 14 SPD: 0.00 SPDt: 0.00 TLT: -1.84 TLTt: -1.98 COUT: 0.40
 spP: 0.00 spI: -1.98 coP: 0.05 coD: -0.41 LPN: 956 LPT: 14 SPD: 0.00 SPDt: 0.00 TLT: -1.87 TLTt: -1.98 COUT: 0.04
 spP: 0.00 spI: -1.96 coP: 0.10 coD: 0.95 LPN: 957 LPT: 13 SPD: 0.00 SPDt: 0.00 TLT: -1.77 TLTt: -1.96 COUT: 1.09
 spP: -0.06 spI: -1.91 coP: 0.02 coD: -1.71 LPN: 958 LPT: 14 SPD: 1.00 SPDt: 0.00 TLT: -1.93 TLTt: -1.97 COUT: -0.60
 spP: 0.06 spI: -2.09 coP: 0.07 coD: 1.10 LPN: 959 LPT: 15 SPD: -1.00 SPDt: 0.00 TLT: -1.88 TLTt: -2.03 COUT: 0.57
 spP: -0.06 spI: -2.11 coP: 0.15 coD: 1.46 LPN: 960 LPT: 14 SPD: 1.00 SPDt: 0.00 TLT: -1.88 TLTt: -2.17 COUT: 2.17
 spP: -0.12 spI: -2.01 coP: 0.13 coD: -0.41 LPN: 961 LPT: 15 SPD: 2.00 SPDt: 0.00 TLT: -1.88 TLTt: -2.13 COUT: 1.89
 spP: -0.12 spI: -2.00 coP: 0.14 coD: 0.26 LPN: 962 LPT: 13 SPD: 2.00 SPDt: 0.00 TLT: -1.84 TLTt: -2.12 COUT: 2.29
 spP: -0.12 spI: -2.00 coP: 0.11 coD: -0.54 LPN: 963 LPT: 14 SPD: 2.00 SPDt: 0.00 TLT: -1.89 TLTt: -2.12 COUT: 1.86
 spP: -0.12 spI: -1.90 coP: 0.08 coD: -0.77 LPN: 964 LPT: 14 SPD: 2.00 SPDt: 0.00 TLT: -1.86 TLTt: -2.02 COUT: 1.16
 spP: -0.06 spI: -2.05 coP: 0.16 coD: 1.72 LPN: 965 LPT: 14 SPD: 1.00 SPDt: 0.00 TLT: -1.79 TLTt: -2.11 COUT: 3.04
 spP: -0.18 spI: -2.01 coP: 0.17 coD: 0.17 LPN: 966 LPT: 13 SPD: 3.00 SPDt: 0.00 TLT: -1.85 TLTt: -2.19 COUT: 3.38
 spP: -0.18 spI: -2.01 coP: 0.21 coD: 0.99 LPN: 967 LPT: 15 SPD: 3.00 SPDt: 0.00 TLT: -1.76 TLTt: -2.19 COUT: 4.58
 spP: -0.30 spI: -2.01 coP: 0.17 coD: -0.96 LPN: 968 LPT: 14 SPD: 5.00 SPDt: 0.00 TLT: -1.97 TLTt: -2.31 COUT: 3.80
 spP: -0.24 spI: -1.94 coP: 0.14 coD: -0.76 LPN: 969 LPT: 12 SPD: 4.00 SPDt: 0.00 TLT: -1.91 TLTt: -2.18 COUT: 3.17
 spP: -0.18 spI: -2.07 coP: 0.11 coD: -0.56 LPN: 970 LPT: 16 SPD: 3.00 SPDt: 0.00 TLT: -2.03 TLTt: -2.25 COUT: 2.72
 spP: -0.18 spI: -2.01 coP: 0.05 coD: -1.18 LPN: 971 LPT: 13 SPD: 3.00 SPDt: 0.00 TLT: -2.08 TLTt: -2.19 COUT: 1.59
 spP: -0.12 spI: -2.03 coP: 0.04 coD: -0.22 LPN: 972 LPT: 14 SPD: 2.00 SPDt: 0.00 TLT: -2.06 TLTt: -2.15 COUT: 1.42
 spP: -0.06 spI: -2.03 coP: -0.01 coD: -1.07 LPN: 973 LPT: 13 SPD: 1.00 SPDt: 0.00 TLT: -2.10 TLTt: -2.09 COUT: 0.34
 spP: 0.00 spI: -1.94 coP: -0.07 coD: -1.47 LPN: 974 LPT: 14 SPD: 0.00 SPDt: 0.00 TLT: -2.08 TLTt: -1.94 COUT: -1.20
 spP: 0.06 spI: -2.12 coP: -0.01 coD: 1.25 LPN: 975 LPT: 15 SPD: -1.00 SPDt: 0.00 TLT: -2.08 TLTt: -2.06 COUT: 0.04
 spP: 0.00 spI: -2.12 coP: 0.08 coD: 1.77 LPN: 976 LPT: 14 SPD: 0.00 SPDt: 0.00 TLT: -1.97 TLTt: -2.12 COUT: 1.89
 spP: -0.12 spI: -2.03 coP: 0.05 coD: -0.60 LPN: 977 LPT: 14 SPD: 2.00 SPDt: 0.00 TLT: -2.06 TLTt: -2.15 COUT: 1.33
 spP: -0.06 spI: -2.03 coP: -0.03 coD: -1.63 LPN: 978 LPT: 14 SPD: 1.00 SPDt: 0.00 TLT: -2.14 TLTt: -2.09 COUT: -0.33
 spP: 0.00 spI: -2.02 coP: -0.02 coD: 0.21 LPN: 979 LPT: 13 SPD: 0.00 SPDt: 0.00 TLT: -2.06 TLTt: -2.02 COUT: -0.14
 spP: 0.00 spI: -1.91 coP: -0.11 coD: -2.08 LPN: 980 LPT: 14 SPD: 0.00 SPDt: 0.00 TLT: -2.13 TLTt: -1.91 COUT: -2.32
 spP: 0.12 spI: -2.11 coP: -0.05 coD: 1.13 LPN: 981 LPT: 15 SPD: -2.00 SPDt: 0.00 TLT: -2.10 TLTt: -1.99 COUT: -1.24
 spP: 0.06 spI: -2.16 coP: -0.02 coD: 0.59 LPN: 982 LPT: 14 SPD: -1.00 SPDt: 0.00 TLT: -2.14 TLTt: -2.10 COUT: -0.67
 spP: 0.06 spI: -2.02 coP: -0.09 coD: -1.48 LPN: 983 LPT: 15 SPD: -1.00 SPDt: 0.00 TLT: -2.14 TLTt: -1.96 COUT: -2.25
 spP: 0.12 spI: -2.04 coP: -0.12 coD: -0.47 LPN: 984 LPT: 13 SPD: -2.00 SPDt: 0.00 TLT: -2.15 TLTt: -1.92 COUT: -2.83
 spP: 0.18 spI: -2.02 coP: -0.17 coD: -1.16 LPN: 985 LPT: 14 SPD: -3.00 SPDt: 0.00 TLT: -2.18 TLTt: -1.84 COUT: -4.17
 spP: 0.24 spI: -1.94 coP: -0.17 coD: 0.02 LPN: 986 LPT: 14 SPD: -4.00 SPDt: 0.00 TLT: -2.03 TLTt: -1.70 COUT: -4.32
 spP: 0.24 spI: -2.08 coP: -0.11 coD: 1.30 LPN: 987 LPT: 14 SPD: -4.00 SPDt: 0.00 TLT: -2.05 TLTt: -1.84 COUT: -3.13
 spP: 0.18 spI: -2.13 coP: 0.03 coD: 2.84 LPN: 988 LPT: 14 SPD: -3.00 SPDt: 0.00 TLT: -1.88 TLTt: -1.95 COUT: -0.26
 spP: 0.00 spI: -2.00 coP: 0.00 coD: -0.72 LPN: 989 LPT: 15 SPD: 0.00 SPDt: 0.00 TLT: -2.00 TLTt: -2.00 COUT: -0.98
 spP: 0.06 spI: -1.99 coP: -0.00 coD: -0.11 LPN: 990 LPT: 13 SPD: -1.00 SPDt: 0.00 TLT: -1.94 TLTt: -1.93 COUT: -1.10
 spP: 0.06 spI: -2.01 coP: 0.01 coD: 0.26 LPN: 991 LPT: 14 SPD: -1.00 SPDt: 0.00 TLT: -1.93 TLTt: -1.95 COUT: -0.83
 spP: 0.06 spI: -1.91 coP: -0.07 coD: -1.72 LPN: 992 LPT: 14 SPD: -1.00 SPDt: 0.00 TLT: -1.99 TLTt: -1.85 COUT: -2.62
 spP: 0.18 spI: -2.10 coP: 0.02 coD: 1.80 LPN: 993 LPT: 15 SPD: -3.00 SPDt: 0.00 TLT: -1.88 TLTt: -1.92 COUT: -0.81
 spP: 0.06 spI: -2.11 coP: 0.08 coD: 1.20 LPN: 994 LPT: 14 SPD: -1.00 SPDt: 0.00 TLT: -1.90 TLTt: -2.05 COUT: 0.46
 spP: 0.00 spI: -1.98 coP: 0.07 coD: -0.17 LPN: 995 LPT: 14 SPD: 0.00 SPDt: 0.00 TLT: -1.84 TLTt: -1.98 COUT: 0.37
 spP: 0.00 spI: -1.98 coP: 0.05 coD: -0.52 LPN: 996 LPT: 14 SPD: 0.00 SPDt: 0.00 TLT: -1.89 TLTt: -1.98 COUT: -0.11
 spP: 0.00 spI: -1.99 coP: 0.08 coD: 0.84 LPN: 997 LPT: 13 SPD: 0.00 SPDt: 0.00 TLT: -1.82 TLTt: -1.99 COUT: 0.81
 spP: -0.06 spI: -1.91 coP: 0.05 coD: -0.87 LPN: 998 LPT: 14 SPD: 1.00 SPDt: 0.00 TLT: -1.88 TLTt: -1.97 COUT: -0.02
 spP: 0.00 spI: -2.08 coP: 0.11 coD: 1.38 LPN: 999 LPT: 15 SPD: 0.00 SPDt: 0.00 TLT: -1.86 TLTt: -2.08 COUT: 1.47
 spP: -0.06 spI: -2.11 coP: 0.17 coD: 1.27 LPN: 1000 LPT: 14 SPD: 1.00 SPDt: 0.00 TLT: -1.82 TLTt: -2.17 COUT: 2.91
 spP: -0.18 spI: -2.01 coP: 0.15 coD: -0.59 LPN: 1001 LPT: 14 SPD: 3.00 SPDt: 0.00 TLT: -1.90 TLTt: -2.19 COUT: 2.47
 spP: -0.12 spI: -2.02 coP: 0.19 coD: 0.93 LPN: 1002 LPT: 14 SPD: 2.00 SPDt: 0.00 TLT: -1.76 TLTt: -2.14 COUT: 3.59
 spP: -0.24 spI: -2.02 coP: 0.19 coD: 0.07 LPN: 1003 LPT: 13 SPD: 4.00 SPDt: 0.00 TLT: -1.88 TLTt: -2.26 COUT: 3.86
 spP: -0.24 spI: -1.92 coP: 0.21 coD: 0.42 LPN: 1004 LPT: 14 SPD: 4.00 SPDt: 0.00 TLT: -1.74 TLTt: -2.16 COUT: 4.49
 spP: -0.24 spI: -2.10 coP: 0.26 coD: 0.90 LPN: 1005 LPT: 15 SPD: 4.00 SPDt: 0.00 TLT: -1.83 TLTt: -2.34 COUT: 5.65
 spP: -0.36 spI: -2.15 coP: 0.39 coD: 2.81 LPN: 1006 LPT: 14 SPD: 6.00 SPDt: 0.00 TLT: -1.72 TLTt: -2.51 COUT: 8.85
 spP: -0.54 spI: -2.06 coP: 0.37 coD: -0.46 LPN: 1007 LPT: 15 SPD: 9.00 SPDt: 0.00 TLT: -1.86 TLTt: -2.60 COUT: 8.76
 spP: -0.54 spI: -2.06 coP: 0.31 coD: -1.22 LPN: 1008 LPT: 14 SPD: 9.00 SPDt: 0.00 TLT: -1.97 TLTt: -2.60 COUT: 7.85
 spP: -0.48 spI: -2.07 coP: 0.33 coD: 0.39 LPN: 1009 LPT: 13 SPD: 8.00 SPDt: 0.00 TLT: -1.89 TLTt: -2.55 COUT: 8.57
 spP: -0.54 spI: -1.98 coP: 0.17 coD: -3.67 LPN: 1010 LPT: 14 SPD: 9.00 SPDt: 0.00 TLT: -2.18 TLTt: -2.52 COUT: 5.08
 spP: -0.30 spI: -2.17 coP: 0.11 coD: -1.31 LPN: 1011 LPT: 15 SPD: 5.00 SPDt: 0.00 TLT: -2.26 TLTt: -2.47 COUT: 3.87
 spP: -0.24 spI: -2.22 coP: 0.04 coD: -1.41 LPN: 1012 LPT: 14 SPD: 4.00 SPDt: 0.00 TLT: -2.39 TLTt: -2.46 COUT: 2.50
 spP: -0.12 spI: -2.09 coP: -0.19 coD: -4.91 LPN: 1013 LPT: 15 SPD: 2.00 SPDt: 0.00 TLT: -2.60 TLTt: -2.21 COUT: -2.61
 spP: 0.18 spI: -2.10 coP: -0.29 coD: -2.09 LPN: 1014 LPT: 14 SPD: -3.00 SPDt: 0.00 TLT: -2.50 TLTt: -1.92 COUT: -4.99
 spP: 0.30 spI: -2.09 coP: -0.41 coD: -2.61 LPN: 1015 LPT: 13 SPD: -5.00 SPDt: 0.00 TLT: -2.61 TLTt: -1.79 COUT: -8.02
 spP: 0.48 spI: -1.98 coP: -0.59 coD: -3.96 LPN: 1016 LPT: 14 SPD: -8.00 SPDt: 0.00 TLT: -2.69 TLTt: -1.50 COUT: -12.57
 spP: 0.78 spI: -2.16 coP: -0.56 coD: 0.60 LPN: 1017 LPT: 15 SPD: -13.00 SPDt: 0.00 TLT: -2.50 TLTt: -1.38 COUT: -12.53
 spP: 0.78 spI: -2.16 coP: -0.48 coD: 1.57 LPN: 1018 LPT: 14 SPD: -13.00 SPDt: 0.00 TLT: -2.35 TLTt: -1.38 COUT: -11.44
 spP: 0.66 spI: -2.07 coP: -0.39 coD: 2.00 LPN: 1019 LPT: 15 SPD: -11.00 SPDt: 0.00 TLT: -2.19 TLTt: -1.41 COUT: -9.83
 spP: 0.60 spI: -2.04 coP: -0.36 coD: 0.63 LPN: 1020 LPT: 14 SPD: -10.00 SPDt: 0.00 TLT: -2.15 TLTt: -1.44 COUT: -9.55
 spP: 0.60 spI: -2.01 coP: -0.33 coD: 0.67 LPN: 1021 LPT: 14 SPD: -10.00 SPDt: 0.00 TLT: -2.07 TLTt: -1.41 COUT: -9.21
 spP: 0.54 spI: -1.91 coP: -0.24 coD: 1.94 LPN: 1022 LPT: 13 SPD: -9.00 SPDt: 0.00 TLT: -1.85 TLTt: -1.37 COUT: -7.51
 spP: 0.48 spI: -2.08 coP: -0.08 coD: 3.23 LPN: 1023 LPT: 15 SPD: -8.00 SPDt: 0.00 TLT: -1.76 TLTt: -1.60 COUT: -4.36
 spP: 0.24 spI: -2.10 coP: 0.10 coD: 3.80 LPN: 1024 LPT: 14 SPD: -4.00 SPDt: 0.00 TLT: -1.65 TLTt: -1.86 COUT: -0.46
